ANOMALY DETECTION REPORT FOR ACV
Source file: ACV.json
Analysis complete
================================================================================


ERRORS (6):
----------------------------------------

  TEXT_CONTENT (6):
    1. Gen:46:20: Contains invalid characters
       Details: Invalid chars: ['{'] in: And to Joseph in the land of Egypt were born Manas...
    2. Isa:29:13: Contains invalid characters
       Details: Invalid chars: ['{'] in: And LORD said, Inasmuch as this people draw near [...
    3. Luk:17:36: Contains invalid characters
       Details: Invalid chars: ['\\'] in: \cf15\I [This verse is not in the majority of the ...
    4. Act:8:37: Contains invalid characters
       Details: Invalid chars: ['\\'] in: \cf15\I [This verse in not in the majority of the ...
    5. Act:15:34: Contains invalid characters
       Details: Invalid chars: ['\\'] in: \cf15\I [This verse is not in the majority of the ...
    6. Act:24:7: Contains invalid characters
       Details: Invalid chars: ['\\'] in: \cf15\I [This verse is not in the majority of the ...


WARNINGS (377):
----------------------------------------

  TEXT_CONTENT (371):
    1. Exo:13:1: Duplicate verse content
       Details: Same as Exo:6:10: And LORD spoke to Moses, saying,...
    2. Exo:14:1: Duplicate verse content
       Details: Same as Exo:6:10: And LORD spoke to Moses, saying,...
    3. Exo:16:11: Duplicate verse content
       Details: Same as Exo:6:10: And LORD spoke to Moses, saying,...
    4. Exo:25:1: Duplicate verse content
       Details: Same as Exo:6:10: And LORD spoke to Moses, saying,...
    5. Exo:30:11: Duplicate verse content
       Details: Same as Exo:6:10: And LORD spoke to Moses, saying,...
    6. Exo:30:17: Duplicate verse content
       Details: Same as Exo:6:10: And LORD spoke to Moses, saying,...
    7. Exo:31:1: Duplicate verse content
       Details: Same as Exo:6:10: And LORD spoke to Moses, saying,...
    8. Exo:31:12: Duplicate verse content
       Details: Same as Exo:6:10: And LORD spoke to Moses, saying,...
    9. Exo:35:6: Duplicate verse content
       Details: Same as Exo:25:4: and blue, and purple, and scarlet, and fine linen,...
    10. Exo:35:7: Duplicate verse content
       Details: Same as Exo:25:5: and rams' skins dyed red, and sea-skins, and acaci...
    11. Exo:40:1: Duplicate verse content
       Details: Same as Exo:6:10: And LORD spoke to Moses, saying,...
    12. Lev:2:10: Duplicate verse content
       Details: Same as Lev:2:3: And that which is left of the meal-offering shall ...
    13. Lev:3:15: Duplicate verse content
       Details: Same as Lev:3:10: and the two kidneys, and the fat that is upon them...
    14. Lev:4:1: Duplicate verse content
       Details: Same as Exo:6:10: And LORD spoke to Moses, saying,...
    15. Lev:5:14: Duplicate verse content
       Details: Same as Exo:6:10: And LORD spoke to Moses, saying,...
    16. Lev:6:1: Duplicate verse content
       Details: Same as Exo:6:10: And LORD spoke to Moses, saying,...
    17. Lev:6:8: Duplicate verse content
       Details: Same as Exo:6:10: And LORD spoke to Moses, saying,...
    18. Lev:6:19: Duplicate verse content
       Details: Same as Exo:6:10: And LORD spoke to Moses, saying,...
    19. Lev:6:24: Duplicate verse content
       Details: Same as Exo:6:10: And LORD spoke to Moses, saying,...
    20. Lev:7:4: Duplicate verse content
       Details: Same as Lev:3:4: and the two kidneys, and the fat that is on them, ...
    21. Lev:7:22: Duplicate verse content
       Details: Same as Exo:6:10: And LORD spoke to Moses, saying,...
    22. Lev:7:28: Duplicate verse content
       Details: Same as Exo:6:10: And LORD spoke to Moses, saying,...
    23. Lev:8:1: Duplicate verse content
       Details: Same as Exo:6:10: And LORD spoke to Moses, saying,...
    24. Lev:12:1: Duplicate verse content
       Details: Same as Exo:6:10: And LORD spoke to Moses, saying,...
    25. Lev:13:1: Duplicate verse content
       Details: Same as Exo:7:8: And LORD spoke to Moses and to Aaron, saying,...
    26. Lev:14:1: Duplicate verse content
       Details: Same as Exo:6:10: And LORD spoke to Moses, saying,...
    27. Lev:14:33: Duplicate verse content
       Details: Same as Exo:7:8: And LORD spoke to Moses and to Aaron, saying,...
    28. Lev:15:1: Duplicate verse content
       Details: Same as Exo:7:8: And LORD spoke to Moses and to Aaron, saying,...
    29. Lev:17:1: Duplicate verse content
       Details: Same as Exo:6:10: And LORD spoke to Moses, saying,...
    30. Lev:18:1: Duplicate verse content
       Details: Same as Exo:6:10: And LORD spoke to Moses, saying,...
    31. Lev:19:1: Duplicate verse content
       Details: Same as Exo:6:10: And LORD spoke to Moses, saying,...
    32. Lev:20:1: Duplicate verse content
       Details: Same as Exo:6:10: And LORD spoke to Moses, saying,...
    33. Lev:21:16: Duplicate verse content
       Details: Same as Exo:6:10: And LORD spoke to Moses, saying,...
    34. Lev:22:1: Duplicate verse content
       Details: Same as Exo:6:10: And LORD spoke to Moses, saying,...
    35. Lev:22:17: Duplicate verse content
       Details: Same as Exo:6:10: And LORD spoke to Moses, saying,...
    36. Lev:22:26: Duplicate verse content
       Details: Same as Exo:6:10: And LORD spoke to Moses, saying,...
    37. Lev:23:1: Duplicate verse content
       Details: Same as Exo:6:10: And LORD spoke to Moses, saying,...
    38. Lev:23:9: Duplicate verse content
       Details: Same as Exo:6:10: And LORD spoke to Moses, saying,...
    39. Lev:23:23: Duplicate verse content
       Details: Same as Exo:6:10: And LORD spoke to Moses, saying,...
    40. Lev:23:26: Duplicate verse content
       Details: Same as Exo:6:10: And LORD spoke to Moses, saying,...
    41. Lev:23:33: Duplicate verse content
       Details: Same as Exo:6:10: And LORD spoke to Moses, saying,...
    42. Lev:24:1: Duplicate verse content
       Details: Same as Exo:6:10: And LORD spoke to Moses, saying,...
    43. Lev:24:13: Duplicate verse content
       Details: Same as Exo:6:10: And LORD spoke to Moses, saying,...
    44. Lev:26:2: Duplicate verse content
       Details: Same as Lev:19:30: Ye shall keep my Sabbaths, and reverence my sanctu...
    45. Lev:27:1: Duplicate verse content
       Details: Same as Exo:6:10: And LORD spoke to Moses, saying,...
    46. Num:2:1: Duplicate verse content
       Details: Same as Exo:7:8: And LORD spoke to Moses and to Aaron, saying,...
    47. Num:3:5: Duplicate verse content
       Details: Same as Exo:6:10: And LORD spoke to Moses, saying,...
    48. Num:3:11: Duplicate verse content
       Details: Same as Exo:6:10: And LORD spoke to Moses, saying,...
    49. Num:3:44: Duplicate verse content
       Details: Same as Exo:6:10: And LORD spoke to Moses, saying,...
    50. Num:4:1: Duplicate verse content
       Details: Same as Exo:7:8: And LORD spoke to Moses and to Aaron, saying,...
    51. Num:4:17: Duplicate verse content
       Details: Same as Exo:7:8: And LORD spoke to Moses and to Aaron, saying,...
    52. Num:4:21: Duplicate verse content
       Details: Same as Exo:6:10: And LORD spoke to Moses, saying,...
    53. Num:4:43: Duplicate verse content
       Details: Same as Num:4:39: from thirty years old and upward even to fifty yea...
    54. Num:5:1: Duplicate verse content
       Details: Same as Exo:6:10: And LORD spoke to Moses, saying,...
    55. Num:5:5: Duplicate verse content
       Details: Same as Exo:6:10: And LORD spoke to Moses, saying,...
    56. Num:5:11: Duplicate verse content
       Details: Same as Exo:6:10: And LORD spoke to Moses, saying,...
    57. Num:6:1: Duplicate verse content
       Details: Same as Exo:6:10: And LORD spoke to Moses, saying,...
    58. Num:6:22: Duplicate verse content
       Details: Same as Exo:6:10: And LORD spoke to Moses, saying,...
    59. Num:7:4: Duplicate verse content
       Details: Same as Exo:6:10: And LORD spoke to Moses, saying,...
    60. Num:7:20: Duplicate verse content
       Details: Same as Num:7:14: one golden spoon of ten [shekels], full of incense...
    61. Num:7:21: Duplicate verse content
       Details: Same as Num:7:15: one young bullock, one ram, one he-lamb a year old...
    62. Num:7:22: Duplicate verse content
       Details: Same as Num:7:16: one male of the goats for a sin-offering;...
    63. Num:7:26: Duplicate verse content
       Details: Same as Num:7:14: one golden spoon of ten [shekels], full of incense...
    64. Num:7:27: Duplicate verse content
       Details: Same as Num:7:15: one young bullock, one ram, one he-lamb a year old...
    65. Num:7:28: Duplicate verse content
       Details: Same as Num:7:16: one male of the goats for a sin-offering;...
    66. Num:7:31: Duplicate verse content
       Details: Same as Num:7:25: His oblation was one silver platter, the weight of...
    67. Num:7:32: Duplicate verse content
       Details: Same as Num:7:14: one golden spoon of ten [shekels], full of incense...
    68. Num:7:33: Duplicate verse content
       Details: Same as Num:7:15: one young bullock, one ram, one he-lamb a year old...
    69. Num:7:34: Duplicate verse content
       Details: Same as Num:7:16: one male of the goats for a sin-offering;...
    70. Num:7:37: Duplicate verse content
       Details: Same as Num:7:25: His oblation was one silver platter, the weight of...
    71. Num:7:38: Duplicate verse content
       Details: Same as Num:7:14: one golden spoon of ten [shekels], full of incense...
    72. Num:7:39: Duplicate verse content
       Details: Same as Num:7:15: one young bullock, one ram, one he-lamb a year old...
    73. Num:7:40: Duplicate verse content
       Details: Same as Num:7:16: one male of the goats for a sin-offering;...
    74. Num:7:43: Duplicate verse content
       Details: Same as Num:7:25: His oblation was one silver platter, the weight of...
    75. Num:7:44: Duplicate verse content
       Details: Same as Num:7:14: one golden spoon of ten [shekels], full of incense...
    76. Num:7:45: Duplicate verse content
       Details: Same as Num:7:15: one young bullock, one ram, one he-lamb a year old...
    77. Num:7:46: Duplicate verse content
       Details: Same as Num:7:16: one male of the goats for a sin-offering;...
    78. Num:7:49: Duplicate verse content
       Details: Same as Num:7:25: His oblation was one silver platter, the weight of...
    79. Num:7:50: Duplicate verse content
       Details: Same as Num:7:14: one golden spoon of ten [shekels], full of incense...
    80. Num:7:51: Duplicate verse content
       Details: Same as Num:7:15: one young bullock, one ram, one he-lamb a year old...
    81. Num:7:52: Duplicate verse content
       Details: Same as Num:7:16: one male of the goats for a sin-offering;...
    82. Num:7:55: Duplicate verse content
       Details: Same as Num:7:25: His oblation was one silver platter, the weight of...
    83. Num:7:56: Duplicate verse content
       Details: Same as Num:7:14: one golden spoon of ten [shekels], full of incense...
    84. Num:7:57: Duplicate verse content
       Details: Same as Num:7:15: one young bullock, one ram, one he-lamb a year old...
    85. Num:7:58: Duplicate verse content
       Details: Same as Num:7:16: one male of the goats for a sin-offering;...
    86. Num:7:61: Duplicate verse content
       Details: Same as Num:7:25: His oblation was one silver platter, the weight of...
    87. Num:7:62: Duplicate verse content
       Details: Same as Num:7:14: one golden spoon of ten [shekels], full of incense...
    88. Num:7:63: Duplicate verse content
       Details: Same as Num:7:15: one young bullock, one ram, one he-lamb a year old...
    89. Num:7:64: Duplicate verse content
       Details: Same as Num:7:16: one male of the goats for a sin-offering;...
    90. Num:7:67: Duplicate verse content
       Details: Same as Num:7:25: His oblation was one silver platter, the weight of...
    91. Num:7:68: Duplicate verse content
       Details: Same as Num:7:14: one golden spoon of ten [shekels], full of incense...
    92. Num:7:69: Duplicate verse content
       Details: Same as Num:7:15: one young bullock, one ram, one he-lamb a year old...
    93. Num:7:70: Duplicate verse content
       Details: Same as Num:7:16: one male of the goats for a sin-offering;...
    94. Num:7:73: Duplicate verse content
       Details: Same as Num:7:25: His oblation was one silver platter, the weight of...
    95. Num:7:74: Duplicate verse content
       Details: Same as Num:7:14: one golden spoon of ten [shekels], full of incense...
    96. Num:7:75: Duplicate verse content
       Details: Same as Num:7:15: one young bullock, one ram, one he-lamb a year old...
    97. Num:7:76: Duplicate verse content
       Details: Same as Num:7:16: one male of the goats for a sin-offering;...
    98. Num:7:80: Duplicate verse content
       Details: Same as Num:7:14: one golden spoon of ten [shekels], full of incense...
    99. Num:7:81: Duplicate verse content
       Details: Same as Num:7:15: one young bullock, one ram, one he-lamb a year old...
    100. Num:7:82: Duplicate verse content
       Details: Same as Num:7:16: one male of the goats for a sin-offering;...
    101. Num:8:1: Duplicate verse content
       Details: Same as Exo:6:10: And LORD spoke to Moses, saying,...
    102. Num:8:5: Duplicate verse content
       Details: Same as Exo:6:10: And LORD spoke to Moses, saying,...
    103. Num:8:23: Duplicate verse content
       Details: Same as Exo:6:10: And LORD spoke to Moses, saying,...
    104. Num:9:9: Duplicate verse content
       Details: Same as Exo:6:10: And LORD spoke to Moses, saying,...
    105. Num:10:1: Duplicate verse content
       Details: Same as Exo:6:10: And LORD spoke to Moses, saying,...
    106. Num:13:1: Duplicate verse content
       Details: Same as Exo:6:10: And LORD spoke to Moses, saying,...
    107. Num:14:26: Duplicate verse content
       Details: Same as Exo:7:8: And LORD spoke to Moses and to Aaron, saying,...
    108. Num:15:1: Duplicate verse content
       Details: Same as Exo:6:10: And LORD spoke to Moses, saying,...
    109. Num:15:17: Duplicate verse content
       Details: Same as Exo:6:10: And LORD spoke to Moses, saying,...
    110. Num:15:37: Duplicate verse content
       Details: Same as Exo:6:10: And LORD spoke to Moses, saying,...
    111. Num:16:20: Duplicate verse content
       Details: Same as Exo:7:8: And LORD spoke to Moses and to Aaron, saying,...
    112. Num:16:23: Duplicate verse content
       Details: Same as Exo:6:10: And LORD spoke to Moses, saying,...
    113. Num:16:36: Duplicate verse content
       Details: Same as Exo:6:10: And LORD spoke to Moses, saying,...
    114. Num:16:44: Duplicate verse content
       Details: Same as Exo:6:10: And LORD spoke to Moses, saying,...
    115. Num:17:1: Duplicate verse content
       Details: Same as Exo:6:10: And LORD spoke to Moses, saying,...
    116. Num:18:25: Duplicate verse content
       Details: Same as Exo:6:10: And LORD spoke to Moses, saying,...
    117. Num:19:1: Duplicate verse content
       Details: Same as Exo:7:8: And LORD spoke to Moses and to Aaron, saying,...
    118. Num:20:7: Duplicate verse content
       Details: Same as Exo:6:10: And LORD spoke to Moses, saying,...
    119. Num:24:15: Duplicate verse content
       Details: Same as Num:24:3: And he took up his parable, and said, Balaam the s...
    120. Num:25:10: Duplicate verse content
       Details: Same as Exo:6:10: And LORD spoke to Moses, saying,...
    121. Num:25:16: Duplicate verse content
       Details: Same as Exo:6:10: And LORD spoke to Moses, saying,...
    122. Num:26:52: Duplicate verse content
       Details: Same as Exo:6:10: And LORD spoke to Moses, saying,...
    123. Num:27:6: Duplicate verse content
       Details: Same as Exo:6:10: And LORD spoke to Moses, saying,...
    124. Num:28:1: Duplicate verse content
       Details: Same as Exo:6:10: And LORD spoke to Moses, saying,...
    125. Num:29:10: Duplicate verse content
       Details: Same as Num:28:29: a tenth part for every lamb of the seven lambs,...
    126. Num:29:21: Duplicate verse content
       Details: Same as Num:29:18: and their meal-offering and their drink-offerings ...
    127. Num:29:25: Duplicate verse content
       Details: Same as Num:29:16: and one he-goat for a sin-offering, besides the co...
    128. Num:29:27: Duplicate verse content
       Details: Same as Num:29:18: and their meal-offering and their drink-offerings ...
    129. Num:29:28: Duplicate verse content
       Details: Same as Num:29:22: and one he-goat for a sin-offering, besides the co...
    130. Num:29:30: Duplicate verse content
       Details: Same as Num:29:18: and their meal-offering and their drink-offerings ...
    131. Num:29:33: Duplicate verse content
       Details: Same as Num:29:18: and their meal-offering and their drink-offerings ...
    132. Num:29:34: Duplicate verse content
       Details: Same as Num:29:16: and one he-goat for a sin-offering, besides the co...
    133. Num:29:38: Duplicate verse content
       Details: Same as Num:29:22: and one he-goat for a sin-offering, besides the co...
    134. Num:31:1: Duplicate verse content
       Details: Same as Exo:6:10: And LORD spoke to Moses, saying,...
    135. Num:31:25: Duplicate verse content
       Details: Same as Exo:6:10: And LORD spoke to Moses, saying,...
    136. Num:34:1: Duplicate verse content
       Details: Same as Exo:6:10: And LORD spoke to Moses, saying,...
    137. Num:34:16: Duplicate verse content
       Details: Same as Exo:6:10: And LORD spoke to Moses, saying,...
    138. Num:35:1: Duplicate verse content
       Details: Same as Num:33:50: And LORD spoke to Moses in the plains of Moab by t...
    139. Num:35:9: Duplicate verse content
       Details: Same as Exo:6:10: And LORD spoke to Moses, saying,...
    140. Num:35:10: Duplicate verse content
       Details: Same as Num:33:51: Speak to the sons of Israel, and say to them, When...
    141. Deu:5:7: Duplicate verse content
       Details: Same as Exo:20:3: Thou shall have no other gods before me....
    142. Deu:5:10: Duplicate verse content
       Details: Same as Exo:20:6: and showing loving kindness to thousands of those ...
    143. Deu:5:11: Duplicate verse content
       Details: Same as Exo:20:7: Thou shall not take the name of LORD thy God in va...
    144. Deu:5:13: Duplicate verse content
       Details: Same as Exo:20:9: Six days thou shall labor, and do all thy work,...
    145. Deu:5:17: Duplicate verse content
       Details: Same as Exo:20:13: Thou shall not murder....
    146. Jos:20:1: Duplicate verse content
       Details: Same as Jos:4:15: And LORD spoke to Joshua, saying,...
    147. Jdg:21:25: Duplicate verse content
       Details: Same as Jdg:17:6: In those days there was no king in Israel. Every m...
    148. 1Ki:15:32: Duplicate verse content
       Details: Same as 1Ki:15:16: And there was war between Asa and Baasha king of I...
    149. 1Ki:17:8: Duplicate verse content
       Details: Same as 1Ki:17:2: And the word of LORD came to him, saying,...
    150. 1Ki:19:14: Duplicate verse content
       Details: Same as 1Ki:19:10: And he said, I have been very jealous for LORD, th...
    151. 1Ki:21:28: Duplicate verse content
       Details: Same as 1Ki:21:17: And the word of LORD came to Elijah the Tishbite, ...
    152. 2Ki:14:4: Duplicate verse content
       Details: Same as 2Ki:12:3: However the high places were not taken away; the p...
    153. 2Ki:15:4: Duplicate verse content
       Details: Same as 2Ki:12:3: However the high places were not taken away; the p...
    154. 2Ki:15:28: Duplicate verse content
       Details: Same as 2Ki:15:24: And he did that which was evil in the sight of LOR...
    155. 2Ki:23:37: Duplicate verse content
       Details: Same as 2Ki:23:32: And he did that which was evil in the sight of LOR...
    156. 1Ch:1:5: Duplicate verse content
       Details: Same as Gen:10:2: The sons of Japheth: Gomer, and Magog, and Madai, ...
    157. 1Ch:1:11: Duplicate verse content
       Details: Same as Gen:10:13: And Mizraim begot Ludim, and Anamim, and Lehabim, ...
    158. 1Ch:1:14: Duplicate verse content
       Details: Same as Gen:10:16: and the Jebusite, and the Amorite, and the Girgash...
    159. 1Ch:1:15: Duplicate verse content
       Details: Same as Gen:10:17: and the Hivite, and the Arkite, and the Sinite,...
    160. 1Ch:1:18: Duplicate verse content
       Details: Same as Gen:10:24: And Arphaxad begot Shelah, and Shelah begot Eber....
    161. 1Ch:1:20: Duplicate verse content
       Details: Same as Gen:10:26: And Joktan begot Almodad, and Sheleph, and Hazarma...
    162. 1Ch:1:21: Duplicate verse content
       Details: Same as Gen:10:27: and Hadoram, and Uzal, and Diklah,...
    163. 1Ch:1:33: Duplicate verse content
       Details: Same as Gen:25:4: And the sons of Midian: Ephah, and Epher, and Hano...
    164. 1Ch:1:44: Duplicate verse content
       Details: Same as Gen:36:33: And Bela died, and Jobab the son of Zerah of Bozra...
    165. 1Ch:1:45: Duplicate verse content
       Details: Same as Gen:36:34: And Jobab died, and Husham of the land of the Tema...
    166. 1Ch:1:46: Duplicate verse content
       Details: Same as Gen:36:35: And Husham died, and Hadad the son of Bedad, who s...
    167. 1Ch:1:47: Duplicate verse content
       Details: Same as Gen:36:36: And Hadad died, and Samlah of Masrekah reigned in ...
    168. 1Ch:1:48: Duplicate verse content
       Details: Same as Gen:36:37: And Samlah died, and Shaul of Rehoboth by the Rive...
    169. 1Ch:1:49: Duplicate verse content
       Details: Same as Gen:36:38: And Shaul died, and Baal-hanan the son of Achbor r...
    170. 1Ch:1:53: Duplicate verse content
       Details: Same as Gen:36:42: chief Kenaz, chief Teman, chief Mibzar,...
    171. 1Ch:9:39: Duplicate verse content
       Details: Same as 1Ch:8:33: And Ner begot Kish, and Kish begot Saul, and Saul ...
    172. 1Ch:9:40: Duplicate verse content
       Details: Same as 1Ch:8:34: And the son of Jonathan was Merib-baal, and Merib-...
    173. 1Ch:10:1: Duplicate verse content
       Details: Same as 1Sa:31:1: Now the Philistines fought against Israel. And the...
    174. 1Ch:11:16: Duplicate verse content
       Details: Same as 2Sa:23:14: And David was then in the stronghold, and the garr...
    175. 1Ch:11:24: Duplicate verse content
       Details: Same as 2Sa:23:22: These things Benaiah the son of Jehoiada did, and ...
    176. 1Ch:11:40: Duplicate verse content
       Details: Same as 2Sa:23:38: Ira the Ithrite, Gareb the Ithrite,...
    177. 1Ch:14:6: Duplicate verse content
       Details: Same as 1Ch:3:7: and Nogah, and Nepheg, and Japhia,...
    178. 1Ch:17:15: Duplicate verse content
       Details: Same as 2Sa:7:17: According to all these words, and according to all...
    179. 1Ch:18:15: Duplicate verse content
       Details: Same as 2Sa:8:16: And Joab the son of Zeruiah was over the army, and...
    180. 1Ch:19:8: Duplicate verse content
       Details: Same as 2Sa:10:7: And when David heard of it, he sent Joab, and all ...
    181. 1Ch:19:10: Duplicate verse content
       Details: Same as 2Sa:10:9: Now when Joab saw that the battle was set against ...
    182. 2Ch:4:4: Duplicate verse content
       Details: Same as 1Ki:7:25: It stood upon twelve oxen, three looking toward th...
    183. 2Ch:5:7: Duplicate verse content
       Details: Same as 1Ki:8:6: And the priests brought in the ark of the covenant...
    184. 2Ch:5:8: Duplicate verse content
       Details: Same as 1Ki:8:7: For the cherubim spread forth their wings over the...
    185. 2Ch:6:1: Duplicate verse content
       Details: Same as 1Ki:8:12: Then Solomon spoke, LORD has said that he would dw...
    186. 2Ch:6:7: Duplicate verse content
       Details: Same as 1Ki:8:17: Now it was in the heart of David my father to buil...
    187. 2Ch:6:8: Duplicate verse content
       Details: Same as 1Ki:8:18: But LORD said to David my father, Whereas it was i...
    188. 2Ch:6:16: Duplicate verse content
       Details: Same as 1Ki:8:25: Now therefore, O LORD, the God of Israel, keep wit...
    189. 2Ch:6:22: Duplicate verse content
       Details: Same as 1Ki:8:31: If a man sins against his neighbor, and an oath be...
    190. 2Ch:6:27: Duplicate verse content
       Details: Same as 1Ki:8:36: then hear thou in heaven, and forgive the sin of t...
    191. 2Ch:9:5: Duplicate verse content
       Details: Same as 1Ki:10:6: And she said to the king, It was a TRUE report tha...
    192. 2Ch:9:19: Duplicate verse content
       Details: Same as 1Ki:10:20: And twelve lions stood there on the one side and o...
    193. 2Ch:10:12: Duplicate verse content
       Details: Same as 1Ki:12:12: So Jeroboam and all the people came to Rehoboam th...
    194. 2Ch:10:17: Duplicate verse content
       Details: Same as 1Ki:12:17: But as for the sons of Israel who dwelt in the cit...
    195. 2Ch:10:19: Duplicate verse content
       Details: Same as 1Ki:12:19: So Israel rebelled against the house of David to t...
    196. 2Ch:18:4: Duplicate verse content
       Details: Same as 1Ki:22:5: And Jehoshaphat said to the king of Israel, Inquir...
    197. 2Ch:18:6: Duplicate verse content
       Details: Same as 1Ki:22:7: But Jehoshaphat said, Is there not here a prophet ...
    198. 2Ch:18:10: Duplicate verse content
       Details: Same as 1Ki:22:11: And Zedekiah the son of Chenaanah made for him hor...
    199. 2Ch:18:15: Duplicate verse content
       Details: Same as 1Ki:22:16: And the king said to him, How many times shall I a...
    200. 2Ch:18:17: Duplicate verse content
       Details: Same as 1Ki:22:18: And the king of Israel said to Jehoshaphat, Did I ...
    201. 2Ch:18:24: Duplicate verse content
       Details: Same as 1Ki:22:25: And Micaiah said, Behold, thou shall see on that d...
    202. 2Ch:18:27: Duplicate verse content
       Details: Same as 1Ki:22:28: And Micaiah said, If thou return at all in peace, ...
    203. 2Ch:18:28: Duplicate verse content
       Details: Same as 1Ki:22:29: So the king of Israel and Jehoshaphat the king of ...
    204. 2Ch:18:32: Duplicate verse content
       Details: Same as 1Ki:22:33: And it came to pass, when the captains of the char...
    205. 2Ch:21:6: Duplicate verse content
       Details: Same as 2Ki:8:18: And he walked in the way of the kings of Israel, a...
    206. 2Ch:21:8: Duplicate verse content
       Details: Same as 2Ki:8:20: In his days Edom revolted from under the hand of J...
    207. 2Ch:25:22: Duplicate verse content
       Details: Same as 2Ki:14:12: And Judah was put to the worse before Israel, and ...
    208. 2Ch:26:4: Duplicate verse content
       Details: Same as 2Ki:15:3: And he did that which was right in the eyes of LOR...
    209. 2Ch:28:4: Duplicate verse content
       Details: Same as 2Ki:16:4: And he sacrificed and burnt incense in the high pl...
    210. 2Ch:29:2: Duplicate verse content
       Details: Same as 2Ki:18:3: And he did that which was right in the eyes of LOR...
    211. 2Ch:33:5: Duplicate verse content
       Details: Same as 2Ki:21:5: And he built altars for all the host of heaven in ...
    212. 2Ch:33:25: Duplicate verse content
       Details: Same as 2Ki:21:24: But the people of the land killed all those who ha...
    213. 2Ch:34:23: Duplicate verse content
       Details: Same as 2Ki:22:15: And she said to them, Thus says LORD, the God of I...
    214. Ezr:1:1: Duplicate verse content
       Details: Same as 2Ch:36:22: Now in the first year of Cyrus king of Persia, tha...
    215. Neh:7:46: Duplicate verse content
       Details: Same as Ezr:2:43: The Nethinim: the sons of Ziha, the sons of Hasuph...
    216. Neh:7:53: Duplicate verse content
       Details: Same as Ezr:2:51: the sons of Bakbuk, the sons of Hakupha, the sons ...
    217. Neh:7:55: Duplicate verse content
       Details: Same as Ezr:2:53: the sons of Barkos, the sons of Sisera, the sons o...
    218. Neh:7:56: Duplicate verse content
       Details: Same as Ezr:2:54: the sons of Neziah, the sons of Hatipha....
    219. Neh:7:66: Duplicate verse content
       Details: Same as Ezr:2:64: The whole assembly together was forty-two thousand...
    220. Neh:7:68: Duplicate verse content
       Details: Same as Ezr:2:66: Their horses were seven hundred thirty-six, their ...
    221. Job:9:1: Duplicate verse content
       Details: Same as Job:6:1: Then Job answered and said,...
    222. Job:12:1: Duplicate verse content
       Details: Same as Job:6:1: Then Job answered and said,...
    223. Job:15:1: Duplicate verse content
       Details: Same as Job:4:1: Then Eliphaz the Temanite answered, and said,...
    224. Job:18:1: Duplicate verse content
       Details: Same as Job:8:1: Then Bildad the Shuhite answered, and said,...
    225. Job:19:1: Duplicate verse content
       Details: Same as Job:16:1: Then Job answered, and said,...
    226. Job:20:1: Duplicate verse content
       Details: Same as Job:11:1: Then Zophar the Naamathite answered, and said,...
    227. Job:21:1: Duplicate verse content
       Details: Same as Job:16:1: Then Job answered, and said,...
    228. Job:22:1: Duplicate verse content
       Details: Same as Job:4:1: Then Eliphaz the Temanite answered, and said,...
    229. Job:23:1: Duplicate verse content
       Details: Same as Job:6:1: Then Job answered and said,...
    230. Job:25:1: Duplicate verse content
       Details: Same as Job:8:1: Then Bildad the Shuhite answered, and said,...
    231. Job:26:1: Duplicate verse content
       Details: Same as Job:16:1: Then Job answered, and said,...
    232. Job:29:1: Duplicate verse content
       Details: Same as Job:27:1: And Job again took up his parable, and said,...
    233. Job:35:1: Duplicate verse content
       Details: Same as Job:34:1: Moreover Elihu answered, and said,...
    234. Job:40:6: Duplicate verse content
       Details: Same as Job:38:1: Then LORD answered Job out of the whirlwind, and s...
    235. Job:42:1: Duplicate verse content
       Details: Same as Job:40:3: Then Job answered LORD, and said,...
    236. Psa:18:3: Duplicate verse content
       Details: Same as 2Sa:22:4: I will call upon LORD, who is worthy to be praised...
    237. Psa:18:5: Duplicate verse content
       Details: Same as 2Sa:22:6: The cords of Sheol were round about me. The snares...
    238. Psa:18:8: Duplicate verse content
       Details: Same as 2Sa:22:9: There went up a smoke out of his nostrils, and fir...
    239. Psa:18:21: Duplicate verse content
       Details: Same as 2Sa:22:22: For I have kept the ways of LORD, and have not wic...
    240. Psa:18:25: Duplicate verse content
       Details: Same as 2Sa:22:26: With the merciful thou will show thyself merciful....
    241. Psa:18:26: Duplicate verse content
       Details: Same as 2Sa:22:27: With the pure thou will show thyself pure. And wit...
    242. Psa:18:30: Duplicate verse content
       Details: Same as 2Sa:22:31: As for God, his way is perfect. The word of LORD i...
    243. Psa:18:34: Duplicate verse content
       Details: Same as 2Sa:22:35: He teaches my hands to war, so that my arms bend a...
    244. Psa:18:36: Duplicate verse content
       Details: Same as 2Sa:22:37: Thou have enlarged my steps under me, and my feet ...
    245. Psa:18:39: Duplicate verse content
       Details: Same as 2Sa:22:40: For thou have girded me with strength to the battl...
    246. Psa:18:50: Duplicate verse content
       Details: Same as 2Sa:22:51: He gives great deliverance to his king, and shows ...
    247. Psa:43:5: Duplicate verse content
       Details: Same as Psa:42:11: Why are thou cast down, O my soul? And why are tho...
    248. Psa:46:11: Duplicate verse content
       Details: Same as Psa:46:7: LORD of hosts is with us. The God of Jacob is our ...
    249. Psa:57:11: Duplicate verse content
       Details: Same as Psa:57:5: Be thou exalted, O God, above the heavens, thy glo...
    250. Psa:67:5: Duplicate verse content
       Details: Same as Psa:67:3: Let the peoples praise thee, O God. Let all the pe...
    251. Psa:96:3: Duplicate verse content
       Details: Same as 1Ch:16:24: Declare his glory among the nations, his marvelous...
    252. Psa:96:7: Duplicate verse content
       Details: Same as 1Ch:16:28: Ascribe to LORD, ye kindred of the peoples. Ascrib...
    253. Psa:105:3: Duplicate verse content
       Details: Same as 1Ch:16:10: Glory ye in his holy name. Let the heart of those ...
    254. Psa:105:4: Duplicate verse content
       Details: Same as 1Ch:16:11: Seek ye LORD and his strength. Seek his face everm...
    255. Psa:105:5: Duplicate verse content
       Details: Same as 1Ch:16:12: Remember his marvelous works that he has done, his...
    256. Psa:105:7: Duplicate verse content
       Details: Same as 1Ch:16:14: He is LORD our God. His judgments are in all the e...
    257. Psa:105:10: Duplicate verse content
       Details: Same as 1Ch:16:17: and confirmed the same to Jacob for a statute, to ...
    258. Psa:105:11: Duplicate verse content
       Details: Same as 1Ch:16:18: saying, To thee I will give the land of Canaan, th...
    259. Psa:105:14: Duplicate verse content
       Details: Same as 1Ch:16:21: He allowed no man to do them wrong. Yea, he reprov...
    260. Psa:107:1: Duplicate verse content
       Details: Same as 1Ch:16:34: O give thanks to LORD, For he is good, for his lov...
    261. Psa:107:15: Duplicate verse content
       Details: Same as Psa:107:8: O that men would praise LORD for his loving kindne...
    262. Psa:107:21: Duplicate verse content
       Details: Same as Psa:107:8: O that men would praise LORD for his loving kindne...
    263. Psa:107:31: Duplicate verse content
       Details: Same as Psa:107:8: O that men would praise LORD for his loving kindne...
    264. Psa:108:12: Duplicate verse content
       Details: Same as Psa:60:11: Give us help against the adversary, for vain is th...
    265. Psa:108:13: Duplicate verse content
       Details: Same as Psa:60:12: Through God we shall do valiantly, for he it is wh...
    266. Psa:118:1: Duplicate verse content
       Details: Same as 1Ch:16:34: O give thanks to LORD, for he is good, for his lov...
    267. Psa:118:29: Duplicate verse content
       Details: Same as 1Ch:16:34: O give thanks to LORD, for he is good, for his lov...
    268. Psa:135:16: Duplicate verse content
       Details: Same as Psa:115:5: They have mouths, but they speak not. They have ey...
    269. Psa:136:1: Duplicate verse content
       Details: Same as 1Ch:16:34: O give thanks to LORD, for he is good, for his lov...
    270. Pro:16:25: Duplicate verse content
       Details: Same as Pro:14:12: There is a way which seems right to a man, but the...
    271. Pro:24:34: Duplicate verse content
       Details: Same as Pro:6:11: so thy poverty shall come as a robber, and thy wan...
    272. Pro:25:24: Duplicate verse content
       Details: Same as Pro:21:9: It is better to dwell in the corner of the houseto...
    273. Pro:26:22: Duplicate verse content
       Details: Same as Pro:18:8: The words of a whisperer are as dainty morsels, an...
    274. Son:3:5: Duplicate verse content
       Details: Same as Son:2:7: I adjure you, O daughters of Jerusalem, by the roe...
    275. Isa:36:8: Duplicate verse content
       Details: Same as 2Ki:18:23: Now therefore, I pray thee, give pledges to my mas...
    276. Isa:36:9: Duplicate verse content
       Details: Same as 2Ki:18:24: How then can thou turn away the face of one captai...
    277. Isa:37:1: Duplicate verse content
       Details: Same as 2Ki:19:1: And it came to pass, when king Hezekiah heard it, ...
    278. Isa:37:5: Duplicate verse content
       Details: Same as 2Ki:19:5: So the servants of king Hezekiah came to Isaiah....
    279. Isa:37:7: Duplicate verse content
       Details: Same as 2Ki:19:7: Behold, I will put a spirit in him, and he shall h...
    280. Isa:37:8: Duplicate verse content
       Details: Same as 2Ki:19:8: So Rabshakeh returned, and found the king of Assyr...
    281. Isa:37:11: Duplicate verse content
       Details: Same as 2Ki:19:11: Behold, thou have heard what the kings of Assyria ...
    282. Isa:37:13: Duplicate verse content
       Details: Same as 2Ki:19:13: Where is the king of Hamath, and the king of Arpad...
    283. Isa:37:14: Duplicate verse content
       Details: Same as 2Ki:19:14: And Hezekiah received the letter from the hand of ...
    284. Isa:37:23: Duplicate verse content
       Details: Same as 2Ki:19:22: Whom have thou defied and blasphemed? And against ...
    285. Isa:37:28: Duplicate verse content
       Details: Same as 2Ki:19:27: But I know thy sitting down, and thy going out, an...
    286. Isa:37:29: Duplicate verse content
       Details: Same as 2Ki:19:28: Because of thy raging against me, and because thin...
    287. Isa:37:31: Duplicate verse content
       Details: Same as 2Ki:19:30: And the remnant that is escaped of the house of Ju...
    288. Isa:37:35: Duplicate verse content
       Details: Same as 2Ki:19:34: For I will defend this city to save it, for my own...
    289. Isa:37:37: Duplicate verse content
       Details: Same as 2Ki:19:36: So Sennacherib king of Assyria departed, and went ...
    290. Isa:38:1: Duplicate verse content
       Details: Same as 2Ki:20:1: In those days Hezekiah was sick to death. And Isai...
    291. Jer:11:1: Duplicate verse content
       Details: Same as Jer:7:1: The word that came to Jeremiah from LORD, saying,...
    292. Jer:18:5: Duplicate verse content
       Details: Same as Jer:13:8: Then the word of LORD came to me, saying,...
    293. Jer:24:4: Duplicate verse content
       Details: Same as Jer:2:1: And the word of LORD came to me, saying,...
    294. Jer:30:1: Duplicate verse content
       Details: Same as Jer:7:1: The word that came to Jeremiah from LORD, saying,...
    295. Jer:32:26: Duplicate verse content
       Details: Same as Jer:29:30: Then the word of LORD came to Jeremiah, saying,...
    296. Jer:33:23: Duplicate verse content
       Details: Same as Jer:33:19: And the word of LORD came to Jeremiah, saying,...
    297. Jer:35:12: Duplicate verse content
       Details: Same as Jer:29:30: Then the word of LORD came to Jeremiah, saying,...
    298. Jer:51:15: Duplicate verse content
       Details: Same as Jer:10:12: He has made the earth by his power. He has establi...
    299. Jer:51:16: Duplicate verse content
       Details: Same as Jer:10:13: When he utters his voice, there is a tumult of wat...
    300. Jer:51:18: Duplicate verse content
       Details: Same as Jer:10:15: They are vanity, a work of delusion. In the time o...
    301. Jer:52:1: Duplicate verse content
       Details: Same as 2Ki:24:18: Zedekiah was twenty-one years old when he began to...
    302. Jer:52:2: Duplicate verse content
       Details: Same as 2Ki:24:19: And he did that which was evil in the sight of LOR...
    303. Jer:52:5: Duplicate verse content
       Details: Same as 2Ki:25:2: So the city was besieged to the eleventh year of k...
    304. Jer:52:24: Duplicate verse content
       Details: Same as 2Ki:25:18: And the captain of the guard took Seraiah the chie...
    305. Jer:52:26: Duplicate verse content
       Details: Same as 2Ki:25:20: And Nebuzaradan the captain of the guard took them...
    306. Jer:52:27: Duplicate verse content
       Details: Same as 2Ki:25:21: And the king of Babylon smote them, and put them t...
    307. Eze:6:1: Duplicate verse content
       Details: Same as Jer:2:1: And the word of LORD came to me, saying,...
    308. Eze:11:14: Duplicate verse content
       Details: Same as Jer:2:1: And the word of LORD came to me, saying,...
    309. Eze:12:17: Duplicate verse content
       Details: Same as Eze:7:1: Moreover the word of LORD came to me, saying,...
    310. Eze:12:21: Duplicate verse content
       Details: Same as Jer:2:1: And the word of LORD came to me, saying,...
    311. Eze:13:1: Duplicate verse content
       Details: Same as Jer:2:1: And the word of LORD came to me, saying,...
    312. Eze:14:2: Duplicate verse content
       Details: Same as Jer:2:1: And the word of LORD came to me, saying,...
    313. Eze:14:12: Duplicate verse content
       Details: Same as Jer:2:1: And the word of LORD came to me, saying,...
    314. Eze:15:1: Duplicate verse content
       Details: Same as Jer:2:1: And the word of LORD came to me, saying,...
    315. Eze:16:1: Duplicate verse content
       Details: Same as Eze:12:26: Again the word of LORD came to me, saying,...
    316. Eze:17:1: Duplicate verse content
       Details: Same as Jer:2:1: And the word of LORD came to me, saying,...
    317. Eze:17:11: Duplicate verse content
       Details: Same as Eze:7:1: Moreover the word of LORD came to me, saying,...
    318. Eze:20:2: Duplicate verse content
       Details: Same as Jer:2:1: And the word of LORD came to me, saying,...
    319. Eze:20:45: Duplicate verse content
       Details: Same as Jer:2:1: And the word of LORD came to me, saying,...
    320. Eze:21:1: Duplicate verse content
       Details: Same as Jer:2:1: And the word of LORD came to me, saying,...
    321. Eze:21:8: Duplicate verse content
       Details: Same as Jer:2:1: And the word of LORD came to me, saying,...
    322. Eze:21:18: Duplicate verse content
       Details: Same as Eze:18:1: The word of LORD came to me again, saying,...
    323. Eze:22:1: Duplicate verse content
       Details: Same as Eze:7:1: Moreover the word of LORD came to me, saying,...
    324. Eze:22:17: Duplicate verse content
       Details: Same as Jer:2:1: And the word of LORD came to me, saying,...
    325. Eze:22:23: Duplicate verse content
       Details: Same as Jer:2:1: And the word of LORD came to me, saying,...
    326. Eze:25:1: Duplicate verse content
       Details: Same as Jer:2:1: And the word of LORD came to me, saying,...
    327. Eze:27:1: Duplicate verse content
       Details: Same as Eze:23:1: The word of LORD came again to me, saying,...
    328. Eze:28:1: Duplicate verse content
       Details: Same as Eze:23:1: The word of LORD came again to me, saying,...
    329. Eze:28:11: Duplicate verse content
       Details: Same as Eze:7:1: Moreover the word of LORD came to me, saying,...
    330. Eze:28:20: Duplicate verse content
       Details: Same as Jer:2:1: And the word of LORD came to me, saying,...
    331. Eze:30:1: Duplicate verse content
       Details: Same as Eze:23:1: The word of LORD came again to me, saying,...
    332. Eze:33:1: Duplicate verse content
       Details: Same as Jer:2:1: And the word of LORD came to me, saying,...
    333. Eze:33:23: Duplicate verse content
       Details: Same as Jer:2:1: And the word of LORD came to me, saying,...
    334. Eze:34:1: Duplicate verse content
       Details: Same as Jer:2:1: And the word of LORD came to me, saying,...
    335. Eze:35:1: Duplicate verse content
       Details: Same as Eze:7:1: Moreover the word of LORD came to me, saying,...
    336. Eze:36:16: Duplicate verse content
       Details: Same as Eze:7:1: Moreover the word of LORD came to me, saying,...
    337. Eze:37:15: Duplicate verse content
       Details: Same as Eze:23:1: The word of LORD came again to me, saying,...
    338. Eze:38:1: Duplicate verse content
       Details: Same as Jer:2:1: And the word of LORD came to me, saying,...
    339. Eze:40:33: Duplicate verse content
       Details: Same as Eze:40:29: and the little chambers of it, and the posts of it...
    340. Zec:4:8: Duplicate verse content
       Details: Same as Eze:7:1: Moreover the word of LORD came to me, saying,...
    341. Zec:6:9: Duplicate verse content
       Details: Same as Jer:2:1: And the word of LORD came to me, saying,...
    342. Mat:12:17: Duplicate verse content
       Details: Same as Mat:4:14: so that what was spoken through Isaiah the prophet...
    343. Mat:13:50: Duplicate verse content
       Details: Same as Mat:13:42: and will cast them into the furnace of fire. There...
    344. Mar:7:16: Duplicate verse content
       Details: Same as Mar:4:23: If any man has ears to hear, let him hear....
    345. Mar:9:46: Duplicate verse content
       Details: Same as Mar:9:44: where their worm does not perish, and the fire is ...
    346. Mar:9:48: Duplicate verse content
       Details: Same as Mar:9:44: where their worm does not perish, and the fire is ...
    347. Mar:13:13: Duplicate verse content
       Details: Same as Mat:10:22: And ye will be hated by all men because of my name...
    348. Mar:13:31: Duplicate verse content
       Details: Same as Mat:24:35: The sky and the earth will pass away, but my words...
    349. Mar:14:28: Duplicate verse content
       Details: Same as Mat:26:32: But after I am raised up, I will go before you int...
    350. Luk:11:10: Duplicate verse content
       Details: Same as Mat:7:8: For every man who asks receives, and he who seeks ...
    351. Luk:11:23: Duplicate verse content
       Details: Same as Mat:12:30: He who is not with me is against me, and he who do...
    352. Luk:11:32: Duplicate verse content
       Details: Same as Mat:12:41: The men of Nineveh will rise up in the judgment wi...
    353. Luk:18:19: Duplicate verse content
       Details: Same as Mar:10:18: And Jesus said to him, Why do thou call me good? N...
    354. Luk:21:33: Duplicate verse content
       Details: Same as Mat:24:35: The sky and the earth will pass away, but my words...
    355. Joh:12:8: Duplicate verse content
       Details: Same as Mat:26:11: For ye always have the poor with you, but ye do no...
    356. Act:15:34: Duplicate verse content
       Details: Same as Luk:17:36: \cf15\I [This verse is not in the majority of the ...
    357. Act:24:7: Duplicate verse content
       Details: Same as Luk:17:36: \cf15\I [This verse is not in the majority of the ...
    358. 2Co:1:2: Duplicate verse content
       Details: Same as 1Co:1:3: Grace to you and peace from God our Father and Lor...
    359. Eph:1:2: Duplicate verse content
       Details: Same as 1Co:1:3: Grace to you and peace from God our Father and Lor...
    360. Phi:1:2: Duplicate verse content
       Details: Same as 1Co:1:3: Grace to you and peace from God our Father and Lor...
    361. 2Th:1:2: Duplicate verse content
       Details: Same as 1Co:1:3: Grace to you and peace from God our Father and Lor...
    362. 2Th:3:18: Duplicate verse content
       Details: Same as Rom:16:24: The grace of our Lord Jesus Christ is with all of ...
    363. Phm:1:3: Duplicate verse content
       Details: Same as 1Co:1:3: Grace to you and peace from God our Father and Lor...
    364. Rev:3:6: Duplicate verse content
       Details: Same as Rev:2:29: He who has an ear, let him hear what the Spirit sa...
    365. Rev:3:13: Duplicate verse content
       Details: Same as Rev:2:29: He who has an ear, let him hear what the Spirit sa...
    366. Rev:3:22: Duplicate verse content
       Details: Same as Rev:2:29: He who has an ear, let him hear what the Spirit sa...
    367. Luk:17:36: Contains numeric characters
       Details: Found numbers in: \cf15\I [This verse is not in the majority of the ...
    368. Act:8:37: Contains numeric characters
       Details: Found numbers in: \cf15\I [This verse in not in the majority of the ...
    369. Act:15:34: Contains numeric characters
       Details: Found numbers in: \cf15\I [This verse is not in the majority of the ...
    370. Act:24:7: Contains numeric characters
       Details: Found numbers in: \cf15\I [This verse is not in the majority of the ...
    371. Rev:13:18: Contains numeric characters
       Details: Found numbers in: Here is wisdom: He who has understanding, let him ...


  ENCODING (6):
    1. Dan:5:25: Unusual capitalization pattern
       Details: 4/12 words are all caps
    2. Mat:27:37: Unusual capitalization pattern
       Details: 8/18 words are all caps
    3. Mar:15:26: Unusual capitalization pattern
       Details: 5/13 words are all caps
    4. Joh:19:19: Unusual capitalization pattern
       Details: 8/24 words are all caps
    5. Rev:17:5: Unusual capitalization pattern
       Details: 15/22 words are all caps
    6. Rev:19:16: Unusual capitalization pattern
       Details: 7/20 words are all caps

