ANOMALY DETECTION REPORT FOR BOM
Source file: BOM.json
Analysis complete
================================================================================


ERRORS (145):
----------------------------------------

  TEXT_CONTENT (145):
    1. Gen:2:4: Contains invalid characters
       Details: Invalid chars: ['}', '{'] in: And it came to pass that he departed into the wild...
    2. Gen:17:4: Contains invalid characters
       Details: Invalid chars: ['*'] in: And we did sojourn for the space of many years, ye...
    3. Gen:18:23: Contains invalid characters
       Details: Invalid chars: ['*'] in: And it came to pass that after we had sailed for t...
    4. Exo:5:28: Contains invalid characters
       Details: Invalid chars: ['*'] in: *And thirty years had passed away from the time we...
    5. Exo:5:34: Contains invalid characters
       Details: Invalid chars: ['*'] in: And it sufficeth me to say that *forty years had p...
    6. Lev:1:1: Contains invalid characters
       Details: Invalid chars: ['*'] in: FOR behold, it came to pass that *fifty and five y...
    7. Num:1:25: Contains invalid characters
       Details: Invalid chars: ['*'] in: And it came to pass that I began to be old, *and a...
    8. Deu:1:5: Contains invalid characters
       Details: Invalid chars: ['*'] in: And now, behold, *two hundred years had passed awa...
    9. Deu:1:13: Contains invalid characters
       Details: Invalid chars: ['*'] in: And it came to pass that *two hundred and thirty a...
    10. Jdg:1:2: Contains invalid characters
       Details: Invalid chars: ['*'] in: And it is many hundred years after the coming of C...
    11. Jdg:1:9: Contains invalid characters
       Details: Invalid chars: ['*'] in: And now I, Mormon, *proceed to finish out my recor...
    12. Rut:1:10: Contains invalid characters
       Details: Invalid chars: ['*'] in: Therefore, *he had Mosiah brought before him; and ...
    13. Rut:6:4: Contains invalid characters
       Details: Invalid chars: ['*'] in: And Mosiah began to reign in his father's stead. *...
    14. Rut:6:5: Contains invalid characters
       Details: Invalid chars: ['*'] in: And king Benjamin lived three *years and he died....
    15. Rut:7:2: Contains invalid characters
       Details: Invalid chars: ['*'] in: And it came to pass that *king Mosiah granted that...
    16. Rut:9:1: Contains invalid characters
       Details: Invalid chars: ['*'] in: I, Zeniff, having been taught in all the language ...
    17. Rut:9:11: Contains invalid characters
       Details: Invalid chars: ['*'] in: Therefore it came to pass, that after we had dwelt...
    18. Rut:9:14: Contains invalid characters
       Details: Invalid chars: ['*'] in: For, in the *thirteenth year of my reign in the la...
    19. Rut:10:3: Contains invalid characters
       Details: Invalid chars: ['*'] in: And it came to pass that we did inherit the land o...
    20. Rut:10:22: Contains invalid characters
       Details: Invalid chars: ['*'] in: And now I, being old, *did confer the kingdom upon...
    21. Rut:11:20: Contains invalid characters
       Details: Invalid chars: ['*'] in: And it came to pass that there was a man among the...
    22. Rut:12:1: Contains invalid characters
       Details: Invalid chars: ['*'] in: AND it came to pass that *after the space of two y...
    23. Rut:17:20: Contains invalid characters
       Details: Invalid chars: ['*'] in: And now, *when Abinadi had said these words, he fe...
    24. Rut:18:7: Contains invalid characters
       Details: Invalid chars: ['*'] in: And it came to pass *after many days there were a ...
    25. Rut:21:22: Contains invalid characters
       Details: Invalid chars: ['*'] in: And it came to pass that there was no more disturb...
    26. Rut:24:25: Contains invalid characters
       Details: Invalid chars: ['*'] in: And after they had been in the wilderness twelve d...
    27. Rut:28:1: Contains invalid characters
       Details: Invalid chars: ['*'] in: NOW it came to pass that after the sons of Mosiah ...
    28. Rut:29:44: Contains invalid characters
       Details: Invalid chars: ['*'] in: And thus *commenced the reign of the judges throug...
    29. 1Sa:1:23: Contains invalid characters
       Details: Invalid chars: ['*'] in: Now this was in the *second year of the reign of A...
    30. 1Sa:2:1: Contains invalid characters
       Details: Invalid chars: ['*'] in: AND it came to pass in the commencement of the *fi...
    31. 1Sa:3:25: Contains invalid characters
       Details: Invalid chars: ['*'] in: Now all these things were done, yea, all these war...
    32. 1Sa:4:1: Contains invalid characters
       Details: Invalid chars: ['*'] in: NOW it came to pass in the *sixth year of the reig...
    33. 1Sa:4:5: Contains invalid characters
       Details: Invalid chars: ['*'] in: And it came to pass in the *seventh year of the re...
    34. 1Sa:4:6: Contains invalid characters
       Details: Invalid chars: ['*'] in: And it came to pass in the *eighth year of the rei...
    35. 1Sa:4:11: Contains invalid characters
       Details: Invalid chars: ['*'] in: And it came to pass in the *commencement of the ni...
    36. 1Sa:5:1: Contains invalid characters
       Details: Invalid chars: ['*'] in: NOW it came to pass that *Alma began to deliver th...
    37. 1Sa:8:3: Contains invalid characters
       Details: Invalid chars: ['*'] in: And it came to pass in the commencement of the *te...
    38. 1Sa:14:23: Contains invalid characters
       Details: Invalid chars: ['*'] in: And it came to pass after they had thus suffered f...
    39. 1Sa:16:1: Contains invalid characters
       Details: Invalid chars: ['*'] in: AND it came to pass in the *eleventh year of the r...
    40. 1Sa:16:12: Contains invalid characters
       Details: Invalid chars: ['*'] in: And the Lamanites did not come again to war agains...
    41. 1Sa:17:4: Contains invalid characters
       Details: Invalid chars: ['*'] in: And they had been teaching the word of God *for th...
    42. 1Sa:28:9: Contains invalid characters
       Details: Invalid chars: ['*'] in: And this is the account of the wars and contention...
    43. 1Sa:30:6: Contains invalid characters
       Details: Invalid chars: ['*'] in: But it came to pass in the *latter end of the seve...
    44. 1Sa:35:12: Contains invalid characters
       Details: Invalid chars: ['*'] in: And thus ended the *seventeenth year of the reign ...
    45. 1Sa:43:3: Contains invalid characters
       Details: Invalid chars: ['*'] in: And now I return to an account of the wars between...
    46. 1Sa:44:24: Contains invalid characters
       Details: Invalid chars: ['*'] in: And thus *ended the eighteenth year of the reign o...
    47. 1Sa:45:20: Contains invalid characters
       Details: Invalid chars: ['*'] in: And now it came to pass in the *commencement of th...
    48. 1Sa:46:37: Contains invalid characters
       Details: Invalid chars: ['*'] in: And they began to have peace again in the land; an...
    49. 1Sa:48:2: Contains invalid characters
       Details: Invalid chars: ['*'] in: And thus he did inspire their hearts against the N...
    50. 1Sa:49:1: Contains invalid characters
       Details: Invalid chars: ['*'] in: AND now it came to pass in the *eleventh month of ...
    51. 1Sa:50:1: Contains invalid characters
       Details: Invalid chars: ['*'] in: AND now it came to pass that Moroni did not stop m...
    52. 1Sa:50:17: Contains invalid characters
       Details: Invalid chars: ['*'] in: And in these prosperous circumstances were the peo...
    53. 1Sa:50:25: Contains invalid characters
       Details: Invalid chars: ['*'] in: And it came to pass that in the *commencement of t...
    54. 1Sa:51:1: Contains invalid characters
       Details: Invalid chars: ['*'] in: AND now it came to pass in the *commencement of th...
    55. 1Sa:52:1: Contains invalid characters
       Details: Invalid chars: ['*'] in: AND now, it came to pass in the *twenty and sixth ...
    56. 1Sa:52:15: Contains invalid characters
       Details: Invalid chars: ['*'] in: But behold, it came to pass in the *twenty and sev...
    57. 1Sa:52:19: Contains invalid characters
       Details: Invalid chars: ['*'] in: And in the *commencement of the twenty and eighth ...
    58. 1Sa:54:1: Contains invalid characters
       Details: Invalid chars: ['*'] in: AND now it came to pass in the *commencement of th...
    59. 1Sa:56:1: Contains invalid characters
       Details: Invalid chars: ['*'] in: AND now it came to pass in the *commencement of th...
    60. 1Sa:56:9: Contains invalid characters
       Details: Invalid chars: ['*'] in: But behold, here is one thing in which we may have...
    61. 1Sa:56:20: Contains invalid characters
       Details: Invalid chars: ['*'] in: They were commanded by Ammoron to maintain those c...
    62. 1Sa:57:6: Contains invalid characters
       Details: Invalid chars: ['*'] in: And it came to pass that in the *commencement of t...
    63. 1Sa:59:1: Contains invalid characters
       Details: Invalid chars: ['*'] in: NOW it came to pass in the *thirtieth year of the ...
    64. 1Sa:62:12: Contains invalid characters
       Details: Invalid chars: ['*'] in: And it came to pass in the *commencement of the th...
    65. 1Sa:62:39: Contains invalid characters
       Details: Invalid chars: ['*'] in: And thus *ended the thirty and first year of the r...
    66. 1Sa:62:52: Contains invalid characters
       Details: Invalid chars: ['*'] in: And it came to pass that all these things were don...
    67. 1Sa:63:1: Contains invalid characters
       Details: Invalid chars: ['*'] in: AND it came to pass in the *commencement of the th...
    68. 1Sa:63:4: Contains invalid characters
       Details: Invalid chars: ['*'] in: And it came to pass that in the *thirty and sevent...
    69. 1Sa:63:10: Contains invalid characters
       Details: Invalid chars: ['*'] in: And it came to pass in the *thirty and ninth year ...
    70. 2Sa:1:1: Contains invalid characters
       Details: Invalid chars: ['*'] in: AND now behold, it came to pass in the *commenceme...
    71. 2Sa:1:14: Contains invalid characters
       Details: Invalid chars: ['*'] in: And it came to pass in the *forty and first year o...
    72. 2Sa:2:1: Contains invalid characters
       Details: Invalid chars: ['*'] in: AND it came to pass in the *forty and second year ...
    73. 2Sa:3:1: Contains invalid characters
       Details: Invalid chars: ['*'] in: AND now it came to pass in the *forty and third ye...
    74. 2Sa:3:3: Contains invalid characters
       Details: Invalid chars: ['*'] in: And it came to pass in the *forty and sixth, yea, ...
    75. 2Sa:3:19: Contains invalid characters
       Details: Invalid chars: ['*'] in: And it came to pass that there was still great con...
    76. 2Sa:3:23: Contains invalid characters
       Details: Invalid chars: ['*'] in: And it came to pass in the *forty and ninth year o...
    77. 2Sa:3:33: Contains invalid characters
       Details: Invalid chars: ['*'] in: And in the *fifty and first year of the reign of t...
    78. 2Sa:3:37: Contains invalid characters
       Details: Invalid chars: ['*'] in: And it came to pass in the *fifty and third year o...
    79. 2Sa:4:1: Contains invalid characters
       Details: Invalid chars: ['*'] in: AND it came to pass in the *fifty and fourth year ...
    80. 2Sa:4:5: Contains invalid characters
       Details: Invalid chars: ['*'] in: And in the *fifty and seventh year they did come d...
    81. 2Sa:4:10: Contains invalid characters
       Details: Invalid chars: ['*'] in: And it came to pass in the *sixty and first year o...
    82. 2Sa:4:18: Contains invalid characters
       Details: Invalid chars: ['*'] in: And it came to pass in the *sixty and second year ...
    83. 2Sa:5:1: Contains invalid characters
       Details: Invalid chars: ['*'] in: AND it came to pass that in this *same year, behol...
    84. 2Sa:6:1: Contains invalid characters
       Details: Invalid chars: ['*'] in: AND it came to pass that when the sixty and second...
    85. 2Sa:6:14: Contains invalid characters
       Details: Invalid chars: ['*'] in: And in the *sixty and fifth year they did also hav...
    86. 2Sa:6:15: Contains invalid characters
       Details: Invalid chars: ['*'] in: And it came to pass that in the *sixty and sixth y...
    87. 2Sa:6:16: Contains invalid characters
       Details: Invalid chars: ['*'] in: And in the *commencement of the sixty and seventh ...
    88. 2Sa:6:33: Contains invalid characters
       Details: Invalid chars: ['*'] in: And they did grow in their iniquities in the *sixt...
    89. 2Sa:7:1: Contains invalid characters
       Details: Invalid chars: ['*'] in: BEHOLD, now it came to pass in the *sixty and nint...
    90. 2Sa:11:1: Contains invalid characters
       Details: Invalid chars: ['*'] in: AND now it came to pass in the *seventy and second...
    91. 2Sa:11:2: Contains invalid characters
       Details: Invalid chars: ['*'] in: And it was this secret band of robbers who did car...
    92. 2Sa:11:5: Contains invalid characters
       Details: Invalid chars: ['*'] in: And so it was done, according to the words of Neph...
    93. 2Sa:11:6: Contains invalid characters
       Details: Invalid chars: ['*'] in: And this work of destruction did also continue in ...
    94. 2Sa:11:17: Contains invalid characters
       Details: Invalid chars: ['*'] in: And it came to pass that in the *seventy and sixth...
    95. 2Sa:11:23: Contains invalid characters
       Details: Invalid chars: ['*'] in: And in the *seventy and ninth year there began to ...
    96. 2Sa:11:24: Contains invalid characters
       Details: Invalid chars: ['*'] in: And it came to pass that in the *eightieth year of...
    97. 2Sa:11:30: Contains invalid characters
       Details: Invalid chars: ['*'] in: And it came to pass in the *commencement of the ei...
    98. 2Sa:11:37: Contains invalid characters
       Details: Invalid chars: ['*'] in: And it came to pass in the *eighty and fifth year ...
    99. 2Sa:13:1: Contains invalid characters
       Details: Invalid chars: ['*'] in: AND now it came to pass in the *eighty and sixth y...
    100. 2Sa:16:10: Contains invalid characters
       Details: Invalid chars: ['*'] in: And thus ended also the *eighty and seventh year o...
    101. 2Sa:16:13: Contains invalid characters
       Details: Invalid chars: ['*'] in: But it came to pass in the *ninetieth year of the ...
    102. 2Sa:16:24: Contains invalid characters
       Details: Invalid chars: ['*'] in: And thus *ended the ninetieth year of the reign of...
    103. 1Ki:1:1: Contains invalid characters
       Details: Invalid chars: ['*'] in: NOW it came to pass that the *ninety and first yea...
    104. 1Ki:2:1: Contains invalid characters
       Details: Invalid chars: ['*'] in: AND it came to pass that thus passed away the *nin...
    105. 1Ki:2:6: Contains invalid characters
       Details: Invalid chars: ['*'] in: And *six hundred and nine years had passed away si...
    106. 1Ki:2:11: Contains invalid characters
       Details: Invalid chars: ['*'] in: And it came to pass in the *thirteenth year there ...
    107. 1Ki:2:18: Contains invalid characters
       Details: Invalid chars: ['*'] in: And thus ended the fourteenth year. And in the *fi...
    108. 1Ki:3:1: Contains invalid characters
       Details: Invalid chars: ['*'] in: AND now it came to pass that in the *sixteenth yea...
    109. 1Ki:3:22: Contains invalid characters
       Details: Invalid chars: ['*'] in: And it came to pass in the *seventeenth year, in t...
    110. 1Ki:4:1: Contains invalid characters
       Details: Invalid chars: ['*'] in: AND it came to pass that in the latter *end of the...
    111. 1Ki:4:5: Contains invalid characters
       Details: Invalid chars: ['*'] in: And it came to pass that in the *nineteenth year G...
    112. 1Ki:4:16: Contains invalid characters
       Details: Invalid chars: ['*'] in: And in the *twenty and first year they did not com...
    113. 1Ki:5:7: Contains invalid characters
       Details: Invalid chars: ['*'] in: And thus had the twenty and second year passed awa...
    114. 1Ki:6:1: Contains invalid characters
       Details: Invalid chars: ['*'] in: AND now it came to pass that the people of the Nep...
    115. 1Ki:6:10: Contains invalid characters
       Details: Invalid chars: ['*'] in: But it came to pass in the *twenty and ninth year ...
    116. 1Ki:6:14: Contains invalid characters
       Details: Invalid chars: ['*'] in: And thus there became a great inequality in all th...
    117. 1Ki:7:14: Contains invalid characters
       Details: Invalid chars: ['*'] in: And it came to pass in the *thirty and first year ...
    118. 1Ki:7:23: Contains invalid characters
       Details: Invalid chars: ['*'] in: Thus passed away the *thirty and second year also....
    119. 1Ki:8:2: Contains invalid characters
       Details: Invalid chars: ['*'] in: And now it came to pass, if there was no mistake m...
    120. 1Ki:8:5: Contains invalid characters
       Details: Invalid chars: ['*'] in: And it came to pass in the *thirty and fourth year...
    121. 2Ki:1:14: Contains invalid characters
       Details: Invalid chars: ['*'] in: And it came to pass that the *seventy and first ye...
    122. 2Ki:1:18: Contains invalid characters
       Details: Invalid chars: ['*'] in: And how blessed were they! For the Lord did bless ...
    123. 2Ki:1:22: Contains invalid characters
       Details: Invalid chars: ['*'] in: And it came to pass that *two hundred years had pa...
    124. 2Ki:1:24: Contains invalid characters
       Details: Invalid chars: ['*'] in: And now, in this *two hundred and first year there...
    125. 2Ki:1:27: Contains invalid characters
       Details: Invalid chars: ['*'] in: And it came to pass that when *two hundred and ten...
    126. 2Ki:1:35: Contains invalid characters
       Details: Invalid chars: ['*'] in: And now it came to pass in this year, yea, in the ...
    127. 2Ki:1:40: Contains invalid characters
       Details: Invalid chars: ['*'] in: And it came to pass that *two hundred and forty an...
    128. 2Ki:1:47: Contains invalid characters
       Details: Invalid chars: ['*'] in: And it came to pass that after *three hundred and ...
    129. 2Ki:1:48: Contains invalid characters
       Details: Invalid chars: ['*'] in: And it came to pass that when *three hundred and t...
    130. 1Ch:1:6: Contains invalid characters
       Details: Invalid chars: ['*'] in: And it came to pass that I, being *eleven years ol...
    131. 1Ch:1:15: Contains invalid characters
       Details: Invalid chars: ['*'] in: And I, *being fifteen years of age and being somew...
    132. 1Ch:2:2: Contains invalid characters
       Details: Invalid chars: ['*'] in: Therefore it came to pass that *in my sixteenth ye...
    133. 1Ch:2:9: Contains invalid characters
       Details: Invalid chars: ['*'] in: And now, the Lamanites had a king, and his name wa...
    134. 1Ch:2:15: Contains invalid characters
       Details: Invalid chars: ['*'] in: And it came to pass that my sorrow did return unto...
    135. 1Ch:2:22: Contains invalid characters
       Details: Invalid chars: ['*'] in: And it came to pass in the *three hundred and fort...
    136. 1Ch:2:28: Contains invalid characters
       Details: Invalid chars: ['*'] in: And the *three hundred and forty and ninth year ha...
    137. 1Ch:3:1: Contains invalid characters
       Details: Invalid chars: ['*'] in: AND it came to pass that the Lamanites did not com...
    138. 1Ch:3:8: Contains invalid characters
       Details: Invalid chars: ['*'] in: And in the *three hundred and sixty and second yea...
    139. 1Ch:4:1: Contains invalid characters
       Details: Invalid chars: ['*'] in: AND now it came to pass that in the *three hundred...
    140. 1Ch:6:5: Contains invalid characters
       Details: Invalid chars: ['*'] in: And *when three hundred and eighty and four years ...
    141. 1Ch:8:6: Contains invalid characters
       Details: Invalid chars: ['*'] in: Behold, *four hundred years have passed away since...
    142. Ezr:10:1: Contains invalid characters
       Details: Invalid chars: ['}', '{'] in: Now I, Moroni, write somewhat as seemeth me good; ...
    143. Neh:74:1: Contains invalid characters
       Details: Invalid chars: ['&'] in: [Revelation given to Joseph Smith the Prophet, at ...
    144. Son:1:71: Contains invalid characters
       Details: Invalid chars: ['*'] in: Accordingly we went and were baptized. I baptized ...
    145. Son:1:75: Contains invalid characters
       Details: Invalid chars: ['}', '{', '`'] in: We had been threatened with being mobbed, from tim...


WARNINGS (439):
----------------------------------------

  STRUCTURE (1):
    1. books: Missing expected books
       Details: Missing: ['1Co', '1Jo', '1Pe', '1Th', '1Ti', '2Co', '2Jo', '2Pe', '2Th', '2Ti', '3Jo', 'Act', 'Amo', 'Col', 'Dan', 'Eph', 'Eze', 'Gal', 'Hab', 'Hag', 'Heb', 'Hos', 'Jas', 'Jde', 'Jer', 'Joe', 'Joh', 'Jon', 'Jos', 'Lam', 'Luk', 'Mal', 'Mar', 'Mat', 'Mic', 'Nah', 'Oba', 'Phi', 'Phm', 'Rev', 'Rom', 'Tit', 'Zec', 'Zep']


  TEXT_CONTENT (429):
    1. Exo:30:11: Duplicate verse content
       Details: Same as Exo:21:5: And righteousness shall be the girdle of his loins...
    2. Exo:30:13: Duplicate verse content
       Details: Same as Exo:21:7: And the cow and the bear shall feed; their young o...
    3. Exo:30:14: Duplicate verse content
       Details: Same as Exo:21:8: And the sucking child shall play on the hole of th...
    4. 1Ki:16:19: Duplicate verse content
       Details: Same as Rut:15:30: Break forth into joy, sing together, ye waste plac...
    5. 1Ki:20:37: Duplicate verse content
       Details: Same as Exo:8:25: Shake thyself from the dust; arise, sit down, O Je...
    6. 2Ch:1:27: Duplicate verse content
       Details: Same as 2Ch:1:13: And Com was the son of Coriantum....
    7. Neh:11:4: Duplicate verse content
       Details: Same as Neh:6:4: Yea, whosoever will thrust in his sickle and reap,...
    8. Neh:11:5: Duplicate verse content
       Details: Same as Neh:6:5: Therefore, if you will ask of me you shall receive...
    9. Neh:12:3: Duplicate verse content
       Details: Same as Neh:11:3: Behold, the field is white already to harvest; the...
    10. Neh:12:4: Duplicate verse content
       Details: Same as Neh:6:4: Yea, whosoever will thrust in his sickle and reap,...
    11. Neh:12:5: Duplicate verse content
       Details: Same as Neh:6:5: Therefore, if you will ask of me you shall receive...
    12. Neh:12:6: Duplicate verse content
       Details: Same as Neh:11:6: Now, as you have asked, behold, I say unto you, ke...
    13. Neh:14:2: Duplicate verse content
       Details: Same as Neh:11:2: Behold, I am God; give heed to my word, which is q...
    14. Neh:14:3: Duplicate verse content
       Details: Same as Neh:11:3: Behold, the field is white already to harvest; the...
    15. Neh:14:4: Duplicate verse content
       Details: Same as Neh:6:4: Yea, whosoever will thrust in his sickle and reap,...
    16. Neh:14:5: Duplicate verse content
       Details: Same as Neh:6:5: Therefore, if you will ask of me you shall receive...
    17. Neh:16:2: Duplicate verse content
       Details: Same as Neh:15:2: For behold, I speak unto you with sharpness and wi...
    18. Neh:16:3: Duplicate verse content
       Details: Same as Neh:15:3: And I will tell you that which no man knoweth save...
    19. Neh:16:4: Duplicate verse content
       Details: Same as Neh:15:4: For many times you have desired of me to know that...
    20. Neh:16:6: Duplicate verse content
       Details: Same as Neh:15:6: And now, behold, I say unto you, that the thing wh...
    21. Job:1:2: Duplicate verse content
       Details: Same as Est:1:2: To Whom It May Concern:...
    22. Pro:5:19: Duplicate verse content
       Details: Same as Psa:3:25: And they were both naked, the man and his wife, an...
    23. Gen:2:4: Contains numeric characters
       Details: Found numbers in: And it came to pass that he departed into the wild...
    24. Gen:10:17: Verse too long (569 chars)
       Details: Text: And it came to pass after I, Nephi, having heard all the words of my father, concerning the things w...
    25. Gen:12:4: Verse too long (508 chars)
       Details: Text: And it came to pass that I saw a mist of darkness on the face of the land of promise; and I saw ligh...
    26. Gen:13:23: Verse too long (576 chars)
       Details: Text: And he said: Behold it proceedeth out of the mouth of a Jew. And I, Nephi, beheld it; and he said un...
    27. Gen:13:29: Verse too long (667 chars)
       Details: Text: And after these plain and precious things were taken away it goeth forth unto all the nations of the...
    28. Gen:13:34: Verse too long (712 chars)
       Details: Text: And it came to pass that the angel of the Lord spake unto me, saying: Behold, saith the Lamb of God,...
    29. Gen:14:7: Verse too long (520 chars)
       Details: Text: For the time cometh, saith the Lamb of God, that I will work a great and a marvelous work among the ...
    30. Gen:16:38: Verse too long (540 chars)
       Details: Text: Now, he says that the Lord has talked with him, and also that angels have ministered unto him. But b...
    31. Gen:17:48: Verse too long (512 chars)
       Details: Text: And now it came to pass that when I had spoken these words they were angry with me, and were desirou...
    32. Gen:19:10: Verse too long (659 chars)
       Details: Text: And the God of our fathers, who were led out of Egypt, out of bondage, and also were preserved in th...
    33. Gen:22:23: Verse too long (580 chars)
       Details: Text: For the time speedily shall come that all churches which are built up to get gain, and all those who...
    34. Exo:1:9: Verse too long (527 chars)
       Details: Text: Wherefore, I, Lehi, have obtained a promise, that inasmuch as those whom the Lord God shall bring ou...
    35. Exo:1:10: Verse too long (661 chars)
       Details: Text: But behold, when the time cometh that they shall dwindle in unbelief, after they have received so gr...
    36. Exo:2:13: Verse too long (519 chars)
       Details: Text: And if ye shall say there is no law, ye shall also say there is no sin. If ye shall say there is no ...
    37. Exo:3:5: Verse too long (512 chars)
       Details: Text: Wherefore, Joseph truly saw our day. And he obtained a promise of the Lord, that out of the fruit of...
    38. Exo:3:12: Verse too long (504 chars)
       Details: Text: Wherefore, the fruit of thy loins shall write; and the fruit of the loins of Judah shall write; and ...
    39. Exo:25:4: Verse too long (530 chars)
       Details: Text: Wherefore, hearken, O my people, which are of the house of Israel, and give ear unto my words; for b...
    40. Exo:25:16: Verse too long (583 chars)
       Details: Text: And after they have been scattered, and the Lord God hath scourged them by other nations for the spa...
    41. Exo:25:18: Verse too long (519 chars)
       Details: Text: Wherefore, he shall bring forth his words unto them, which words shall judge them at the last day, f...
    42. Exo:25:20: Verse too long (631 chars)
       Details: Text: And now, my brethren, I have spoken plainly that ye cannot err. And as the Lord God liveth that brou...
    43. Exo:26:15: Verse too long (521 chars)
       Details: Text: After my seed and the seed of my brethren shall have dwindled in unbelief, and shall have been smitt...
    44. Exo:31:13: Verse too long (579 chars)
       Details: Text: Wherefore, my beloved brethren, I know that if ye shall follow the Son, with full purpose of heart, ...
    45. Lev:5:18: Verse too long (526 chars)
       Details: Text: And he said unto the servant: Behold, the branches of the wild tree have taken hold of the moisture ...
    46. Lev:5:54: Verse too long (520 chars)
       Details: Text: And, behold, the roots of the natural branches of the tree which I planted whithersoever I would are...
    47. Lev:5:75: Verse too long (692 chars)
       Details: Text: And it came to pass that when the Lord of the vineyard saw that his fruit was good, and that his vin...
    48. Lev:7:26: Verse too long (550 chars)
       Details: Text: And it came to pass that I, Jacob, began to be old; and the record of this people being kept on the ...
    49. Num:1:20: Verse too long (624 chars)
       Details: Text: And I bear record that the people of Nephi did seek diligently to restore the Lamanites unto the tru...
    50. Num:1:23: Verse too long (520 chars)
       Details: Text: And there was nothing save it was exceeding harshness, preaching and prophesying of wars, and conten...
    51. Jdg:1:25: Verse too long (548 chars)
       Details: Text: And it came to pass that I began to be old; and, having no seed, and knowing king Benjamin to be a j...
    52. Rut:4:11: Verse too long (664 chars)
       Details: Text: And again I say unto you as I have said before, that as ye have come to the knowledge of the glory o...
    53. Rut:6:3: Verse too long (513 chars)
       Details: Text: And again, it came to pass that when king Benjamin had made an end of all these things, and had cons...
    54. Rut:9:2: Verse too long (509 chars)
       Details: Text: Therefore, I contended with my brethren in the wilderness, for I would that our ruler should make a ...
    55. Rut:29:40: Verse too long (505 chars)
       Details: Text: And they did wax strong in love towards Mosiah; yea, they did esteem him more than any other man; fo...
    56. 1Sa:1:26: Verse too long (501 chars)
       Details: Text: And when the priests left their labor to impart the word of God unto the people, the people also lef...
    57. 1Sa:11:44: Verse too long (514 chars)
       Details: Text: Now, this restoration shall come to all, both old and young, both bond and free, both male and femal...
    58. 1Sa:19:6: Verse too long (539 chars)
       Details: Text: Now, this was what Ammon desired, for he knew that king Lamoni was under the power of God; he knew t...
    59. 1Sa:19:17: Verse too long (538 chars)
       Details: Text: Thus, having been converted to the Lord, and never having made it known, therefore, when she saw tha...
    60. 1Sa:22:27: Verse too long (652 chars)
       Details: Text: And it came to pass that the king sent a proclamation throughout all the land, amongst all his peopl...
    61. 1Sa:23:3: Verse too long (595 chars)
       Details: Text: And thus they might go forth and preach the word according to their desires, for the king had been c...
    62. 1Sa:30:53: Verse too long (564 chars)
       Details: Text: But behold, the devil hath deceived me; for he appeared unto me in the form of an angel, and said un...
    63. 1Sa:32:28: Verse too long (569 chars)
       Details: Text: Now, we will compare the word unto a seed. Now, if ye give place, that a seed may be planted in your...
    64. 1Sa:44:8: Verse too long (519 chars)
       Details: Text: And now it came to pass that when Zerahemnah had heard these sayings he came forth and delivered up ...
    65. 1Sa:50:35: Verse too long (501 chars)
       Details: Text: And it came to pass that the army which was sent by Moroni, which was led by a man whose name was Te...
    66. 1Sa:60:16: Verse too long (734 chars)
       Details: Text: Yea, had it not been for the war which broke out among ourselves; yea, were it not for these king-me...
    67. 1Sa:62:35: Verse too long (502 chars)
       Details: Text: And thus they did encamp for the night. For behold, the Nephites and the Lamanites also were weary b...
    68. 2Sa:3:14: Verse too long (519 chars)
       Details: Text: But behold, a hundredth part of the proceedings of this people, yea, the account of the Lamanites an...
    69. 2Sa:4:12: Verse too long (516 chars)
       Details: Text: And it was because of the pride of their hearts, because of their exceeding riches, yea, it was beca...
    70. 2Sa:5:12: Verse too long (511 chars)
       Details: Text: And now, my sons, remember, remember that it is upon the rock of our Redeemer, who is Christ, the So...
    71. 2Sa:12:2: Verse too long (679 chars)
       Details: Text: Yea, and we may see at the very time when he doth prosper his people, yea, in the increase of their ...
    72. 1Ki:3:22: Verse too long (526 chars)
       Details: Text: And it came to pass in the *seventeenth year, in the latter end of the year, the proclamation of Lac...
    73. 1Ki:4:1: Verse too long (510 chars)
       Details: Text: AND it came to pass that in the latter *end of the eighteenth year those armies of robbers had prepa...
    74. 1Ki:7:14: Verse too long (690 chars)
       Details: Text: And it came to pass in the *thirty and first year that they were divided into tribes, every man acco...
    75. 1Ki:9:9: Verse too long (536 chars)
       Details: Text: And behold, that great city Jacobugath, which was inhabited by the people of king Jacob, have I caus...
    76. 1Ki:11:3: Verse too long (533 chars)
       Details: Text: And it came to pass that while they were thus conversing one with another, they heard a voice as if ...
    77. 1Ki:12:1: Verse too long (735 chars)
       Details: Text: AND it came to pass that when Jesus had spoken these words unto Nephi, and to those who had been cal...
    78. 1Ki:16:4: Verse too long (639 chars)
       Details: Text: And I command you that ye shall write these sayings after I am gone, that if it so be that my people...
    79. 1Ki:16:10: Verse too long (623 chars)
       Details: Text: And thus commandeth the Father that I should say unto you: At that day when the Gentiles shall sin a...
    80. 1Ki:24:1: Verse too long (550 chars)
       Details: Text: AND it came to pass that he commanded them that they should write the words which the Father had giv...
    81. 1Ki:30:2: Verse too long (511 chars)
       Details: Text: Turn, all ye Gentiles, from your wicked ways; and repent of your evil doings, of your lyings and dec...
    82. 1Ch:6:6: Verse too long (622 chars)
       Details: Text: And it came to pass that when we had gathered in all our people in one to the land of Cumorah, behol...
    83. 1Ch:9:13: Verse too long (551 chars)
       Details: Text: And because of the redemption of man, which came by Jesus Christ, they are brought back into the pre...
    84. 2Ch:2:15: Verse too long (561 chars)
       Details: Text: And the brother of Jared repented of the evil which he had done, and did call upon the name of the L...
    85. Ezr:10:1: Contains numeric characters
       Details: Found numbers in: Now I, Moroni, write somewhat as seemeth me good; ...
    86. Neh:1:1: Contains numeric characters
       Details: Found numbers in: [Revelation given through Joseph Smith the Prophet...
    87. Neh:1:1: Verse too long (690 chars)
       Details: Text: [Revelation given through Joseph Smith the Prophet, during a special conference of elders of the Chu...
    88. Neh:2:1: Contains numeric characters
       Details: Found numbers in: [An extract from the words of the angel Moroni to ...
    89. Neh:2:1: Verse too long (530 chars)
       Details: Text: [An extract from the words of the angel Moroni to Joseph Smith the Prophet, while in the house of th...
    90. Neh:3:1: Contains numeric characters
       Details: Found numbers in: [Revelation given to Joseph Smith the Prophet, at ...
    91. Neh:3:1: Verse too long (604 chars)
       Details: Text: [Revelation given to Joseph Smith the Prophet, at Harmony, Pennsylvania, July 1828, relating to the ...
    92. Neh:4:1: Contains numeric characters
       Details: Found numbers in: [Revelation given through Joseph Smith the Prophet...
    93. Neh:5:1: Contains numeric characters
       Details: Found numbers in: [Revelation given through Joseph Smith the Prophet...
    94. Neh:6:1: Contains numeric characters
       Details: Found numbers in: [Revelation given to Joseph Smith the Prophet and ...
    95. Neh:6:1: Verse too long (540 chars)
       Details: Text: [Revelation given to Joseph Smith the Prophet and Oliver Cowdery, at Harmony, Pennsylvania, April 18...
    96. Neh:7:1: Contains numeric characters
       Details: Found numbers in: [Revelation given to Joseph Smith the Prophet and ...
    97. Neh:8:1: Contains numeric characters
       Details: Found numbers in: [Revelation given through Joseph Smith the Prophet...
    98. Neh:8:1: Verse too long (813 chars)
       Details: Text: [Revelation given through Joseph Smith the Prophet to Oliver Cowdery, at Harmony, Pennsylvania, Apri...
    99. Neh:9:1: Contains numeric characters
       Details: Found numbers in: [Revelation given through Joseph Smith the Prophet...
    100. Neh:9:1: Verse too long (575 chars)
       Details: Text: [Revelation given through Joseph Smith the Prophet to Oliver Cowdery, at Harmony, Pennsylvania, Apri...
    101. Neh:10:1: Contains numeric characters
       Details: Found numbers in: [Revelation given to Joseph Smith the Prophet, at ...
    102. Neh:10:1: Verse too long (1073 chars)
       Details: Text: [Revelation given to Joseph Smith the Prophet, at Harmony, Pennsylvania, in the summer of 1828. HC 1...
    103. Neh:11:1: Contains numeric characters
       Details: Found numbers in: [Revelation given through Joseph Smith the Prophet...
    104. Neh:12:1: Contains numeric characters
       Details: Found numbers in: [Revelation given through Joseph Smith the Prophet...
    105. Neh:12:1: Verse too long (571 chars)
       Details: Text: [Revelation given through Joseph Smith the Prophet to Joseph Knight, Sen., at Harmony, Pennsylvania,...
    106. Neh:13:1: Contains numeric characters
       Details: Found numbers in: [Ordination of Joseph Smith and Oliver Cowdery to ...
    107. Neh:13:1: Verse too long (1023 chars)
       Details: Text: [Ordination of Joseph Smith and Oliver Cowdery to the Aaronic Priesthood along the bank of the Susqu...
    108. Neh:14:1: Contains numeric characters
       Details: Found numbers in: [Revelation given through Joseph Smith the Prophet...
    109. Neh:14:1: Verse too long (845 chars)
       Details: Text: [Revelation given through Joseph Smith the Prophet to David Whitmer, at Fayette, New York, June 1829...
    110. Neh:15:1: Contains numeric characters
       Details: Found numbers in: [Revelation given through Joseph Smith the Prophet...
    111. Neh:16:1: Contains numeric characters
       Details: Found numbers in: [Revelation given through Joseph Smith the Prophet...
    112. Neh:17:1: Contains numeric characters
       Details: Found numbers in: [Revelation given through Joseph Smith the Prophet...
    113. Neh:17:1: Verse too long (1081 chars)
       Details: Text: [Revelation given through Joseph Smith the Prophet to Oliver Cowdery, David Whitmer, and Martin Harr...
    114. Neh:18:1: Contains numeric characters
       Details: Found numbers in: [Revelation to Joseph Smith the Prophet, Oliver Co...
    115. Neh:19:1: Contains numeric characters
       Details: Found numbers in: [Revelation given through Joseph Smith, at Manches...
    116. Neh:20:1: Contains numeric characters
       Details: Found numbers in: [Revelation on Church Organization and Government,...
    117. Neh:20:1: Verse too long (843 chars)
       Details: Text: [Revelation on Church Organization and Government, given through Joseph Smith the Prophet, April 183...
    118. Neh:20:37: Verse too long (555 chars)
       Details: Text: And again, by way of commandment to the church concerning the manner of baptism-All those who humble...
    119. Neh:21:1: Contains numeric characters
       Details: Found numbers in: [Revelation given to Joseph Smith the Prophet, at ...
    120. Neh:21:1: Verse too long (1084 chars)
       Details: Text: [Revelation given to Joseph Smith the Prophet, at Fayette, New York, April 6, 1830. HC 1: 74-79. Thi...
    121. Neh:22:1: Contains numeric characters
       Details: Found numbers in: [Revelation given through Joseph Smith the Prophet...
    122. Neh:23:1: Contains numeric characters
       Details: Found numbers in: [Revelation given through Joseph Smith the Prophet...
    123. Neh:23:1: Verse too long (529 chars)
       Details: Text: [Revelation given through Joseph Smith the Prophet, at Manchester, New York, April 1830, to Oliver C...
    124. Neh:24:1: Contains numeric characters
       Details: Found numbers in: [Revelation given to Joseph Smith the Prophet and ...
    125. Neh:24:1: Verse too long (670 chars)
       Details: Text: [Revelation given to Joseph Smith the Prophet and Oliver Cowdery, at Harmony, Pennsylvania, July 183...
    126. Neh:25:1: Contains numeric characters
       Details: Found numbers in: [Revelation given through Joseph Smith the Prophet...
    127. Neh:26:1: Contains numeric characters
       Details: Found numbers in: [Revelation given to Joseph Smith the Prophet, Oli...
    128. Neh:26:1: Verse too long (506 chars)
       Details: Text: [Revelation given to Joseph Smith the Prophet, Oliver Cowdery, and John Whitmer, at Harmony, Pennsyl...
    129. Neh:27:1: Contains numeric characters
       Details: Found numbers in: [Revelation given to Joseph Smith the Prophet, at ...
    130. Neh:27:1: Verse too long (597 chars)
       Details: Text: [Revelation given to Joseph Smith the Prophet, at Harmony, Pennsylvania, August 1830. HC 1: 106-108....
    131. Neh:28:1: Contains numeric characters
       Details: Found numbers in: [Revelation given through Joseph Smith the Prophet...
    132. Neh:28:1: Verse too long (772 chars)
       Details: Text: [Revelation given through Joseph Smith the Prophet to Oliver Cowdery, at Fayette, New York, Septembe...
    133. Neh:29:1: Contains numeric characters
       Details: Found numbers in: [Revelation given through Joseph Smith the Prophet...
    134. Neh:30:1: Contains numeric characters
       Details: Found numbers in: [Revelation given through Joseph Smith the Prophet...
    135. Neh:30:1: Verse too long (529 chars)
       Details: Text: [Revelation given through Joseph Smith the Prophet to David Whitmer, Peter Whitmer, Jun., and John W...
    136. Neh:31:1: Contains numeric characters
       Details: Found numbers in: [Revelation given through Joseph Smith the Prophet...
    137. Neh:32:1: Contains numeric characters
       Details: Found numbers in: [Revelation given through Joseph Smith the Prophet...
    138. Neh:32:1: Verse too long (629 chars)
       Details: Text: [Revelation given through Joseph Smith the Prophet to Parley P. Pratt and Ziba Peterson, October 183...
    139. Neh:33:1: Contains numeric characters
       Details: Found numbers in: [Revelation given through Joseph Smith the Prophet...
    140. Neh:33:1: Verse too long (577 chars)
       Details: Text: [Revelation given through Joseph Smith the Prophet to Ezra Thayre and Northrop Sweet, at Fayette, Ne...
    141. Neh:34:1: Contains numeric characters
       Details: Found numbers in: [Revelation given through Joseph Smith the Prophet...
    142. Neh:34:1: Verse too long (501 chars)
       Details: Text: [Revelation given through Joseph Smith the Prophet to Orson Pratt, at Fayette, New York, November 4,...
    143. Neh:35:1: Contains numeric characters
       Details: Found numbers in: [Revelation given to Joseph Smith the Prophet and ...
    144. Neh:35:1: Verse too long (893 chars)
       Details: Text: [Revelation given to Joseph Smith the Prophet and Sidney Rigdon, at or near Fayette, New York, Decem...
    145. Neh:36:1: Contains numeric characters
       Details: Found numbers in: [Revelation given through Joseph Smith the Prophet...
    146. Neh:37:1: Contains numeric characters
       Details: Found numbers in: [Revelation given to Joseph Smith the Prophet and ...
    147. Neh:38:1: Contains numeric characters
       Details: Found numbers in: [Revelation given through Joseph Smith the Prophet...
    148. Neh:39:1: Contains numeric characters
       Details: Found numbers in: [Revelation given through Joseph Smith the Prophet...
    149. Neh:40:1: Contains numeric characters
       Details: Found numbers in: [Revelation given to Joseph Smith the Prophet and ...
    150. Neh:41:1: Contains numeric characters
       Details: Found numbers in: [Revelation given through Joseph Smith the Prophet...
    151. Neh:41:1: Verse too long (692 chars)
       Details: Text: [Revelation given through Joseph Smith the Prophet to the Church, at Kirtland, Ohio, February 4, 183...
    152. Neh:42:1: Contains numeric characters
       Details: Found numbers in: [Revelation given through Joseph Smith the Prophet...
    153. Neh:42:1: Verse too long (562 chars)
       Details: Text: [Revelation given through Joseph Smith the Prophet, at Kirtland, Ohio, February 9, 1831. HC 1: 148-1...
    154. Neh:43:1: Contains numeric characters
       Details: Found numbers in: [Revelation given through Joseph Smith the Prophet...
    155. Neh:43:1: Verse too long (543 chars)
       Details: Text: [Revelation given through Joseph Smith the Prophet, at Kirtland, Ohio, in February 1831. HC 1: 154-1...
    156. Neh:43:25: Verse too long (576 chars)
       Details: Text: How oft have I called upon you by the mouth of my servants, and by the ministering of angels, and by...
    157. Neh:44:1: Contains numeric characters
       Details: Found numbers in: [Revelation given to Joseph Smith the Prophet and ...
    158. Neh:45:1: Contains numeric characters
       Details: Found numbers in: [Revelation given through Joseph Smith the Prophet...
    159. Neh:45:1: Verse too long (669 chars)
       Details: Text: [Revelation given through Joseph Smith the Prophet to the Church, at Kirtland, Ohio, March 7, 1831. ...
    160. Neh:46:1: Contains numeric characters
       Details: Found numbers in: [Revelation given through Joseph Smith the Prophet...
    161. Neh:46:1: Verse too long (618 chars)
       Details: Text: [Revelation given through Joseph Smith the Prophet to the Church, at Kirtland, Ohio, March 8, 1831. ...
    162. Neh:47:1: Contains numeric characters
       Details: Found numbers in: [Revelation given through Joseph Smith the Prophet...
    163. Neh:47:1: Verse too long (691 chars)
       Details: Text: [Revelation given through Joseph Smith the Prophet, at Kirtland, Ohio, March 8, 1831. HC 1: 166. Pri...
    164. Neh:48:1: Contains numeric characters
       Details: Found numbers in: [Revelation given through Joseph Smith the Prophet...
    165. Neh:48:1: Verse too long (549 chars)
       Details: Text: [Revelation given through Joseph Smith the Prophet, at Kirtland, Ohio, March 1831. HC 1: 166-167. Th...
    166. Neh:49:1: Contains numeric characters
       Details: Found numbers in: [Revelation given through Joseph Smith the Prophet...
    167. Neh:49:1: Verse too long (1377 chars)
       Details: Text: [Revelation given through Joseph Smith the Prophet to Sidney Rigdon, Parley P. Pratt, and Leman Copl...
    168. Neh:50:1: Contains numeric characters
       Details: Found numbers in: [Revelation given through Joseph Smith the Prophet...
    169. Neh:50:1: Verse too long (697 chars)
       Details: Text: [Revelation given through Joseph Smith the Prophet, at Kirtland, Ohio, May 1831. HC 1: 170-173. The ...
    170. Neh:51:1: Contains numeric characters
       Details: Found numbers in: [Revelation given through Joseph Smith the Prophet...
    171. Neh:51:1: Verse too long (617 chars)
       Details: Text: [Revelation given through Joseph Smith the Prophet, at Thompson, Ohio, May 1831. HC 1: 173-174. At t...
    172. Neh:52:1: Contains numeric characters
       Details: Found numbers in: [Revelation given through Joseph Smith the Prophet...
    173. Neh:52:1: Verse too long (525 chars)
       Details: Text: [Revelation given through Joseph Smith the Prophet, to the elders of the Church, at Kirtland, Ohio, ...
    174. Neh:53:1: Contains numeric characters
       Details: Found numbers in: [Revelation given through Joseph Smith the Prophet...
    175. Neh:53:1: Verse too long (524 chars)
       Details: Text: [Revelation given through Joseph Smith the Prophet to Algernon Sidney Gilbert, at Kirtland, Ohio, Ju...
    176. Neh:54:1: Contains numeric characters
       Details: Found numbers in: [Revelation given through Joseph Smith the Prophet...
    177. Neh:54:1: Verse too long (865 chars)
       Details: Text: [Revelation given through Joseph Smith the Prophet to Newel Knight, at Kirtland, Ohio, June 1831. HC...
    178. Neh:55:1: Contains numeric characters
       Details: Found numbers in: [Revelation given through Joseph Smith the Prophet...
    179. Neh:55:1: Verse too long (576 chars)
       Details: Text: [Revelation given through Joseph Smith the Prophet to William W. Phelps, at Kirtland, Ohio, June 183...
    180. Neh:56:1: Contains numeric characters
       Details: Found numbers in: [Revelation given through Joseph Smith the Prophet...
    181. Neh:56:1: Verse too long (702 chars)
       Details: Text: [Revelation given through Joseph Smith the Prophet, at Kirtland, Ohio, June 1831. HC 1: 186-188. Ezr...
    182. Neh:57:1: Contains numeric characters
       Details: Found numbers in: [Revelation given through Joseph Smith the Prophet...
    183. Neh:57:1: Verse too long (920 chars)
       Details: Text: [Revelation given through Joseph Smith the Prophet, in Zion, Jackson County, Missouri, July 20, 1831...
    184. Neh:58:1: Contains numeric characters
       Details: Found numbers in: [Revelation given through Joseph Smith the Prophet...
    185. Neh:58:1: Verse too long (633 chars)
       Details: Text: [Revelation given through Joseph Smith the Prophet, in Zion, Jackson County, Missouri, August 1, 183...
    186. Neh:59:1: Contains numeric characters
       Details: Found numbers in: [Revelation given through Joseph Smith the Prophet...
    187. Neh:59:1: Verse too long (569 chars)
       Details: Text: [Revelation given through Joseph Smith the Prophet, in Zion, Jackson County, Missouri, August 7, 183...
    188. Neh:60:1: Contains numeric characters
       Details: Found numbers in: [Revelation given through Joseph Smith the Prophet...
    189. Neh:61:1: Contains numeric characters
       Details: Found numbers in: [Revelation given through Joseph Smith the Prophet...
    190. Neh:61:1: Verse too long (566 chars)
       Details: Text: [Revelation given through Joseph Smith the Prophet, on the bank of the Missouri River, McIlwaine's B...
    191. Neh:62:1: Contains numeric characters
       Details: Found numbers in: [Revelation given through Joseph Smith the Prophet...
    192. Neh:62:1: Verse too long (530 chars)
       Details: Text: [Revelation given through Joseph Smith the Prophet, on the bank of the Missouri River at Chariton, M...
    193. Neh:63:1: Contains numeric characters
       Details: Found numbers in: [Revelation given through Joseph Smith the Prophet...
    194. Neh:63:1: Verse too long (829 chars)
       Details: Text: [Revelation given through Joseph Smith the Prophet, at Kirtland, Ohio, late in August 1831. HC 1: 20...
    195. Neh:64:1: Contains numeric characters
       Details: Found numbers in: [Revelation given through Joseph Smith the Prophet...
    196. Neh:64:1: Verse too long (611 chars)
       Details: Text: [Revelation given through Joseph Smith the Prophet to the elders of the Church, at Kirtland, Ohio, S...
    197. Neh:65:1: Contains numeric characters
       Details: Found numbers in: [Revelation given through Joseph Smith the Prophet...
    198. Neh:66:1: Contains numeric characters
       Details: Found numbers in: [Revelation given through Joseph Smith the Prophet...
    199. Neh:66:1: Verse too long (554 chars)
       Details: Text: [Revelation given through Joseph Smith the Prophet, at Orange, Ohio, October 25, 1831. HC 1: 219-221...
    200. Neh:67:1: Contains numeric characters
       Details: Found numbers in: [Revelation given through Joseph Smith the Prophet...
    201. Neh:67:1: Verse too long (1028 chars)
       Details: Text: [Revelation given through Joseph Smith the Prophet, at Hiram, Ohio, November 1831. HC 1: 224-225. Th...
    202. Neh:68:1: Contains numeric characters
       Details: Found numbers in: [Revelation given through Joseph Smith the Prophet...
    203. Neh:68:1: Verse too long (651 chars)
       Details: Text: [Revelation given through Joseph Smith the Prophet, at Hiram, Ohio, November 1831, at the request of...
    204. Neh:69:1: Contains numeric characters
       Details: Found numbers in: [Revelation given through Joseph Smith the Prophet...
    205. Neh:69:1: Verse too long (991 chars)
       Details: Text: [Revelation given through Joseph Smith the Prophet, at Hiram, Ohio, November 1831. HC 1: 234-235. Th...
    206. Neh:70:1: Contains numeric characters
       Details: Found numbers in: [Revelation given through Joseph Smith the Prophet...
    207. Neh:70:1: Verse too long (1004 chars)
       Details: Text: [Revelation given through Joseph Smith the Prophet, at Kirtland, Ohio, November 12, 1831. HC 1: 235-...
    208. Neh:71:1: Contains numeric characters
       Details: Found numbers in: [Revelation given to Joseph Smith the Prophet and ...
    209. Neh:71:1: Verse too long (946 chars)
       Details: Text: [Revelation given to Joseph Smith the Prophet and Sidney Rigdon, at Hiram, Ohio, December 1, 1831. H...
    210. Neh:72:1: Contains numeric characters
       Details: Found numbers in: [Revelation given through Joseph Smith the Prophet...
    211. Neh:72:1: Verse too long (668 chars)
       Details: Text: [Revelation given through Joseph Smith the Prophet, at Kirtland, Ohio, December 4, 1831. HC 1: 239-2...
    212. Neh:73:1: Contains numeric characters
       Details: Found numbers in: [Revelation given to Joseph Smith the Prophet and ...
    213. Neh:73:1: Verse too long (544 chars)
       Details: Text: [Revelation given to Joseph Smith the Prophet and Sidney Rigdon, at Hiram, Ohio, January 10, 1832. H...
    214. Neh:74:1: Contains numeric characters
       Details: Found numbers in: [Revelation given to Joseph Smith the Prophet, at ...
    215. Neh:74:1: Verse too long (582 chars)
       Details: Text: [Revelation given to Joseph Smith the Prophet, at Hiram, Ohio, January 1832. HC 1: 242. The Prophet ...
    216. Neh:75:1: Contains numeric characters
       Details: Found numbers in: [Revelation given through Joseph Smith the Prophet...
    217. Neh:75:1: Verse too long (567 chars)
       Details: Text: [Revelation given through Joseph Smith the Prophet, at Amherst, Ohio, January 25, 1832. HC 1: 242-24...
    218. Neh:76:1: Contains numeric characters
       Details: Found numbers in: [A vision given to Joseph Smith the Prophet and Si...
    219. Neh:76:1: Verse too long (977 chars)
       Details: Text: [A vision given to Joseph Smith the Prophet and Sidney Rigdon, at Hiram, Ohio, February 16, 1832. HC...
    220. Neh:77:1: Contains numeric characters
       Details: Found numbers in: [Revelation given to Joseph Smith the Prophet, at ...
    221. Neh:77:2: Verse too long (549 chars)
       Details: Text: Q. What are we to understand by the four beasts, spoken of in the same verse? A. They are figurative...
    222. Neh:77:8: Contains numeric characters
       Details: Found numbers in: Q. What are we to understand by the four angels, s...
    223. Neh:77:9: Contains numeric characters
       Details: Found numbers in: Q. What are we to understand by the angel ascendin...
    224. Neh:77:9: Verse too long (573 chars)
       Details: Text: Q. What are we to understand by the angel ascending from the east, Revelation 7th chapter and 2nd ve...
    225. Neh:77:11: Verse too long (506 chars)
       Details: Text: Q. What are we to understand by sealing the one hundred and forty-four thousand, out of all the trib...
    226. Neh:77:12: Contains numeric characters
       Details: Found numbers in: Q. What are we to understand by the sounding of th...
    227. Neh:77:12: Verse too long (780 chars)
       Details: Text: Q. What are we to understand by the sounding of the trumpets, mentioned in the 8th chapter of Revela...
    228. Neh:77:13: Contains numeric characters
       Details: Found numbers in: Q. When are the things to be accomplished, which a...
    229. Neh:77:14: Contains numeric characters
       Details: Found numbers in: Q. What are we to understand by the little book wh...
    230. Neh:78:1: Contains numeric characters
       Details: Found numbers in: [Revelation given through Joseph Smith the Prophet...
    231. Neh:78:1: Verse too long (927 chars)
       Details: Text: [Revelation given through Joseph Smith the Prophet, at Hiram, Ohio, March 1832. The order given of t...
    232. Neh:79:1: Contains numeric characters
       Details: Found numbers in: [Revelation given through Joseph Smith the Prophet...
    233. Neh:80:1: Contains numeric characters
       Details: Found numbers in: [Revelation given through Joseph Smith the Prophet...
    234. Neh:81:1: Contains numeric characters
       Details: Found numbers in: [Revelation given through Joseph Smith the Prophet...
    235. Neh:81:1: Verse too long (1192 chars)
       Details: Text: [Revelation given through Joseph Smith the Prophet, at Hiram, Ohio, March 1832. HC 1: 257-258. Frede...
    236. Neh:82:1: Contains numeric characters
       Details: Found numbers in: [Revelation given to Joseph Smith the Prophet, in ...
    237. Neh:82:1: Verse too long (812 chars)
       Details: Text: [Revelation given to Joseph Smith the Prophet, in Jackson County, Missouri, April 26, 1832. HC 1: 26...
    238. Neh:83:1: Contains numeric characters
       Details: Found numbers in: [Revelation given through Joseph Smith the Prophet...
    239. Neh:84:1: Contains numeric characters
       Details: Found numbers in: [Revelation given through Joseph Smith the Prophet...
    240. Neh:84:1: Verse too long (548 chars)
       Details: Text: [Revelation given through Joseph Smith the Prophet, at Kirtland, Ohio, September 22 and 23, 1832. HC...
    241. Neh:85:1: Contains numeric characters
       Details: Found numbers in: [Revelation given through Joseph Smith the Prophet...
    242. Neh:85:1: Verse too long (627 chars)
       Details: Text: [Revelation given through Joseph Smith the Prophet, at Kirtland, Ohio, November 27, 1832. HC 1: 298-...
    243. Neh:86:1: Contains numeric characters
       Details: Found numbers in: [Revelation given through Joseph Smith the Prophet...
    244. Neh:87:1: Contains numeric characters
       Details: Found numbers in: [Revelation and prophecy on war, given through Jos...
    245. Neh:88:1: Contains numeric characters
       Details: Found numbers in: [Revelation given through Joseph Smith the Prophet...
    246. Neh:88:94: Verse too long (524 chars)
       Details: Text: And another angel shall sound his trump, saying: That great church, the mother of abominations, that...
    247. Neh:89:1: Contains numeric characters
       Details: Found numbers in: [Revelation given through Joseph Smith the Prophet...
    248. Neh:89:1: Verse too long (579 chars)
       Details: Text: [Revelation given through Joseph Smith the Prophet, at Kirtland, Ohio, February 27, 1833. HC 1: 327-...
    249. Neh:90:1: Contains numeric characters
       Details: Found numbers in: [Revelation to Joseph Smith the Prophet, given at ...
    250. Neh:91:1: Contains numeric characters
       Details: Found numbers in: [Revelation given through Joseph Smith the Prophet...
    251. Neh:92:1: Contains numeric characters
       Details: Found numbers in: [Revelation given to Joseph Smith the Prophet, at ...
    252. Neh:93:1: Contains numeric characters
       Details: Found numbers in: [Revelation given through Joseph Smith the Prophet...
    253. Neh:94:1: Contains numeric characters
       Details: Found numbers in: [Revelation given through Joseph Smith the Prophet...
    254. Neh:95:1: Contains numeric characters
       Details: Found numbers in: [Revelation given through Joseph Smith the Prophet...
    255. Neh:95:1: Verse too long (507 chars)
       Details: Text: [Revelation given through Joseph Smith the Prophet, at Kirtland, Ohio, June 1, 1833. HC 1: 350-352. ...
    256. Neh:96:1: Contains numeric characters
       Details: Found numbers in: [Revelation given to Joseph Smith the Prophet, sho...
    257. Neh:96:1: Verse too long (706 chars)
       Details: Text: [Revelation given to Joseph Smith the Prophet, showing the order of the City or Stake of Zion at Kir...
    258. Neh:97:1: Contains numeric characters
       Details: Found numbers in: [Revelation given through Joseph Smith the Prophet...
    259. Neh:97:1: Verse too long (704 chars)
       Details: Text: [Revelation given through Joseph Smith the Prophet, at Kirtland, Ohio, August 2, 1833. HC 1: 400-402...
    260. Neh:98:1: Contains numeric characters
       Details: Found numbers in: [Revelation given through Joseph Smith the Prophet...
    261. Neh:98:1: Verse too long (729 chars)
       Details: Text: [Revelation given through Joseph Smith the Prophet, at Kirtland, Ohio, August 6, 1833. HC 1: 403-406...
    262. Neh:99:1: Contains numeric characters
       Details: Found numbers in: [Revelation given through Joseph Smith the Prophet...
    263. Neh:99:1: Verse too long (585 chars)
       Details: Text: [Revelation given through Joseph Smith the Prophet to John Murdock, August 1832, at Hiram, Ohio. Alt...
    264. Neh:100:1: Contains numeric characters
       Details: Found numbers in: [Revelation given to Joseph Smith the Prophet and ...
    265. Neh:101:1: Contains numeric characters
       Details: Found numbers in: [Revelation given to Joseph Smith the Prophet, at ...
    266. Neh:101:1: Verse too long (753 chars)
       Details: Text: [Revelation given to Joseph Smith the Prophet, at Kirtland, Ohio, December 16, 1833. HC 1: 458-464. ...
    267. Neh:102:1: Contains numeric characters
       Details: Found numbers in: [Minutes of the organization of the first high cou...
    268. Neh:102:1: Verse too long (787 chars)
       Details: Text: [Minutes of the organization of the first high council of the Church, at Kirtland, Ohio, February 17...
    269. Neh:102:17: Contains numeric characters
       Details: Found numbers in: Those councilors who draw even numbers, that is, 2...
    270. Neh:102:34: Contains numeric characters
       Details: Found numbers in: The twelve councilors then proceeded to cast lots ...
    271. Neh:103:1: Contains numeric characters
       Details: Found numbers in: [Revelation given through Joseph Smith the Prophet...
    272. Neh:103:1: Verse too long (599 chars)
       Details: Text: [Revelation given through Joseph Smith the Prophet, at Kirtland, Ohio, February 24, 1834. HC 2: 36-3...
    273. Neh:104:1: Contains numeric characters
       Details: Found numbers in: [Revelation given to Joseph Smith the Prophet, Apr...
    274. Neh:104:1: Verse too long (799 chars)
       Details: Text: [Revelation given to Joseph Smith the Prophet, April 23, 1834, concerning the United Order, or the o...
    275. Neh:105:1: Contains numeric characters
       Details: Found numbers in: [Revelation given through Joseph Smith the Prophet...
    276. Neh:105:1: Verse too long (600 chars)
       Details: Text: [Revelation given through Joseph Smith the Prophet, on Fishing River, Missouri, June 22, 1834. HC 2:...
    277. Neh:106:1: Contains numeric characters
       Details: Found numbers in: [Revelation given through Joseph Smith the Prophet...
    278. Neh:107:1: Contains numeric characters
       Details: Found numbers in: [Revelation on priesthood, given through Joseph Sm...
    279. Neh:107:1: Verse too long (652 chars)
       Details: Text: [Revelation on priesthood, given through Joseph Smith the Prophet, at Kirtland, Ohio, dated March 28...
    280. Neh:108:1: Contains numeric characters
       Details: Found numbers in: [Revelation given through Joseph Smith the Prophet...
    281. Neh:108:1: Verse too long (508 chars)
       Details: Text: [Revelation given through Joseph Smith the Prophet, at Kirtland, Ohio, December 26, 1835. HC 2: 345....
    282. Neh:109:1: Contains numeric characters
       Details: Found numbers in: [Prayer offered at the dedication of the temple at...
    283. Neh:110:1: Contains numeric characters
       Details: Found numbers in: [Visions manifested to Joseph Smith the Prophet an...
    284. Neh:110:1: Verse too long (771 chars)
       Details: Text: [Visions manifested to Joseph Smith the Prophet and Oliver Cowdery in the temple at Kirtland, Ohio, ...
    285. Neh:111:1: Contains numeric characters
       Details: Found numbers in: [Revelation given through Joseph Smith the Prophet...
    286. Neh:111:1: Verse too long (805 chars)
       Details: Text: [Revelation given through Joseph Smith the Prophet, at Salem, Massachusetts, August 6, 1836. HC 2: 4...
    287. Neh:112:1: Contains numeric characters
       Details: Found numbers in: [Revelation given through Joseph Smith the Prophet...
    288. Neh:112:1: Verse too long (746 chars)
       Details: Text: [Revelation given through Joseph Smith the Prophet to Thomas B. Marsh, at Kirtland, Ohio, July 23, 1...
    289. Neh:113:1: Contains numeric characters
       Details: Found numbers in: [Answers to certain questions on the writings of I...
    290. Neh:113:3: Contains numeric characters
       Details: Found numbers in: What is the rod spoken of in the first verse of th...
    291. Neh:113:5: Contains numeric characters
       Details: Found numbers in: What is the root of Jesse spoken of in the 10th ve...
    292. Neh:113:7: Contains numeric characters
       Details: Found numbers in: Questions by Elias Higbee: What is meant by the co...
    293. Neh:113:9: Contains numeric characters
       Details: Found numbers in: What are we to understand by Zion loosing herself ...
    294. Neh:113:10: Contains numeric characters
       Details: Found numbers in: We are to understand that the scattered remnants a...
    295. Neh:114:1: Contains numeric characters
       Details: Found numbers in: [Revelation given through Joseph Smith the Prophet...
    296. Neh:115:1: Contains numeric characters
       Details: Found numbers in: [Revelation given through Joseph Smith the Prophet...
    297. Neh:116:1: Contains numeric characters
       Details: Found numbers in: [Revelation given to Joseph Smith the Prophet, nea...
    298. Neh:117:1: Contains numeric characters
       Details: Found numbers in: [Revelation given through Joseph Smith the Prophet...
    299. Neh:118:1: Contains numeric characters
       Details: Found numbers in: [Revelation given through Joseph Smith the Prophet...
    300. Neh:119:1: Contains numeric characters
       Details: Found numbers in: [Revelation given through Joseph Smith the Prophet...
    301. Neh:119:1: Verse too long (1129 chars)
       Details: Text: [Revelation given through Joseph Smith the Prophet, at Far West, Missouri, July 8, 1838, in answer t...
    302. Neh:120:1: Contains numeric characters
       Details: Found numbers in: [Revelation given through Joseph Smith the Prophet...
    303. Neh:121:1: Contains numeric characters
       Details: Found numbers in: [Prayer and prophecies written by Joseph Smith the...
    304. Neh:122:1: Contains numeric characters
       Details: Found numbers in: [The word of the Lord to Joseph Smith the Prophet,...
    305. Neh:122:6: Verse too long (638 chars)
       Details: Text: If thou art accused with all manner of false accusations; if thine enemies fall upon thee; if they t...
    306. Neh:123:1: Contains numeric characters
       Details: Found numbers in: [Duty of the saints in relation to their persecuto...
    307. Neh:123:7: Verse too long (644 chars)
       Details: Text: It is an imperative duty that we owe to God, to angels, with whom we shall be brought to stand, and ...
    308. Neh:124:1: Contains numeric characters
       Details: Found numbers in: [Revelation given to Joseph Smith the Prophet, at ...
    309. Neh:124:1: Verse too long (858 chars)
       Details: Text: [Revelation given to Joseph Smith the Prophet, at Nauvoo, Illinois, January 19, 1841. HC 4: 274-286....
    310. Neh:124:39: Verse too long (545 chars)
       Details: Text: Therefore, verily I say unto you, that your anointings, and your washings, and your baptisms for the...
    311. Neh:125:1: Contains numeric characters
       Details: Found numbers in: [Revelation given through Joseph Smith the Prophet...
    312. Neh:126:1: Contains numeric characters
       Details: Found numbers in: [Revelation given through Joseph Smith the Prophet...
    313. Neh:127:1: Contains numeric characters
       Details: Found numbers in: [An epistle from Joseph Smith the Prophet to the L...
    314. Neh:127:1: Verse too long (1111 chars)
       Details: Text: [An epistle from Joseph Smith the Prophet to the Latter-day Saints at Nauvoo, Illinois, containing d...
    315. Neh:127:2: Verse too long (757 chars)
       Details: Text: And as for the perils which I am called to pass through, they seem but a small thing to me, as the e...
    316. Neh:128:1: Contains numeric characters
       Details: Found numbers in: [An epistle from Joseph Smith the Prophet to The C...
    317. Neh:128:1: Verse too long (550 chars)
       Details: Text: [An epistle from Joseph Smith the Prophet to The Church of Jesus Christ of Latter-day Saints, contai...
    318. Neh:128:3: Verse too long (719 chars)
       Details: Text: Now, in relation to this matter, it would be very difficult for one recorder to be present at all ti...
    319. Neh:128:4: Verse too long (752 chars)
       Details: Text: Then, let there be a general recorder, to whom these other records can be handed, being attended wit...
    320. Neh:128:6: Contains numeric characters
       Details: Found numbers in: And further, I want you to remember that John the ...
    321. Neh:128:7: Verse too long (679 chars)
       Details: Text: You will discover in this quotation that the books were opened; and another book was opened, which w...
    322. Neh:128:8: Verse too long (832 chars)
       Details: Text: Now, the nature of this ordinance consists in the power of the priesthood, by the revelation of Jesu...
    323. Neh:128:9: Verse too long (623 chars)
       Details: Text: It may seem to some to be a very bold doctrine that we talk of-a power which records or binds on ear...
    324. Neh:128:10: Contains numeric characters
       Details: Found numbers in: And again, for the precedent, Matthew 16:18, 19: A...
    325. Neh:128:13: Contains numeric characters
       Details: Found numbers in: Consequently, the baptismal font was instituted as...
    326. Neh:128:14: Verse too long (576 chars)
       Details: Text: Howbeit that was not first which is spiritual, but that which is natural; and afterward that which i...
    327. Neh:128:16: Contains numeric characters
       Details: Found numbers in: And now, in relation to the baptism for the dead, ...
    328. Neh:128:17: Contains numeric characters
       Details: Found numbers in: And again, in connection with this quotation I wil...
    329. Neh:128:17: Verse too long (645 chars)
       Details: Text: And again, in connection with this quotation I will give you a quotation from one of the prophets, w...
    330. Neh:128:18: Verse too long (1137 chars)
       Details: Text: I might have rendered a plainer translation to this, but it is sufficiently plain to suit my purpose...
    331. Neh:128:20: Verse too long (643 chars)
       Details: Text: And again, what do we hear? Glad tidings from Cumorah! Moroni, an angel from heaven, declaring the f...
    332. Neh:128:21: Verse too long (673 chars)
       Details: Text: And again, the voice of God in the chamber of old Father Whitmer, in Fayette, Seneca county, and at ...
    333. Neh:128:23: Verse too long (652 chars)
       Details: Text: Let the mountains shout for joy, and all ye valleys cry aloud; and all ye seas and dry lands tell th...
    334. Neh:128:24: Verse too long (637 chars)
       Details: Text: Behold, the great day of the Lord is at hand; and who can abide the day of his coming, and who can s...
    335. Neh:129:1: Contains numeric characters
       Details: Found numbers in: [Instructions given by Joseph Smith the Prophet, a...
    336. Neh:130:1: Contains numeric characters
       Details: Found numbers in: [Items of instruction given by Joseph Smith the Pr...
    337. Neh:130:3: Contains numeric characters
       Details: Found numbers in: John 14:23-The appearing of the Father and the Son...
    338. Neh:130:10: Contains numeric characters
       Details: Found numbers in: Then the white stone mentioned in Revelation 2:17,...
    339. Neh:130:13: Contains numeric characters
       Details: Found numbers in: It may probably arise through the slave question. ...
    340. Neh:131:1: Contains numeric characters
       Details: Found numbers in: [Instructions by Joseph Smith the Prophet, given a...
    341. Neh:131:5: Contains numeric characters
       Details: Found numbers in: (May 17th, 1843.) The more sure word of prophecy m...
    342. Neh:132:1: Contains numeric characters
       Details: Found numbers in: [Revelation given through Joseph Smith the Prophet...
    343. Neh:132:1: Verse too long (751 chars)
       Details: Text: [Revelation given through Joseph Smith the Prophet, at Nauvoo, Illinois, recorded July 12, 1843, rel...
    344. Neh:132:7: Verse too long (838 chars)
       Details: Text: And verily I say unto you, that the conditions of this law are these: All covenants, contracts, bond...
    345. Neh:132:18: Verse too long (667 chars)
       Details: Text: And again, verily I say unto you, if a man marry a wife, and make a covenant with her for time and f...
    346. Neh:132:19: Verse too long (1136 chars)
       Details: Text: And again, verily I say unto you, if a man marry a wife by my word, which is my law, and by the new ...
    347. Neh:132:26: Verse too long (577 chars)
       Details: Text: Verily, verily, I say unto you, if a man marry a wife according to my word, and they are sealed by t...
    348. Neh:133:1: Contains numeric characters
       Details: Found numbers in: [Revelation given through Joseph Smith the Prophet...
    349. Neh:133:1: Verse too long (724 chars)
       Details: Text: [Revelation given through Joseph Smith the Prophet, at Hiram, Ohio, November 3, 1831. HC 1: 229-234....
    350. Neh:134:1: Contains numeric characters
       Details: Found numbers in: [A declaration of belief regarding governments and...
    351. Neh:134:1: Verse too long (837 chars)
       Details: Text: [A declaration of belief regarding governments and laws in general, adopted by unanimous vote at a g...
    352. Neh:134:4: Verse too long (538 chars)
       Details: Text: We believe that religion is instituted of God; and that men are amenable to him, and to him only, fo...
    353. Neh:134:5: Verse too long (510 chars)
       Details: Text: We believe that all men are bound to sustain and uphold the respective governments in which they res...
    354. Neh:134:6: Verse too long (574 chars)
       Details: Text: We believe that every man should be honored in his station, rulers and magistrates as such, being pl...
    355. Neh:134:10: Verse too long (566 chars)
       Details: Text: We believe that all religious societies have a right to deal with their members for disorderly condu...
    356. Neh:134:12: Verse too long (611 chars)
       Details: Text: We believe it just to preach the gospel to the nations of the earth, and warn the righteous to save ...
    357. Neh:135:1: Contains numeric characters
       Details: Found numbers in: [Martyrdom of Joseph Smith the Prophet and his bro...
    358. Neh:135:1: Verse too long (785 chars)
       Details: Text: [Martyrdom of Joseph Smith the Prophet and his brother, Hyrum Smith the Patriarch, at Carthage, Illi...
    359. Neh:135:3: Verse too long (1038 chars)
       Details: Text: Joseph Smith, the Prophet and Seer of the Lord, has done more, save Jesus only, for the salvation of...
    360. Neh:135:4: Verse too long (627 chars)
       Details: Text: When Joseph went to Carthage to deliver himself up to the pretended requirements of the law, two or ...
    361. Neh:135:5: Verse too long (735 chars)
       Details: Text: And it came to pass that I prayed unto the Lord that he would give unto the Gentiles grace, that the...
    362. Neh:135:6: Contains numeric characters
       Details: Found numbers in: Hyrum Smith was forty-four years old in February, ...
    363. Neh:135:6: Verse too long (720 chars)
       Details: Text: Hyrum Smith was forty-four years old in February, 1844, and Joseph Smith was thirty-eight in Decembe...
    364. Neh:135:7: Verse too long (894 chars)
       Details: Text: They were innocent of any crime, as they had often been proved before, and were only confined in jai...
    365. Neh:136:1: Contains numeric characters
       Details: Found numbers in: [The word and will of the Lord, given through Pres...
    366. Neh:137:1: Contains numeric characters
       Details: Found numbers in: [A vision given to Joseph Smith the Prophet, in th...
    367. Neh:138:1: Contains numeric characters
       Details: Found numbers in: [A vision, given to President Joseph F. Smith in S...
    368. Neh:138:1: Verse too long (790 chars)
       Details: Text: [A vision, given to President Joseph F. Smith in Salt Lake City, Utah, on October 3, 1918. In his op...
    369. Neh:138:9: Contains numeric characters
       Details: Found numbers in: "Which sometime were disobedient, when once the lo...
    370. Neh:138:10: Contains numeric characters
       Details: Found numbers in: "For for this cause was the gospel preached also t...
    371. Est:1:1: Contains numeric characters
       Details: Found numbers in: OFFICIAL DECLARATION-1...
    372. Est:1:3: Verse too long (509 chars)
       Details: Text: Press dispatches having been sent for political purposes, from Salt Lake City, which have been widel...
    373. Est:1:5: Contains numeric characters
       Details: Found numbers in: One case has been reported, in which the parties a...
    374. Est:1:11: Contains numeric characters
       Details: Found numbers in: "I move that, recognizing Wilford Woodruff as the ...
    375. Est:1:11: Verse too long (505 chars)
       Details: Text: "I move that, recognizing Wilford Woodruff as the President of the Church of Jesus Christ of Latter-...
    376. Est:1:13: Contains numeric characters
       Details: Found numbers in: Salt Lake City, Utah, October 6, 1890....
    377. Est:1:17: Contains numeric characters
       Details: Found numbers in: The Lord will never permit me or any other man who...
    378. Est:1:17: Verse too long (518 chars)
       Details: Text: The Lord will never permit me or any other man who stands as President of this Church to lead you as...
    379. Est:1:21: Verse too long (999 chars)
       Details: Text: The question is this: Which is the wisest course for the Latter-day Saints to pursue-to continue to ...
    380. Est:1:22: Verse too long (1120 chars)
       Details: Text: The Lord showed me by vision and revelation exactly what would take place if we did not stop this pr...
    381. Est:1:24: Contains numeric characters
       Details: Found numbers in: I leave this with you, for you to contemplate and ...
    382. Est:1:25: Contains numeric characters
       Details: Found numbers in: Now I will tell you what was manifested to me and ...
    383. Est:1:25: Verse too long (838 chars)
       Details: Text: Now I will tell you what was manifested to me and what the Son of God performed in this thing. . . ....
    384. Job:1:1: Contains numeric characters
       Details: Found numbers in: OFFICIAL DECLARATION-2...
    385. Job:1:3: Contains numeric characters
       Details: Found numbers in: On September 30, 1978, at the 148th Semiannual Gen...
    386. Job:1:4: Verse too long (666 chars)
       Details: Text: In early June of this year, the First Presidency announced that a revelation had been received by Pr...
    387. Job:1:6: Contains numeric characters
       Details: Found numbers in: June 8, 1978...
    388. Job:1:11: Verse too long (672 chars)
       Details: Text: He has heard our prayers, and by revelation has confirmed that the long-promised day has come when e...
    389. Job:1:20: Contains numeric characters
       Details: Found numbers in: Salt Lake City, Utah, September 30, 1978....
    390. Psa:3:5: Verse too long (520 chars)
       Details: Text: And every plant of the field before it was in the earth, and every herb of the field before it grew....
    391. Psa:3:9: Verse too long (507 chars)
       Details: Text: And out of the ground made I, the Lord God, to grow every tree, naturally, that is pleasant to the s...
    392. Psa:6:59: Verse too long (516 chars)
       Details: Text: That by reason of transgression cometh the fall, which fall bringeth death, and inasmuch as ye were ...
    393. Psa:7:62: Verse too long (568 chars)
       Details: Text: And righteousness will I send down out of heaven; and truth will I send forth out of the earth, to b...
    394. Pro:1:2: Verse too long (580 chars)
       Details: Text: And, finding there was greater happiness and peace and rest for me, I sought for the blessings of th...
    395. Son:1:1: Verse too long (568 chars)
       Details: Text: Owing to the many reports which have been put in circulation by evil-disposed and designing persons,...
    396. Son:1:2: Contains numeric characters
       Details: Found numbers in: In this history I shall present the various events...
    397. Son:1:4: Contains numeric characters
       Details: Found numbers in: His family consisting of eleven souls, namely, my ...
    398. Son:1:5: Verse too long (600 chars)
       Details: Text: Some time in the second year after our removal to Manchester, there was in the place where we lived ...
    399. Son:1:6: Verse too long (830 chars)
       Details: Text: For, notwithstanding the great love which the converts to these different faiths expressed at the ti...
    400. Son:1:8: Verse too long (640 chars)
       Details: Text: During this time of great excitement my mind was called up to serious reflection and great uneasines...
    401. Son:1:12: Verse too long (565 chars)
       Details: Text: Never did any passage of scripture come with more power to the heart of man than this did at this ti...
    402. Son:1:16: Verse too long (530 chars)
       Details: Text: But, exerting all my powers to call upon God to deliver me out of the power of this enemy which had ...
    403. Son:1:20: Verse too long (816 chars)
       Details: Text: He again forbade me to join with any of them; and many other things did he say unto me, which I cann...
    404. Son:1:21: Verse too long (607 chars)
       Details: Text: Some few days after I had this vision, I happened to be in company with one of the Methodist preache...
    405. Son:1:22: Verse too long (553 chars)
       Details: Text: I soon found, however, that my telling the story had excited a great deal of prejudice against me am...
    406. Son:1:23: Verse too long (552 chars)
       Details: Text: It caused me serious reflection then, and often has since, how very strange it was that an obscure b...
    407. Son:1:24: Verse too long (768 chars)
       Details: Text: However, it was nevertheless a fact that I had beheld a vision. I have thought since, that I felt mu...
    408. Son:1:25: Verse too long (750 chars)
       Details: Text: So it was with me. I had actually seen a light, and in the midst of that light I saw two Personages,...
    409. Son:1:28: Verse too long (1165 chars)
       Details: Text: During the space of time which intervened between the time I had the vision and the year eighteen hu...
    410. Son:1:31: Verse too long (505 chars)
       Details: Text: He had on a loose robe of most exquisite whiteness. It was a whiteness beyond anything earthly I had...
    411. Son:1:42: Verse too long (538 chars)
       Details: Text: Again, he told me, that when I got those plates of which he had spoken for the time that they should...
    412. Son:1:46: Verse too long (738 chars)
       Details: Text: By this time, so deep were the impressions made on my mind, that sleep had fled from my eyes, and I ...
    413. Son:1:48: Verse too long (550 chars)
       Details: Text: I shortly after arose from my bed, and, as usual, went to the necessary labors of the day; but, in a...
    414. Son:1:56: Contains numeric characters
       Details: Found numbers in: In the year 1823 my father's family met with a gre...
    415. Son:1:56: Verse too long (802 chars)
       Details: Text: In the year 1823 my father's family met with a great affliction by the death of my eldest brother, A...
    416. Son:1:57: Contains numeric characters
       Details: Found numbers in: During the time that I was thus employed, I was pu...
    417. Son:1:59: Verse too long (602 chars)
       Details: Text: At length the time arrived for obtaining the plates, the Urim and Thummim, and the breastplate. On t...
    418. Son:1:60: Verse too long (855 chars)
       Details: Text: I soon found out the reason why I had received such strict charges to keep them safe, and why it was...
    419. Son:1:61: Verse too long (849 chars)
       Details: Text: The excitement, however, still continued, and rumor with her thousand tongues was all the time emplo...
    420. Son:1:64: Verse too long (938 chars)
       Details: Text: "I went to the city of New York, and presented the characters which had been translated, with the tr...
    421. Son:1:65: Verse too long (555 chars)
       Details: Text: "He then said to me, 'Let me see that certificate.' I accordingly took it out of my pocket and gave ...
    422. Son:1:66: Contains numeric characters
       Details: Found numbers in: On the 5th day of April, 1829, Oliver Cowdery came...
    423. Son:1:67: Contains numeric characters
       Details: Found numbers in: Two days after the arrival of Mr. Cowdery (being t...
    424. Son:1:68: Contains numeric characters
       Details: Found numbers in: We still continued the work of translation, when, ...
    425. Son:1:72: Contains numeric characters
       Details: Found numbers in: The messenger who visited us on this occasion and ...
    426. Son:1:72: Verse too long (564 chars)
       Details: Text: The messenger who visited us on this occasion and conferred this Priesthood upon us, said that his n...
    427. Son:1:73: Verse too long (621 chars)
       Details: Text: Immediately on our coming up out of the water after we had been baptized, we experienced great and g...
    428. Son:1:75: Contains numeric characters
       Details: Found numbers in: We had been threatened with being mobbed, from tim...
    429. Son:1:75: Verse too long (6244 chars)
       Details: Text: We had been threatened with being mobbed, from time to time, and this, too, by professors of religio...


  ENCODING (9):
    1. Est:1:1: Unusual capitalization pattern
       Details: 2/2 words are all caps
    2. Est:1:8: Unusual capitalization pattern
       Details: 2/2 words are all caps
    3. Est:1:14: Unusual capitalization pattern
       Details: 5/5 words are all caps
    4. Est:1:15: Unusual capitalization pattern
       Details: 3/3 words are all caps
    5. Est:1:16: Unusual capitalization pattern
       Details: 3/3 words are all caps
    6. Job:1:1: Unusual capitalization pattern
       Details: 2/2 words are all caps
    7. Job:1:14: Unusual capitalization pattern
       Details: 3/3 words are all caps
    8. Job:1:15: Unusual capitalization pattern
       Details: 3/3 words are all caps
    9. Job:1:16: Unusual capitalization pattern
       Details: 3/3 words are all caps

