ANOMALY DETECTION REPORT FOR DOU
Source file: DOU.json
Analysis complete
================================================================================


ERRORS (5):
----------------------------------------

  TEXT_CONTENT (5):
    1. Gen:6:10: Contains invalid characters
       Details: Invalid chars: ['\\'] in: And he begot three sons, Sem, Cham, and Japheth.\...
    2. Gen:43:17: Contains invalid characters
       Details: Invalid chars: ['\\'] in: He did as he was commanded, and brought the men in...
    3. Gen:44:8: Contains invalid characters
       Details: Invalid chars: ['\\'] in: The money, that we found in the top of our sacks, ...
    4. Gen:45:2: Contains invalid characters
       Details: Invalid chars: ['\\'] in: And he lifted up his voice with weeping, which the...
    5. Mat:12:42: Contains invalid characters
       Details: Invalid chars: ['>'] in: The queen of the south shall rise in judgment with...


WARNINGS (392):
----------------------------------------

  TEXT_CONTENT (362):
    1. Gen:20:15: Duplicate verse content
       Details: Same as Gen:17:26: dummy verses inserted by amos...
    2. Gen:27:24: Duplicate verse content
       Details: Same as Gen:17:26: dummy verses inserted by amos...
    3. Gen:38:15: Duplicate verse content
       Details: Same as Gen:17:26: dummy verses inserted by amos...
    4. Gen:38:26: Duplicate verse content
       Details: Same as Gen:17:26: dummy verses inserted by amos...
    5. Gen:39:6: Duplicate verse content
       Details: Same as Gen:17:26: dummy verses inserted by amos...
    6. Gen:39:17: Duplicate verse content
       Details: Same as Gen:17:26: dummy verses inserted by amos...
    7. Gen:40:9: Duplicate verse content
       Details: Same as Gen:17:26: dummy verses inserted by amos...
    8. Gen:40:15: Duplicate verse content
       Details: Same as Gen:17:26: dummy verses inserted by amos...
    9. Gen:41:5: Duplicate verse content
       Details: Same as Gen:17:26: dummy verses inserted by amos...
    10. Gen:49:15: Duplicate verse content
       Details: Same as Gen:17:26: dummy verses inserted by amos...
    11. Gen:49:27: Duplicate verse content
       Details: Same as Gen:17:26: dummy verses inserted by amos...
    12. Exo:9:23: Duplicate verse content
       Details: Same as Gen:17:26: dummy verses inserted by amos...
    13. Exo:14:1: Duplicate verse content
       Details: Same as Exo:13:1: And the Lord spoke to Moses, saying:...
    14. Exo:16:11: Duplicate verse content
       Details: Same as Exo:13:1: And the Lord spoke to Moses, saying:...
    15. Exo:25:1: Duplicate verse content
       Details: Same as Exo:13:1: And the Lord spoke to Moses, saying:...
    16. Exo:30:11: Duplicate verse content
       Details: Same as Exo:13:1: And the Lord spoke to Moses, saying:...
    17. Exo:30:17: Duplicate verse content
       Details: Same as Exo:13:1: And the Lord spoke to Moses, saying:...
    18. Exo:31:1: Duplicate verse content
       Details: Same as Exo:13:1: And the Lord spoke to Moses, saying:...
    19. Exo:31:12: Duplicate verse content
       Details: Same as Exo:13:1: And the Lord spoke to Moses, saying:...
    20. Exo:40:1: Duplicate verse content
       Details: Same as Exo:13:1: And the Lord spoke to Moses, saying:...
    21. Lev:4:1: Duplicate verse content
       Details: Same as Exo:13:1: And the Lord spoke to Moses, saying:...
    22. Lev:5:14: Duplicate verse content
       Details: Same as Exo:13:1: And the Lord spoke to Moses, saying:...
    23. Lev:6:8: Duplicate verse content
       Details: Same as Exo:13:1: And the Lord spoke to Moses, saying:...
    24. Lev:6:19: Duplicate verse content
       Details: Same as Exo:13:1: And the Lord spoke to Moses, saying:...
    25. Lev:6:24: Duplicate verse content
       Details: Same as Exo:13:1: And the Lord spoke to Moses, saying:...
    26. Lev:7:22: Duplicate verse content
       Details: Same as Exo:13:1: And the Lord spoke to Moses, saying:...
    27. Lev:7:28: Duplicate verse content
       Details: Same as Exo:13:1: And the Lord spoke to Moses, saying:...
    28. Lev:8:1: Duplicate verse content
       Details: Same as Exo:13:1: And the Lord spoke to Moses, saying:...
    29. Lev:12:1: Duplicate verse content
       Details: Same as Exo:13:1: And the Lord spoke to Moses, saying:...
    30. Lev:13:1: Duplicate verse content
       Details: Same as Lev:11:1: And the Lord spoke to Moses and Aaron, saying:...
    31. Lev:14:1: Duplicate verse content
       Details: Same as Exo:13:1: And the Lord spoke to Moses, saying:...
    32. Lev:14:33: Duplicate verse content
       Details: Same as Lev:11:1: And the Lord spoke to Moses and Aaron, saying:...
    33. Lev:15:1: Duplicate verse content
       Details: Same as Lev:11:1: And the Lord spoke to Moses and Aaron, saying:...
    34. Lev:17:1: Duplicate verse content
       Details: Same as Exo:13:1: And the Lord spoke to Moses, saying:...
    35. Lev:18:1: Duplicate verse content
       Details: Same as Exo:13:1: And the Lord spoke to Moses, saying:...
    36. Lev:19:1: Duplicate verse content
       Details: Same as Lev:6:1: The Lord spoke to Moses, saying:...
    37. Lev:20:1: Duplicate verse content
       Details: Same as Exo:13:1: And the Lord spoke to Moses, saying:...
    38. Lev:21:16: Duplicate verse content
       Details: Same as Exo:13:1: And the Lord spoke to Moses, saying:...
    39. Lev:22:1: Duplicate verse content
       Details: Same as Exo:13:1: And the Lord spoke to Moses, saying:...
    40. Lev:22:17: Duplicate verse content
       Details: Same as Exo:13:1: And the Lord spoke to Moses, saying:...
    41. Lev:22:26: Duplicate verse content
       Details: Same as Exo:13:1: And the Lord spoke to Moses, saying:...
    42. Lev:23:1: Duplicate verse content
       Details: Same as Exo:13:1: And the Lord spoke to Moses, saying:...
    43. Lev:23:9: Duplicate verse content
       Details: Same as Exo:13:1: And the Lord spoke to Moses, saying:...
    44. Lev:23:23: Duplicate verse content
       Details: Same as Exo:13:1: And the Lord spoke to Moses, saying:...
    45. Lev:23:26: Duplicate verse content
       Details: Same as Exo:13:1: And the Lord spoke to Moses, saying:...
    46. Lev:23:33: Duplicate verse content
       Details: Same as Exo:13:1: And the Lord spoke to Moses, saying:...
    47. Lev:24:1: Duplicate verse content
       Details: Same as Exo:13:1: And the Lord spoke to Moses, saying:...
    48. Lev:24:13: Duplicate verse content
       Details: Same as Exo:30:22: And the Lord spoke to Moses,...
    49. Lev:27:1: Duplicate verse content
       Details: Same as Exo:13:1: And the Lord spoke to Moses, saying:...
    50. Num:1:48: Duplicate verse content
       Details: Same as Exo:13:1: And the Lord spoke to Moses, saying:...
    51. Num:2:1: Duplicate verse content
       Details: Same as Lev:11:1: And the Lord spoke to Moses and Aaron, saying:...
    52. Num:3:5: Duplicate verse content
       Details: Same as Exo:13:1: And the Lord spoke to Moses, saying:...
    53. Num:4:17: Duplicate verse content
       Details: Same as Lev:11:1: And the Lord spoke to Moses and Aaron, saying:...
    54. Num:4:21: Duplicate verse content
       Details: Same as Exo:13:1: And the Lord spoke to Moses, saying:...
    55. Num:5:1: Duplicate verse content
       Details: Same as Exo:13:1: And the Lord spoke to Moses, saying:...
    56. Num:5:5: Duplicate verse content
       Details: Same as Exo:13:1: And the Lord spoke to Moses, saying:...
    57. Num:5:11: Duplicate verse content
       Details: Same as Exo:13:1: And the Lord spoke to Moses, saying:...
    58. Num:6:1: Duplicate verse content
       Details: Same as Exo:13:1: And the Lord spoke to Moses, saying:...
    59. Num:6:22: Duplicate verse content
       Details: Same as Exo:13:1: And the Lord spoke to Moses, saying:...
    60. Num:7:24: Duplicate verse content
       Details: Same as Num:7:18: An ox of the herd, and a ram, and a lamb of a year...
    61. Num:7:25: Duplicate verse content
       Details: Same as Num:7:19: And a buck goat for sin:...
    62. Num:7:29: Duplicate verse content
       Details: Same as Num:7:23: A little mortar of gold weighing ten sides full of...
    63. Num:7:30: Duplicate verse content
       Details: Same as Num:7:18: An ox of the herd, and a ram, and a lamb of a year...
    64. Num:7:31: Duplicate verse content
       Details: Same as Num:7:19: And a buck goat for sin:...
    65. Num:7:34: Duplicate verse content
       Details: Same as Gen:17:26: dummy verses inserted by amos...
    66. Num:7:35: Duplicate verse content
       Details: Same as Num:7:23: A little mortar of gold weighing ten sides full of...
    67. Num:7:37: Duplicate verse content
       Details: Same as Num:7:19: And a buck goat for sin:...
    68. Num:7:41: Duplicate verse content
       Details: Same as Num:7:23: A little mortar of gold weighing ten sides full of...
    69. Num:7:42: Duplicate verse content
       Details: Same as Num:7:18: An ox of the herd, and a ram, and a lamb of a year...
    70. Num:7:43: Duplicate verse content
       Details: Same as Num:7:19: And a buck goat for sin:...
    71. Num:7:47: Duplicate verse content
       Details: Same as Num:7:23: A little mortar of gold weighing ten sides full of...
    72. Num:7:48: Duplicate verse content
       Details: Same as Num:7:18: An ox of the herd, and a ram, and a lamb of a year...
    73. Num:7:49: Duplicate verse content
       Details: Same as Num:7:19: And a buck goat for sin:...
    74. Num:7:54: Duplicate verse content
       Details: Same as Num:7:18: An ox of the herd, and a ram, and a lamb of a year...
    75. Num:7:55: Duplicate verse content
       Details: Same as Num:7:19: And a buck goat for sin:...
    76. Num:7:60: Duplicate verse content
       Details: Same as Num:7:18: An ox of the herd, and a ram, and a lamb of a year...
    77. Num:7:61: Duplicate verse content
       Details: Same as Num:7:19: And a buck goat for sin:...
    78. Num:7:64: Duplicate verse content
       Details: Same as Num:7:46: Offered a silver dish weighing a hundred and thirt...
    79. Num:7:65: Duplicate verse content
       Details: Same as Num:7:23: A little mortar of gold weighing ten sides full of...
    80. Num:7:67: Duplicate verse content
       Details: Same as Num:7:19: And a buck goat for sin:...
    81. Num:7:71: Duplicate verse content
       Details: Same as Num:7:53: A little mortar of gold weighing ten sides full of...
    82. Num:7:72: Duplicate verse content
       Details: Same as Num:7:18: An ox of the herd, and a ram, and a lamb of a year...
    83. Num:7:73: Duplicate verse content
       Details: Same as Num:7:19: And a buck goat for sin:...
    84. Num:7:76: Duplicate verse content
       Details: Same as Num:7:70: Offered a silver dish weighing a hundred and thirt...
    85. Num:7:77: Duplicate verse content
       Details: Same as Num:7:23: A little mortar of gold weighing ten sides full of...
    86. Num:7:78: Duplicate verse content
       Details: Same as Num:7:18: An ox of the herd, and a ram, and a lamb of a year...
    87. Num:7:79: Duplicate verse content
       Details: Same as Num:7:19: And a buck goat for sin:...
    88. Num:7:82: Duplicate verse content
       Details: Same as Num:7:70: Offered a silver dish weighing a hundred and thirt...
    89. Num:7:83: Duplicate verse content
       Details: Same as Num:7:23: A little mortar of gold weighing ten sides full of...
    90. Num:7:84: Duplicate verse content
       Details: Same as Num:7:18: An ox of the herd, and a ram, and a lamb of a year...
    91. Num:7:85: Duplicate verse content
       Details: Same as Num:7:19: And a buck goat for sin:...
    92. Num:8:1: Duplicate verse content
       Details: Same as Exo:13:1: And the Lord spoke to Moses, saying:...
    93. Num:8:5: Duplicate verse content
       Details: Same as Num:3:11: And the Lord spoke to Moses, saying :...
    94. Num:8:23: Duplicate verse content
       Details: Same as Exo:13:1: And the Lord spoke to Moses, saying:...
    95. Num:9:9: Duplicate verse content
       Details: Same as Exo:13:1: And the Lord spoke to Moses, saying:...
    96. Num:10:1: Duplicate verse content
       Details: Same as Exo:13:1: And the Lord spoke to Moses, saying:...
    97. Num:14:26: Duplicate verse content
       Details: Same as Lev:11:1: And the Lord spoke to Moses and Aaron, saying:...
    98. Num:15:1: Duplicate verse content
       Details: Same as Exo:13:1: And the Lord spoke to Moses, saying:...
    99. Num:15:16: Duplicate verse content
       Details: Same as Exo:13:1: And the Lord spoke to Moses, saying:...
    100. Num:16:23: Duplicate verse content
       Details: Same as Num:7:7: And the Lord said to Moses:...
    101. Num:16:36: Duplicate verse content
       Details: Same as Exo:13:1: And the Lord spoke to Moses, saying:...
    102. Num:16:44: Duplicate verse content
       Details: Same as Num:7:7: And the Lord said to Moses:...
    103. Num:17:1: Duplicate verse content
       Details: Same as Exo:13:1: And the Lord spoke to Moses, saying:...
    104. Num:18:25: Duplicate verse content
       Details: Same as Exo:13:1: And the Lord spoke to Moses, saying:...
    105. Num:19:1: Duplicate verse content
       Details: Same as Lev:11:1: And the Lord spoke to Moses and Aaron, saying:...
    106. Num:20:7: Duplicate verse content
       Details: Same as Exo:13:1: And the Lord spoke to Moses, saying:...
    107. Num:25:10: Duplicate verse content
       Details: Same as Num:7:7: And the Lord said to Moses:...
    108. Num:25:16: Duplicate verse content
       Details: Same as Exo:13:1: And the Lord spoke to Moses, saying:...
    109. Num:26:52: Duplicate verse content
       Details: Same as Exo:13:1: And the Lord spoke to Moses, saying:...
    110. Num:28:1: Duplicate verse content
       Details: Same as Num:15:37: The Lord also said to Moses:...
    111. Num:29:9: Duplicate verse content
       Details: Same as Num:29:3: And for their sacrifices, three tenths of flour te...
    112. Num:29:25: Duplicate verse content
       Details: Same as Num:29:16: And a buck goat for sin, besides the perpetual hol...
    113. Num:29:28: Duplicate verse content
       Details: Same as Num:29:16: And a buck goat for sin, besides the perpetual hol...
    114. Num:29:30: Duplicate verse content
       Details: Same as Num:29:27: And the sacrifices and the libations of every one ...
    115. Num:29:31: Duplicate verse content
       Details: Same as Num:29:16: And a buck goat for sin, besides the perpetual hol...
    116. Num:29:33: Duplicate verse content
       Details: Same as Num:29:27: And the sacrifices and the libations of every one ...
    117. Num:29:34: Duplicate verse content
       Details: Same as Num:29:16: And a buck goat for sin, besides the perpetual hol...
    118. Num:29:37: Duplicate verse content
       Details: Same as Num:29:27: And the sacrifices and the libations of every one ...
    119. Num:29:38: Duplicate verse content
       Details: Same as Num:29:16: And a buck goat for sin, besides the perpetual hol...
    120. Num:31:1: Duplicate verse content
       Details: Same as Exo:13:1: And the Lord spoke to Moses, saying:...
    121. Num:31:25: Duplicate verse content
       Details: Same as Num:7:7: And the Lord said to Moses:...
    122. Num:34:1: Duplicate verse content
       Details: Same as Exo:13:1: And the Lord spoke to Moses, saying:...
    123. Num:34:16: Duplicate verse content
       Details: Same as Num:7:7: And the Lord said to Moses:...
    124. Deu:1:43: Duplicate verse content
       Details: Same as Gen:17:26: dummy verses inserted by amos...
    125. Deu:5:13: Duplicate verse content
       Details: Same as Exo:20:9: Six days shalt thou labour, and shalt do all thy w...
    126. Deu:5:17: Duplicate verse content
       Details: Same as Exo:20:13: Thou shalt not kill....
    127. Jos:18:22: Duplicate verse content
       Details: Same as Gen:17:26: dummy verses inserted by amos...
    128. Jdg:2:23: Duplicate verse content
       Details: Same as Gen:17:26: dummy verses inserted by amos...
    129. Jdg:2:24: Duplicate verse content
       Details: Same as Gen:17:26: dummy verses inserted by amos...
    130. Jdg:2:25: Duplicate verse content
       Details: Same as Gen:17:26: dummy verses inserted by amos...
    131. Jdg:2:26: Duplicate verse content
       Details: Same as Gen:17:26: dummy verses inserted by amos...
    132. Jdg:2:27: Duplicate verse content
       Details: Same as Gen:17:26: dummy verses inserted by amos...
    133. Jdg:2:28: Duplicate verse content
       Details: Same as Gen:17:26: dummy verses inserted by amos...
    134. Jdg:6:11: Duplicate verse content
       Details: Same as Gen:17:26: dummy verses inserted by amos...
    135. 2Sa:5:11: Duplicate verse content
       Details: Same as Gen:17:26: dummy verses inserted by amos...
    136. 1Ki:6:25: Duplicate verse content
       Details: Same as Gen:17:26: dummy verses inserted by amos...
    137. 1Ki:21:28: Duplicate verse content
       Details: Same as 1Ki:21:17: And the word of the Lord came to Elias the Thesbit...
    138. 2Ki:15:28: Duplicate verse content
       Details: Same as 2Ki:15:24: And he did that which was evil before the Lord: he...
    139. 1Ch:1:14: Duplicate verse content
       Details: Same as Gen:10:16: And the Jebusite, and the Amorrhite, and the Gerge...
    140. 1Ch:1:52: Duplicate verse content
       Details: Same as Gen:36:41: Duke Oolibama, duke Ela, duke Phinon,...
    141. 2Ch:18:27: Duplicate verse content
       Details: Same as 1Ki:22:28: And Micheas said: If thou return in peace, the Lor...
    142. Neh:7:9: Duplicate verse content
       Details: Same as Ezr:2:4: The children of Sephatia, three hundred seventy-tw...
    143. Neh:7:14: Duplicate verse content
       Details: Same as Ezr:2:9: The children of Zachai, seven hundred sixty....
    144. Neh:7:27: Duplicate verse content
       Details: Same as Ezr:2:23: The men of Anathoth, a hundred twenty-eight....
    145. Neh:7:31: Duplicate verse content
       Details: Same as Ezr:2:27: The men of Machmas, a hundred twenty-two....
    146. Neh:7:53: Duplicate verse content
       Details: Same as Ezr:2:51: The children of Bacbuc, the children of Hacupha, t...
    147. Neh:7:55: Duplicate verse content
       Details: Same as Ezr:2:53: The children of Bercos, the children of Sisara, th...
    148. Neh:7:56: Duplicate verse content
       Details: Same as Ezr:2:54: The children of Nasia, the children of Hatipha,...
    149. Neh:7:60: Duplicate verse content
       Details: Same as Ezr:2:58: All the Nathinites, and the children of the servan...
    150. Job:20:1: Duplicate verse content
       Details: Same as Job:11:1: Then Sophar the Naamathite answered, and said:...
    151. Job:21:1: Duplicate verse content
       Details: Same as Job:16:1: Then Job answered, and said:...
    152. Job:22:1: Duplicate verse content
       Details: Same as Job:4:1: Then Eliphaz the Themanite answered, and said:...
    153. Job:23:1: Duplicate verse content
       Details: Same as Job:16:1: Then Job answered, and said:...
    154. Job:26:1: Duplicate verse content
       Details: Same as Job:16:1: Then Job answered, and said:...
    155. Job:29:1: Duplicate verse content
       Details: Same as Job:27:1: Job also added, taking up his parable, and said:...
    156. Job:32:19: Duplicate verse content
       Details: Same as Gen:17:26: dummy verses inserted by amos...
    157. Job:42:1: Duplicate verse content
       Details: Same as Job:39:33: Then Job answered the Lord, and said :...
    158. Psa:18:10: Duplicate verse content
       Details: Same as 2Sa:22:10: He bowed the heavens, and came down: and darkness ...
    159. Psa:19:1: Duplicate verse content
       Details: Same as Psa:11:1: Unto the end. A psalm for David....
    160. Psa:20:1: Duplicate verse content
       Details: Same as Psa:11:1: Unto the end. A psalm for David....
    161. Psa:21:1: Duplicate verse content
       Details: Same as Psa:11:1: Unto the end. A psalm for David....
    162. Psa:24:9: Duplicate verse content
       Details: Same as Psa:24:7: Lift up your gates, O ye princes, and be ye lifted...
    163. Psa:41:1: Duplicate verse content
       Details: Same as Psa:40:1: Unto the end, a psalm for David himself....
    164. Psa:46:12: Duplicate verse content
       Details: Same as Psa:46:8: The Lord of armies is with us: the God of Jacob is...
    165. Psa:55:1: Duplicate verse content
       Details: Same as Psa:54:1: Unto the end, in verses, understanding for David....
    166. Psa:73:6: Duplicate verse content
       Details: Same as Gen:17:26: dummy verses inserted by amos...
    167. Psa:96:3: Duplicate verse content
       Details: Same as 1Ch:16:24: Declare his glory among the Gentiles: his wonders ...
    168. Psa:105:7: Duplicate verse content
       Details: Same as 1Ch:16:14: He is the Lord our God: his judgments are in all t...
    169. Psa:107:21: Duplicate verse content
       Details: Same as Psa:107:8: Let the mercies of the Lord give glory to him: and...
    170. Psa:107:31: Duplicate verse content
       Details: Same as Psa:107:15: Let the mercies of the Lord give glory to him, and...
    171. Psa:108:11: Duplicate verse content
       Details: Same as Psa:60:11: Who will bring me into the strong city? who will l...
    172. Psa:109:1: Duplicate verse content
       Details: Same as Psa:64:1: Unto the end, a psalm for David....
    173. Psa:116:2: Duplicate verse content
       Details: Same as Gen:17:26: dummy verses inserted by amos...
    174. Psa:116:3: Duplicate verse content
       Details: Same as Gen:17:26: dummy verses inserted by amos...
    175. Psa:116:4: Duplicate verse content
       Details: Same as Gen:17:26: dummy verses inserted by amos...
    176. Psa:116:5: Duplicate verse content
       Details: Same as Gen:17:26: dummy verses inserted by amos...
    177. Psa:116:6: Duplicate verse content
       Details: Same as Gen:17:26: dummy verses inserted by amos...
    178. Psa:116:7: Duplicate verse content
       Details: Same as Gen:17:26: dummy verses inserted by amos...
    179. Psa:116:8: Duplicate verse content
       Details: Same as Gen:17:26: dummy verses inserted by amos...
    180. Psa:116:9: Duplicate verse content
       Details: Same as Gen:17:26: dummy verses inserted by amos...
    181. Psa:116:10: Duplicate verse content
       Details: Same as Gen:17:26: dummy verses inserted by amos...
    182. Psa:141:1: Duplicate verse content
       Details: Same as Psa:64:1: Unto the end, a psalm for David....
    183. Psa:149:2: Duplicate verse content
       Details: Same as Gen:17:26: dummy verses inserted by amos...
    184. Psa:149:3: Duplicate verse content
       Details: Same as Gen:17:26: dummy verses inserted by amos...
    185. Psa:149:4: Duplicate verse content
       Details: Same as Gen:17:26: dummy verses inserted by amos...
    186. Psa:149:5: Duplicate verse content
       Details: Same as Gen:17:26: dummy verses inserted by amos...
    187. Psa:149:6: Duplicate verse content
       Details: Same as Gen:17:26: dummy verses inserted by amos...
    188. Psa:149:7: Duplicate verse content
       Details: Same as Gen:17:26: dummy verses inserted by amos...
    189. Psa:149:8: Duplicate verse content
       Details: Same as Gen:17:26: dummy verses inserted by amos...
    190. Psa:149:9: Duplicate verse content
       Details: Same as Gen:17:26: dummy verses inserted by amos...
    191. Psa:149:10: Duplicate verse content
       Details: Same as Gen:17:26: dummy verses inserted by amos...
    192. Psa:149:11: Duplicate verse content
       Details: Same as Gen:17:26: dummy verses inserted by amos...
    193. Psa:149:12: Duplicate verse content
       Details: Same as Gen:17:26: dummy verses inserted by amos...
    194. Isa:5:2: Duplicate verse content
       Details: Same as Gen:17:26: dummy verses inserted by amos...
    195. Isa:5:3: Duplicate verse content
       Details: Same as Gen:17:26: dummy verses inserted by amos...
    196. Isa:5:4: Duplicate verse content
       Details: Same as Gen:17:26: dummy verses inserted by amos...
    197. Isa:5:5: Duplicate verse content
       Details: Same as Gen:17:26: dummy verses inserted by amos...
    198. Isa:5:6: Duplicate verse content
       Details: Same as Gen:17:26: dummy verses inserted by amos...
    199. Isa:5:7: Duplicate verse content
       Details: Same as Gen:17:26: dummy verses inserted by amos...
    200. Isa:5:8: Duplicate verse content
       Details: Same as Gen:17:26: dummy verses inserted by amos...
    201. Isa:5:9: Duplicate verse content
       Details: Same as Gen:17:26: dummy verses inserted by amos...
    202. Isa:5:10: Duplicate verse content
       Details: Same as Gen:17:26: dummy verses inserted by amos...
    203. Isa:22:25: Duplicate verse content
       Details: Same as Gen:17:26: dummy verses inserted by amos...
    204. Isa:25:2: Duplicate verse content
       Details: Same as Gen:17:26: dummy verses inserted by amos...
    205. Isa:25:3: Duplicate verse content
       Details: Same as Gen:17:26: dummy verses inserted by amos...
    206. Isa:25:4: Duplicate verse content
       Details: Same as Gen:17:26: dummy verses inserted by amos...
    207. Isa:25:5: Duplicate verse content
       Details: Same as Gen:17:26: dummy verses inserted by amos...
    208. Isa:25:6: Duplicate verse content
       Details: Same as Gen:17:26: dummy verses inserted by amos...
    209. Isa:25:7: Duplicate verse content
       Details: Same as Gen:17:26: dummy verses inserted by amos...
    210. Isa:25:8: Duplicate verse content
       Details: Same as Gen:17:26: dummy verses inserted by amos...
    211. Isa:25:9: Duplicate verse content
       Details: Same as Gen:17:26: dummy verses inserted by amos...
    212. Isa:25:10: Duplicate verse content
       Details: Same as Gen:17:26: dummy verses inserted by amos...
    213. Isa:36:13: Duplicate verse content
       Details: Same as 2Ki:18:28: Then Rabsaces stood, and cried out with a loud voi...
    214. Isa:37:33: Duplicate verse content
       Details: Same as 2Ki:19:32: Wherefore thus saith the Lord concerning the king ...
    215. Jer:2:1: Duplicate verse content
       Details: Same as Jer:1:4: And the word of the Lord came to me, saying:...
    216. Jer:13:8: Duplicate verse content
       Details: Same as Jer:1:4: And the word of the Lord came to me, saying:...
    217. Jer:16:1: Duplicate verse content
       Details: Same as Jer:1:4: And the word of the Lord came to me, saying:...
    218. Jer:21:13: Duplicate verse content
       Details: Same as Gen:17:26: dummy verses inserted by amos...
    219. Jer:24:4: Duplicate verse content
       Details: Same as Jer:1:4: And the word of the Lord came to me, saying:...
    220. Jer:31:32: Duplicate verse content
       Details: Same as Gen:17:26: dummy verses inserted by amos...
    221. Jer:32:26: Duplicate verse content
       Details: Same as Jer:29:30: And the word of the Lord came to Jeremias, saying:...
    222. Jer:33:19: Duplicate verse content
       Details: Same as Jer:29:30: And the word of the Lord came to Jeremias, saying:...
    223. Jer:33:23: Duplicate verse content
       Details: Same as Jer:29:30: And the word of the Lord came to Jeremias, saying:...
    224. Jer:35:12: Duplicate verse content
       Details: Same as Jer:29:30: And the word of the Lord came to Jeremias, saying:...
    225. Eze:6:1: Duplicate verse content
       Details: Same as Jer:1:4: And the word of the Lord came to me, saying:...
    226. Eze:7:1: Duplicate verse content
       Details: Same as Jer:1:4: And the word of the Lord came to me, saying:...
    227. Eze:11:14: Duplicate verse content
       Details: Same as Jer:1:4: And the word of the Lord came to me, saying:...
    228. Eze:12:1: Duplicate verse content
       Details: Same as Jer:1:4: And the word of the Lord came to me, saying:...
    229. Eze:12:17: Duplicate verse content
       Details: Same as Jer:1:4: And the word of the Lord came to me, saying:...
    230. Eze:12:21: Duplicate verse content
       Details: Same as Jer:1:4: And the word of the Lord came to me, saying:...
    231. Eze:12:26: Duplicate verse content
       Details: Same as Jer:1:4: And the word of the Lord came to me, saying:...
    232. Eze:13:1: Duplicate verse content
       Details: Same as Jer:1:4: And the word of the Lord came to me, saying:...
    233. Eze:14:2: Duplicate verse content
       Details: Same as Jer:1:4: And the word of the Lord came to me, saying:...
    234. Eze:14:12: Duplicate verse content
       Details: Same as Jer:1:4: And the word of the Lord came to me, saying:...
    235. Eze:15:1: Duplicate verse content
       Details: Same as Jer:1:4: And the word of the Lord came to me, saying:...
    236. Eze:16:1: Duplicate verse content
       Details: Same as Jer:1:4: And the word of the Lord came to me, saying:...
    237. Eze:17:1: Duplicate verse content
       Details: Same as Jer:1:4: And the word of the Lord came to me, saying:...
    238. Eze:17:11: Duplicate verse content
       Details: Same as Jer:1:4: And the word of the Lord came to me, saying:...
    239. Eze:20:2: Duplicate verse content
       Details: Same as Jer:1:4: And the word of the Lord came to me, saying:...
    240. Eze:21:1: Duplicate verse content
       Details: Same as Jer:1:4: And the word of the Lord came to me, saying:...
    241. Eze:21:8: Duplicate verse content
       Details: Same as Jer:1:4: And the word of the Lord came to me, saying:...
    242. Eze:21:18: Duplicate verse content
       Details: Same as Jer:1:4: And the word of the Lord came to me, saying:...
    243. Eze:22:1: Duplicate verse content
       Details: Same as Jer:1:4: And the word of the Lord came to me, saying:...
    244. Eze:22:17: Duplicate verse content
       Details: Same as Jer:1:4: And the word of the Lord came to me, saying:...
    245. Eze:22:23: Duplicate verse content
       Details: Same as Jer:1:4: And the word of the Lord came to me, saying:...
    246. Eze:23:2: Duplicate verse content
       Details: Same as Gen:17:26: dummy verses inserted by amos...
    247. Eze:24:15: Duplicate verse content
       Details: Same as Jer:1:4: And the word of the Lord came to me, saying:...
    248. Eze:25:1: Duplicate verse content
       Details: Same as Jer:1:4: And the word of the Lord came to me, saying:...
    249. Eze:27:1: Duplicate verse content
       Details: Same as Jer:1:4: And the word of the Lord came to me, saying:...
    250. Eze:28:1: Duplicate verse content
       Details: Same as Jer:1:4: And the word of the Lord came to me, saying:...
    251. Eze:28:20: Duplicate verse content
       Details: Same as Jer:1:4: And the word of the Lord came to me, saying:...
    252. Eze:30:1: Duplicate verse content
       Details: Same as Jer:1:4: And the word of the Lord came to me, saying:...
    253. Eze:33:1: Duplicate verse content
       Details: Same as Jer:1:4: And the word of the Lord came to me, saying:...
    254. Eze:33:23: Duplicate verse content
       Details: Same as Jer:1:4: And the word of the Lord came to me, saying:...
    255. Eze:34:1: Duplicate verse content
       Details: Same as Jer:1:4: And the word of the Lord came to me, saying:...
    256. Eze:34:9: Duplicate verse content
       Details: Same as Eze:34:7: Therefore, ye shepherds, hear the word of the Lord...
    257. Eze:35:1: Duplicate verse content
       Details: Same as Jer:1:4: And the word of the Lord came to me, saying:...
    258. Eze:36:16: Duplicate verse content
       Details: Same as Jer:1:4: And the word of the Lord came to me, saying:...
    259. Eze:37:15: Duplicate verse content
       Details: Same as Jer:1:4: And the word of the Lord came to me, saying:...
    260. Eze:38:1: Duplicate verse content
       Details: Same as Jer:1:4: And the word of the Lord came to me, saying:...
    261. Mic:6:5: Duplicate verse content
       Details: Same as Gen:17:26: dummy verses inserted by amos...
    262. Zec:4:8: Duplicate verse content
       Details: Same as Jer:1:4: And the word of the Lord came to me, saying:...
    263. Zec:6:9: Duplicate verse content
       Details: Same as Eze:20:45: And the word of the Lord came to me, saying :...
    264. Zec:8:1: Duplicate verse content
       Details: Same as Zec:7:4: And the word of the Lord of hosts came to me, sayi...
    265. Zec:8:18: Duplicate verse content
       Details: Same as Zec:7:4: And the word of the Lord of hosts came to me, sayi...
    266. Mat:12:43: Duplicate verse content
       Details: Same as Gen:17:26: dummy verses inserted by amos...
    267. Mat:13:9: Duplicate verse content
       Details: Same as Mat:11:15: He that hath ears to hear, let him hear....
    268. Mat:13:50: Duplicate verse content
       Details: Same as Mat:13:42: And shall cast them into the furnace of fire: ther...
    269. Mar:7:16: Duplicate verse content
       Details: Same as Mar:4:23: If any man have ears to hear, let him hear....
    270. Mar:13:17: Duplicate verse content
       Details: Same as Mat:24:19: And woe to them that are with child, and that give...
    271. Mar:14:28: Duplicate verse content
       Details: Same as Mat:26:32: But after I shall be risen again, I will go before...
    272. Joh:4:17: Duplicate verse content
       Details: Same as Gen:17:26: dummy verses inserted by amos...
    273. Joh:15:2: Duplicate verse content
       Details: Same as Gen:17:26: dummy verses inserted by amos...
    274. Joh:15:3: Duplicate verse content
       Details: Same as Gen:17:26: dummy verses inserted by amos...
    275. Joh:15:4: Duplicate verse content
       Details: Same as Gen:17:26: dummy verses inserted by amos...
    276. Joh:15:5: Duplicate verse content
       Details: Same as Gen:17:26: dummy verses inserted by amos...
    277. Joh:15:6: Duplicate verse content
       Details: Same as Gen:17:26: dummy verses inserted by amos...
    278. Joh:15:7: Duplicate verse content
       Details: Same as Gen:17:26: dummy verses inserted by amos...
    279. Joh:15:8: Duplicate verse content
       Details: Same as Gen:17:26: dummy verses inserted by amos...
    280. Joh:15:9: Duplicate verse content
       Details: Same as Gen:17:26: dummy verses inserted by amos...
    281. Joh:15:10: Duplicate verse content
       Details: Same as Gen:17:26: dummy verses inserted by amos...
    282. Rom:9:2: Duplicate verse content
       Details: Same as Gen:17:26: dummy verses inserted by amos...
    283. Rom:9:3: Duplicate verse content
       Details: Same as Gen:17:26: dummy verses inserted by amos...
    284. Rom:9:4: Duplicate verse content
       Details: Same as Gen:17:26: dummy verses inserted by amos...
    285. Rom:9:5: Duplicate verse content
       Details: Same as Gen:17:26: dummy verses inserted by amos...
    286. Rom:9:6: Duplicate verse content
       Details: Same as Gen:17:26: dummy verses inserted by amos...
    287. Rom:9:7: Duplicate verse content
       Details: Same as Gen:17:26: dummy verses inserted by amos...
    288. Rom:9:8: Duplicate verse content
       Details: Same as Gen:17:26: dummy verses inserted by amos...
    289. Rom:9:9: Duplicate verse content
       Details: Same as Gen:17:26: dummy verses inserted by amos...
    290. Rom:9:10: Duplicate verse content
       Details: Same as Gen:17:26: dummy verses inserted by amos...
    291. Rom:11:2: Duplicate verse content
       Details: Same as Gen:17:26: dummy verses inserted by amos...
    292. Rom:11:3: Duplicate verse content
       Details: Same as Gen:17:26: dummy verses inserted by amos...
    293. Rom:11:4: Duplicate verse content
       Details: Same as Gen:17:26: dummy verses inserted by amos...
    294. Rom:11:5: Duplicate verse content
       Details: Same as Gen:17:26: dummy verses inserted by amos...
    295. Rom:11:6: Duplicate verse content
       Details: Same as Gen:17:26: dummy verses inserted by amos...
    296. Rom:11:7: Duplicate verse content
       Details: Same as Gen:17:26: dummy verses inserted by amos...
    297. Rom:11:8: Duplicate verse content
       Details: Same as Gen:17:26: dummy verses inserted by amos...
    298. Rom:11:9: Duplicate verse content
       Details: Same as Gen:17:26: dummy verses inserted by amos...
    299. Rom:11:10: Duplicate verse content
       Details: Same as Gen:17:26: dummy verses inserted by amos...
    300. 1Th:2:7: Duplicate verse content
       Details: Same as Gen:17:26: dummy verses inserted by amos...
    301. 1Th:5:6: Duplicate verse content
       Details: Same as Gen:17:26: dummy verses inserted by amos...
    302. 2Th:3:18: Duplicate verse content
       Details: Same as Rom:16:24: The grace of our Lord Jesus Christ be with you all...
    303. Phm:1:25: Duplicate verse content
       Details: Same as Phi:4:23: The grace of our Lord Jesus Christ be with your sp...
    304. Heb:1:9: Duplicate verse content
       Details: Same as Psa:45:8: Thou hast loved justice, and hated iniquity: there...
    305. Heb:11:15: Duplicate verse content
       Details: Same as Gen:17:26: dummy verses inserted by amos...
    306. Rev:3:6: Duplicate verse content
       Details: Same as Rev:2:29: He that hath an ear, let him hear what the Spirit ...
    307. Rev:3:13: Duplicate verse content
       Details: Same as Rev:2:29: He that hath an ear, let him hear what the Spirit ...
    308. Rev:3:22: Duplicate verse content
       Details: Same as Rev:2:29: He that hath an ear, let him hear what the Spirit ...
    309. Rev:22:21: Duplicate verse content
       Details: Same as Rom:16:24: The grace of our Lord Jesus Christ be with you all...
    310. Gen:19:9: Contains numeric characters
       Details: Found numbers in: But they said: Get thee back thither. And again: T...
    311. Gen:49:11: Contains numeric characters
       Details: Found numbers in: Tying his foal to the vineyard, and his ass, 0 my ...
    312. Gen:49:20: Contains numeric characters
       Details: Found numbers in: I will look for thy salvation, 0 Lord....
    313. Deu:7:11: Contains numeric characters
       Details: Found numbers in: ,11 Keep therefore the precepts and ceremonies and...
    314. Deu:9:26: Contains numeric characters
       Details: Found numbers in: And praying, I said: 0 Lord God, destroy not thy p...
    315. Deu:19:21: Contains numeric characters
       Details: Found numbers in: ,21Thou shalt not pity him, but shalt require life...
    316. Deu:29:11: Contains numeric characters
       Details: Found numbers in: , 11Your children and your wives, and the stranger...
    317. Jos:18:27: Contains numeric characters
       Details: Found numbers in: ,26And Mesphe, and Caphara, and Amosa,...
    318. Jos:21:31: Contains numeric characters
       Details: Found numbers in: ,31And Helcath, and Rohob, with their suburbs, fou...
    319. Jos:23:11: Contains numeric characters
       Details: Found numbers in: ,11This only take care of with all diligence, that...
    320. Jos:24:31: Contains numeric characters
       Details: Found numbers in: ,31And Israel served the Lord all the days of Josu...
    321. 1Ki:4:11: Contains numeric characters
       Details: Found numbers in: ,11Benabinadab, to whom belonged all Nephath-Dor, ...
    322. 1Ki:9:11: Contains numeric characters
       Details: Found numbers in: 11(Hiram the king of Tyre furnishing Solomon with ...
    323. 1Ki:11:31: Contains numeric characters
       Details: Found numbers in: ,31And he said to Jeroboam: Take to thee ten piece...
    324. 1Ki:17:21: Contains numeric characters
       Details: Found numbers in: And he stretched, and measured himself upon the ch...
    325. 1Ki:20:4: Contains numeric characters
       Details: Found numbers in: And the king of Israel answered: According to thy ...
    326. 2Ki:5:21: Contains numeric characters
       Details: Found numbers in: ,21And Giezi followed after Naaman: and when he sa...
    327. 1Ch:1:53: Contains numeric characters
       Details: Found numbers in: ,53Duke Cenez, duke Theman, duke Mabsar,...
    328. 1Ch:7:31: Contains numeric characters
       Details: Found numbers in: ,31And the sons of Baria: Haber, and Melchiel: he ...
    329. 1Ch:8:17: Contains numeric characters
       Details: Found numbers in: ,17And Zabadia, and Mosollam, and Hezeci, and Hebe...
    330. 1Ch:11:41: Contains numeric characters
       Details: Found numbers in: ,41Urias a Hethite, Zabad the son of Oholi,...
    331. 1Ch:25:11: Contains numeric characters
       Details: Found numbers in: ,11The fourth to Isari, to his sons and his brethr...
    332. 1Ch:25:31: Contains numeric characters
       Details: Found numbers in: ,31The four and twentieth to Romemthiezer, to his ...
    333. 2Ch:23:21: Contains numeric characters
       Details: Found numbers in: ,21And all the people of the land rejoiced, and th...
    334. 2Ch:34:21: Contains numeric characters
       Details: Found numbers in: ,21Go, and pray to the Lord for me, and for the re...
    335. Ezr:6:19: Contains numeric characters
       Details: Found numbers in: And the children of Israel of the captivity kept t...
    336. Neh:1:5: Contains numeric characters
       Details: Found numbers in: And I said: WI beseech thee, 0 Lord God of heaven,...
    337. Neh:3:11: Contains numeric characters
       Details: Found numbers in: ,11Melchias the son of Herem, and Ha- sub the son ...
    338. Neh:7:41: Contains numeric characters
       Details: Found numbers in: ,41The children of Phashur, one thousand two hundr...
    339. Est:4:11: Contains numeric characters
       Details: Found numbers in: ,11All the king's servants, and all the provinces ...
    340. Est:8:9: Verse too long (525 chars)
       Details: Text: Then the king's scribes and secretaries were called for (now it was the time of the third month whic...
    341. Est:9:15: Contains numeric characters
       Details: Found numbers in: ,15And on the fourteenth day of the month Adar the...
    342. Est:9:21: Contains numeric characters
       Details: Found numbers in: ,21That they should receive the fourteenth and fif...
    343. Psa:7:1: Contains numeric characters
       Details: Found numbers in: The psalm of David which he sung to the Lord for t...
    344. Psa:18:1: Contains numeric characters
       Details: Found numbers in: Unto the end, for David the servant of the Lord, w...
    345. Psa:34:1: Contains numeric characters
       Details: Found numbers in: For David, when he changed his countenance before ...
    346. Psa:143:1: Contains numeric characters
       Details: Found numbers in: Of understanding for David. A prayer when he was i...
    347. Pro:8:11: Contains numeric characters
       Details: Found numbers in: ,11For wisdom is better than all the most precious...
    348. Pro:13:21: Contains numeric characters
       Details: Found numbers in: ,21Evil pursueth sinners: and to the just good sha...
    349. Isa:2:21: Contains numeric characters
       Details: Found numbers in: ,21And he shall go into the clefts of rocks, and i...
    350. Isa:14:11: Contains numeric characters
       Details: Found numbers in: ,11Thy pride is brought down to hell, thy carcass ...
    351. Jer:31:4: Contains numeric characters
       Details: Found numbers in: And I will build thee again, and thou shalt be bui...
    352. Jer:32:17: Contains numeric characters
       Details: Found numbers in: Alas, alas, alas, 0 Lord God, behold thou hast mad...
    353. Eze:16:41: Contains numeric characters
       Details: Found numbers in: ,41And they shall burn thy houses with fire, and s...
    354. Eze:21:12: Contains numeric characters
       Details: Found numbers in: Cry, and howl, 0 son of man, for this sword is upo...
    355. Eze:44:6: Contains numeric characters
       Details: Found numbers in: And thou shalt say to the house of Israel that pro...
    356. Hos:13:9: Contains numeric characters
       Details: Found numbers in: Destruction is thy own, 0 Israel: thy help is only...
    357. Joe:1:19: Contains numeric characters
       Details: Found numbers in: To thee, 0 Lord, will I cry: because fire hath dev...
    358. Zec:11:1: Contains numeric characters
       Details: Found numbers in: Open thy gates, 0 Libanus, and let fire devour thy...
    359. Joh:4:16: Contains numeric characters
       Details: Found numbers in: Jesus saith to her: Go, call thy husband, and come...
    360. 1Th:2:6: Contains numeric characters
       Details: Found numbers in: Nor sought we glory of men, neither of you, nor of...
    361. 1Th:5:5: Contains numeric characters
       Details: Found numbers in: For all you are the children of light, and childre...
    362. Heb:11:14: Contains numeric characters
       Details: Found numbers in: For they that say these things, do signify that th...


  SEQUENCE (25):
    1. Gen:18: Missing verses
       Details: Missing: [2]
    2. Gen:20: Missing verses
       Details: Missing: [17]
    3. Gen:38: Missing verses
       Details: Missing: [17, 28]
    4. Gen:39: Missing verses
       Details: Missing: [9, 19]
    5. Gen:40: Missing verses
       Details: Missing: [17]
    6. Gen:41: Missing verses
       Details: Missing: [7]
    7. Gen:49: Missing verses
       Details: Missing: [17, 29]
    8. Exo:28: Missing verses
       Details: Missing: [43]
    9. Num:7: Missing verses
       Details: Missing: [4, 5]
    10. Deu:1: Missing verses
       Details: Missing: [5]
    11. Deu:11: Missing verses
       Details: Missing: [7]
    12. Deu:26: Missing verses
       Details: Missing: [8]
    13. Jos:2: Missing verses
       Details: Missing: [9]
    14. Jos:18: Missing verses
       Details: Missing: [3]
    15. Jdg:6: Missing verses
       Details: Missing: [2]
    16. 2Sa:5: Missing verses
       Details: Missing: [2]
    17. 1Ki:6: Missing verses
       Details: Missing: [27]
    18. 1Ch:21: Missing verses
       Details: Missing: [9]
    19. 2Ch:4: Missing verses
       Details: Missing: [2]
    20. 2Ch:30: Missing verses
       Details: Missing: [2]
    21. Psa:11: Missing verses
       Details: Missing: [3, 6, 9, 12, 15, 18, 21]
    22. Psa:55: Missing verses
       Details: Missing: [3]
    23. Jer:31: Missing verses
       Details: Missing: [34]
    24. Eze:43: Missing verses
       Details: Missing: [9]
    25. Mic:6: Missing verses
       Details: Missing: [7]


  ENCODING (5):
    1. Hab:3:1: Unusual capitalization pattern
       Details: 7/8 words are all caps
    2. Mat:27:37: Unusual capitalization pattern
       Details: 8/17 words are all caps
    3. Mar:15:26: Unusual capitalization pattern
       Details: 5/14 words are all caps
    4. Joh:19:19: Unusual capitalization pattern
       Details: 8/25 words are all caps
    5. Rev:19:16: Unusual capitalization pattern
       Details: 7/18 words are all caps

