ANOMALY DETECTION REPORT FOR EMT
Source file: EMT.json
Analysis complete
================================================================================


ERRORS (1):
----------------------------------------

  TEXT_CONTENT (1):
    1. Act:2:34: Contains invalid characters
       Details: Invalid chars: ['`'] in: "For David did not ascend into the heavens, but he...


WARNINGS (26):
----------------------------------------

  STRUCTURE (1):
    1. books: Missing expected books
       Details: Missing: ['1Ch', '1Ki', '1Sa', '2Ch', '2Ki', '2Sa', 'Amo', 'Dan', 'Deu', 'Ecc', 'Est', 'Exo', 'Eze', 'Ezr', 'Gen', 'Hab', 'Hag', 'Hos', 'Isa', 'Jdg', 'Jer', 'Job', 'Joe', 'Jon', 'Jos', 'Lam', 'Lev', 'Mal', 'Mic', 'Nah', 'Neh', 'Num', 'Oba', 'Pro', 'Psa', 'Rut', 'Son', 'Zec', 'Zep']


  TEXT_CONTENT (18):
    1. Mar:9:46: Duplicate verse content
       Details: Same as Mar:9:44: where 'Their worm does not die, and the fire is no...
    2. Mar:9:48: Duplicate verse content
       Details: Same as Mar:9:44: where 'Their worm does not die, and the fire is no...
    3. Mar:14:26: Duplicate verse content
       Details: Same as Mat:26:30: And having sung hymns, they went out to the Mount ...
    4. Luk:6:41: Duplicate verse content
       Details: Same as Mat:7:3: And why do you look at the speck in your brother's...
    5. Luk:11:23: Duplicate verse content
       Details: Same as Mat:12:30: He who is not with Me is against Me, and he who do...
    6. Luk:12:34: Duplicate verse content
       Details: Same as Mat:6:21: For where your treasure is, there your heart will ...
    7. Luk:20:32: Duplicate verse content
       Details: Same as Mat:22:27: Last of all the woman died also....
    8. Luk:21:33: Duplicate verse content
       Details: Same as Mat:24:35: Heaven and earth shall pass away, but My words sha...
    9. 2Co:1:2: Duplicate verse content
       Details: Same as 1Co:1:3: Grace to you and peace from God our Father and the...
    10. Eph:1:2: Duplicate verse content
       Details: Same as 1Co:1:3: Grace to you and peace from God our Father and the...
    11. 2Th:1:2: Duplicate verse content
       Details: Same as Phi:1:2: Grace to you and peace from God our Father and [th...
    12. 2Th:3:18: Duplicate verse content
       Details: Same as Rom:16:24: The grace of our Lord Jesus Christ be with you all...
    13. Phm:1:3: Duplicate verse content
       Details: Same as 1Co:1:3: Grace to you and peace from God our Father and the...
    14. Rev:3:13: Duplicate verse content
       Details: Same as Rev:3:6: He who has an ear, let him hear what the Spirit sa...
    15. Rom:16:25: Contains numeric characters
       Details: Found numbers in: (15:24) Now to Him who is able to establish you ac...
    16. Rom:16:26: Contains numeric characters
       Details: Found numbers in: (15:25) but now made manifest, and by the propheti...
    17. Rom:16:27: Contains numeric characters
       Details: Found numbers in: (15:26) To the only wise God, through Jesus Christ...
    18. Rev:13:18: Contains numeric characters
       Details: Found numbers in: Here is wisdom. Let him that has understanding cal...


  ENCODING (7):
    1. Mat:27:37: Unusual capitalization pattern
       Details: 8/22 words are all caps
    2. Mar:1:1: Unusual capitalization pattern
       Details: 12/13 words are all caps
    3. Mar:15:26: Unusual capitalization pattern
       Details: 5/16 words are all caps
    4. Luk:23:38: Unusual capitalization pattern
       Details: 7/21 words are all caps
    5. Joh:19:19: Unusual capitalization pattern
       Details: 8/24 words are all caps
    6. Rev:17:5: Unusual capitalization pattern
       Details: 15/23 words are all caps
    7. Rev:19:16: Unusual capitalization pattern
       Details: 7/22 words are all caps

