ANOMALY DETECTION REPORT FOR JPS
Source file: JPS.json
Analysis complete
================================================================================


WARNINGS (393):
----------------------------------------

  STRUCTURE (1):
    1. books: Missing expected books
       Details: Missing: ['1Co', '1Jo', '1Pe', '1Th', '1Ti', '2Co', '2Jo', '2Pe', '2Th', '2Ti', '3Jo', 'Act', 'Col', 'Eph', 'Gal', 'Heb', 'Jas', 'Jde', 'Joh', 'Luk', 'Mar', 'Mat', 'Phi', 'Phm', 'Rev', 'Rom', 'Tit']


  TEXT_CONTENT (389):
    1. Exo:13:1: Duplicate verse content
       Details: Same as Exo:6:10: And the LORD spoke unto Moses, saying:...
    2. Exo:14:1: Duplicate verse content
       Details: Same as Exo:6:10: And the LORD spoke unto Moses, saying:...
    3. Exo:16:11: Duplicate verse content
       Details: Same as Exo:6:10: And the LORD spoke unto Moses, saying:...
    4. Exo:25:1: Duplicate verse content
       Details: Same as Exo:6:10: And the LORD spoke unto Moses, saying:...
    5. Exo:30:11: Duplicate verse content
       Details: Same as Exo:6:10: And the LORD spoke unto Moses, saying:...
    6. Exo:30:17: Duplicate verse content
       Details: Same as Exo:6:10: And the LORD spoke unto Moses, saying:...
    7. Exo:31:1: Duplicate verse content
       Details: Same as Exo:6:10: And the LORD spoke unto Moses, saying:...
    8. Exo:31:12: Duplicate verse content
       Details: Same as Exo:6:10: And the LORD spoke unto Moses, saying:...
    9. Exo:35:6: Duplicate verse content
       Details: Same as Exo:25:4: and blue, and purple, and scarlet, and fine linen,...
    10. Exo:35:7: Duplicate verse content
       Details: Same as Exo:25:5: and rams' skins dyed red, and sealskins, and acaci...
    11. Exo:36:26: Duplicate verse content
       Details: Same as Exo:26:21: and their forty sockets of silver: two sockets und...
    12. Exo:40:1: Duplicate verse content
       Details: Same as Exo:6:10: And the LORD spoke unto Moses, saying:...
    13. Exo:40:14: Duplicate verse content
       Details: Same as Exo:29:8: And thou shalt bring his sons, and put tunics upon...
    14. Lev:2:10: Duplicate verse content
       Details: Same as Lev:2:3: But that which is left of the meal-offering shall ...
    15. Lev:3:15: Duplicate verse content
       Details: Same as Lev:3:10: and the two kidneys, and the fat that is upon them...
    16. Lev:4:1: Duplicate verse content
       Details: Same as Exo:6:10: And the LORD spoke unto Moses, saying:...
    17. Lev:5:14: Duplicate verse content
       Details: Same as Exo:6:10: And the LORD spoke unto Moses, saying:...
    18. Lev:6:1: Duplicate verse content
       Details: Same as Exo:6:10: And the LORD spoke unto Moses, saying:...
    19. Lev:6:8: Duplicate verse content
       Details: Same as Exo:6:10: And the LORD spoke unto Moses, saying:...
    20. Lev:6:19: Duplicate verse content
       Details: Same as Exo:6:10: And the LORD spoke unto Moses, saying:...
    21. Lev:6:24: Duplicate verse content
       Details: Same as Exo:6:10: And the LORD spoke unto Moses, saying:...
    22. Lev:7:22: Duplicate verse content
       Details: Same as Exo:6:10: And the LORD spoke unto Moses, saying:...
    23. Lev:7:28: Duplicate verse content
       Details: Same as Exo:6:10: And the LORD spoke unto Moses, saying:...
    24. Lev:8:1: Duplicate verse content
       Details: Same as Exo:6:10: And the LORD spoke unto Moses, saying:...
    25. Lev:12:1: Duplicate verse content
       Details: Same as Exo:6:10: And the LORD spoke unto Moses, saying:...
    26. Lev:13:1: Duplicate verse content
       Details: Same as Exo:7:8: And the LORD spoke unto Moses and unto Aaron, sayi...
    27. Lev:14:1: Duplicate verse content
       Details: Same as Exo:6:10: And the LORD spoke unto Moses, saying:...
    28. Lev:14:33: Duplicate verse content
       Details: Same as Exo:7:8: And the LORD spoke unto Moses and unto Aaron, sayi...
    29. Lev:17:1: Duplicate verse content
       Details: Same as Exo:6:10: And the LORD spoke unto Moses, saying:...
    30. Lev:18:1: Duplicate verse content
       Details: Same as Exo:6:10: And the LORD spoke unto Moses, saying:...
    31. Lev:19:1: Duplicate verse content
       Details: Same as Exo:6:10: And the LORD spoke unto Moses, saying:...
    32. Lev:20:1: Duplicate verse content
       Details: Same as Exo:6:10: And the LORD spoke unto Moses, saying:...
    33. Lev:21:16: Duplicate verse content
       Details: Same as Exo:6:10: And the LORD spoke unto Moses, saying:...
    34. Lev:22:1: Duplicate verse content
       Details: Same as Exo:6:10: And the LORD spoke unto Moses, saying:...
    35. Lev:22:17: Duplicate verse content
       Details: Same as Exo:6:10: And the LORD spoke unto Moses, saying:...
    36. Lev:22:26: Duplicate verse content
       Details: Same as Exo:6:10: And the LORD spoke unto Moses, saying:...
    37. Lev:23:1: Duplicate verse content
       Details: Same as Exo:6:10: And the LORD spoke unto Moses, saying:...
    38. Lev:23:23: Duplicate verse content
       Details: Same as Exo:6:10: And the LORD spoke unto Moses, saying:...
    39. Lev:23:26: Duplicate verse content
       Details: Same as Exo:6:10: And the LORD spoke unto Moses, saying:...
    40. Lev:23:33: Duplicate verse content
       Details: Same as Exo:6:10: And the LORD spoke unto Moses, saying:...
    41. Lev:24:1: Duplicate verse content
       Details: Same as Exo:6:10: And the LORD spoke unto Moses, saying:...
    42. Lev:24:13: Duplicate verse content
       Details: Same as Exo:6:10: And the LORD spoke unto Moses, saying:...
    43. Lev:26:2: Duplicate verse content
       Details: Same as Lev:19:30: Ye shall keep My sabbaths, and reverence My sanctu...
    44. Lev:27:1: Duplicate verse content
       Details: Same as Exo:6:10: And the LORD spoke unto Moses, saying:...
    45. Num:1:48: Duplicate verse content
       Details: Same as Exo:6:10: And the LORD spoke unto Moses, saying:...
    46. Num:2:1: Duplicate verse content
       Details: Same as Exo:7:8: And the LORD spoke unto Moses and unto Aaron, sayi...
    47. Num:3:5: Duplicate verse content
       Details: Same as Exo:6:10: And the LORD spoke unto Moses, saying:...
    48. Num:3:11: Duplicate verse content
       Details: Same as Exo:6:10: And the LORD spoke unto Moses, saying:...
    49. Num:3:44: Duplicate verse content
       Details: Same as Exo:6:10: And the LORD spoke unto Moses, saying:...
    50. Num:4:1: Duplicate verse content
       Details: Same as Exo:7:8: And the LORD spoke unto Moses and unto Aaron, sayi...
    51. Num:4:17: Duplicate verse content
       Details: Same as Exo:7:8: And the LORD spoke unto Moses and unto Aaron, sayi...
    52. Num:4:21: Duplicate verse content
       Details: Same as Lev:23:9: And the LORD spoke unto Moses saying:...
    53. Num:4:43: Duplicate verse content
       Details: Same as Num:4:39: from thirty years old and upward even unto fifty y...
    54. Num:5:1: Duplicate verse content
       Details: Same as Exo:6:10: And the LORD spoke unto Moses, saying:...
    55. Num:5:5: Duplicate verse content
       Details: Same as Exo:6:10: And the LORD spoke unto Moses, saying:...
    56. Num:5:11: Duplicate verse content
       Details: Same as Exo:6:10: and the LORD spoke unto Moses, saying:...
    57. Num:6:1: Duplicate verse content
       Details: Same as Exo:6:10: And the LORD spoke unto Moses, saying:...
    58. Num:6:22: Duplicate verse content
       Details: Same as Exo:6:10: And the LORD spoke unto Moses, saying:...
    59. Num:7:4: Duplicate verse content
       Details: Same as Exo:6:10: And the LORD spoke unto Moses, saying:...
    60. Num:7:20: Duplicate verse content
       Details: Same as Num:7:14: one golden pan of ten shekels, full of incense;...
    61. Num:7:21: Duplicate verse content
       Details: Same as Num:7:15: one young bullock, one ram, one he-lamb of the fir...
    62. Num:7:22: Duplicate verse content
       Details: Same as Num:7:16: one male of the goats for a sin-offering;...
    63. Num:7:26: Duplicate verse content
       Details: Same as Num:7:14: one golden pan of ten shekels, full of incense;...
    64. Num:7:27: Duplicate verse content
       Details: Same as Num:7:15: one young bullock, one ram, one he-lamb of the fir...
    65. Num:7:28: Duplicate verse content
       Details: Same as Num:7:16: one male of the goats for a sin-offering;...
    66. Num:7:31: Duplicate verse content
       Details: Same as Num:7:25: his offering was one silver dish, the weight there...
    67. Num:7:32: Duplicate verse content
       Details: Same as Num:7:14: one golden pan of ten shekels, full of incense;...
    68. Num:7:33: Duplicate verse content
       Details: Same as Num:7:15: one young bullock, one ram, one he-lamb of the fir...
    69. Num:7:34: Duplicate verse content
       Details: Same as Num:7:16: one male of the goats for a sin-offering;...
    70. Num:7:37: Duplicate verse content
       Details: Same as Num:7:25: his offering was one silver dish, the weight there...
    71. Num:7:38: Duplicate verse content
       Details: Same as Num:7:14: one golden pan of ten shekels, full of incense;...
    72. Num:7:39: Duplicate verse content
       Details: Same as Num:7:15: one young bullock, one ram, one he-lamb of the fir...
    73. Num:7:40: Duplicate verse content
       Details: Same as Num:7:16: one male of the goats for a sin-offering;...
    74. Num:7:43: Duplicate verse content
       Details: Same as Num:7:25: his offering was one silver dish, the weight there...
    75. Num:7:44: Duplicate verse content
       Details: Same as Num:7:14: one golden pan of ten shekels, full of incense;...
    76. Num:7:45: Duplicate verse content
       Details: Same as Num:7:15: one young bullock, one ram, one he-lamb of the fir...
    77. Num:7:46: Duplicate verse content
       Details: Same as Num:7:16: one male of the goats for a sin-offering;...
    78. Num:7:49: Duplicate verse content
       Details: Same as Num:7:25: his offering was one silver dish, the weight there...
    79. Num:7:50: Duplicate verse content
       Details: Same as Num:7:14: one golden pan of ten shekels, full of incense;...
    80. Num:7:51: Duplicate verse content
       Details: Same as Num:7:15: one young bullock, one ram, one he-lamb of the fir...
    81. Num:7:52: Duplicate verse content
       Details: Same as Num:7:16: one male of the goats for a sin-offering;...
    82. Num:7:55: Duplicate verse content
       Details: Same as Num:7:25: his offering was one silver dish, the weight there...
    83. Num:7:56: Duplicate verse content
       Details: Same as Num:7:14: one golden pan of ten shekels, full of incense;...
    84. Num:7:57: Duplicate verse content
       Details: Same as Num:7:15: one young bullock, one ram, one he-lamb of the fir...
    85. Num:7:58: Duplicate verse content
       Details: Same as Num:7:16: one male of the goats for a sin-offering;...
    86. Num:7:61: Duplicate verse content
       Details: Same as Num:7:25: his offering was one silver dish, the weight there...
    87. Num:7:62: Duplicate verse content
       Details: Same as Num:7:14: one golden pan of ten shekels, full of incense;...
    88. Num:7:63: Duplicate verse content
       Details: Same as Num:7:15: one young bullock, one ram, one he-lamb of the fir...
    89. Num:7:64: Duplicate verse content
       Details: Same as Num:7:16: one male of the goats for a sin-offering;...
    90. Num:7:67: Duplicate verse content
       Details: Same as Num:7:25: his offering was one silver dish, the weight there...
    91. Num:7:68: Duplicate verse content
       Details: Same as Num:7:14: one golden pan of ten shekels, full of incense;...
    92. Num:7:69: Duplicate verse content
       Details: Same as Num:7:15: one young bullock, one ram, one he-lamb of the fir...
    93. Num:7:70: Duplicate verse content
       Details: Same as Num:7:16: one male of the goats for a sin-offering;...
    94. Num:7:73: Duplicate verse content
       Details: Same as Num:7:25: his offering was one silver dish, the weight there...
    95. Num:7:74: Duplicate verse content
       Details: Same as Num:7:14: one golden pan of ten shekels, full of incense;...
    96. Num:7:75: Duplicate verse content
       Details: Same as Num:7:15: one young bullock, one ram, one he-lamb of the fir...
    97. Num:7:76: Duplicate verse content
       Details: Same as Num:7:16: one male of the goats for a sin-offering;...
    98. Num:7:79: Duplicate verse content
       Details: Same as Num:7:25: his offering was one silver dish, the weight there...
    99. Num:7:80: Duplicate verse content
       Details: Same as Num:7:14: one golden pan of ten shekels, full of incense;...
    100. Num:7:81: Duplicate verse content
       Details: Same as Num:7:15: one young bullock, one ram, one he-lamb of the fir...
    101. Num:7:82: Duplicate verse content
       Details: Same as Num:7:16: one male of the goats for a sin-offering;...
    102. Num:8:1: Duplicate verse content
       Details: Same as Exo:6:10: And the LORD spoke unto Moses, saying:...
    103. Num:8:5: Duplicate verse content
       Details: Same as Exo:6:10: And the LORD spoke unto Moses, saying:...
    104. Num:8:23: Duplicate verse content
       Details: Same as Exo:6:10: And the LORD spoke unto Moses, saying:...
    105. Num:9:9: Duplicate verse content
       Details: Same as Exo:6:10: And the LORD spoke unto Moses, saying:...
    106. Num:10:1: Duplicate verse content
       Details: Same as Exo:6:10: And the LORD spoke unto Moses, saying:...
    107. Num:13:1: Duplicate verse content
       Details: Same as Exo:6:10: And the LORD spoke unto Moses, saying:...
    108. Num:14:26: Duplicate verse content
       Details: Same as Exo:7:8: And the LORD spoke unto Moses and unto Aaron, sayi...
    109. Num:15:1: Duplicate verse content
       Details: Same as Exo:6:10: And the LORD spoke unto Moses, saying:...
    110. Num:15:17: Duplicate verse content
       Details: Same as Exo:6:10: And the LORD spoke unto Moses, saying:...
    111. Num:15:37: Duplicate verse content
       Details: Same as Exo:6:10: And the LORD spoke unto Moses, saying:...
    112. Num:16:20: Duplicate verse content
       Details: Same as Exo:7:8: And the LORD spoke unto Moses and unto Aaron, sayi...
    113. Num:16:23: Duplicate verse content
       Details: Same as Exo:6:10: And the LORD spoke unto Moses, saying:...
    114. Num:16:36: Duplicate verse content
       Details: Same as Exo:6:10: And the LORD spoke unto Moses, saying:...
    115. Num:16:44: Duplicate verse content
       Details: Same as Exo:6:10: And the LORD spoke unto Moses, saying:...
    116. Num:17:1: Duplicate verse content
       Details: Same as Exo:6:10: And the LORD spoke unto Moses, saying:...
    117. Num:18:25: Duplicate verse content
       Details: Same as Exo:6:10: And the LORD spoke unto Moses, saying:...
    118. Num:19:1: Duplicate verse content
       Details: Same as Exo:7:8: And the LORD spoke unto Moses and unto Aaron, sayi...
    119. Num:20:7: Duplicate verse content
       Details: Same as Exo:6:10: And the LORD spoke unto Moses, saying:...
    120. Num:23:29: Duplicate verse content
       Details: Same as Num:23:1: And Balaam said unto Balak: 'Build me here seven a...
    121. Num:24:15: Duplicate verse content
       Details: Same as Num:24:3: And he took up his parable, and said: The saying o...
    122. Num:25:10: Duplicate verse content
       Details: Same as Exo:6:10: And the LORD spoke unto Moses, saying:...
    123. Num:25:16: Duplicate verse content
       Details: Same as Exo:6:10: And the LORD spoke unto Moses, saying:...
    124. Num:26:52: Duplicate verse content
       Details: Same as Exo:6:10: And the LORD spoke unto Moses, saying:...
    125. Num:27:6: Duplicate verse content
       Details: Same as Exo:6:10: And the LORD spoke unto Moses, saying:...
    126. Num:28:1: Duplicate verse content
       Details: Same as Exo:6:10: And the LORD spoke unto Moses, saying:...
    127. Num:29:10: Duplicate verse content
       Details: Same as Num:28:29: a several tenth part for every lamb of the seven l...
    128. Num:29:21: Duplicate verse content
       Details: Same as Num:29:18: and their meal-offering and their drink-offerings ...
    129. Num:29:27: Duplicate verse content
       Details: Same as Num:29:18: and their meal-offering and their drink-offerings ...
    130. Num:29:28: Duplicate verse content
       Details: Same as Num:29:22: and one he-goat for a sin-offering; beside the con...
    131. Num:29:30: Duplicate verse content
       Details: Same as Num:29:18: and their meal-offering and their drink-offerings ...
    132. Num:29:33: Duplicate verse content
       Details: Same as Num:29:18: and their meal-offering and their drink-offerings ...
    133. Num:29:34: Duplicate verse content
       Details: Same as Num:29:25: and one he-goat for a sin-offering; beside the con...
    134. Num:29:38: Duplicate verse content
       Details: Same as Num:29:22: and one he-goat for a sin-offering; beside the con...
    135. Num:31:1: Duplicate verse content
       Details: Same as Exo:6:10: And the LORD spoke unto Moses, saying:...
    136. Num:31:25: Duplicate verse content
       Details: Same as Exo:6:10: And the LORD spoke unto Moses, saying:...
    137. Num:34:1: Duplicate verse content
       Details: Same as Exo:6:10: And the LORD spoke unto Moses, saying:...
    138. Num:34:16: Duplicate verse content
       Details: Same as Exo:6:10: And the LORD spoke unto Moses, saying:...
    139. Num:35:1: Duplicate verse content
       Details: Same as Num:33:50: And the LORD spoke unto Moses in the plains of Moa...
    140. Num:35:9: Duplicate verse content
       Details: Same as Exo:6:10: And the LORD spoke unto Moses, saying:...
    141. Num:35:10: Duplicate verse content
       Details: Same as Num:33:51: 'Speak unto the children of Israel, and say unto t...
    142. Deu:5:6: Duplicate verse content
       Details: Same as Exo:20:2: I am the LORD thy God, who brought thee out of the...
    143. Deu:5:7: Duplicate verse content
       Details: Same as Exo:20:3: Thou shalt have no other gods before Me....
    144. Deu:5:10: Duplicate verse content
       Details: Same as Exo:20:6: and showing mercy unto the thousandth generation o...
    145. Deu:5:11: Duplicate verse content
       Details: Same as Exo:20:7: Thou shalt not take the name of the LORD thy God i...
    146. Deu:5:13: Duplicate verse content
       Details: Same as Exo:20:9: Six days shalt thou labour, and do all thy work;...
    147. Deu:5:17: Duplicate verse content
       Details: Same as Exo:20:13: Thou shalt not murder....
    148. Deu:14:15: Duplicate verse content
       Details: Same as Lev:11:16: and the ostrich, and the night-hawk, and the sea-m...
    149. Deu:14:18: Duplicate verse content
       Details: Same as Lev:11:19: and the stork, and the heron after its kinds, and ...
    150. Jos:10:43: Duplicate verse content
       Details: Same as Jos:10:15: And Joshua returned, and all Israel with him, unto...
    151. Jos:20:1: Duplicate verse content
       Details: Same as Jos:4:15: And the LORD spoke unto Joshua, saying:...
    152. Jdg:1:12: Duplicate verse content
       Details: Same as Jos:15:16: And Caleb said: 'He that smiteth Kiriath-sepher, a...
    153. Jdg:21:25: Duplicate verse content
       Details: Same as Jdg:17:6: In those days there was no king in Israel; every m...
    154. 1Ki:15:32: Duplicate verse content
       Details: Same as 1Ki:15:16: And there was war between Asa and Baasa king of Is...
    155. 1Ki:17:8: Duplicate verse content
       Details: Same as 1Ki:17:2: And the word of the LORD came unto him, saying:...
    156. 1Ki:19:14: Duplicate verse content
       Details: Same as 1Ki:19:10: And he said: 'I have been very jealous for the LOR...
    157. 1Ki:21:28: Duplicate verse content
       Details: Same as 1Ki:21:17: And the word of the LORD came to Elijah the Tishbi...
    158. 2Ki:14:4: Duplicate verse content
       Details: Same as 2Ki:12:3: Howbeit the high places were not taken away; the p...
    159. 2Ki:15:4: Duplicate verse content
       Details: Same as 2Ki:12:3: Howbeit the high places were not taken away; the p...
    160. 2Ki:15:28: Duplicate verse content
       Details: Same as 2Ki:15:24: And he did that which was evil in the sight of the...
    161. 2Ki:23:37: Duplicate verse content
       Details: Same as 2Ki:23:32: And he did that which was evil in the sight of the...
    162. 1Ch:1:5: Duplicate verse content
       Details: Same as Gen:10:2: The sons of Japheth: Gomer, and Magog, and Madai, ...
    163. 1Ch:1:10: Duplicate verse content
       Details: Same as Gen:10:8: And Cush begot Nimrod; he began to be a mighty one...
    164. 1Ch:1:11: Duplicate verse content
       Details: Same as Gen:10:13: And Mizraim begot Ludim, and Anamim, and Lehabim, ...
    165. 1Ch:1:14: Duplicate verse content
       Details: Same as Gen:10:16: and the Jebusite, and the Amorite, and the Girgash...
    166. 1Ch:1:15: Duplicate verse content
       Details: Same as Gen:10:17: and the Hivite, and the Arkite, and the Sinite;...
    167. 1Ch:1:20: Duplicate verse content
       Details: Same as Gen:10:26: And Joktan begot Almodad, and Sheleph, and Hazarma...
    168. 1Ch:1:21: Duplicate verse content
       Details: Same as Gen:10:27: and Hadoram, and Uzal, and Diklah;...
    169. 1Ch:1:44: Duplicate verse content
       Details: Same as Gen:36:33: And Bela died, and Jobab the son of Zerah of Bozra...
    170. 1Ch:1:45: Duplicate verse content
       Details: Same as Gen:36:34: And Jobab died, and Husham of the land of the Tema...
    171. 1Ch:1:46: Duplicate verse content
       Details: Same as Gen:36:35: And Husham died, and Hadad the son of Bedad, who s...
    172. 1Ch:1:47: Duplicate verse content
       Details: Same as Gen:36:36: And Hadad died, and Samlah of Masrekah reigned in ...
    173. 1Ch:1:48: Duplicate verse content
       Details: Same as Gen:36:37: And Samlah died, and Shaul of Rehoboth by the Rive...
    174. 1Ch:1:49: Duplicate verse content
       Details: Same as Gen:36:38: And Shaul died, and Baal-hanan the son of Achbor r...
    175. 1Ch:1:52: Duplicate verse content
       Details: Same as Gen:36:41: the chief of Oholibamah, the chief of Elah, the ch...
    176. 1Ch:1:53: Duplicate verse content
       Details: Same as Gen:36:42: the chief of Kenaz, the chief of Teman, the chief ...
    177. 1Ch:9:39: Duplicate verse content
       Details: Same as 1Ch:8:33: And Ner begot Kish; and Kish begot Saul; and Saul ...
    178. 1Ch:9:40: Duplicate verse content
       Details: Same as 1Ch:8:34: And the son of Jonathan was Merib-baal; and Merib-...
    179. 1Ch:11:16: Duplicate verse content
       Details: Same as 2Sa:23:14: And David was then in the stronghold, and the garr...
    180. 1Ch:11:17: Duplicate verse content
       Details: Same as 2Sa:23:15: And David longed, and said: 'Oh that one would giv...
    181. 1Ch:11:24: Duplicate verse content
       Details: Same as 2Sa:23:22: These things did Benaiah the son of Jehoiada, and ...
    182. 1Ch:11:40: Duplicate verse content
       Details: Same as 2Sa:23:38: Ira the Ithrite, Gareb the Ithrite;...
    183. 1Ch:14:6: Duplicate verse content
       Details: Same as 1Ch:3:7: and Nogah, and Nepheg, and Japhia;...
    184. 1Ch:17:15: Duplicate verse content
       Details: Same as 2Sa:7:17: According to all these words, and according to all...
    185. 1Ch:17:16: Duplicate verse content
       Details: Same as 2Sa:7:18: Then David the king went in, and sat before the LO...
    186. 1Ch:19:8: Duplicate verse content
       Details: Same as 2Sa:10:7: And when David heard of it, he sent Joab, and all ...
    187. 1Ch:19:13: Duplicate verse content
       Details: Same as 2Sa:10:12: Be of good courage, and let us prove strong for ou...
    188. 1Ch:20:7: Duplicate verse content
       Details: Same as 2Sa:21:21: And when he taunted Israel, Jonathan the son of Sh...
    189. 2Ch:4:4: Duplicate verse content
       Details: Same as 1Ki:7:25: It stood upon twelve oxen, three looking toward th...
    190. 2Ch:5:7: Duplicate verse content
       Details: Same as 1Ki:8:6: And the priests brought in the ark of the covenant...
    191. 2Ch:5:8: Duplicate verse content
       Details: Same as 1Ki:8:7: For the cherubim spread forth their wings over the...
    192. 2Ch:6:1: Duplicate verse content
       Details: Same as 1Ki:8:12: Then spoke Solomon: The LORD hath said that He wou...
    193. 2Ch:6:7: Duplicate verse content
       Details: Same as 1Ki:8:17: Now it was in the heart of David my father to buil...
    194. 2Ch:6:8: Duplicate verse content
       Details: Same as 1Ki:8:18: But the LORD said unto David my father: Whereas it...
    195. 2Ch:6:10: Duplicate verse content
       Details: Same as 1Ki:8:20: And the LORD hath established His word that He spo...
    196. 2Ch:6:15: Duplicate verse content
       Details: Same as 1Ki:8:24: who hast kept with Thy servant David my father tha...
    197. 2Ch:6:22: Duplicate verse content
       Details: Same as 1Ki:8:31: If a man sin against his neighbour, and an oath be...
    198. 2Ch:9:5: Duplicate verse content
       Details: Same as 1Ki:10:6: And she said to the king: 'It was a true report th...
    199. 2Ch:9:19: Duplicate verse content
       Details: Same as 1Ki:10:20: And twelve lions stood there on the one side and o...
    200. 2Ch:9:27: Duplicate verse content
       Details: Same as 1Ki:10:27: And the king made silver to be in Jerusalem as sto...
    201. 2Ch:10:1: Duplicate verse content
       Details: Same as 1Ki:12:1: And Rehoboam went to Shechem; for all Israel were ...
    202. 2Ch:10:4: Duplicate verse content
       Details: Same as 1Ki:12:4: 'Thy father made our yoke grievous; now therefore ...
    203. 2Ch:10:6: Duplicate verse content
       Details: Same as 1Ki:12:6: And king Rehoboam took counsel with the old men, t...
    204. 2Ch:10:8: Duplicate verse content
       Details: Same as 1Ki:12:8: But he forsook the counsel of the old men which th...
    205. 2Ch:10:9: Duplicate verse content
       Details: Same as 1Ki:12:9: And he said unto them: 'What counsel give ye, that...
    206. 2Ch:10:12: Duplicate verse content
       Details: Same as 1Ki:12:12: So Jeroboam and all the people came to Rehoboam th...
    207. 2Ch:10:17: Duplicate verse content
       Details: Same as 1Ki:12:17: But as for the children of Israel that dwelt in th...
    208. 2Ch:18:4: Duplicate verse content
       Details: Same as 1Ki:22:5: And Jehoshaphat said unto the king of Israel: 'Inq...
    209. 2Ch:18:6: Duplicate verse content
       Details: Same as 1Ki:22:7: But Jehoshaphat said: 'Is there not here besides a...
    210. 2Ch:18:10: Duplicate verse content
       Details: Same as 1Ki:22:11: And Zedekiah the son of Chenaanah made him horns o...
    211. 2Ch:18:11: Duplicate verse content
       Details: Same as 1Ki:22:12: And all the prophets prophesied so, saying: 'Go up...
    212. 2Ch:18:17: Duplicate verse content
       Details: Same as 1Ki:22:18: And the king of Israel said to Jehoshaphat: 'Did I...
    213. 2Ch:18:24: Duplicate verse content
       Details: Same as 1Ki:22:25: And Micaiah said: 'Behold, thou shalt see on that ...
    214. 2Ch:18:27: Duplicate verse content
       Details: Same as 1Ki:22:28: And Micaiah said: 'If thou return at all in peace,...
    215. 2Ch:18:32: Duplicate verse content
       Details: Same as 1Ki:22:33: And it came to pass, when the captains of the char...
    216. 2Ch:21:6: Duplicate verse content
       Details: Same as 2Ki:8:18: And he walked in the way of the kings of Israel, a...
    217. 2Ch:21:8: Duplicate verse content
       Details: Same as 2Ki:8:20: In his days Edom revolted from under the hand of J...
    218. 2Ch:25:22: Duplicate verse content
       Details: Same as 2Ki:14:12: And Judah was put to the worse before Israel; and ...
    219. 2Ch:28:4: Duplicate verse content
       Details: Same as 2Ki:16:4: And he sacrificed and offered in the high places, ...
    220. 2Ch:29:2: Duplicate verse content
       Details: Same as 2Ki:18:3: And he did that which was right in the eyes of the...
    221. 2Ch:33:2: Duplicate verse content
       Details: Same as 2Ki:21:2: And he did that which was evil in the sight of the...
    222. 2Ch:33:5: Duplicate verse content
       Details: Same as 2Ki:21:5: And he built altars for all the host of heaven in ...
    223. 2Ch:33:25: Duplicate verse content
       Details: Same as 2Ki:21:24: But the people of the land slew all them that had ...
    224. 2Ch:34:23: Duplicate verse content
       Details: Same as 2Ki:22:15: And she said unto them: 'Thus saith the LORD, the ...
    225. 2Ch:34:26: Duplicate verse content
       Details: Same as 2Ki:22:18: But unto the king of Judah, who sent you to inquir...
    226. Ezr:1:1: Duplicate verse content
       Details: Same as 2Ch:36:22: NOW IN the first year of Cyrus king of Persia, tha...
    227. Neh:7:9: Duplicate verse content
       Details: Same as Ezr:2:4: The children of Shephatiah, three hundred seventy ...
    228. Neh:7:12: Duplicate verse content
       Details: Same as Ezr:2:7: The children of Elam, a thousand two hundred fifty...
    229. Neh:7:14: Duplicate verse content
       Details: Same as Ezr:2:9: The children of Zaccai, seven hundred and threesco...
    230. Neh:7:21: Duplicate verse content
       Details: Same as Ezr:2:16: The children of Ater, of Hezekiah, ninety and eigh...
    231. Neh:7:27: Duplicate verse content
       Details: Same as Ezr:2:23: The men of Anathoth, a hundred twenty and eight....
    232. Neh:7:34: Duplicate verse content
       Details: Same as Ezr:2:31: The children of the other Elam, a thousand two hun...
    233. Neh:7:35: Duplicate verse content
       Details: Same as Ezr:2:32: The children of Harim, three hundred and twenty....
    234. Neh:7:36: Duplicate verse content
       Details: Same as Ezr:2:34: The children of Jericho, three hundred forty and f...
    235. Neh:7:39: Duplicate verse content
       Details: Same as Ezr:2:36: The priests: the children of Jedaiah, of the house...
    236. Neh:7:40: Duplicate verse content
       Details: Same as Ezr:2:37: The children of Immer, a thousand fifty and two....
    237. Neh:7:41: Duplicate verse content
       Details: Same as Ezr:2:38: The children of Pashhur, a thousand two hundred fo...
    238. Neh:7:42: Duplicate verse content
       Details: Same as Ezr:2:39: The children of Harim, a thousand and seventeen....
    239. Neh:7:46: Duplicate verse content
       Details: Same as Ezr:2:43: The Nethinim: the children of Ziha, the children o...
    240. Neh:7:53: Duplicate verse content
       Details: Same as Ezr:2:51: the children of Bakbuk, the children of Hakupha, t...
    241. Neh:7:55: Duplicate verse content
       Details: Same as Ezr:2:53: the children of Barkos, the children of Sisera, th...
    242. Neh:7:56: Duplicate verse content
       Details: Same as Ezr:2:54: the children of Neziah, the children of Hatipha....
    243. Neh:7:60: Duplicate verse content
       Details: Same as Ezr:2:58: All the Nethinim, and the children of Solomon's se...
    244. Neh:7:64: Duplicate verse content
       Details: Same as Ezr:2:62: These sought their register, that is, the genealog...
    245. Neh:7:66: Duplicate verse content
       Details: Same as Ezr:2:64: The whole congregation together was forty and two ...
    246. Neh:7:68: Duplicate verse content
       Details: Same as Ezr:2:66: Their horses were seven hundred thirty and six; th...
    247. Neh:7:69: Duplicate verse content
       Details: Same as Ezr:2:67: their camels, four hundred thirty and five; their ...
    248. Job:9:1: Duplicate verse content
       Details: Same as Job:6:1: Then Job answered and said:...
    249. Job:12:1: Duplicate verse content
       Details: Same as Job:6:1: Then Job answered and said:...
    250. Job:15:1: Duplicate verse content
       Details: Same as Job:4:1: Then answered Eliphaz the Temanite, and said:...
    251. Job:16:1: Duplicate verse content
       Details: Same as Job:6:1: Then Job answered and said:...
    252. Job:18:1: Duplicate verse content
       Details: Same as Job:8:1: Then answered Bildad the Shuhite, and said:...
    253. Job:19:1: Duplicate verse content
       Details: Same as Job:6:1: Then Job answered and said:...
    254. Job:20:1: Duplicate verse content
       Details: Same as Job:11:1: Then answered Zophar the Naamathite, and said:...
    255. Job:21:1: Duplicate verse content
       Details: Same as Job:6:1: Then Job answered and said:...
    256. Job:22:1: Duplicate verse content
       Details: Same as Job:4:1: Then answered Eliphaz the Temanite, and said:...
    257. Job:23:1: Duplicate verse content
       Details: Same as Job:6:1: Then Job answered and said:...
    258. Job:25:1: Duplicate verse content
       Details: Same as Job:8:1: Then answered Bildad the Shuhite, and said:...
    259. Job:26:1: Duplicate verse content
       Details: Same as Job:6:1: Then Job answered and said:...
    260. Job:29:1: Duplicate verse content
       Details: Same as Job:27:1: And Job again took up his parable, and said:...
    261. Job:35:1: Duplicate verse content
       Details: Same as Job:34:1: Moreover Elihu answered and said:...
    262. Job:40:6: Duplicate verse content
       Details: Same as Job:38:1: Then the LORD answered Job out of the whirlwind, a...
    263. Job:42:1: Duplicate verse content
       Details: Same as Job:40:3: Then Job answered the LORD, and said:...
    264. Psa:18:3: Duplicate verse content
       Details: Same as 2Sa:22:4: Praised, I cry, is the LORD, and I am saved from m...
    265. Psa:18:5: Duplicate verse content
       Details: Same as 2Sa:22:6: The cords of Sheol surrounded me; the snares of De...
    266. Psa:18:8: Duplicate verse content
       Details: Same as 2Sa:22:9: Smoke arose up in His nostrils, and fire out of Hi...
    267. Psa:18:9: Duplicate verse content
       Details: Same as 2Sa:22:10: He bowed the heavens also, and came down; and thic...
    268. Psa:18:18: Duplicate verse content
       Details: Same as 2Sa:22:19: They confronted me in the day of my calamity; but ...
    269. Psa:18:19: Duplicate verse content
       Details: Same as 2Sa:22:20: He brought me forth also into a large place; He de...
    270. Psa:18:20: Duplicate verse content
       Details: Same as 2Sa:22:21: The LORD rewarded me according to my righteousness...
    271. Psa:18:21: Duplicate verse content
       Details: Same as 2Sa:22:22: For I have kept the ways of the LORD, and have not...
    272. Psa:18:30: Duplicate verse content
       Details: Same as 2Sa:22:31: As for God, His way is perfect; the word of the LO...
    273. Psa:18:33: Duplicate verse content
       Details: Same as 2Sa:22:34: Who maketh my feet like hinds', and setteth me upo...
    274. Psa:18:34: Duplicate verse content
       Details: Same as 2Sa:22:35: Who traineth my hands for war, so that mine arms d...
    275. Psa:18:36: Duplicate verse content
       Details: Same as 2Sa:22:37: Thou hast enlarged my steps under me, and my feet ...
    276. Psa:18:39: Duplicate verse content
       Details: Same as 2Sa:22:40: For Thou hast girded me with strength unto the bat...
    277. Psa:18:49: Duplicate verse content
       Details: Same as 2Sa:22:50: Therefore I will give thanks unto Thee, O LORD, am...
    278. Psa:43:5: Duplicate verse content
       Details: Same as Psa:42:11: Why art thou cast down, O my soul? and why moanest...
    279. Psa:46:11: Duplicate verse content
       Details: Same as Psa:46:7: The LORD of hosts is with us; the God of Jacob is ...
    280. Psa:57:11: Duplicate verse content
       Details: Same as Psa:57:5: Be Thou exalted, O God, above the heavens; Thy glo...
    281. Psa:67:5: Duplicate verse content
       Details: Same as Psa:67:3: Let the peoples give thanks unto Thee, O God; let ...
    282. Psa:96:3: Duplicate verse content
       Details: Same as 1Ch:16:24: Declare His glory among the nations, His marvellou...
    283. Psa:96:5: Duplicate verse content
       Details: Same as 1Ch:16:26: For all the gods of the peoples are things of noug...
    284. Psa:96:7: Duplicate verse content
       Details: Same as 1Ch:16:28: Ascribe unto the LORD, ye kindreds of the peoples,...
    285. Psa:105:1: Duplicate verse content
       Details: Same as 1Ch:16:8: O give thanks unto the LORD, call upon His name; m...
    286. Psa:105:2: Duplicate verse content
       Details: Same as 1Ch:16:9: Sing unto Him, sing praises unto Him; speak ye of ...
    287. Psa:105:3: Duplicate verse content
       Details: Same as 1Ch:16:10: Glory ye in His holy name; let the heart of them r...
    288. Psa:105:4: Duplicate verse content
       Details: Same as 1Ch:16:11: Seek ye the LORD and His strength; seek His face c...
    289. Psa:105:5: Duplicate verse content
       Details: Same as 1Ch:16:12: Remember His marvellous works that He hath done, H...
    290. Psa:105:7: Duplicate verse content
       Details: Same as 1Ch:16:14: He is the LORD our God; His judgments are in all t...
    291. Psa:105:9: Duplicate verse content
       Details: Same as 1Ch:16:16: The covenant which He made with Abraham, and His o...
    292. Psa:105:10: Duplicate verse content
       Details: Same as 1Ch:16:17: And He established it unto Jacob for a statute, to...
    293. Psa:105:11: Duplicate verse content
       Details: Same as 1Ch:16:18: Saying: 'Unto thee will I give the land of Canaan,...
    294. Psa:105:14: Duplicate verse content
       Details: Same as 1Ch:16:21: He suffered no man to do them wrong, yea, for thei...
    295. Psa:105:15: Duplicate verse content
       Details: Same as 1Ch:16:22: 'Touch not Mine anointed ones, and do My prophets ...
    296. Psa:107:15: Duplicate verse content
       Details: Same as Psa:107:8: Let them give thanks unto the LORD for His mercy, ...
    297. Psa:107:21: Duplicate verse content
       Details: Same as Psa:107:8: Let them give thanks unto the LORD for His mercy, ...
    298. Psa:107:31: Duplicate verse content
       Details: Same as Psa:107:8: Let them give thanks unto the LORD for His mercy, ...
    299. Psa:108:6: Duplicate verse content
       Details: Same as Psa:60:5: That Thy beloved may be delivered, save with Thy r...
    300. Psa:108:7: Duplicate verse content
       Details: Same as Psa:60:6: God spoke in His holiness, that I would exult; tha...
    301. Psa:108:10: Duplicate verse content
       Details: Same as Psa:60:9: Who will bring me into the fortified city? Who wil...
    302. Psa:108:12: Duplicate verse content
       Details: Same as Psa:60:11: Give us help against the adversary; for vain is th...
    303. Psa:108:13: Duplicate verse content
       Details: Same as Psa:60:12: Through God we shall do valiantly; for He it is th...
    304. Psa:135:16: Duplicate verse content
       Details: Same as Psa:115:5: They have mouths, but they speak not; eyes have th...
    305. Psa:135:18: Duplicate verse content
       Details: Same as Psa:115:8: They that make them shall be like unto them; yea, ...
    306. Psa:136:1: Duplicate verse content
       Details: Same as Psa:118:29: O give thanks unto the LORD, for He is good, for H...
    307. Pro:16:25: Duplicate verse content
       Details: Same as Pro:14:12: There is a way which seemeth right unto a man, but...
    308. Pro:24:33: Duplicate verse content
       Details: Same as Pro:6:10: 'Yet a little sleep, a little slumber, a little fo...
    309. Pro:24:34: Duplicate verse content
       Details: Same as Pro:6:11: So shall thy poverty come as a runner, and thy wan...
    310. Pro:25:24: Duplicate verse content
       Details: Same as Pro:21:9: It is better to dwell in a corner of the housetop,...
    311. Pro:27:12: Duplicate verse content
       Details: Same as Pro:22:3: A prudent man seeth the evil, and hideth himself; ...
    312. Pro:27:13: Duplicate verse content
       Details: Same as Pro:20:16: Take his garment that is surety for a stranger; an...
    313. Son:3:5: Duplicate verse content
       Details: Same as Son:2:7: 'I adjure you, O daughters of Jerusalem, by the ga...
    314. Isa:36:4: Duplicate verse content
       Details: Same as 2Ki:18:19: And Rab-shakeh said unto them: 'Say ye now to Heze...
    315. Isa:36:16: Duplicate verse content
       Details: Same as 2Ki:18:31: Hearken not to Hezekiah; for thus saith the king o...
    316. Isa:37:1: Duplicate verse content
       Details: Same as 2Ki:19:1: And it came to pass, when king Hezekiah heard it, ...
    317. Isa:37:2: Duplicate verse content
       Details: Same as 2Ki:19:2: And he sent Eliakim, who was over the household, a...
    318. Isa:37:3: Duplicate verse content
       Details: Same as 2Ki:19:3: And they said unto him: 'Thus saith Hezekiah: This...
    319. Isa:37:5: Duplicate verse content
       Details: Same as 2Ki:19:5: So the servants of king Hezekiah came to Isaiah....
    320. Isa:37:6: Duplicate verse content
       Details: Same as 2Ki:19:6: And Isaiah said unto them: 'Thus shall ye say to y...
    321. Isa:37:8: Duplicate verse content
       Details: Same as 2Ki:19:8: So Rab-shakeh returned, and found the king of Assy...
    322. Isa:37:10: Duplicate verse content
       Details: Same as 2Ki:19:10: 'Thus shall ye speak to Hezekiah king of Judah, sa...
    323. Isa:37:11: Duplicate verse content
       Details: Same as 2Ki:19:11: Behold, thou hast heard what the kings of Assyria ...
    324. Isa:37:12: Duplicate verse content
       Details: Same as 2Ki:19:12: Have the gods of the nations delivered them, which...
    325. Isa:37:13: Duplicate verse content
       Details: Same as 2Ki:19:13: Where is the king of Hamath, and the king of Arpad...
    326. Isa:37:14: Duplicate verse content
       Details: Same as 2Ki:19:14: And Hezekiah received the letter from the hand of ...
    327. Isa:37:19: Duplicate verse content
       Details: Same as 2Ki:19:18: and have cast their gods into the fire; for they w...
    328. Isa:37:23: Duplicate verse content
       Details: Same as 2Ki:19:22: Whom hast thou taunted and blasphemed? And against...
    329. Isa:37:26: Duplicate verse content
       Details: Same as 2Ki:19:25: Hast thou not heard? Long ago I made it, in ancien...
    330. Isa:37:28: Duplicate verse content
       Details: Same as 2Ki:19:27: But I know thy sitting down, and thy going out, an...
    331. Isa:37:30: Duplicate verse content
       Details: Same as 2Ki:19:29: And this shall be the sign unto thee: ye shall eat...
    332. Isa:37:31: Duplicate verse content
       Details: Same as 2Ki:19:30: And the remnant that is escaped of the house of Ju...
    333. Isa:37:32: Duplicate verse content
       Details: Same as 2Ki:19:31: For out of Jerusalem shall go forth a remnant, and...
    334. Isa:37:33: Duplicate verse content
       Details: Same as 2Ki:19:32: Therefore thus saith the LORD concerning the king ...
    335. Isa:37:34: Duplicate verse content
       Details: Same as 2Ki:19:33: By the way that he came, by the same shall he retu...
    336. Isa:37:35: Duplicate verse content
       Details: Same as 2Ki:19:34: For I will defend this city to save it, for Mine o...
    337. Isa:37:38: Duplicate verse content
       Details: Same as 2Ki:19:37: And it came to pass, as he was worshipping in the ...
    338. Isa:38:1: Duplicate verse content
       Details: Same as 2Ki:20:1: In those days was Hezekiah sick unto death. And Is...
    339. Isa:39:7: Duplicate verse content
       Details: Same as 2Ki:20:18: And of thy sons that shall issue from thee, whom t...
    340. Isa:51:11: Duplicate verse content
       Details: Same as Isa:35:10: And the ransomed of the LORD shall return, and com...
    341. Jer:11:1: Duplicate verse content
       Details: Same as Jer:7:1: The word that came to Jeremiah from the LORD, sayi...
    342. Jer:24:4: Duplicate verse content
       Details: Same as Jer:1:4: And the word of the LORD came unto me, saying:...
    343. Jer:30:1: Duplicate verse content
       Details: Same as Jer:7:1: The word that came to Jeremiah from the LORD, sayi...
    344. Jer:32:26: Duplicate verse content
       Details: Same as Jer:29:30: Then came the word of the LORD unto Jeremiah, sayi...
    345. Jer:35:12: Duplicate verse content
       Details: Same as Jer:29:30: Then came the word of the LORD unto Jeremiah, sayi...
    346. Jer:52:2: Duplicate verse content
       Details: Same as 2Ki:24:19: And he did that which was evil in the sight of the...
    347. Jer:52:3: Duplicate verse content
       Details: Same as 2Ki:24:20: For through the anger of the LORD did it come to p...
    348. Jer:52:5: Duplicate verse content
       Details: Same as 2Ki:25:2: So the city was besieged unto the eleventh year of...
    349. Jer:52:24: Duplicate verse content
       Details: Same as 2Ki:25:18: And the captain of the guard took Seraiah the chie...
    350. Jer:52:26: Duplicate verse content
       Details: Same as 2Ki:25:20: And Nebuzaradan the captain of the guard took them...
    351. Jer:52:27: Duplicate verse content
       Details: Same as 2Ki:25:21: And the king of Babylon smote them, and put them t...
    352. Jer:52:32: Duplicate verse content
       Details: Same as 2Ki:25:28: And he spoke kindly to him, and set his throne abo...
    353. Jer:52:33: Duplicate verse content
       Details: Same as 2Ki:25:29: And he changed his prison garments, and did eat br...
    354. Eze:6:1: Duplicate verse content
       Details: Same as Jer:1:4: And the word of the LORD came unto me, saying:...
    355. Eze:11:14: Duplicate verse content
       Details: Same as Jer:1:4: And the word of the LORD came unto me, saying:...
    356. Eze:12:21: Duplicate verse content
       Details: Same as Jer:1:4: And the word of the LORD came unto me, saying:...
    357. Eze:13:1: Duplicate verse content
       Details: Same as Jer:1:4: And the word of the LORD came unto me, saying:...
    358. Eze:14:2: Duplicate verse content
       Details: Same as Jer:1:4: And the word of the LORD came unto me, saying:...
    359. Eze:14:12: Duplicate verse content
       Details: Same as Jer:1:4: And the word of the LORD came unto me, saying:...
    360. Eze:15:1: Duplicate verse content
       Details: Same as Jer:1:4: And the word of the LORD came unto me, saying:...
    361. Eze:17:1: Duplicate verse content
       Details: Same as Jer:1:4: And the word of the LORD came unto me, saying:...
    362. Eze:17:11: Duplicate verse content
       Details: Same as Eze:7:1: Moreover the word of the LORD came unto me, saying...
    363. Eze:18:1: Duplicate verse content
       Details: Same as Jer:1:4: And the word of the LORD came unto me, saying:...
    364. Eze:20:2: Duplicate verse content
       Details: Same as Jer:1:4: And the word of the LORD came unto me, saying:...
    365. Eze:20:45: Duplicate verse content
       Details: Same as Jer:1:4: And the word of the LORD came unto me, saying:...
    366. Eze:21:1: Duplicate verse content
       Details: Same as Jer:13:8: Then the word of the LORD came unto me, saying:...
    367. Eze:21:8: Duplicate verse content
       Details: Same as Jer:1:4: And the word of the LORD came unto me, saying:...
    368. Eze:21:18: Duplicate verse content
       Details: Same as Jer:1:4: And the word of the LORD came unto me, saying:...
    369. Eze:22:1: Duplicate verse content
       Details: Same as Eze:7:1: Moreover the word of the LORD came unto me, saying...
    370. Eze:22:17: Duplicate verse content
       Details: Same as Jer:1:4: And the word of the LORD came unto me, saying:...
    371. Eze:22:23: Duplicate verse content
       Details: Same as Jer:1:4: And the word of the LORD came unto me, saying:...
    372. Eze:23:1: Duplicate verse content
       Details: Same as Jer:1:4: And the word of the LORD came unto me, saying:...
    373. Eze:25:1: Duplicate verse content
       Details: Same as Jer:1:4: And the word of the LORD came unto me, saying:...
    374. Eze:27:1: Duplicate verse content
       Details: Same as Eze:7:1: Moreover the word of the LORD came unto me, saying...
    375. Eze:28:1: Duplicate verse content
       Details: Same as Jer:1:4: And the word of the LORD came unto me, saying:...
    376. Eze:28:11: Duplicate verse content
       Details: Same as Eze:7:1: Moreover the word of the LORD came unto me, saying...
    377. Eze:28:20: Duplicate verse content
       Details: Same as Jer:1:4: And the word of the LORD came unto me, saying:...
    378. Eze:30:1: Duplicate verse content
       Details: Same as Jer:1:4: And the word of the LORD came unto me, saying:...
    379. Eze:33:1: Duplicate verse content
       Details: Same as Jer:1:4: And the word of the LORD came unto me, saying:...
    380. Eze:33:23: Duplicate verse content
       Details: Same as Jer:13:8: Then the word of the LORD came unto me, saying:...
    381. Eze:34:1: Duplicate verse content
       Details: Same as Jer:1:4: And the word of the LORD came unto me, saying:...
    382. Eze:34:9: Duplicate verse content
       Details: Same as Eze:34:7: therefore, ye shepherds, hear the word of the LORD...
    383. Eze:35:1: Duplicate verse content
       Details: Same as Eze:7:1: Moreover the word of the LORD came unto me, saying...
    384. Eze:36:16: Duplicate verse content
       Details: Same as Eze:7:1: Moreover the word of the LORD came unto me, saying...
    385. Eze:37:15: Duplicate verse content
       Details: Same as Jer:1:4: And the word of the LORD came unto me, saying:...
    386. Eze:38:1: Duplicate verse content
       Details: Same as Jer:1:4: And the word of the LORD came unto me, saying:...
    387. Zec:4:8: Duplicate verse content
       Details: Same as Eze:7:1: Moreover the word of the LORD came unto me, saying...
    388. Zec:6:9: Duplicate verse content
       Details: Same as Jer:1:4: And the word of the LORD came unto me, saying:...
    389. Est:8:9: Verse too long (533 chars)
       Details: Text: Then were the king's scribes called at that time, in the third month, which is the month Sivan, on t...


  ENCODING (3):
    1. Deu:6:4: Unusual capitalization pattern
       Details: 10/11 words are all caps
    2. 1Ch:1:1: Unusual capitalization pattern
       Details: 2/3 words are all caps
    3. Dan:5:25: Unusual capitalization pattern
       Details: 4/12 words are all caps

