ANOMALY DETECTION REPORT FOR JUB
Source file: JUB.json
Analysis complete
================================================================================


ERRORS (230):
----------------------------------------

  TEXT_CONTENT (230):
    1. Psa:3:1: Contains invalid characters
       Details: Invalid chars: ['>', '<'] in: <<A Psalm of David, when he fled from Absalom his ...
    2. Psa:3:1: Contains HTML/XML tags or entities
       Details: Found in: <<A Psalm of David, when he fled from Absalom his ...
    3. Psa:4:1: Contains invalid characters
       Details: Invalid chars: ['>', '<'] in: <<To the Overcomer in Neginoth, A Psalm of David.>...
    4. Psa:4:1: Contains HTML/XML tags or entities
       Details: Found in: <<To the Overcomer in Neginoth, A Psalm of David.>...
    5. Psa:5:1: Contains invalid characters
       Details: Invalid chars: ['>', '<'] in: <<To the Overcomer upon Nehiloth, A Psalm of David...
    6. Psa:5:1: Contains HTML/XML tags or entities
       Details: Found in: <<To the Overcomer upon Nehiloth, A Psalm of David...
    7. Psa:6:1: Contains invalid characters
       Details: Invalid chars: ['>', '<'] in: <<To the Overcomer in Neginoth upon Sheminith, A P...
    8. Psa:6:1: Contains HTML/XML tags or entities
       Details: Found in: <<To the Overcomer in Neginoth upon Sheminith, A P...
    9. Psa:7:1: Contains invalid characters
       Details: Invalid chars: ['>', '<'] in: <<Shiggaion of David, which he sang unto the LORD,...
    10. Psa:7:1: Contains HTML/XML tags or entities
       Details: Found in: <<Shiggaion of David, which he sang unto the LORD,...
    11. Psa:8:1: Contains invalid characters
       Details: Invalid chars: ['>', '<'] in: <<To the Overcomer upon Gittith, A Psalm of David....
    12. Psa:8:1: Contains HTML/XML tags or entities
       Details: Found in: <<To the Overcomer upon Gittith, A Psalm of David....
    13. Psa:9:1: Contains invalid characters
       Details: Invalid chars: ['>', '<'] in: <<To the Overcomer upon Muthlabben, A Psalm of Dav...
    14. Psa:9:1: Contains HTML/XML tags or entities
       Details: Found in: <<To the Overcomer upon Muthlabben, A Psalm of Dav...
    15. Psa:11:1: Contains invalid characters
       Details: Invalid chars: ['>', '<'] in: <<To the Overcomer, A [Psalm] of David.>> I put my...
    16. Psa:11:1: Contains HTML/XML tags or entities
       Details: Found in: <<To the Overcomer, A [Psalm] of David.>> I put my...
    17. Psa:12:1: Contains invalid characters
       Details: Invalid chars: ['>', '<'] in: <<To the Overcomer upon Sheminith, A Psalm of Davi...
    18. Psa:12:1: Contains HTML/XML tags or entities
       Details: Found in: <<To the Overcomer upon Sheminith, A Psalm of Davi...
    19. Psa:13:1: Contains invalid characters
       Details: Invalid chars: ['>', '<'] in: <<To the Overcomer, A Psalm of David.>> How long w...
    20. Psa:13:1: Contains HTML/XML tags or entities
       Details: Found in: <<To the Overcomer, A Psalm of David.>> How long w...
    21. Psa:14:1: Contains invalid characters
       Details: Invalid chars: ['>', '<'] in: <<To the Overcomer, A [Psalm] of David.>> The fool...
    22. Psa:14:1: Contains HTML/XML tags or entities
       Details: Found in: <<To the Overcomer, A [Psalm] of David.>> The fool...
    23. Psa:15:1: Contains invalid characters
       Details: Invalid chars: ['>', '<'] in: <<A Psalm of David.>> LORD, who shall abide in thy...
    24. Psa:15:1: Contains HTML/XML tags or entities
       Details: Found in: <<A Psalm of David.>> LORD, who shall abide in thy...
    25. Psa:16:1: Contains invalid characters
       Details: Invalid chars: ['>', '<'] in: <<Michtam of David.>> Preserve me, O God: for in t...
    26. Psa:16:1: Contains HTML/XML tags or entities
       Details: Found in: <<Michtam of David.>> Preserve me, O God: for in t...
    27. Psa:17:1: Contains invalid characters
       Details: Invalid chars: ['>', '<'] in: <<A Prayer of David.>> Hear righteousness, O LORD,...
    28. Psa:17:1: Contains HTML/XML tags or entities
       Details: Found in: <<A Prayer of David.>> Hear righteousness, O LORD,...
    29. Psa:18:1: Contains invalid characters
       Details: Invalid chars: ['>', '<'] in: <<To the Overcomer, [A Psalm] of David, the servan...
    30. Psa:18:1: Contains HTML/XML tags or entities
       Details: Found in: <<To the Overcomer, [A Psalm] of David, the servan...
    31. Psa:19:1: Contains invalid characters
       Details: Invalid chars: ['>', '<'] in: <<To the Overcomer, A Psalm of David.>> The heaven...
    32. Psa:19:1: Contains HTML/XML tags or entities
       Details: Found in: <<To the Overcomer, A Psalm of David.>> The heaven...
    33. Psa:20:1: Contains invalid characters
       Details: Invalid chars: ['>', '<'] in: <<To the Overcomer, A Psalm of David.>> [Let] the ...
    34. Psa:20:1: Contains HTML/XML tags or entities
       Details: Found in: <<To the Overcomer, A Psalm of David.>> [Let] the ...
    35. Psa:21:1: Contains invalid characters
       Details: Invalid chars: ['>', '<'] in: <<To the Overcomer, A Psalm of David.>> The king s...
    36. Psa:21:1: Contains HTML/XML tags or entities
       Details: Found in: <<To the Overcomer, A Psalm of David.>> The king s...
    37. Psa:22:1: Contains invalid characters
       Details: Invalid chars: ['>', '<'] in: <<To the Overcomer upon Aijeleth Shahar, A Psalm o...
    38. Psa:22:1: Contains HTML/XML tags or entities
       Details: Found in: <<To the Overcomer upon Aijeleth Shahar, A Psalm o...
    39. Psa:23:1: Contains invalid characters
       Details: Invalid chars: ['>', '<'] in: <<A Psalm of David.>> The LORD [is] my shepherd; I...
    40. Psa:23:1: Contains HTML/XML tags or entities
       Details: Found in: <<A Psalm of David.>> The LORD [is] my shepherd; I...
    41. Psa:24:1: Contains invalid characters
       Details: Invalid chars: ['>', '<'] in: <<A Psalm of David.>> The earth [is] the LORD'S, a...
    42. Psa:24:1: Contains HTML/XML tags or entities
       Details: Found in: <<A Psalm of David.>> The earth [is] the LORD'S, a...
    43. Psa:25:1: Contains invalid characters
       Details: Invalid chars: ['>', '<'] in: <<[A Psalm] of David.>> [Aleph] Unto thee, O LORD,...
    44. Psa:25:1: Contains HTML/XML tags or entities
       Details: Found in: <<[A Psalm] of David.>> [Aleph] Unto thee, O LORD,...
    45. Psa:26:1: Contains invalid characters
       Details: Invalid chars: ['>', '<'] in: <<[A Psalm] of David.>> Judge me, O LORD, for I ha...
    46. Psa:26:1: Contains HTML/XML tags or entities
       Details: Found in: <<[A Psalm] of David.>> Judge me, O LORD, for I ha...
    47. Psa:27:1: Contains invalid characters
       Details: Invalid chars: ['>', '<'] in: <<[A Psalm] of David.>> The LORD [is] my light and...
    48. Psa:27:1: Contains HTML/XML tags or entities
       Details: Found in: <<[A Psalm] of David.>> The LORD [is] my light and...
    49. Psa:28:1: Contains invalid characters
       Details: Invalid chars: ['>', '<'] in: <<[A Psalm] of David.>> Unto thee will I cry, O LO...
    50. Psa:28:1: Contains HTML/XML tags or entities
       Details: Found in: <<[A Psalm] of David.>> Unto thee will I cry, O LO...
    51. Psa:29:1: Contains invalid characters
       Details: Invalid chars: ['>', '<'] in: <<A Psalm of David.>> Give unto the LORD, O ye mig...
    52. Psa:29:1: Contains HTML/XML tags or entities
       Details: Found in: <<A Psalm of David.>> Give unto the LORD, O ye mig...
    53. Psa:30:1: Contains invalid characters
       Details: Invalid chars: ['>', '<'] in: <<A Psalm [and] Song [at] the dedication of the ho...
    54. Psa:30:1: Contains HTML/XML tags or entities
       Details: Found in: <<A Psalm [and] Song [at] the dedication of the ho...
    55. Psa:31:1: Contains invalid characters
       Details: Invalid chars: ['>', '<'] in: <<To the Overcomer, A Psalm of David.>> In thee, O...
    56. Psa:31:1: Contains HTML/XML tags or entities
       Details: Found in: <<To the Overcomer, A Psalm of David.>> In thee, O...
    57. Psa:32:1: Contains invalid characters
       Details: Invalid chars: ['>', '<'] in: <<[A Psalm] of David, Maschil.>> Blessed [is he wh...
    58. Psa:32:1: Contains HTML/XML tags or entities
       Details: Found in: <<[A Psalm] of David, Maschil.>> Blessed [is he wh...
    59. Psa:34:1: Contains invalid characters
       Details: Invalid chars: ['>', '<'] in: <<[A Psalm] of David, when he changed his behaviou...
    60. Psa:34:1: Contains HTML/XML tags or entities
       Details: Found in: <<[A Psalm] of David, when he changed his behaviou...
    61. Psa:35:1: Contains invalid characters
       Details: Invalid chars: ['>', '<'] in: <<A [Psalm] of David.>> Plead [my cause], O LORD, ...
    62. Psa:35:1: Contains HTML/XML tags or entities
       Details: Found in: <<A [Psalm] of David.>> Plead [my cause], O LORD, ...
    63. Psa:36:1: Contains invalid characters
       Details: Invalid chars: ['>', '<'] in: <<To the Overcomer, A [Psalm] of David the servant...
    64. Psa:36:1: Contains HTML/XML tags or entities
       Details: Found in: <<To the Overcomer, A [Psalm] of David the servant...
    65. Psa:37:1: Contains invalid characters
       Details: Invalid chars: ['>', '<'] in: <<A [Psalm] of David.>> [Aleph] Do not be angry wi...
    66. Psa:37:1: Contains HTML/XML tags or entities
       Details: Found in: <<A [Psalm] of David.>> [Aleph] Do not be angry wi...
    67. Psa:38:1: Contains invalid characters
       Details: Invalid chars: ['>', '<'] in: <<A Psalm of David, to bring to remembrance.>> O L...
    68. Psa:38:1: Contains HTML/XML tags or entities
       Details: Found in: <<A Psalm of David, to bring to remembrance.>> O L...
    69. Psa:39:1: Contains invalid characters
       Details: Invalid chars: ['>', '<'] in: <<To the Overcomer, [even] to Jeduthun, A Psalm of...
    70. Psa:39:1: Contains HTML/XML tags or entities
       Details: Found in: <<To the Overcomer, [even] to Jeduthun, A Psalm of...
    71. Psa:40:1: Contains invalid characters
       Details: Invalid chars: ['>', '<'] in: <<To the Overcomer, A Psalm of David.>> I waited p...
    72. Psa:40:1: Contains HTML/XML tags or entities
       Details: Found in: <<To the Overcomer, A Psalm of David.>> I waited p...
    73. Psa:41:1: Contains invalid characters
       Details: Invalid chars: ['>', '<'] in: <<To the Overcomer, A Psalm of David.>> Blessed [i...
    74. Psa:41:1: Contains HTML/XML tags or entities
       Details: Found in: <<To the Overcomer, A Psalm of David.>> Blessed [i...
    75. Psa:42:1: Contains invalid characters
       Details: Invalid chars: ['>', '<'] in: <<To the Overcomer: Maschil, for the sons of Korah...
    76. Psa:42:1: Contains HTML/XML tags or entities
       Details: Found in: <<To the Overcomer: Maschil, for the sons of Korah...
    77. Psa:44:1: Contains invalid characters
       Details: Invalid chars: ['>', '<'] in: <<To the Overcomer for the sons of Korah, Maschil....
    78. Psa:44:1: Contains HTML/XML tags or entities
       Details: Found in: <<To the Overcomer for the sons of Korah, Maschil....
    79. Psa:45:1: Contains invalid characters
       Details: Invalid chars: ['>', '<'] in: <<To the Overcomer: upon Shoshannim [lilies], for ...
    80. Psa:45:1: Contains HTML/XML tags or entities
       Details: Found in: <<To the Overcomer: upon Shoshannim [lilies], for ...
    81. Psa:46:1: Contains invalid characters
       Details: Invalid chars: ['>', '<'] in: <<To the Overcomer: for the sons of Korah, A Song ...
    82. Psa:46:1: Contains HTML/XML tags or entities
       Details: Found in: <<To the Overcomer: for the sons of Korah, A Song ...
    83. Psa:47:1: Contains invalid characters
       Details: Invalid chars: ['>', '<'] in: <<To the Overcomer: A Psalm for the sons of Korah....
    84. Psa:47:1: Contains HTML/XML tags or entities
       Details: Found in: <<To the Overcomer: A Psalm for the sons of Korah....
    85. Psa:48:1: Contains invalid characters
       Details: Invalid chars: ['>', '<'] in: <<A Song [and] Psalm for the sons of Korah.>> Grea...
    86. Psa:48:1: Contains HTML/XML tags or entities
       Details: Found in: <<A Song [and] Psalm for the sons of Korah.>> Grea...
    87. Psa:49:1: Contains invalid characters
       Details: Invalid chars: ['>', '<'] in: <<To the Overcomer, A Psalm for the sons of Korah....
    88. Psa:49:1: Contains HTML/XML tags or entities
       Details: Found in: <<To the Overcomer, A Psalm for the sons of Korah....
    89. Psa:50:1: Contains invalid characters
       Details: Invalid chars: ['>', '<'] in: <<A Psalm to Asaph.>> The God of gods, [even] the ...
    90. Psa:50:1: Contains HTML/XML tags or entities
       Details: Found in: <<A Psalm to Asaph.>> The God of gods, [even] the ...
    91. Psa:51:1: Contains invalid characters
       Details: Invalid chars: ['>', '<'] in: <<To the Overcomer, A Psalm of David, when Nathan ...
    92. Psa:51:1: Contains HTML/XML tags or entities
       Details: Found in: <<To the Overcomer, A Psalm of David, when Nathan ...
    93. Psa:52:1: Contains invalid characters
       Details: Invalid chars: ['>', '<'] in: <<To the Overcomer, Maschil, [A Psalm] of David, w...
    94. Psa:52:1: Contains HTML/XML tags or entities
       Details: Found in: <<To the Overcomer, Maschil, [A Psalm] of David, w...
    95. Psa:53:1: Contains invalid characters
       Details: Invalid chars: ['>', '<'] in: <<To the Overcomer upon Mahalath, Maschil, [A Psal...
    96. Psa:53:1: Contains HTML/XML tags or entities
       Details: Found in: <<To the Overcomer upon Mahalath, Maschil, [A Psal...
    97. Psa:54:1: Contains invalid characters
       Details: Invalid chars: ['>', '<'] in: <<To the Overcomer on Neginoth, Maschil, [A Psalm]...
    98. Psa:54:1: Contains HTML/XML tags or entities
       Details: Found in: <<To the Overcomer on Neginoth, Maschil, [A Psalm]...
    99. Psa:55:1: Contains invalid characters
       Details: Invalid chars: ['>', '<'] in: <<To the Overcomer on Neginoth, Maschil, [A Psalm]...
    100. Psa:55:1: Contains HTML/XML tags or entities
       Details: Found in: <<To the Overcomer on Neginoth, Maschil, [A Psalm]...
    101. Psa:56:1: Contains invalid characters
       Details: Invalid chars: ['>', '<'] in: <<To the Overcomer upon: The silent dove in a dist...
    102. Psa:56:1: Contains HTML/XML tags or entities
       Details: Found in: <<To the Overcomer upon: The silent dove in a dist...
    103. Psa:57:1: Contains invalid characters
       Details: Invalid chars: ['>', '<'] in: <<To the Overcomer [upon], Do not destroy, Michtam...
    104. Psa:57:1: Contains HTML/XML tags or entities
       Details: Found in: <<To the Overcomer [upon], Do not destroy, Michtam...
    105. Psa:58:1: Contains invalid characters
       Details: Invalid chars: ['>', '<'] in: <<To the Overcomer [upon], Do not destroy, Michtam...
    106. Psa:58:1: Contains HTML/XML tags or entities
       Details: Found in: <<To the Overcomer [upon], Do not destroy, Michtam...
    107. Psa:59:1: Contains invalid characters
       Details: Invalid chars: ['>', '<'] in: <<To the Overcomer [upon], Do not destroy, Michtam...
    108. Psa:59:1: Contains HTML/XML tags or entities
       Details: Found in: <<To the Overcomer [upon], Do not destroy, Michtam...
    109. Psa:60:1: Contains invalid characters
       Details: Invalid chars: ['>', '<'] in: <<To the Overcomer upon Shushaneduth, Michtam of D...
    110. Psa:60:1: Contains HTML/XML tags or entities
       Details: Found in: <<To the Overcomer upon Shushaneduth, Michtam of D...
    111. Psa:61:1: Contains invalid characters
       Details: Invalid chars: ['>', '<'] in: <<To the Overcomer upon Neginah, [A Psalm] of Davi...
    112. Psa:61:1: Contains HTML/XML tags or entities
       Details: Found in: <<To the Overcomer upon Neginah, [A Psalm] of Davi...
    113. Psa:62:1: Contains invalid characters
       Details: Invalid chars: ['>', '<'] in: <<To the Overcomer, to Jeduthun, A Psalm of David....
    114. Psa:62:1: Contains HTML/XML tags or entities
       Details: Found in: <<To the Overcomer, to Jeduthun, A Psalm of David....
    115. Psa:63:1: Contains invalid characters
       Details: Invalid chars: ['>', '<'] in: <<A Psalm of David, when he was in the wilderness ...
    116. Psa:63:1: Contains HTML/XML tags or entities
       Details: Found in: <<A Psalm of David, when he was in the wilderness ...
    117. Psa:64:1: Contains invalid characters
       Details: Invalid chars: ['>', '<'] in: <<To the Overcomer, A Psalm of David.>> Hear my vo...
    118. Psa:64:1: Contains HTML/XML tags or entities
       Details: Found in: <<To the Overcomer, A Psalm of David.>> Hear my vo...
    119. Psa:65:1: Contains invalid characters
       Details: Invalid chars: ['>', '<'] in: <<To the Overcomer, A Psalm [and] Song of David.>>...
    120. Psa:65:1: Contains HTML/XML tags or entities
       Details: Found in: <<To the Overcomer, A Psalm [and] Song of David.>>...
    121. Psa:66:1: Contains invalid characters
       Details: Invalid chars: ['>', '<'] in: <<To the Overcomer, A Song [or] Psalm.>> Make a jo...
    122. Psa:66:1: Contains HTML/XML tags or entities
       Details: Found in: <<To the Overcomer, A Song [or] Psalm.>> Make a jo...
    123. Psa:67:1: Contains invalid characters
       Details: Invalid chars: ['>', '<'] in: <<To the Overcomer on Neginoth, A Psalm [or] Song....
    124. Psa:67:1: Contains HTML/XML tags or entities
       Details: Found in: <<To the Overcomer on Neginoth, A Psalm [or] Song....
    125. Psa:68:1: Contains invalid characters
       Details: Invalid chars: ['>', '<'] in: <<To the Overcomer, A Psalm [or] Song of David.>> ...
    126. Psa:68:1: Contains HTML/XML tags or entities
       Details: Found in: <<To the Overcomer, A Psalm [or] Song of David.>> ...
    127. Psa:69:1: Contains invalid characters
       Details: Invalid chars: ['>', '<'] in: <<To the Overcomer upon Shoshannim ([lilies]), [A ...
    128. Psa:69:1: Contains HTML/XML tags or entities
       Details: Found in: <<To the Overcomer upon Shoshannim ([lilies]), [A ...
    129. Psa:70:1: Contains invalid characters
       Details: Invalid chars: ['>', '<'] in: <<To the Overcomer, [A Psalm] of David, to bring t...
    130. Psa:70:1: Contains HTML/XML tags or entities
       Details: Found in: <<To the Overcomer, [A Psalm] of David, to bring t...
    131. Psa:72:1: Contains invalid characters
       Details: Invalid chars: ['>', '<'] in: <<[A Psalm] for Solomon.>> Give the king thy judgm...
    132. Psa:72:1: Contains HTML/XML tags or entities
       Details: Found in: <<[A Psalm] for Solomon.>> Give the king thy judgm...
    133. Psa:73:1: Contains invalid characters
       Details: Invalid chars: ['>', '<'] in: <<A Psalm of Asaph.>> Truly God [is] good to Israe...
    134. Psa:73:1: Contains HTML/XML tags or entities
       Details: Found in: <<A Psalm of Asaph.>> Truly God [is] good to Israe...
    135. Psa:74:1: Contains invalid characters
       Details: Invalid chars: ['>', '<'] in: <<Maschil of Asaph.>> O God, why hast thou cast [u...
    136. Psa:74:1: Contains HTML/XML tags or entities
       Details: Found in: <<Maschil of Asaph.>> O God, why hast thou cast [u...
    137. Psa:75:1: Contains invalid characters
       Details: Invalid chars: ['>', '<'] in: <<To the Overcomer upon, Do not destroy, A Psalm [...
    138. Psa:75:1: Contains HTML/XML tags or entities
       Details: Found in: <<To the Overcomer upon, Do not destroy, A Psalm [...
    139. Psa:76:1: Contains invalid characters
       Details: Invalid chars: ['>', '<'] in: <<To the Overcomer on Neginoth, A Psalm [or] Song ...
    140. Psa:76:1: Contains HTML/XML tags or entities
       Details: Found in: <<To the Overcomer on Neginoth, A Psalm [or] Song ...
    141. Psa:77:1: Contains invalid characters
       Details: Invalid chars: ['>', '<'] in: <<To the Overcomer, to Jeduthun, A Psalm of Asaph....
    142. Psa:77:1: Contains HTML/XML tags or entities
       Details: Found in: <<To the Overcomer, to Jeduthun, A Psalm of Asaph....
    143. Psa:78:1: Contains invalid characters
       Details: Invalid chars: ['>', '<'] in: <<Maschil of Asaph.>> Give ear, O my people, [to] ...
    144. Psa:78:1: Contains HTML/XML tags or entities
       Details: Found in: <<Maschil of Asaph.>> Give ear, O my people, [to] ...
    145. Psa:79:1: Contains invalid characters
       Details: Invalid chars: ['>', '<'] in: <<A Psalm of Asaph.>> O God, the Gentiles are come...
    146. Psa:79:1: Contains HTML/XML tags or entities
       Details: Found in: <<A Psalm of Asaph.>> O God, the Gentiles are come...
    147. Psa:80:1: Contains invalid characters
       Details: Invalid chars: ['>', '<'] in: <<To the Overcomer upon Shoshannim, A testimony of...
    148. Psa:80:1: Contains HTML/XML tags or entities
       Details: Found in: <<To the Overcomer upon Shoshannim, A testimony of...
    149. Psa:81:1: Contains invalid characters
       Details: Invalid chars: ['>', '<'] in: <<To the Overcomer upon Gittith, [A Psalm] of Asap...
    150. Psa:81:1: Contains HTML/XML tags or entities
       Details: Found in: <<To the Overcomer upon Gittith, [A Psalm] of Asap...
    151. Psa:82:1: Contains invalid characters
       Details: Invalid chars: ['>', '<'] in: <<A Psalm of Asaph.>> God stands in the congregati...
    152. Psa:82:1: Contains HTML/XML tags or entities
       Details: Found in: <<A Psalm of Asaph.>> God stands in the congregati...
    153. Psa:83:1: Contains invalid characters
       Details: Invalid chars: ['>', '<'] in: <<A Song [or] Psalm of Asaph.>> Do not keep silenc...
    154. Psa:83:1: Contains HTML/XML tags or entities
       Details: Found in: <<A Song [or] Psalm of Asaph.>> Do not keep silenc...
    155. Psa:84:1: Contains invalid characters
       Details: Invalid chars: ['>', '<'] in: <<To the Overcomer upon Gittith, A Psalm for the s...
    156. Psa:84:1: Contains HTML/XML tags or entities
       Details: Found in: <<To the Overcomer upon Gittith, A Psalm for the s...
    157. Psa:85:1: Contains invalid characters
       Details: Invalid chars: ['>', '<'] in: <<To the Overcomer, A Psalm for the sons of Korah....
    158. Psa:85:1: Contains HTML/XML tags or entities
       Details: Found in: <<To the Overcomer, A Psalm for the sons of Korah....
    159. Psa:86:1: Contains invalid characters
       Details: Invalid chars: ['>', '<'] in: <<A Prayer of David.>> Bow down thine ear, O LORD,...
    160. Psa:86:1: Contains HTML/XML tags or entities
       Details: Found in: <<A Prayer of David.>> Bow down thine ear, O LORD,...
    161. Psa:87:1: Contains invalid characters
       Details: Invalid chars: ['>', '<'] in: <<A Psalm [or] Song for the sons of Korah.>> His f...
    162. Psa:87:1: Contains HTML/XML tags or entities
       Details: Found in: <<A Psalm [or] Song for the sons of Korah.>> His f...
    163. Psa:88:1: Contains invalid characters
       Details: Invalid chars: ['>', '<'] in: <<A Song [or] Psalm for the sons of Korah, to the ...
    164. Psa:88:1: Contains HTML/XML tags or entities
       Details: Found in: <<A Song [or] Psalm for the sons of Korah, to the ...
    165. Psa:89:1: Contains invalid characters
       Details: Invalid chars: ['>', '<'] in: <<Maschil of Ethan the Ezrahite.>> I will sing of ...
    166. Psa:89:1: Contains HTML/XML tags or entities
       Details: Found in: <<Maschil of Ethan the Ezrahite.>> I will sing of ...
    167. Psa:90:1: Contains invalid characters
       Details: Invalid chars: ['>', '<'] in: <<A Prayer of Moses the man of God.>> Lord, thou h...
    168. Psa:90:1: Contains HTML/XML tags or entities
       Details: Found in: <<A Prayer of Moses the man of God.>> Lord, thou h...
    169. Psa:92:1: Contains invalid characters
       Details: Invalid chars: ['>', '<'] in: <<A Psalm [or] Song for the sabbath day.>> [It is ...
    170. Psa:92:1: Contains HTML/XML tags or entities
       Details: Found in: <<A Psalm [or] Song for the sabbath day.>> [It is ...
    171. Psa:98:1: Contains invalid characters
       Details: Invalid chars: ['>', '<'] in: <<A Psalm.>> O sing unto the LORD a new song; for ...
    172. Psa:98:1: Contains HTML/XML tags or entities
       Details: Found in: <<A Psalm.>> O sing unto the LORD a new song; for ...
    173. Psa:100:1: Contains invalid characters
       Details: Invalid chars: ['>', '<'] in: <<A Psalm of praise.>> Make a joyful noise unto th...
    174. Psa:100:1: Contains HTML/XML tags or entities
       Details: Found in: <<A Psalm of praise.>> Make a joyful noise unto th...
    175. Psa:101:1: Contains invalid characters
       Details: Invalid chars: ['>', '<'] in: <<A Psalm of David.>> I will sing of mercy and jud...
    176. Psa:101:1: Contains HTML/XML tags or entities
       Details: Found in: <<A Psalm of David.>> I will sing of mercy and jud...
    177. Psa:102:1: Contains invalid characters
       Details: Invalid chars: ['>', '<'] in: <<A Prayer of the poor [in spirit], when he is ove...
    178. Psa:102:1: Contains HTML/XML tags or entities
       Details: Found in: <<A Prayer of the poor [in spirit], when he is ove...
    179. Psa:103:1: Contains invalid characters
       Details: Invalid chars: ['>', '<'] in: <<[A Psalm] of David.>> Bless the LORD, O my soul,...
    180. Psa:103:1: Contains HTML/XML tags or entities
       Details: Found in: <<[A Psalm] of David.>> Bless the LORD, O my soul,...
    181. Psa:108:1: Contains invalid characters
       Details: Invalid chars: ['>', '<'] in: <<A Song [or] Psalm of David.>> O God, my heart is...
    182. Psa:108:1: Contains HTML/XML tags or entities
       Details: Found in: <<A Song [or] Psalm of David.>> O God, my heart is...
    183. Psa:109:1: Contains invalid characters
       Details: Invalid chars: ['>', '<'] in: <<To the Overcomer, A Psalm of David.>> Do not hol...
    184. Psa:109:1: Contains HTML/XML tags or entities
       Details: Found in: <<To the Overcomer, A Psalm of David.>> Do not hol...
    185. Psa:110:1: Contains invalid characters
       Details: Invalid chars: ['>', '<'] in: <<A Psalm of David.>> The LORD said unto my Lord, ...
    186. Psa:110:1: Contains HTML/XML tags or entities
       Details: Found in: <<A Psalm of David.>> The LORD said unto my Lord, ...
    187. Psa:120:1: Contains invalid characters
       Details: Invalid chars: ['>', '<'] in: <<A Song of degrees.>> In my distress I cried unto...
    188. Psa:120:1: Contains HTML/XML tags or entities
       Details: Found in: <<A Song of degrees.>> In my distress I cried unto...
    189. Psa:121:1: Contains invalid characters
       Details: Invalid chars: ['>', '<'] in: <<A Song of degrees.>> I will lift up mine eyes un...
    190. Psa:121:1: Contains HTML/XML tags or entities
       Details: Found in: <<A Song of degrees.>> I will lift up mine eyes un...
    191. Psa:122:1: Contains invalid characters
       Details: Invalid chars: ['>', '<'] in: <<A Song of degrees of David.>> I was glad when th...
    192. Psa:122:1: Contains HTML/XML tags or entities
       Details: Found in: <<A Song of degrees of David.>> I was glad when th...
    193. Psa:123:1: Contains invalid characters
       Details: Invalid chars: ['>', '<'] in: <<A Song of degrees.>> Unto thee I lift up mine ey...
    194. Psa:123:1: Contains HTML/XML tags or entities
       Details: Found in: <<A Song of degrees.>> Unto thee I lift up mine ey...
    195. Psa:124:1: Contains invalid characters
       Details: Invalid chars: ['>', '<'] in: <<A Song of degrees of David.>> If the LORD had no...
    196. Psa:124:1: Contains HTML/XML tags or entities
       Details: Found in: <<A Song of degrees of David.>> If the LORD had no...
    197. Psa:125:1: Contains invalid characters
       Details: Invalid chars: ['>', '<'] in: <<A Song of degrees.>> Those that trust in the LOR...
    198. Psa:125:1: Contains HTML/XML tags or entities
       Details: Found in: <<A Song of degrees.>> Those that trust in the LOR...
    199. Psa:126:1: Contains invalid characters
       Details: Invalid chars: ['>', '<'] in: <<A Song of degrees.>> When the LORD shall turn ag...
    200. Psa:126:1: Contains HTML/XML tags or entities
       Details: Found in: <<A Song of degrees.>> When the LORD shall turn ag...
    201. Psa:127:1: Contains invalid characters
       Details: Invalid chars: ['>', '<'] in: <<A Song of degrees for Solomon.>> Unless the LORD...
    202. Psa:127:1: Contains HTML/XML tags or entities
       Details: Found in: <<A Song of degrees for Solomon.>> Unless the LORD...
    203. Psa:128:1: Contains invalid characters
       Details: Invalid chars: ['>', '<'] in: <<A Song of degrees.>> Blessed [is] every one that...
    204. Psa:128:1: Contains HTML/XML tags or entities
       Details: Found in: <<A Song of degrees.>> Blessed [is] every one that...
    205. Psa:129:1: Contains invalid characters
       Details: Invalid chars: ['>', '<'] in: <<A Song of degrees.>> Many a time have they affli...
    206. Psa:129:1: Contains HTML/XML tags or entities
       Details: Found in: <<A Song of degrees.>> Many a time have they affli...
    207. Psa:130:1: Contains invalid characters
       Details: Invalid chars: ['>', '<'] in: <<A Song of degrees.>> Out of the depths I cry unt...
    208. Psa:130:1: Contains HTML/XML tags or entities
       Details: Found in: <<A Song of degrees.>> Out of the depths I cry unt...
    209. Psa:131:1: Contains invalid characters
       Details: Invalid chars: ['>', '<'] in: <<A Song of degrees of David.>> LORD, my heart has...
    210. Psa:131:1: Contains HTML/XML tags or entities
       Details: Found in: <<A Song of degrees of David.>> LORD, my heart has...
    211. Psa:133:1: Contains invalid characters
       Details: Invalid chars: ['>', '<'] in: <<A Song of degrees of David.>> Behold, how good a...
    212. Psa:133:1: Contains HTML/XML tags or entities
       Details: Found in: <<A Song of degrees of David.>> Behold, how good a...
    213. Psa:134:1: Contains invalid characters
       Details: Invalid chars: ['>', '<'] in: <<A Song of degrees.>> Behold, bless ye the LORD, ...
    214. Psa:134:1: Contains HTML/XML tags or entities
       Details: Found in: <<A Song of degrees.>> Behold, bless ye the LORD, ...
    215. Psa:138:1: Contains invalid characters
       Details: Invalid chars: ['>', '<'] in: <<[A Psalm] of David.>> I will praise thee with my...
    216. Psa:138:1: Contains HTML/XML tags or entities
       Details: Found in: <<[A Psalm] of David.>> I will praise thee with my...
    217. Psa:139:1: Contains invalid characters
       Details: Invalid chars: ['>', '<'] in: <<To the Overcomer, A Psalm of David.>> O LORD, th...
    218. Psa:139:1: Contains HTML/XML tags or entities
       Details: Found in: <<To the Overcomer, A Psalm of David.>> O LORD, th...
    219. Psa:140:1: Contains invalid characters
       Details: Invalid chars: ['>', '<'] in: <<To the Overcomer, A Psalm of David.>> Deliver me...
    220. Psa:140:1: Contains HTML/XML tags or entities
       Details: Found in: <<To the Overcomer, A Psalm of David.>> Deliver me...
    221. Psa:141:1: Contains invalid characters
       Details: Invalid chars: ['>', '<'] in: <<A Psalm of David.>> LORD, I have called unto the...
    222. Psa:141:1: Contains HTML/XML tags or entities
       Details: Found in: <<A Psalm of David.>> LORD, I have called unto the...
    223. Psa:142:1: Contains invalid characters
       Details: Invalid chars: ['>', '<'] in: <<Maschil of David; A Prayer when he was in the ca...
    224. Psa:142:1: Contains HTML/XML tags or entities
       Details: Found in: <<Maschil of David; A Prayer when he was in the ca...
    225. Psa:143:1: Contains invalid characters
       Details: Invalid chars: ['>', '<'] in: <<A Psalm of David.>> Hear my prayer, O LORD; give...
    226. Psa:143:1: Contains HTML/XML tags or entities
       Details: Found in: <<A Psalm of David.>> Hear my prayer, O LORD; give...
    227. Psa:144:1: Contains invalid characters
       Details: Invalid chars: ['>', '<'] in: <<A [Psalm] of David.>> Blessed [be] the LORD my s...
    228. Psa:144:1: Contains HTML/XML tags or entities
       Details: Found in: <<A [Psalm] of David.>> Blessed [be] the LORD my s...
    229. Psa:145:1: Contains invalid characters
       Details: Invalid chars: ['>', '<'] in: <<David's [Psalm] of praise.>> [Aleph] I will exto...
    230. Psa:145:1: Contains HTML/XML tags or entities
       Details: Found in: <<David's [Psalm] of praise.>> [Aleph] I will exto...


WARNINGS (229):
----------------------------------------

  TEXT_CONTENT (222):
    1. Exo:13:1: Duplicate verse content
       Details: Same as Exo:6:10: And the LORD spoke unto Moses, saying,...
    2. Exo:14:1: Duplicate verse content
       Details: Same as Exo:6:10: And the LORD spoke unto Moses, saying,...
    3. Exo:16:11: Duplicate verse content
       Details: Same as Exo:6:10: And the LORD spoke unto Moses, saying,...
    4. Exo:25:1: Duplicate verse content
       Details: Same as Exo:6:10: And the LORD spoke unto Moses, saying,...
    5. Exo:30:11: Duplicate verse content
       Details: Same as Exo:6:10: And the LORD spoke unto Moses, saying,...
    6. Exo:31:1: Duplicate verse content
       Details: Same as Exo:6:10: And the LORD spoke unto Moses, saying,...
    7. Exo:31:12: Duplicate verse content
       Details: Same as Exo:30:17: And the LORD spoke further unto Moses, saying,...
    8. Exo:40:1: Duplicate verse content
       Details: Same as Exo:6:10: And the LORD spoke unto Moses, saying,...
    9. Lev:4:1: Duplicate verse content
       Details: Same as Exo:6:10: And the LORD spoke unto Moses, saying,...
    10. Lev:5:14: Duplicate verse content
       Details: Same as Exo:30:17: And the LORD spoke further unto Moses, saying,...
    11. Lev:6:1: Duplicate verse content
       Details: Same as Exo:6:10: And the LORD spoke unto Moses, saying,...
    12. Lev:6:8: Duplicate verse content
       Details: Same as Exo:6:10: And the LORD spoke unto Moses, saying,...
    13. Lev:6:19: Duplicate verse content
       Details: Same as Exo:6:10: And the LORD spoke unto Moses, saying,...
    14. Lev:6:24: Duplicate verse content
       Details: Same as Exo:6:10: And the LORD spoke unto Moses, saying,...
    15. Lev:7:22: Duplicate verse content
       Details: Same as Exo:6:10: And the LORD spoke unto Moses, saying,...
    16. Lev:7:28: Duplicate verse content
       Details: Same as Exo:6:10: And the LORD spoke unto Moses, saying,...
    17. Lev:8:1: Duplicate verse content
       Details: Same as Exo:6:10: And the LORD spoke unto Moses, saying,...
    18. Lev:12:1: Duplicate verse content
       Details: Same as Exo:6:10: And the LORD spoke unto Moses, saying,...
    19. Lev:14:1: Duplicate verse content
       Details: Same as Exo:6:10: And the LORD spoke unto Moses, saying,...
    20. Lev:14:33: Duplicate verse content
       Details: Same as Exo:7:8: And the LORD spoke unto Moses and unto Aaron, sayi...
    21. Lev:17:1: Duplicate verse content
       Details: Same as Exo:6:10: And the LORD spoke unto Moses, saying,...
    22. Lev:18:1: Duplicate verse content
       Details: Same as Exo:6:10: And the LORD spoke unto Moses, saying,...
    23. Lev:19:1: Duplicate verse content
       Details: Same as Exo:6:10: And the LORD spoke unto Moses, saying,...
    24. Lev:20:1: Duplicate verse content
       Details: Same as Exo:6:10: And the LORD spoke unto Moses, saying,...
    25. Lev:21:16: Duplicate verse content
       Details: Same as Exo:6:10: And the LORD spoke unto Moses, saying,...
    26. Lev:22:1: Duplicate verse content
       Details: Same as Exo:6:10: And the LORD spoke unto Moses, saying,...
    27. Lev:22:17: Duplicate verse content
       Details: Same as Exo:6:10: And the LORD spoke unto Moses, saying,...
    28. Lev:22:26: Duplicate verse content
       Details: Same as Exo:6:10: And the LORD spoke unto Moses, saying,...
    29. Lev:23:1: Duplicate verse content
       Details: Same as Exo:6:10: And the LORD spoke unto Moses, saying,...
    30. Lev:23:9: Duplicate verse content
       Details: Same as Exo:6:10: And the LORD spoke unto Moses, saying,...
    31. Lev:23:23: Duplicate verse content
       Details: Same as Exo:6:10: And the LORD spoke unto Moses, saying,...
    32. Lev:23:26: Duplicate verse content
       Details: Same as Exo:6:10: And the LORD spoke unto Moses, saying,...
    33. Lev:23:33: Duplicate verse content
       Details: Same as Exo:6:10: And the LORD spoke unto Moses, saying,...
    34. Lev:24:1: Duplicate verse content
       Details: Same as Exo:6:10: And the LORD spoke unto Moses, saying,...
    35. Lev:24:13: Duplicate verse content
       Details: Same as Exo:6:10: And the LORD spoke unto Moses, saying,...
    36. Lev:27:1: Duplicate verse content
       Details: Same as Exo:6:10: And the LORD spoke unto Moses, saying,...
    37. Num:2:1: Duplicate verse content
       Details: Same as Exo:7:8: And the LORD spoke unto Moses and unto Aaron, sayi...
    38. Num:3:5: Duplicate verse content
       Details: Same as Exo:6:10: And the LORD spoke unto Moses, saying,...
    39. Num:3:11: Duplicate verse content
       Details: Same as Exo:6:10: And the LORD spoke unto Moses, saying,...
    40. Num:3:44: Duplicate verse content
       Details: Same as Exo:6:10: And the LORD spoke unto Moses, saying,...
    41. Num:4:1: Duplicate verse content
       Details: Same as Exo:7:8: And the LORD spoke unto Moses and unto Aaron, sayi...
    42. Num:4:17: Duplicate verse content
       Details: Same as Exo:7:8: And the LORD spoke unto Moses and unto Aaron, sayi...
    43. Num:4:21: Duplicate verse content
       Details: Same as Exo:6:10: And the LORD spoke unto Moses, saying,...
    44. Num:4:43: Duplicate verse content
       Details: Same as Num:4:39: from thirty years old and upward even unto fifty y...
    45. Num:5:1: Duplicate verse content
       Details: Same as Exo:6:10: And the LORD spoke unto Moses, saying,...
    46. Num:5:5: Duplicate verse content
       Details: Same as Exo:6:10: And the LORD spoke unto Moses, saying,...
    47. Num:5:11: Duplicate verse content
       Details: Same as Exo:6:10: And the LORD spoke unto Moses, saying,...
    48. Num:6:1: Duplicate verse content
       Details: Same as Exo:6:10: And the LORD spoke unto Moses, saying,...
    49. Num:6:22: Duplicate verse content
       Details: Same as Exo:6:10: And the LORD spoke unto Moses, saying,...
    50. Num:7:4: Duplicate verse content
       Details: Same as Exo:6:10: And the LORD spoke unto Moses, saying,...
    51. Num:7:21: Duplicate verse content
       Details: Same as Num:7:15: one young bullock, one ram, one lamb of the first ...
    52. Num:7:22: Duplicate verse content
       Details: Same as Num:7:16: one he goat as [the] sin;...
    53. Num:7:27: Duplicate verse content
       Details: Same as Num:7:15: one young bullock, one ram, one lamb of the first ...
    54. Num:7:28: Duplicate verse content
       Details: Same as Num:7:16: one he goat as [the] sin;...
    55. Num:7:32: Duplicate verse content
       Details: Same as Num:7:26: one golden spoon of ten [shekels], full of incense...
    56. Num:7:33: Duplicate verse content
       Details: Same as Num:7:15: one young bullock, one ram, one lamb of the first ...
    57. Num:7:34: Duplicate verse content
       Details: Same as Num:7:16: one he goat as [the] sin;...
    58. Num:7:38: Duplicate verse content
       Details: Same as Num:7:26: one golden spoon of ten [shekels], full of incense...
    59. Num:7:39: Duplicate verse content
       Details: Same as Num:7:15: one young bullock, one ram, one lamb of the first ...
    60. Num:7:40: Duplicate verse content
       Details: Same as Num:7:16: one he goat as [the] sin;...
    61. Num:7:44: Duplicate verse content
       Details: Same as Num:7:26: one golden spoon of ten [shekels], full of incense...
    62. Num:7:45: Duplicate verse content
       Details: Same as Num:7:15: one young bullock, one ram, one lamb of the first ...
    63. Num:7:50: Duplicate verse content
       Details: Same as Num:7:26: one golden spoon of ten [shekels], full of incense...
    64. Num:7:52: Duplicate verse content
       Details: Same as Num:7:16: one he goat as [the] sin;...
    65. Num:7:55: Duplicate verse content
       Details: Same as Num:7:31: His offering [was] one silver charger of the weigh...
    66. Num:7:56: Duplicate verse content
       Details: Same as Num:7:26: one golden spoon of ten [shekels], full of incense...
    67. Num:7:57: Duplicate verse content
       Details: Same as Num:7:51: one young bullock, one ram, one lamb of the first ...
    68. Num:7:58: Duplicate verse content
       Details: Same as Num:7:16: one he goat as [the] sin;...
    69. Num:7:62: Duplicate verse content
       Details: Same as Num:7:26: one golden spoon of ten [shekels], full of incense...
    70. Num:7:63: Duplicate verse content
       Details: Same as Num:7:51: one young bullock, one ram, one lamb of the first ...
    71. Num:7:64: Duplicate verse content
       Details: Same as Num:7:16: one he goat as [the] sin;...
    72. Num:7:67: Duplicate verse content
       Details: Same as Num:7:61: His offering [was] one silver charger, the weight ...
    73. Num:7:68: Duplicate verse content
       Details: Same as Num:7:26: one golden spoon of ten [shekels], full of incense...
    74. Num:7:69: Duplicate verse content
       Details: Same as Num:7:15: one young bullock, one ram, one lamb of the first ...
    75. Num:7:70: Duplicate verse content
       Details: Same as Num:7:16: one he goat as [the] sin;...
    76. Num:7:73: Duplicate verse content
       Details: Same as Num:7:61: His offering [was] one silver charger, the weight ...
    77. Num:7:74: Duplicate verse content
       Details: Same as Num:7:26: one golden spoon of ten [shekels], full of incense...
    78. Num:7:75: Duplicate verse content
       Details: Same as Num:7:51: one young bullock, one ram, one lamb of the first ...
    79. Num:7:76: Duplicate verse content
       Details: Same as Num:7:16: one he goat as [the] sin;...
    80. Num:7:79: Duplicate verse content
       Details: Same as Num:7:37: His offering [was] one silver charger, the weight ...
    81. Num:7:80: Duplicate verse content
       Details: Same as Num:7:26: one golden spoon of ten [shekels], full of incense...
    82. Num:7:81: Duplicate verse content
       Details: Same as Num:7:51: one young bullock, one ram, one lamb of the first ...
    83. Num:7:82: Duplicate verse content
       Details: Same as Num:7:46: one kid of the goats as [the] sin;...
    84. Num:8:1: Duplicate verse content
       Details: Same as Exo:6:10: And the LORD spoke unto Moses, saying,...
    85. Num:8:5: Duplicate verse content
       Details: Same as Exo:6:10: And the LORD spoke unto Moses, saying,...
    86. Num:8:23: Duplicate verse content
       Details: Same as Exo:6:10: And the LORD spoke unto Moses, saying,...
    87. Num:9:9: Duplicate verse content
       Details: Same as Exo:6:10: And the LORD spoke unto Moses, saying,...
    88. Num:10:1: Duplicate verse content
       Details: Same as Exo:6:10: And the LORD spoke unto Moses, saying,...
    89. Num:13:1: Duplicate verse content
       Details: Same as Exo:6:10: And the LORD spoke unto Moses, saying,...
    90. Num:14:26: Duplicate verse content
       Details: Same as Exo:7:8: And the LORD spoke unto Moses and unto Aaron, sayi...
    91. Num:15:1: Duplicate verse content
       Details: Same as Exo:6:10: And the LORD spoke unto Moses, saying,...
    92. Num:15:37: Duplicate verse content
       Details: Same as Exo:6:10: And the LORD spoke unto Moses, saying,...
    93. Num:16:20: Duplicate verse content
       Details: Same as Exo:7:8: And the LORD spoke unto Moses and unto Aaron, sayi...
    94. Num:16:36: Duplicate verse content
       Details: Same as Num:16:23: Then the LORD spoke unto Moses, saying,...
    95. Num:16:44: Duplicate verse content
       Details: Same as Exo:6:10: And the LORD spoke unto Moses, saying,...
    96. Num:17:1: Duplicate verse content
       Details: Same as Exo:6:10: And the LORD spoke unto Moses, saying,...
    97. Num:18:25: Duplicate verse content
       Details: Same as Exo:6:10: And the LORD spoke unto Moses, saying,...
    98. Num:19:1: Duplicate verse content
       Details: Same as Exo:7:8: And the LORD spoke unto Moses and unto Aaron, sayi...
    99. Num:20:7: Duplicate verse content
       Details: Same as Exo:6:10: And the LORD spoke unto Moses, saying,...
    100. Num:25:10: Duplicate verse content
       Details: Same as Num:16:23: Then the LORD spoke unto Moses, saying,...
    101. Num:25:16: Duplicate verse content
       Details: Same as Exo:6:10: And the LORD spoke unto Moses, saying,...
    102. Num:26:52: Duplicate verse content
       Details: Same as Exo:6:10: And the LORD spoke unto Moses, saying,...
    103. Num:27:6: Duplicate verse content
       Details: Same as Exo:6:10: And the LORD spoke unto Moses, saying,...
    104. Num:28:1: Duplicate verse content
       Details: Same as Exo:6:10: And the LORD spoke unto Moses, saying,...
    105. Num:29:5: Duplicate verse content
       Details: Same as Num:28:22: and one he goat as [the] sin, to reconcile you....
    106. Num:29:21: Duplicate verse content
       Details: Same as Num:29:18: and their presents and their drink offerings with ...
    107. Num:29:22: Duplicate verse content
       Details: Same as Num:29:19: and one he goat as [the] sin, besides the continua...
    108. Num:29:25: Duplicate verse content
       Details: Same as Num:29:16: and one he goat as [the] sin, besides the continua...
    109. Num:29:27: Duplicate verse content
       Details: Same as Num:29:18: and their presents and their drink offerings with ...
    110. Num:29:30: Duplicate verse content
       Details: Same as Num:29:18: and their presents and their drink offerings with ...
    111. Num:29:31: Duplicate verse content
       Details: Same as Num:29:16: and one he goat as [the] sin, besides the continua...
    112. Num:29:33: Duplicate verse content
       Details: Same as Num:29:18: and their presents and their drink offerings with ...
    113. Num:29:34: Duplicate verse content
       Details: Same as Num:29:16: and one he goat as [the] sin, besides the continua...
    114. Num:29:38: Duplicate verse content
       Details: Same as Num:29:19: and one he goat as [the] sin, besides the continua...
    115. Num:31:1: Duplicate verse content
       Details: Same as Exo:6:10: And the LORD spoke unto Moses, saying,...
    116. Num:31:25: Duplicate verse content
       Details: Same as Exo:6:10: And the LORD spoke unto Moses, saying,...
    117. Num:34:1: Duplicate verse content
       Details: Same as Exo:6:10: And the LORD spoke unto Moses, saying,...
    118. Num:34:16: Duplicate verse content
       Details: Same as Exo:6:10: And the LORD spoke unto Moses, saying,...
    119. Num:35:1: Duplicate verse content
       Details: Same as Num:33:50: And the LORD spoke unto Moses in the plains of Moa...
    120. Num:35:9: Duplicate verse content
       Details: Same as Exo:6:10: And the LORD spoke unto Moses, saying,...
    121. Num:35:10: Duplicate verse content
       Details: Same as Num:33:51: Speak unto the sons of Israel and say unto them, W...
    122. Deu:5:7: Duplicate verse content
       Details: Same as Exo:20:3: Thou shalt have no other gods before me....
    123. Deu:5:17: Duplicate verse content
       Details: Same as Exo:20:13: Thou shalt not murder....
    124. Deu:5:18: Duplicate verse content
       Details: Same as Exo:20:14: Thou shalt not commit adultery....
    125. Deu:5:19: Duplicate verse content
       Details: Same as Exo:20:15: Thou shalt not steal....
    126. Deu:5:20: Duplicate verse content
       Details: Same as Exo:20:16: Thou shalt not give false testimony against thy ne...
    127. Jos:20:1: Duplicate verse content
       Details: Same as Jos:4:15: And the LORD spoke unto Joshua, saying,...
    128. Jdg:1:12: Duplicate verse content
       Details: Same as Jos:15:16: And Caleb said, He that smites Kirjathsepher and t...
    129. 1Ki:15:32: Duplicate verse content
       Details: Same as 1Ki:15:16: And there was war between Asa and Baasha, king of ...
    130. 1Ki:17:8: Duplicate verse content
       Details: Same as 1Ki:17:2: And the word of the LORD came unto him, saying,...
    131. 1Ki:21:28: Duplicate verse content
       Details: Same as 1Ki:21:17: Then the word of the LORD came to Elijah, the Tish...
    132. 2Ki:15:28: Duplicate verse content
       Details: Same as 2Ki:15:24: And he did [that which was] evil in the sight of t...
    133. 1Ch:1:20: Duplicate verse content
       Details: Same as Gen:10:26: And Joktan begat Almodad, Sheleph, Hazarmaveth, Je...
    134. 1Ch:1:21: Duplicate verse content
       Details: Same as Gen:10:27: Hadoram, Uzal, Diklah,...
    135. 1Ch:1:52: Duplicate verse content
       Details: Same as Gen:36:41: Duke Aholibamah, Duke Elah, Duke Pinon,...
    136. 1Ch:1:53: Duplicate verse content
       Details: Same as Gen:36:42: Duke Kenaz, Duke Teman, Duke Mibzar,...
    137. 1Ch:6:16: Duplicate verse content
       Details: Same as 1Ch:6:1: The sons of Levi: Gershon, Kohath, and Merari....
    138. 1Ch:6:18: Duplicate verse content
       Details: Same as 1Ch:6:2: The sons of Kohath: Amram, Izhar, Hebron, and Uzzi...
    139. 1Ch:9:39: Duplicate verse content
       Details: Same as 1Ch:8:33: And Ner begat Kish, and Kish begat Saul, and Saul ...
    140. 1Ch:14:6: Duplicate verse content
       Details: Same as 1Ch:3:7: Nogah, Nepheg, Japhia,...
    141. 2Ch:6:1: Duplicate verse content
       Details: Same as 1Ki:8:12: Then Solomon said, The LORD has said that he would...
    142. 2Ch:9:13: Duplicate verse content
       Details: Same as 1Ki:10:14: Now the weight of gold that came to Solomon in one...
    143. 2Ch:18:4: Duplicate verse content
       Details: Same as 1Ki:22:5: And Jehoshaphat said unto the king of Israel, Enqu...
    144. 2Ch:18:28: Duplicate verse content
       Details: Same as 1Ki:22:29: So the king of Israel and Jehoshaphat, the king of...
    145. Neh:7:12: Duplicate verse content
       Details: Same as Ezr:2:7: The sons of Elam, one thousand two hundred and fif...
    146. Neh:7:21: Duplicate verse content
       Details: Same as Ezr:2:16: The sons of Ater of Hezekiah, ninety-eight....
    147. Neh:7:27: Duplicate verse content
       Details: Same as Ezr:2:23: The men of Anathoth, one hundred and twenty-eight....
    148. Neh:7:31: Duplicate verse content
       Details: Same as Ezr:2:27: The men of Michmas, one hundred and twenty-two....
    149. Neh:7:34: Duplicate verse content
       Details: Same as Ezr:2:31: The sons of the other Elam, one thousand two hundr...
    150. Neh:7:35: Duplicate verse content
       Details: Same as Ezr:2:32: The sons of Harim, three hundred and twenty....
    151. Neh:7:36: Duplicate verse content
       Details: Same as Ezr:2:34: The sons of Jericho, three hundred and forty-five....
    152. Neh:7:39: Duplicate verse content
       Details: Same as Ezr:2:36: The priests: the sons of Jedaiah, of the house of ...
    153. Neh:7:41: Duplicate verse content
       Details: Same as Ezr:2:38: The sons of Pashur, one thousand two hundred and f...
    154. Neh:7:42: Duplicate verse content
       Details: Same as Ezr:2:39: The sons of Harim, one thousand and seventeen....
    155. Neh:7:53: Duplicate verse content
       Details: Same as Ezr:2:51: the sons of Bakbuk, the sons of Hakupha, the sons ...
    156. Neh:7:56: Duplicate verse content
       Details: Same as Ezr:2:54: the sons of Neziah, the sons of Hatipha....
    157. Job:12:1: Duplicate verse content
       Details: Same as Job:6:1: And Job answered and said,...
    158. Job:16:1: Duplicate verse content
       Details: Same as Job:9:1: Then Job answered and said,...
    159. Job:18:1: Duplicate verse content
       Details: Same as Job:8:1: Then Bildad, the Shuhite, answered and said,...
    160. Job:20:1: Duplicate verse content
       Details: Same as Job:11:1: Then Zophar, the Naamathite, answered and said,...
    161. Job:22:1: Duplicate verse content
       Details: Same as Job:4:1: Then Eliphaz, the Temanite, answered and said,...
    162. Job:23:1: Duplicate verse content
       Details: Same as Job:9:1: Then Job answered and said,...
    163. Job:29:1: Duplicate verse content
       Details: Same as Job:27:1: Moreover, Job continued his parable and said,...
    164. Job:40:6: Duplicate verse content
       Details: Same as Job:38:1: Then the LORD answered Job out of the whirlwind an...
    165. Psa:67:5: Duplicate verse content
       Details: Same as Psa:67:3: Let the peoples praise thee, O God; let all the pe...
    166. Psa:105:3: Duplicate verse content
       Details: Same as 1Ch:16:10: Glory in his holy name; let the heart of those tha...
    167. Psa:105:7: Duplicate verse content
       Details: Same as 1Ch:16:14: He [is] the LORD our God; his judgments [are] in a...
    168. Psa:107:15: Duplicate verse content
       Details: Same as Psa:107:8: Oh that [men] would praise the LORD [for] his merc...
    169. Psa:107:19: Duplicate verse content
       Details: Same as Psa:107:13: Then they cried unto the LORD in their trouble, [a...
    170. Psa:107:21: Duplicate verse content
       Details: Same as Psa:107:8: Oh that [men] would praise the LORD [for] his merc...
    171. Psa:107:31: Duplicate verse content
       Details: Same as Psa:107:8: Oh that [men] would praise the LORD [for] his merc...
    172. Psa:108:7: Duplicate verse content
       Details: Same as Psa:60:6: God has spoken in his holiness; I will rejoice, I ...
    173. Psa:136:1: Duplicate verse content
       Details: Same as Psa:107:1: O give thanks unto the LORD, for [he is] good; for...
    174. Pro:24:33: Duplicate verse content
       Details: Same as Pro:6:10: [Yet] a little sleep, a little slumber, a little f...
    175. Pro:26:22: Duplicate verse content
       Details: Same as Pro:18:8: The words of a talebearer seem smooth, but they go...
    176. Isa:37:5: Duplicate verse content
       Details: Same as 2Ki:19:5: So the servants of king Hezekiah came to Isaiah....
    177. Jer:13:8: Duplicate verse content
       Details: Same as Jer:1:4: Then the word of the LORD came unto me, saying,...
    178. Jer:30:1: Duplicate verse content
       Details: Same as Jer:11:1: The word that came to Jeremiah from the LORD, sayi...
    179. Jer:35:12: Duplicate verse content
       Details: Same as Jer:29:30: Then the word of the LORD came unto Jeremiah, sayi...
    180. Eze:6:1: Duplicate verse content
       Details: Same as Jer:16:1: And the word of the LORD came unto me, saying,...
    181. Eze:7:1: Duplicate verse content
       Details: Same as Jer:16:1: And the word of the LORD came unto me, saying,...
    182. Eze:11:14: Duplicate verse content
       Details: Same as Jer:16:1: And the word of the LORD came unto me, saying,...
    183. Eze:12:21: Duplicate verse content
       Details: Same as Jer:16:1: And the word of the LORD came unto me, saying,...
    184. Eze:13:1: Duplicate verse content
       Details: Same as Jer:16:1: And the word of the LORD came unto me, saying,...
    185. Eze:14:2: Duplicate verse content
       Details: Same as Jer:16:1: And the word of the LORD came unto me, saying,...
    186. Eze:16:1: Duplicate verse content
       Details: Same as Jer:24:4: Again the word of the LORD came unto me, saying,...
    187. Eze:17:1: Duplicate verse content
       Details: Same as Jer:16:1: And the word of the LORD came unto me, saying,...
    188. Eze:17:11: Duplicate verse content
       Details: Same as Jer:16:1: And the word of the LORD came unto me, saying,...
    189. Eze:21:1: Duplicate verse content
       Details: Same as Eze:15:1: And the word of the LORD came unto me, saying:...
    190. Eze:21:8: Duplicate verse content
       Details: Same as Jer:24:4: Again the word of the LORD came unto me, saying,...
    191. Eze:21:18: Duplicate verse content
       Details: Same as Eze:18:1: The word of the LORD came unto me again, saying,...
    192. Eze:22:1: Duplicate verse content
       Details: Same as Eze:20:45: Moreover the word of the LORD came unto me, saying...
    193. Eze:22:17: Duplicate verse content
       Details: Same as Jer:16:1: And the word of the LORD came unto me, saying,...
    194. Eze:22:23: Duplicate verse content
       Details: Same as Jer:16:1: And the word of the LORD came unto me, saying,...
    195. Eze:24:15: Duplicate verse content
       Details: Same as Jer:16:1: And the word of the LORD came unto me, saying,...
    196. Eze:25:1: Duplicate verse content
       Details: Same as Eze:23:1: The word of the LORD came again unto me, saying,...
    197. Eze:27:1: Duplicate verse content
       Details: Same as Eze:23:1: The word of the LORD came again unto me, saying,...
    198. Eze:28:1: Duplicate verse content
       Details: Same as Eze:23:1: The word of the LORD came again unto me, saying,...
    199. Eze:28:11: Duplicate verse content
       Details: Same as Jer:16:1: And the word of the LORD came unto me, saying,...
    200. Eze:28:20: Duplicate verse content
       Details: Same as Jer:16:1: And the word of the LORD came unto me, saying,...
    201. Eze:30:1: Duplicate verse content
       Details: Same as Jer:16:1: And the word of the LORD came unto me, saying,...
    202. Eze:33:1: Duplicate verse content
       Details: Same as Jer:16:1: And the word of the LORD came unto me, saying,...
    203. Eze:33:23: Duplicate verse content
       Details: Same as Jer:16:1: And the word of the LORD came unto me, saying,...
    204. Eze:34:1: Duplicate verse content
       Details: Same as Jer:16:1: And the word of the LORD came unto me, saying,...
    205. Eze:35:1: Duplicate verse content
       Details: Same as Eze:20:45: Moreover the word of the LORD came unto me, saying...
    206. Eze:36:16: Duplicate verse content
       Details: Same as Jer:16:1: And the word of the LORD came unto me, saying,...
    207. Eze:38:1: Duplicate verse content
       Details: Same as Jer:16:1: And the word of the LORD came unto me, saying,...
    208. Zec:4:8: Duplicate verse content
       Details: Same as Jer:16:1: And the word of the LORD came unto me, saying,...
    209. Zec:6:9: Duplicate verse content
       Details: Same as Jer:16:1: And the word of the LORD came unto me, saying,...
    210. Mat:13:50: Duplicate verse content
       Details: Same as Mat:13:42: and shall cast them into the furnace of fire; ther...
    211. Mar:7:16: Duplicate verse content
       Details: Same as Mar:4:23: If anyone has ears to hear, let him hear....
    212. Mar:9:46: Duplicate verse content
       Details: Same as Mar:9:44: where their worm does not die, and the fire is nev...
    213. Mar:9:48: Duplicate verse content
       Details: Same as Mar:9:44: where their worm does not die, and the fire is nev...
    214. Luk:12:34: Duplicate verse content
       Details: Same as Mat:6:21: For where your treasure is, there will your heart ...
    215. Luk:12:43: Duplicate verse content
       Details: Same as Mat:24:46: Blessed [is] that servant whom his lord when he co...
    216. Luk:13:5: Duplicate verse content
       Details: Same as Luk:13:3: I tell you, No; but, except ye repent, ye shall al...
    217. Luk:21:33: Duplicate verse content
       Details: Same as Mat:24:35: The heaven and the earth shall pass away, but my w...
    218. Phi:1:2: Duplicate verse content
       Details: Same as 1Co:1:3: Grace [be] unto you and peace from God our Father ...
    219. 2Th:3:18: Duplicate verse content
       Details: Same as Phi:4:23: The grace of our Lord Jesus Christ [be] with you a...
    220. Rev:3:13: Duplicate verse content
       Details: Same as Rev:3:6: He that has an ear let him hear what the Spirit sa...
    221. Rev:3:22: Duplicate verse content
       Details: Same as Rev:2:29: He that has an ear let him hear what the Spirit sa...
    222. Est:8:9: Verse too long (529 chars)
       Details: Text: Then the king's scribes were called at that time in the third month, that [is], the month Sivan, on ...


  ENCODING (7):
    1. Dan:5:25: Unusual capitalization pattern
       Details: 4/11 words are all caps
    2. Mat:27:37: Unusual capitalization pattern
       Details: 8/17 words are all caps
    3. Mar:15:26: Unusual capitalization pattern
       Details: 5/14 words are all caps
    4. Luk:23:38: Unusual capitalization pattern
       Details: 7/23 words are all caps
    5. Joh:19:19: Unusual capitalization pattern
       Details: 8/24 words are all caps
    6. Rev:17:5: Unusual capitalization pattern
       Details: 16/24 words are all caps
    7. Rev:19:16: Unusual capitalization pattern
       Details: 7/20 words are all caps

