ANOMALY DETECTION REPORT FOR KJV
Source file: KJV.json
Analysis complete
================================================================================


WARNINGS (278):
----------------------------------------

  TEXT_CONTENT (271):
    1. Exo:13:1: Duplicate verse content
       Details: Same as Exo:6:10: And the LORD spake unto Moses, saying,...
    2. Exo:14:1: Duplicate verse content
       Details: Same as Exo:6:10: And the LORD spake unto Moses, saying,...
    3. Exo:16:11: Duplicate verse content
       Details: Same as Exo:6:10: And the LORD spake unto Moses, saying,...
    4. Exo:25:1: Duplicate verse content
       Details: Same as Exo:6:10: And the LORD spake unto Moses, saying,...
    5. Exo:30:11: Duplicate verse content
       Details: Same as Exo:6:10: And the LORD spake unto Moses, saying,...
    6. Exo:30:17: Duplicate verse content
       Details: Same as Exo:6:10: And the LORD spake unto Moses, saying,...
    7. Exo:31:1: Duplicate verse content
       Details: Same as Exo:6:10: And the LORD spake unto Moses, saying,...
    8. Exo:31:12: Duplicate verse content
       Details: Same as Exo:6:10: And the LORD spake unto Moses, saying,...
    9. Exo:35:6: Duplicate verse content
       Details: Same as Exo:25:4: And blue, and purple, and scarlet, and fine linen,...
    10. Exo:35:7: Duplicate verse content
       Details: Same as Exo:25:5: And rams' skins dyed red, and badgers' skins, and ...
    11. Exo:36:26: Duplicate verse content
       Details: Same as Exo:26:21: And their forty sockets of silver; two sockets und...
    12. Exo:40:1: Duplicate verse content
       Details: Same as Exo:6:10: And the LORD spake unto Moses, saying,...
    13. Lev:3:15: Duplicate verse content
       Details: Same as Lev:3:10: And the two kidneys, and the fat that is upon them...
    14. Lev:4:1: Duplicate verse content
       Details: Same as Exo:6:10: And the LORD spake unto Moses, saying,...
    15. Lev:5:14: Duplicate verse content
       Details: Same as Exo:6:10: And the LORD spake unto Moses, saying,...
    16. Lev:6:1: Duplicate verse content
       Details: Same as Exo:6:10: And the LORD spake unto Moses, saying,...
    17. Lev:6:8: Duplicate verse content
       Details: Same as Exo:6:10: And the LORD spake unto Moses, saying,...
    18. Lev:6:19: Duplicate verse content
       Details: Same as Exo:6:10: And the LORD spake unto Moses, saying,...
    19. Lev:6:24: Duplicate verse content
       Details: Same as Exo:6:10: And the LORD spake unto Moses, saying,...
    20. Lev:7:22: Duplicate verse content
       Details: Same as Exo:6:10: And the LORD spake unto Moses, saying,...
    21. Lev:7:28: Duplicate verse content
       Details: Same as Exo:6:10: And the LORD spake unto Moses, saying,...
    22. Lev:8:1: Duplicate verse content
       Details: Same as Exo:6:10: And the LORD spake unto Moses, saying,...
    23. Lev:12:1: Duplicate verse content
       Details: Same as Exo:6:10: And the LORD spake unto Moses, saying,...
    24. Lev:14:1: Duplicate verse content
       Details: Same as Exo:6:10: And the LORD spake unto Moses, saying,...
    25. Lev:14:33: Duplicate verse content
       Details: Same as Exo:7:8: And the LORD spake unto Moses and unto Aaron, sayi...
    26. Lev:17:1: Duplicate verse content
       Details: Same as Exo:6:10: And the LORD spake unto Moses, saying,...
    27. Lev:18:1: Duplicate verse content
       Details: Same as Exo:6:10: And the LORD spake unto Moses, saying,...
    28. Lev:19:1: Duplicate verse content
       Details: Same as Exo:6:10: And the LORD spake unto Moses, saying,...
    29. Lev:20:1: Duplicate verse content
       Details: Same as Exo:6:10: And the LORD spake unto Moses, saying,...
    30. Lev:21:16: Duplicate verse content
       Details: Same as Exo:6:10: And the LORD spake unto Moses, saying,...
    31. Lev:22:1: Duplicate verse content
       Details: Same as Exo:6:10: And the LORD spake unto Moses, saying,...
    32. Lev:22:17: Duplicate verse content
       Details: Same as Exo:6:10: And the LORD spake unto Moses, saying,...
    33. Lev:22:26: Duplicate verse content
       Details: Same as Exo:6:10: And the LORD spake unto Moses, saying,...
    34. Lev:23:1: Duplicate verse content
       Details: Same as Exo:6:10: And the LORD spake unto Moses, saying,...
    35. Lev:23:9: Duplicate verse content
       Details: Same as Exo:6:10: And the LORD spake unto Moses, saying,...
    36. Lev:23:23: Duplicate verse content
       Details: Same as Exo:6:10: And the LORD spake unto Moses, saying,...
    37. Lev:23:26: Duplicate verse content
       Details: Same as Exo:6:10: And the LORD spake unto Moses, saying,...
    38. Lev:23:33: Duplicate verse content
       Details: Same as Exo:6:10: And the LORD spake unto Moses, saying,...
    39. Lev:24:1: Duplicate verse content
       Details: Same as Exo:6:10: And the LORD spake unto Moses, saying,...
    40. Lev:24:13: Duplicate verse content
       Details: Same as Exo:6:10: And the LORD spake unto Moses, saying,...
    41. Lev:26:2: Duplicate verse content
       Details: Same as Lev:19:30: Ye shall keep my sabbaths, and reverence my sanctu...
    42. Lev:27:1: Duplicate verse content
       Details: Same as Exo:6:10: And the LORD spake unto Moses, saying,...
    43. Num:2:1: Duplicate verse content
       Details: Same as Exo:7:8: And the LORD spake unto Moses and unto Aaron, sayi...
    44. Num:3:5: Duplicate verse content
       Details: Same as Exo:6:10: And the LORD spake unto Moses, saying,...
    45. Num:3:11: Duplicate verse content
       Details: Same as Exo:6:10: And the LORD spake unto Moses, saying,...
    46. Num:3:44: Duplicate verse content
       Details: Same as Exo:6:10: And the LORD spake unto Moses, saying,...
    47. Num:4:1: Duplicate verse content
       Details: Same as Exo:7:8: And the LORD spake unto Moses and unto Aaron, sayi...
    48. Num:4:17: Duplicate verse content
       Details: Same as Exo:7:8: And the LORD spake unto Moses and unto Aaron, sayi...
    49. Num:4:21: Duplicate verse content
       Details: Same as Exo:6:10: And the LORD spake unto Moses, saying,...
    50. Num:4:43: Duplicate verse content
       Details: Same as Num:4:39: From thirty years old and upward even unto fifty y...
    51. Num:5:1: Duplicate verse content
       Details: Same as Exo:6:10: And the LORD spake unto Moses, saying,...
    52. Num:5:5: Duplicate verse content
       Details: Same as Exo:6:10: And the LORD spake unto Moses, saying,...
    53. Num:5:11: Duplicate verse content
       Details: Same as Exo:6:10: And the LORD spake unto Moses, saying,...
    54. Num:6:1: Duplicate verse content
       Details: Same as Exo:6:10: And the LORD spake unto Moses, saying,...
    55. Num:6:22: Duplicate verse content
       Details: Same as Exo:6:10: And the LORD spake unto Moses, saying,...
    56. Num:7:4: Duplicate verse content
       Details: Same as Exo:6:10: And the LORD spake unto Moses, saying,...
    57. Num:7:21: Duplicate verse content
       Details: Same as Num:7:15: One young bullock, one ram, one lamb of the first ...
    58. Num:7:22: Duplicate verse content
       Details: Same as Num:7:16: One kid of the goats for a sin offering:...
    59. Num:7:27: Duplicate verse content
       Details: Same as Num:7:15: One young bullock, one ram, one lamb of the first ...
    60. Num:7:28: Duplicate verse content
       Details: Same as Num:7:16: One kid of the goats for a sin offering:...
    61. Num:7:32: Duplicate verse content
       Details: Same as Num:7:26: One golden spoon of ten shekels, full of incense:...
    62. Num:7:33: Duplicate verse content
       Details: Same as Num:7:15: One young bullock, one ram, one lamb of the first ...
    63. Num:7:34: Duplicate verse content
       Details: Same as Num:7:16: One kid of the goats for a sin offering:...
    64. Num:7:37: Duplicate verse content
       Details: Same as Num:7:25: His offering was one silver charger, the weight wh...
    65. Num:7:38: Duplicate verse content
       Details: Same as Num:7:26: One golden spoon of ten shekels, full of incense:...
    66. Num:7:39: Duplicate verse content
       Details: Same as Num:7:15: One young bullock, one ram, one lamb of the first ...
    67. Num:7:40: Duplicate verse content
       Details: Same as Num:7:16: One kid of the goats for a sin offering:...
    68. Num:7:44: Duplicate verse content
       Details: Same as Num:7:26: One golden spoon of ten shekels, full of incense:...
    69. Num:7:45: Duplicate verse content
       Details: Same as Num:7:15: One young bullock, one ram, one lamb of the first ...
    70. Num:7:46: Duplicate verse content
       Details: Same as Num:7:16: One kid of the goats for a sin offering:...
    71. Num:7:49: Duplicate verse content
       Details: Same as Num:7:25: His offering was one silver charger, the weight wh...
    72. Num:7:50: Duplicate verse content
       Details: Same as Num:7:26: One golden spoon of ten shekels, full of incense:...
    73. Num:7:51: Duplicate verse content
       Details: Same as Num:7:15: One young bullock, one ram, one lamb of the first ...
    74. Num:7:52: Duplicate verse content
       Details: Same as Num:7:16: One kid of the goats for a sin offering:...
    75. Num:7:55: Duplicate verse content
       Details: Same as Num:7:31: His offering was one silver charger of the weight ...
    76. Num:7:56: Duplicate verse content
       Details: Same as Num:7:26: One golden spoon of ten shekels, full of incense:...
    77. Num:7:57: Duplicate verse content
       Details: Same as Num:7:15: One young bullock, one ram, one lamb of the first ...
    78. Num:7:58: Duplicate verse content
       Details: Same as Num:7:16: One kid of the goats for a sin offering:...
    79. Num:7:61: Duplicate verse content
       Details: Same as Num:7:25: His offering was one silver charger, the weight wh...
    80. Num:7:62: Duplicate verse content
       Details: Same as Num:7:26: One golden spoon of ten shekels, full of incense:...
    81. Num:7:63: Duplicate verse content
       Details: Same as Num:7:15: One young bullock, one ram, one lamb of the first ...
    82. Num:7:64: Duplicate verse content
       Details: Same as Num:7:16: One kid of the goats for a sin offering:...
    83. Num:7:67: Duplicate verse content
       Details: Same as Num:7:25: His offering was one silver charger, the weight wh...
    84. Num:7:68: Duplicate verse content
       Details: Same as Num:7:26: One golden spoon of ten shekels, full of incense:...
    85. Num:7:69: Duplicate verse content
       Details: Same as Num:7:15: One young bullock, one ram, one lamb of the first ...
    86. Num:7:70: Duplicate verse content
       Details: Same as Num:7:16: One kid of the goats for a sin offering:...
    87. Num:7:73: Duplicate verse content
       Details: Same as Num:7:25: His offering was one silver charger, the weight wh...
    88. Num:7:74: Duplicate verse content
       Details: Same as Num:7:26: One golden spoon of ten shekels, full of incense:...
    89. Num:7:75: Duplicate verse content
       Details: Same as Num:7:15: One young bullock, one ram, one lamb of the first ...
    90. Num:7:76: Duplicate verse content
       Details: Same as Num:7:16: One kid of the goats for a sin offering:...
    91. Num:7:79: Duplicate verse content
       Details: Same as Num:7:25: His offering was one silver charger, the weight wh...
    92. Num:7:80: Duplicate verse content
       Details: Same as Num:7:26: One golden spoon of ten shekels, full of incense:...
    93. Num:7:81: Duplicate verse content
       Details: Same as Num:7:15: One young bullock, one ram, one lamb of the first ...
    94. Num:7:82: Duplicate verse content
       Details: Same as Num:7:16: One kid of the goats for a sin offering:...
    95. Num:8:1: Duplicate verse content
       Details: Same as Exo:6:10: And the LORD spake unto Moses, saying,...
    96. Num:8:5: Duplicate verse content
       Details: Same as Exo:6:10: And the LORD spake unto Moses, saying,...
    97. Num:8:23: Duplicate verse content
       Details: Same as Exo:6:10: And the LORD spake unto Moses, saying,...
    98. Num:9:9: Duplicate verse content
       Details: Same as Exo:6:10: And the LORD spake unto Moses, saying,...
    99. Num:10:1: Duplicate verse content
       Details: Same as Exo:6:10: And the LORD spake unto Moses, saying,...
    100. Num:13:1: Duplicate verse content
       Details: Same as Exo:6:10: And the LORD spake unto Moses, saying,...
    101. Num:14:26: Duplicate verse content
       Details: Same as Exo:7:8: And the LORD spake unto Moses and unto Aaron, sayi...
    102. Num:15:1: Duplicate verse content
       Details: Same as Exo:6:10: And the LORD spake unto Moses, saying,...
    103. Num:15:17: Duplicate verse content
       Details: Same as Exo:6:10: And the LORD spake unto Moses, saying,...
    104. Num:15:37: Duplicate verse content
       Details: Same as Exo:6:10: And the LORD spake unto Moses, saying,...
    105. Num:16:20: Duplicate verse content
       Details: Same as Exo:7:8: And the LORD spake unto Moses and unto Aaron, sayi...
    106. Num:16:23: Duplicate verse content
       Details: Same as Exo:6:10: And the LORD spake unto Moses, saying,...
    107. Num:16:36: Duplicate verse content
       Details: Same as Exo:6:10: And the LORD spake unto Moses, saying,...
    108. Num:16:44: Duplicate verse content
       Details: Same as Exo:6:10: And the LORD spake unto Moses, saying,...
    109. Num:17:1: Duplicate verse content
       Details: Same as Exo:6:10: And the LORD spake unto Moses, saying,...
    110. Num:18:25: Duplicate verse content
       Details: Same as Exo:6:10: And the LORD spake unto Moses, saying,...
    111. Num:19:1: Duplicate verse content
       Details: Same as Exo:7:8: And the LORD spake unto Moses and unto Aaron, sayi...
    112. Num:20:7: Duplicate verse content
       Details: Same as Exo:6:10: And the LORD spake unto Moses, saying,...
    113. Num:24:15: Duplicate verse content
       Details: Same as Num:24:3: And he took up his parable, and said, Balaam the s...
    114. Num:25:10: Duplicate verse content
       Details: Same as Exo:6:10: And the LORD spake unto Moses, saying,...
    115. Num:25:16: Duplicate verse content
       Details: Same as Exo:6:10: And the LORD spake unto Moses, saying,...
    116. Num:26:52: Duplicate verse content
       Details: Same as Exo:6:10: And the LORD spake unto Moses, saying,...
    117. Num:27:6: Duplicate verse content
       Details: Same as Exo:6:10: And the LORD spake unto Moses, saying,...
    118. Num:28:1: Duplicate verse content
       Details: Same as Exo:6:10: And the LORD spake unto Moses, saying,...
    119. Num:29:21: Duplicate verse content
       Details: Same as Num:29:18: And their meat offering and their drink offerings ...
    120. Num:29:25: Duplicate verse content
       Details: Same as Num:29:16: And one kid of the goats for a sin offering; besid...
    121. Num:29:27: Duplicate verse content
       Details: Same as Num:29:18: And their meat offering and their drink offerings ...
    122. Num:29:28: Duplicate verse content
       Details: Same as Num:29:22: And one goat for a sin offering; beside the contin...
    123. Num:29:30: Duplicate verse content
       Details: Same as Num:29:18: And their meat offering and their drink offerings ...
    124. Num:29:33: Duplicate verse content
       Details: Same as Num:29:18: And their meat offering and their drink offerings ...
    125. Num:29:34: Duplicate verse content
       Details: Same as Num:29:31: And one goat for a sin offering; beside the contin...
    126. Num:29:38: Duplicate verse content
       Details: Same as Num:29:22: And one goat for a sin offering; beside the contin...
    127. Num:31:1: Duplicate verse content
       Details: Same as Exo:6:10: And the LORD spake unto Moses, saying,...
    128. Num:31:25: Duplicate verse content
       Details: Same as Exo:6:10: And the LORD spake unto Moses, saying,...
    129. Num:34:1: Duplicate verse content
       Details: Same as Exo:6:10: And the LORD spake unto Moses, saying,...
    130. Num:34:16: Duplicate verse content
       Details: Same as Exo:6:10: And the LORD spake unto Moses, saying,...
    131. Num:35:1: Duplicate verse content
       Details: Same as Num:33:50: And the LORD spake unto Moses in the plains of Moa...
    132. Num:35:9: Duplicate verse content
       Details: Same as Exo:6:10: And the LORD spake unto Moses, saying,...
    133. Deu:5:17: Duplicate verse content
       Details: Same as Exo:20:13: Thou shalt not kill....
    134. Deu:14:15: Duplicate verse content
       Details: Same as Lev:11:16: And the owl, and the night hawk, and the cuckow, a...
    135. Jos:10:43: Duplicate verse content
       Details: Same as Jos:10:15: And Joshua returned, and all Israel with him, unto...
    136. Jdg:1:12: Duplicate verse content
       Details: Same as Jos:15:16: And Caleb said, He that smiteth Kirjathsepher, and...
    137. 1Ki:15:32: Duplicate verse content
       Details: Same as 1Ki:15:16: And there was war between Asa and Baasha king of I...
    138. 1Ki:17:8: Duplicate verse content
       Details: Same as 1Ki:17:2: And the word of the LORD came unto him, saying,...
    139. 1Ki:21:28: Duplicate verse content
       Details: Same as 1Ki:21:17: And the word of the LORD came to Elijah the Tishbi...
    140. 2Ki:15:28: Duplicate verse content
       Details: Same as 2Ki:15:24: And he did that which was evil in the sight of the...
    141. 2Ki:23:37: Duplicate verse content
       Details: Same as 2Ki:23:32: And he did that which was evil in the sight of the...
    142. 1Ch:1:5: Duplicate verse content
       Details: Same as Gen:10:2: The sons of Japheth; Gomer, and Magog, and Madai, ...
    143. 1Ch:1:7: Duplicate verse content
       Details: Same as Gen:10:4: And the sons of Javan; Elishah, and Tarshish, Kitt...
    144. 1Ch:1:11: Duplicate verse content
       Details: Same as Gen:10:13: And Mizraim begat Ludim, and Anamim, and Lehabim, ...
    145. 1Ch:1:15: Duplicate verse content
       Details: Same as Gen:10:17: And the Hivite, and the Arkite, and the Sinite,...
    146. 1Ch:1:20: Duplicate verse content
       Details: Same as Gen:10:26: And Joktan begat Almodad, and Sheleph, and Hazarma...
    147. 1Ch:1:52: Duplicate verse content
       Details: Same as Gen:36:41: Duke Aholibamah, duke Elah, duke Pinon,...
    148. 1Ch:1:53: Duplicate verse content
       Details: Same as Gen:36:42: Duke Kenaz, duke Teman, duke Mibzar,...
    149. 1Ch:14:6: Duplicate verse content
       Details: Same as 1Ch:3:7: And Nogah, and Nepheg, and Japhia,...
    150. 1Ch:17:15: Duplicate verse content
       Details: Same as 2Sa:7:17: According to all these words, and according to all...
    151. 1Ch:19:8: Duplicate verse content
       Details: Same as 2Sa:10:7: And when David heard of it, he sent Joab, and all ...
    152. 2Ch:1:16: Duplicate verse content
       Details: Same as 1Ki:10:28: And Solomon had horses brought out of Egypt, and l...
    153. 2Ch:4:4: Duplicate verse content
       Details: Same as 1Ki:7:25: It stood upon twelve oxen, three looking toward th...
    154. 2Ch:18:4: Duplicate verse content
       Details: Same as 1Ki:22:5: And Jehoshaphat said unto the king of Israel, Enqu...
    155. 2Ch:18:28: Duplicate verse content
       Details: Same as 1Ki:22:29: So the king of Israel and Jehoshaphat the king of ...
    156. 2Ch:33:5: Duplicate verse content
       Details: Same as 2Ki:21:5: And he built altars for all the host of heaven in ...
    157. Neh:7:8: Duplicate verse content
       Details: Same as Ezr:2:3: The children of Parosh, two thousand an hundred se...
    158. Neh:7:9: Duplicate verse content
       Details: Same as Ezr:2:4: The children of Shephatiah, three hundred seventy ...
    159. Neh:7:12: Duplicate verse content
       Details: Same as Ezr:2:7: The children of Elam, a thousand two hundred fifty...
    160. Neh:7:14: Duplicate verse content
       Details: Same as Ezr:2:9: The children of Zaccai, seven hundred and threesco...
    161. Neh:7:21: Duplicate verse content
       Details: Same as Ezr:2:16: The children of Ater of Hezekiah, ninety and eight...
    162. Neh:7:27: Duplicate verse content
       Details: Same as Ezr:2:23: The men of Anathoth, an hundred twenty and eight....
    163. Neh:7:34: Duplicate verse content
       Details: Same as Ezr:2:31: The children of the other Elam, a thousand two hun...
    164. Neh:7:35: Duplicate verse content
       Details: Same as Ezr:2:32: The children of Harim, three hundred and twenty....
    165. Neh:7:36: Duplicate verse content
       Details: Same as Ezr:2:34: The children of Jericho, three hundred forty and f...
    166. Neh:7:39: Duplicate verse content
       Details: Same as Ezr:2:36: The priests: the children of Jedaiah, of the house...
    167. Neh:7:40: Duplicate verse content
       Details: Same as Ezr:2:37: The children of Immer, a thousand fifty and two....
    168. Neh:7:41: Duplicate verse content
       Details: Same as Ezr:2:38: The children of Pashur, a thousand two hundred for...
    169. Neh:7:42: Duplicate verse content
       Details: Same as Ezr:2:39: The children of Harim, a thousand and seventeen....
    170. Neh:7:53: Duplicate verse content
       Details: Same as Ezr:2:51: The children of Bakbuk, the children of Hakupha, t...
    171. Neh:7:56: Duplicate verse content
       Details: Same as Ezr:2:54: The children of Neziah, the children of Hatipha....
    172. Neh:7:60: Duplicate verse content
       Details: Same as Ezr:2:58: All the Nethinims, and the children of Solomon's s...
    173. Neh:7:66: Duplicate verse content
       Details: Same as Ezr:2:64: The whole congregation together was forty and two ...
    174. Job:16:1: Duplicate verse content
       Details: Same as Job:9:1: Then Job answered and said,...
    175. Job:18:1: Duplicate verse content
       Details: Same as Job:8:1: Then answered Bildad the Shuhite, and said,...
    176. Job:19:1: Duplicate verse content
       Details: Same as Job:9:1: Then Job answered and said,...
    177. Job:20:1: Duplicate verse content
       Details: Same as Job:11:1: Then answered Zophar the Naamathite, and said,...
    178. Job:21:1: Duplicate verse content
       Details: Same as Job:6:1: But Job answered and said,...
    179. Job:22:1: Duplicate verse content
       Details: Same as Job:4:1: Then Eliphaz the Temanite answered and said,...
    180. Job:23:1: Duplicate verse content
       Details: Same as Job:9:1: Then Job answered and said,...
    181. Job:25:1: Duplicate verse content
       Details: Same as Job:8:1: Then answered Bildad the Shuhite, and said,...
    182. Job:26:1: Duplicate verse content
       Details: Same as Job:6:1: But Job answered and said,...
    183. Job:29:1: Duplicate verse content
       Details: Same as Job:27:1: Moreover Job continued his parable, and said,...
    184. Job:42:1: Duplicate verse content
       Details: Same as Job:40:3: Then Job answered the LORD, and said,...
    185. Psa:18:8: Duplicate verse content
       Details: Same as 2Sa:22:9: There went up a smoke out of his nostrils, and fir...
    186. Psa:18:18: Duplicate verse content
       Details: Same as 2Sa:22:19: They prevented me in the day of my calamity: but t...
    187. Psa:18:21: Duplicate verse content
       Details: Same as 2Sa:22:22: For I have kept the ways of the LORD, and have not...
    188. Psa:46:11: Duplicate verse content
       Details: Same as Psa:46:7: The LORD of hosts is with us; the God of Jacob is ...
    189. Psa:67:5: Duplicate verse content
       Details: Same as Psa:67:3: Let the people praise thee, O God; let all the peo...
    190. Psa:105:3: Duplicate verse content
       Details: Same as 1Ch:16:10: Glory ye in his holy name: let the heart of them r...
    191. Psa:105:15: Duplicate verse content
       Details: Same as 1Ch:16:22: Saying, Touch not mine anointed, and do my prophet...
    192. Psa:107:15: Duplicate verse content
       Details: Same as Psa:107:8: Oh that men would praise the LORD for his goodness...
    193. Psa:107:21: Duplicate verse content
       Details: Same as Psa:107:8: Oh that men would praise the LORD for his goodness...
    194. Psa:107:31: Duplicate verse content
       Details: Same as Psa:107:8: Oh that men would praise the LORD for his goodness...
    195. Psa:108:7: Duplicate verse content
       Details: Same as Psa:60:6: God hath spoken in his holiness; I will rejoice, I...
    196. Psa:108:10: Duplicate verse content
       Details: Same as Psa:60:9: Who will bring me into the strong city? who will l...
    197. Psa:108:12: Duplicate verse content
       Details: Same as Psa:60:11: Give us help from trouble: for vain is the help of...
    198. Psa:108:13: Duplicate verse content
       Details: Same as Psa:60:12: Through God we shall do valiantly: for he it is th...
    199. Psa:136:1: Duplicate verse content
       Details: Same as Psa:118:29: O give thanks unto the LORD; for he is good: for h...
    200. Pro:24:33: Duplicate verse content
       Details: Same as Pro:6:10: Yet a little sleep, a little slumber, a little fol...
    201. Pro:26:22: Duplicate verse content
       Details: Same as Pro:18:8: The words of a talebearer are as wounds, and they ...
    202. Son:3:5: Duplicate verse content
       Details: Same as Son:2:7: I charge you, O ye daughters of Jerusalem, by the ...
    203. Isa:36:9: Duplicate verse content
       Details: Same as 2Ki:18:24: How then wilt thou turn away the face of one capta...
    204. Isa:37:1: Duplicate verse content
       Details: Same as 2Ki:19:1: And it came to pass, when king Hezekiah heard it, ...
    205. Isa:37:5: Duplicate verse content
       Details: Same as 2Ki:19:5: So the servants of king Hezekiah came to Isaiah....
    206. Isa:37:8: Duplicate verse content
       Details: Same as 2Ki:19:8: So Rabshakeh returned, and found the king of Assyr...
    207. Isa:37:19: Duplicate verse content
       Details: Same as 2Ki:19:18: And have cast their gods into the fire: for they w...
    208. Isa:37:23: Duplicate verse content
       Details: Same as 2Ki:19:22: Whom hast thou reproached and blasphemed? and agai...
    209. Isa:37:28: Duplicate verse content
       Details: Same as 2Ki:19:27: But I know thy abode, and thy going out, and thy c...
    210. Isa:37:32: Duplicate verse content
       Details: Same as 2Ki:19:31: For out of Jerusalem shall go forth a remnant, and...
    211. Isa:37:34: Duplicate verse content
       Details: Same as 2Ki:19:33: By the way that he came, by the same shall he retu...
    212. Isa:37:37: Duplicate verse content
       Details: Same as 2Ki:19:36: So Sennacherib king of Assyria departed, and went ...
    213. Isa:39:7: Duplicate verse content
       Details: Same as 2Ki:20:18: And of thy sons that shall issue from thee, which ...
    214. Jer:11:1: Duplicate verse content
       Details: Same as Jer:7:1: The word that came to Jeremiah from the LORD, sayi...
    215. Jer:13:8: Duplicate verse content
       Details: Same as Jer:1:4: Then the word of the LORD came unto me, saying,...
    216. Jer:30:1: Duplicate verse content
       Details: Same as Jer:7:1: The word that came to Jeremiah from the LORD, sayi...
    217. Jer:32:26: Duplicate verse content
       Details: Same as Jer:29:30: Then came the word of the LORD unto Jeremiah, sayi...
    218. Jer:35:12: Duplicate verse content
       Details: Same as Jer:29:30: Then came the word of the LORD unto Jeremiah, sayi...
    219. Jer:52:24: Duplicate verse content
       Details: Same as 2Ki:25:18: And the captain of the guard took Seraiah the chie...
    220. Eze:11:14: Duplicate verse content
       Details: Same as Jer:24:4: Again the word of the LORD came unto me, saying,...
    221. Eze:12:17: Duplicate verse content
       Details: Same as Jer:2:1: Moreover the word of the LORD came to me, saying,...
    222. Eze:12:21: Duplicate verse content
       Details: Same as Eze:6:1: And the word of the LORD came unto me, saying,...
    223. Eze:13:1: Duplicate verse content
       Details: Same as Eze:6:1: And the word of the LORD came unto me, saying,...
    224. Eze:14:2: Duplicate verse content
       Details: Same as Eze:6:1: And the word of the LORD came unto me, saying,...
    225. Eze:15:1: Duplicate verse content
       Details: Same as Eze:6:1: And the word of the LORD came unto me, saying,...
    226. Eze:16:1: Duplicate verse content
       Details: Same as Jer:24:4: Again the word of the LORD came unto me, saying,...
    227. Eze:17:1: Duplicate verse content
       Details: Same as Eze:6:1: And the word of the LORD came unto me, saying,...
    228. Eze:17:11: Duplicate verse content
       Details: Same as Eze:7:1: Moreover the word of the LORD came unto me, saying...
    229. Eze:20:45: Duplicate verse content
       Details: Same as Eze:7:1: Moreover the word of the LORD came unto me, saying...
    230. Eze:21:1: Duplicate verse content
       Details: Same as Eze:6:1: And the word of the LORD came unto me, saying,...
    231. Eze:21:8: Duplicate verse content
       Details: Same as Jer:24:4: Again the word of the LORD came unto me, saying,...
    232. Eze:21:18: Duplicate verse content
       Details: Same as Eze:18:1: The word of the LORD came unto me again, saying,...
    233. Eze:22:1: Duplicate verse content
       Details: Same as Eze:7:1: Moreover the word of the LORD came unto me, saying...
    234. Eze:22:17: Duplicate verse content
       Details: Same as Eze:6:1: And the word of the LORD came unto me, saying,...
    235. Eze:22:23: Duplicate verse content
       Details: Same as Eze:6:1: And the word of the LORD came unto me, saying,...
    236. Eze:25:1: Duplicate verse content
       Details: Same as Eze:23:1: The word of the LORD came again unto me, saying,...
    237. Eze:27:1: Duplicate verse content
       Details: Same as Eze:23:1: The word of the LORD came again unto me, saying,...
    238. Eze:28:1: Duplicate verse content
       Details: Same as Eze:23:1: The word of the LORD came again unto me, saying,...
    239. Eze:28:11: Duplicate verse content
       Details: Same as Eze:7:1: Moreover the word of the LORD came unto me, saying...
    240. Eze:28:20: Duplicate verse content
       Details: Same as Jer:24:4: Again the word of the LORD came unto me, saying,...
    241. Eze:30:1: Duplicate verse content
       Details: Same as Eze:23:1: The word of the LORD came again unto me, saying,...
    242. Eze:33:1: Duplicate verse content
       Details: Same as Jer:24:4: Again the word of the LORD came unto me, saying,...
    243. Eze:33:23: Duplicate verse content
       Details: Same as Jer:1:4: Then the word of the LORD came unto me, saying,...
    244. Eze:34:1: Duplicate verse content
       Details: Same as Eze:6:1: And the word of the LORD came unto me, saying,...
    245. Eze:35:1: Duplicate verse content
       Details: Same as Eze:7:1: Moreover the word of the LORD came unto me, saying...
    246. Eze:36:16: Duplicate verse content
       Details: Same as Eze:7:1: Moreover the word of the LORD came unto me, saying...
    247. Eze:37:15: Duplicate verse content
       Details: Same as Eze:23:1: The word of the LORD came again unto me, saying,...
    248. Eze:38:1: Duplicate verse content
       Details: Same as Eze:6:1: And the word of the LORD came unto me, saying,...
    249. Zec:4:8: Duplicate verse content
       Details: Same as Eze:7:1: Moreover the word of the LORD came unto me, saying...
    250. Zec:6:9: Duplicate verse content
       Details: Same as Eze:6:1: And the word of the LORD came unto me, saying,...
    251. Mat:12:17: Duplicate verse content
       Details: Same as Mat:4:14: That it might be fulfilled which was spoken by Esa...
    252. Mar:7:16: Duplicate verse content
       Details: Same as Mar:4:23: If any man have ears to hear, let him hear....
    253. Mar:9:46: Duplicate verse content
       Details: Same as Mar:9:44: Where their worm dieth not, and the fire is not qu...
    254. Mar:9:48: Duplicate verse content
       Details: Same as Mar:9:44: Where their worm dieth not, and the fire is not qu...
    255. Mar:13:6: Duplicate verse content
       Details: Same as Mat:24:5: For many shall come in my name, saying, I am Chris...
    256. Mar:14:26: Duplicate verse content
       Details: Same as Mat:26:30: And when they had sung an hymn, they went out into...
    257. Luk:5:35: Duplicate verse content
       Details: Same as Mar:2:20: But the days will come, when the bridegroom shall ...
    258. Luk:7:23: Duplicate verse content
       Details: Same as Mat:11:6: And blessed is he, whosoever shall not be offended...
    259. Luk:11:10: Duplicate verse content
       Details: Same as Mat:7:8: For every one that asketh receiveth; and he that s...
    260. Luk:12:34: Duplicate verse content
       Details: Same as Mat:6:21: For where your treasure is, there will your heart ...
    261. Luk:12:43: Duplicate verse content
       Details: Same as Mat:24:46: Blessed is that servant, whom his lord when he com...
    262. Luk:13:5: Duplicate verse content
       Details: Same as Luk:13:3: I tell you, Nay: but, except ye repent, ye shall a...
    263. Luk:21:33: Duplicate verse content
       Details: Same as Mar:13:31: Heaven and earth shall pass away: but my words sha...
    264. Phi:1:2: Duplicate verse content
       Details: Same as 1Co:1:3: Grace be unto you, and peace, from God our Father,...
    265. Phi:4:23: Duplicate verse content
       Details: Same as Rom:16:24: The grace of our Lord Jesus Christ be with you all...
    266. 2Th:3:18: Duplicate verse content
       Details: Same as Rom:16:24: The grace of our Lord Jesus Christ be with you all...
    267. Rev:3:6: Duplicate verse content
       Details: Same as Rev:2:29: He that hath an ear, let him hear what the Spirit ...
    268. Rev:3:13: Duplicate verse content
       Details: Same as Rev:2:29: He that hath an ear, let him hear what the Spirit ...
    269. Rev:3:22: Duplicate verse content
       Details: Same as Rev:2:29: He that hath an ear, let him hear what the Spirit ...
    270. Rev:22:21: Duplicate verse content
       Details: Same as Rom:16:24: The grace of our Lord Jesus Christ be with you all...
    271. Est:8:9: Verse too long (528 chars)
       Details: Text: Then were the king's scribes called at that time in the third month, that is, the month Sivan, on th...


  ENCODING (7):
    1. Dan:5:25: Unusual capitalization pattern
       Details: 4/12 words are all caps
    2. Mat:27:37: Unusual capitalization pattern
       Details: 8/17 words are all caps
    3. Mar:15:26: Unusual capitalization pattern
       Details: 5/14 words are all caps
    4. Luk:23:38: Unusual capitalization pattern
       Details: 7/23 words are all caps
    5. Joh:19:19: Unusual capitalization pattern
       Details: 8/23 words are all caps
    6. Rev:17:5: Unusual capitalization pattern
       Details: 13/21 words are all caps
    7. Rev:19:16: Unusual capitalization pattern
       Details: 7/20 words are all caps

