ANOMALY DETECTION REPORT FOR MKJ
Source file: MKJ.json
Analysis complete
================================================================================


ERRORS (1):
----------------------------------------

  TEXT_CONTENT (1):
    1. Pro:24:29: Contains invalid characters
       Details: Invalid chars: ['`'] in: Do not `say, I will do so to him as he has done to...


WARNINGS (241):
----------------------------------------

  TEXT_CONTENT (234):
    1. Exo:13:1: Duplicate verse content
       Details: Same as Exo:6:10: And the LORD spoke to Moses, saying,...
    2. Exo:14:1: Duplicate verse content
       Details: Same as Exo:6:10: And the LORD spoke to Moses, saying,...
    3. Exo:16:11: Duplicate verse content
       Details: Same as Exo:6:10: And the Lord spoke to Moses, saying,...
    4. Exo:25:1: Duplicate verse content
       Details: Same as Exo:6:10: And the LORD spoke to Moses, saying,...
    5. Exo:30:17: Duplicate verse content
       Details: Same as Exo:6:10: And the LORD spoke to Moses, saying,...
    6. Exo:30:22: Duplicate verse content
       Details: Same as Exo:6:10: And the LORD spoke to Moses, saying,...
    7. Exo:31:1: Duplicate verse content
       Details: Same as Exo:6:10: And the LORD spoke to Moses, saying,...
    8. Exo:31:12: Duplicate verse content
       Details: Same as Exo:30:11: And the LORD spoke to Moses saying,...
    9. Exo:35:6: Duplicate verse content
       Details: Same as Exo:25:4: and blue, and purple, and scarlet, and bleached [l...
    10. Exo:40:1: Duplicate verse content
       Details: Same as Exo:6:10: And the LORD spoke to Moses, saying,...
    11. Exo:40:14: Duplicate verse content
       Details: Same as Exo:29:8: And you shall bring his sons and clothe them [with...
    12. Lev:4:1: Duplicate verse content
       Details: Same as Exo:30:11: And the LORD spoke to Moses saying,...
    13. Lev:5:14: Duplicate verse content
       Details: Same as Exo:6:10: And the LORD spoke to Moses, saying,...
    14. Lev:6:1: Duplicate verse content
       Details: Same as Exo:6:10: And the LORD spoke to Moses, saying,...
    15. Lev:6:8: Duplicate verse content
       Details: Same as Exo:6:10: And the LORD spoke to Moses, saying,...
    16. Lev:6:19: Duplicate verse content
       Details: Same as Exo:30:11: And the LORD spoke to Moses saying,...
    17. Lev:6:24: Duplicate verse content
       Details: Same as Exo:30:11: And the LORD spoke to Moses saying,...
    18. Lev:7:22: Duplicate verse content
       Details: Same as Exo:30:11: And the LORD spoke to Moses saying,...
    19. Lev:7:28: Duplicate verse content
       Details: Same as Exo:30:11: And the LORD spoke to Moses saying,...
    20. Lev:8:1: Duplicate verse content
       Details: Same as Exo:6:10: And the LORD spoke to Moses, saying,...
    21. Lev:12:1: Duplicate verse content
       Details: Same as Exo:30:11: And the LORD spoke to Moses saying,...
    22. Lev:14:1: Duplicate verse content
       Details: Same as Exo:6:10: And the LORD spoke to Moses, saying,...
    23. Lev:14:33: Duplicate verse content
       Details: Same as Lev:13:1: And the LORD spoke to Moses and Aaron, saying,...
    24. Lev:15:1: Duplicate verse content
       Details: Same as Lev:13:1: And the LORD spoke to Moses and Aaron, saying,...
    25. Lev:17:1: Duplicate verse content
       Details: Same as Exo:30:11: And the LORD spoke to Moses saying,...
    26. Lev:18:1: Duplicate verse content
       Details: Same as Exo:6:10: And the LORD spoke to Moses, saying,...
    27. Lev:19:1: Duplicate verse content
       Details: Same as Exo:6:10: And the LORD spoke to Moses, saying,...
    28. Lev:20:1: Duplicate verse content
       Details: Same as Exo:6:10: And the LORD spoke to Moses, saying,...
    29. Lev:21:16: Duplicate verse content
       Details: Same as Exo:6:10: And the LORD spoke to Moses, saying,...
    30. Lev:22:1: Duplicate verse content
       Details: Same as Exo:6:10: And the LORD spoke to Moses, saying,...
    31. Lev:22:17: Duplicate verse content
       Details: Same as Exo:6:10: And the Lord spoke to Moses, saying,...
    32. Lev:22:26: Duplicate verse content
       Details: Same as Exo:6:10: And the LORD spoke to Moses, saying,...
    33. Lev:23:1: Duplicate verse content
       Details: Same as Exo:6:10: And the LORD spoke to Moses, saying,...
    34. Lev:23:9: Duplicate verse content
       Details: Same as Exo:6:10: And the LORD spoke to Moses, saying,...
    35. Lev:23:23: Duplicate verse content
       Details: Same as Exo:6:10: And the LORD spoke to Moses, saying,...
    36. Lev:23:26: Duplicate verse content
       Details: Same as Exo:6:10: And the LORD spoke to Moses, saying,...
    37. Lev:23:33: Duplicate verse content
       Details: Same as Exo:30:11: And the LORD spoke to Moses saying,...
    38. Lev:24:1: Duplicate verse content
       Details: Same as Exo:6:10: And the LORD spoke to Moses, saying,...
    39. Lev:24:13: Duplicate verse content
       Details: Same as Exo:30:11: And the LORD spoke to Moses saying,...
    40. Lev:26:2: Duplicate verse content
       Details: Same as Lev:19:30: You shall keep My sabbaths and revere My sanctuary...
    41. Lev:27:1: Duplicate verse content
       Details: Same as Exo:6:10: And the LORD spoke to Moses, saying,...
    42. Num:3:5: Duplicate verse content
       Details: Same as Exo:30:11: And the LORD spoke to Moses saying,...
    43. Num:3:11: Duplicate verse content
       Details: Same as Exo:30:11: And the LORD spoke to Moses saying,...
    44. Num:3:44: Duplicate verse content
       Details: Same as Exo:30:11: And the LORD spoke to Moses saying,...
    45. Num:4:1: Duplicate verse content
       Details: Same as Lev:13:1: And the LORD spoke to Moses and Aaron, saying,...
    46. Num:4:17: Duplicate verse content
       Details: Same as Num:2:1: And the LORD spoke to Moses and to Aaron, saying,...
    47. Num:4:21: Duplicate verse content
       Details: Same as Exo:6:10: And the LORD spoke to Moses, saying,...
    48. Num:4:43: Duplicate verse content
       Details: Same as Num:4:39: from thirty years old and upward even to fifty yea...
    49. Num:5:1: Duplicate verse content
       Details: Same as Exo:6:10: And the LORD spoke to Moses, saying,...
    50. Num:5:5: Duplicate verse content
       Details: Same as Exo:6:10: And the LORD spoke to Moses, saying,...
    51. Num:5:11: Duplicate verse content
       Details: Same as Exo:6:10: And the LORD spoke to Moses, saying,...
    52. Num:6:1: Duplicate verse content
       Details: Same as Exo:6:10: And the LORD spoke to Moses, saying,...
    53. Num:6:22: Duplicate verse content
       Details: Same as Exo:6:10: And the LORD spoke to Moses, saying,...
    54. Num:7:4: Duplicate verse content
       Details: Same as Exo:30:11: And the LORD spoke to Moses saying,...
    55. Num:7:21: Duplicate verse content
       Details: Same as Num:7:15: one young bull, one ram, one lamb of the first yea...
    56. Num:7:22: Duplicate verse content
       Details: Same as Num:7:16: one male of the goats for a sin offering;...
    57. Num:7:27: Duplicate verse content
       Details: Same as Num:7:15: one young bull, one ram, one lamb of the first yea...
    58. Num:7:28: Duplicate verse content
       Details: Same as Num:7:16: one male of the goats for a sin offering;...
    59. Num:7:31: Duplicate verse content
       Details: Same as Num:7:25: His offering [was] one silver dish, its weight a h...
    60. Num:7:32: Duplicate verse content
       Details: Same as Num:7:26: one golden pan of ten [shekels], full of incense;...
    61. Num:7:33: Duplicate verse content
       Details: Same as Num:7:15: one young bull, one ram, one lamb of the first yea...
    62. Num:7:34: Duplicate verse content
       Details: Same as Num:7:16: one male of the goats for a sin offering;...
    63. Num:7:38: Duplicate verse content
       Details: Same as Num:7:26: one golden pan of ten [shekels], full of incense;...
    64. Num:7:39: Duplicate verse content
       Details: Same as Num:7:15: one young bull, one ram, one lamb of the first yea...
    65. Num:7:40: Duplicate verse content
       Details: Same as Num:7:16: one male of the goats for a sin offering;...
    66. Num:7:43: Duplicate verse content
       Details: Same as Num:7:25: His offering [was] one silver dish, its weight a h...
    67. Num:7:44: Duplicate verse content
       Details: Same as Num:7:26: one golden pan of ten [shekels], full of incense;...
    68. Num:7:45: Duplicate verse content
       Details: Same as Num:7:15: one young bull, one ram, one lamb of the first yea...
    69. Num:7:46: Duplicate verse content
       Details: Same as Num:7:16: one male of the goats for a sin offering;...
    70. Num:7:49: Duplicate verse content
       Details: Same as Num:7:25: His offering [was] one silver dish, its weight a h...
    71. Num:7:50: Duplicate verse content
       Details: Same as Num:7:26: one golden pan of ten [shekels], full of incense;...
    72. Num:7:51: Duplicate verse content
       Details: Same as Num:7:15: one young bull, one ram, one lamb of the first yea...
    73. Num:7:52: Duplicate verse content
       Details: Same as Num:7:16: one male of the goats for a sin offering;...
    74. Num:7:55: Duplicate verse content
       Details: Same as Num:7:25: His offering [was] one silver dish, its weight a h...
    75. Num:7:56: Duplicate verse content
       Details: Same as Num:7:26: one golden pan of ten [shekels], full of incense;...
    76. Num:7:58: Duplicate verse content
       Details: Same as Num:7:16: one male of the goats for a sin offering;...
    77. Num:7:61: Duplicate verse content
       Details: Same as Num:7:25: His offering [was] one silver dish, its weight a h...
    78. Num:7:62: Duplicate verse content
       Details: Same as Num:7:26: one golden pan of ten [shekels], full of incense;...
    79. Num:7:63: Duplicate verse content
       Details: Same as Num:7:15: one young bull, one ram, one lamb of the first yea...
    80. Num:7:64: Duplicate verse content
       Details: Same as Num:7:16: one male of the goats for a sin offering;...
    81. Num:7:67: Duplicate verse content
       Details: Same as Num:7:25: His offering [was] one silver dish, its weight a h...
    82. Num:7:68: Duplicate verse content
       Details: Same as Num:7:26: one golden pan of ten [shekels], full of incense;...
    83. Num:7:69: Duplicate verse content
       Details: Same as Num:7:15: one young bull, one ram, one lamb of the first yea...
    84. Num:7:70: Duplicate verse content
       Details: Same as Num:7:16: one male of the goats for a sin offering;...
    85. Num:7:73: Duplicate verse content
       Details: Same as Num:7:25: His offering [was] one silver dish, its weight a h...
    86. Num:7:74: Duplicate verse content
       Details: Same as Num:7:26: one golden pan of ten [shekels], full of incense;...
    87. Num:7:75: Duplicate verse content
       Details: Same as Num:7:15: one young bull, one ram, one lamb of the first yea...
    88. Num:7:76: Duplicate verse content
       Details: Same as Num:7:16: one male of the goats for a sin offering;...
    89. Num:7:80: Duplicate verse content
       Details: Same as Num:7:26: one golden pan of ten [shekels], full of incense;...
    90. Num:7:81: Duplicate verse content
       Details: Same as Num:7:15: one young bull, one ram, one lamb of the first yea...
    91. Num:7:82: Duplicate verse content
       Details: Same as Num:7:16: one male of the goats for a sin offering;...
    92. Num:8:1: Duplicate verse content
       Details: Same as Exo:30:11: And the LORD spoke to Moses saying,...
    93. Num:8:5: Duplicate verse content
       Details: Same as Exo:30:11: And the LORD spoke to Moses saying,...
    94. Num:8:23: Duplicate verse content
       Details: Same as Exo:30:11: And the LORD spoke to Moses saying,...
    95. Num:9:9: Duplicate verse content
       Details: Same as Exo:30:11: And the LORD spoke to Moses saying,...
    96. Num:10:1: Duplicate verse content
       Details: Same as Exo:30:11: And the LORD spoke to Moses saying,...
    97. Num:13:1: Duplicate verse content
       Details: Same as Exo:30:11: And the LORD spoke to Moses saying,...
    98. Num:14:26: Duplicate verse content
       Details: Same as Num:2:1: And the LORD spoke to Moses and to Aaron, saying,...
    99. Num:15:1: Duplicate verse content
       Details: Same as Exo:30:11: And the LORD spoke to Moses saying,...
    100. Num:15:17: Duplicate verse content
       Details: Same as Exo:30:11: And the LORD spoke to Moses saying,...
    101. Num:15:37: Duplicate verse content
       Details: Same as Exo:30:11: And the LORD spoke to Moses saying,...
    102. Num:16:20: Duplicate verse content
       Details: Same as Num:2:1: And the LORD spoke to Moses and to Aaron, saying,...
    103. Num:16:23: Duplicate verse content
       Details: Same as Exo:30:11: And the LORD spoke to Moses saying,...
    104. Num:16:36: Duplicate verse content
       Details: Same as Exo:30:11: And the LORD spoke to Moses saying,...
    105. Num:16:44: Duplicate verse content
       Details: Same as Exo:30:11: And the LORD spoke to Moses saying,...
    106. Num:17:1: Duplicate verse content
       Details: Same as Exo:30:11: And the LORD spoke to Moses saying,...
    107. Num:18:25: Duplicate verse content
       Details: Same as Exo:30:11: And the LORD spoke to Moses saying,...
    108. Num:20:7: Duplicate verse content
       Details: Same as Exo:30:11: And the LORD spoke to Moses saying,...
    109. Num:25:10: Duplicate verse content
       Details: Same as Exo:30:11: And the LORD spoke to Moses saying,...
    110. Num:25:16: Duplicate verse content
       Details: Same as Exo:30:11: And the LORD spoke to Moses saying,...
    111. Num:26:52: Duplicate verse content
       Details: Same as Exo:30:11: And the LORD spoke to Moses saying,...
    112. Num:27:6: Duplicate verse content
       Details: Same as Exo:6:10: And the LORD spoke to Moses, saying,...
    113. Num:28:1: Duplicate verse content
       Details: Same as Exo:6:10: And the LORD spoke to Moses, saying,...
    114. Num:29:21: Duplicate verse content
       Details: Same as Num:29:18: And their food offering and their drink offerings ...
    115. Num:29:25: Duplicate verse content
       Details: Same as Num:29:16: and one kid of the goats [for] a sin offering, bes...
    116. Num:29:27: Duplicate verse content
       Details: Same as Num:29:18: And their food offering and their drink offerings ...
    117. Num:29:28: Duplicate verse content
       Details: Same as Num:29:22: and one goat [for] a sin offering, besides the con...
    118. Num:29:33: Duplicate verse content
       Details: Same as Num:29:18: and their food offering and their drink offerings ...
    119. Num:29:34: Duplicate verse content
       Details: Same as Num:29:31: and one goat [for] a sin offering, besides the con...
    120. Num:31:1: Duplicate verse content
       Details: Same as Exo:30:11: And the LORD spoke to Moses saying,...
    121. Num:31:25: Duplicate verse content
       Details: Same as Exo:30:11: And the LORD spoke to Moses saying,...
    122. Num:34:1: Duplicate verse content
       Details: Same as Exo:30:11: And the LORD spoke to Moses saying,...
    123. Num:34:16: Duplicate verse content
       Details: Same as Exo:30:11: And the LORD spoke to Moses saying,...
    124. Num:35:1: Duplicate verse content
       Details: Same as Num:33:50: And the LORD spoke to Moses in the plains of Moab ...
    125. Num:35:9: Duplicate verse content
       Details: Same as Exo:30:11: And the LORD spoke to Moses saying,...
    126. Deu:5:13: Duplicate verse content
       Details: Same as Exo:20:9: Six days you shall labor and do all your work....
    127. Deu:5:17: Duplicate verse content
       Details: Same as Exo:20:13: You shall not kill....
    128. Jos:10:43: Duplicate verse content
       Details: Same as Jos:10:15: And Joshua returned, and all Israel with him, to t...
    129. Jos:20:1: Duplicate verse content
       Details: Same as Jos:4:15: And the LORD spoke to Joshua, saying,...
    130. 1Ki:15:32: Duplicate verse content
       Details: Same as 1Ki:15:16: And there was war between Asa and Baasha king of I...
    131. 1Ki:17:8: Duplicate verse content
       Details: Same as 1Ki:17:2: And the word of the LORD came to him, saying,...
    132. 1Ki:21:28: Duplicate verse content
       Details: Same as 1Ki:21:17: And the word of the LORD came to Elijah the Tishbi...
    133. 2Ki:23:37: Duplicate verse content
       Details: Same as 2Ki:23:32: And he did the evil in the sight of the LORD, acco...
    134. 1Ch:1:15: Duplicate verse content
       Details: Same as Gen:10:17: and the Hivite, and the Arkite, and the Sinite,...
    135. 1Ch:1:52: Duplicate verse content
       Details: Same as Gen:36:41: chief Oholibamah, chief Elah, chief Pinon,...
    136. 1Ch:1:53: Duplicate verse content
       Details: Same as Gen:36:42: chief Kenaz, chief Teman, chief Mibzar,...
    137. 1Ch:9:40: Duplicate verse content
       Details: Same as 1Ch:8:34: And the son of Jonathan [was] Meribbaal. And Merib...
    138. 1Ch:14:6: Duplicate verse content
       Details: Same as 1Ch:3:7: and Nogah, and Nepheg, and Japhia,...
    139. 1Ch:14:9: Duplicate verse content
       Details: Same as 2Sa:5:18: And the Philistines came and spread themselves in ...
    140. 1Ch:17:15: Duplicate verse content
       Details: Same as 2Sa:7:17: According to all these words, and according to all...
    141. 1Ch:18:15: Duplicate verse content
       Details: Same as 2Sa:8:16: And Joab the son of Zeruiah [was] over the army. A...
    142. 2Ch:18:4: Duplicate verse content
       Details: Same as 1Ki:22:5: And Jehoshaphat said to the king of Israel, Please...
    143. 2Ch:28:4: Duplicate verse content
       Details: Same as 2Ki:16:4: And He sacrificed and burned incense in the high p...
    144. Neh:7:9: Duplicate verse content
       Details: Same as Ezr:2:4: The sons of Shephatiah, three hundred and seventy-...
    145. Neh:7:12: Duplicate verse content
       Details: Same as Ezr:2:7: The sons of Elam, a thousand two hundred and fifty...
    146. Neh:7:14: Duplicate verse content
       Details: Same as Ezr:2:9: The sons of Zaccai, seven hundred and sixty....
    147. Neh:7:21: Duplicate verse content
       Details: Same as Ezr:2:16: The sons of Ater of Hezekiah, ninety-eight....
    148. Neh:7:27: Duplicate verse content
       Details: Same as Ezr:2:23: The men of Anathoth, a hundred and twenty-eight....
    149. Neh:7:31: Duplicate verse content
       Details: Same as Ezr:2:27: The men of Michmas, a hundred and twenty-two....
    150. Neh:7:34: Duplicate verse content
       Details: Same as Ezr:2:31: The sons of the other Elam, a thousand two hundred...
    151. Neh:7:35: Duplicate verse content
       Details: Same as Ezr:2:32: The sons of Harim, three hundred and twenty....
    152. Neh:7:36: Duplicate verse content
       Details: Same as Ezr:2:34: The sons of Jericho, three hundred and forty-five....
    153. Neh:7:39: Duplicate verse content
       Details: Same as Ezr:2:36: The priests: the sons of Jedaiah, of the house of ...
    154. Neh:7:40: Duplicate verse content
       Details: Same as Ezr:2:37: The sons of Immer, a thousand and fifty-two....
    155. Neh:7:41: Duplicate verse content
       Details: Same as Ezr:2:38: The sons of Pashur, a thousand two hundred and for...
    156. Neh:7:42: Duplicate verse content
       Details: Same as Ezr:2:39: The sons of Harim, a thousand and seventeen....
    157. Neh:7:53: Duplicate verse content
       Details: Same as Ezr:2:51: the sons of Bakbuk, the sons of Hakupha, the sons ...
    158. Neh:7:56: Duplicate verse content
       Details: Same as Ezr:2:54: the sons of Neziah, the sons of Hatipha....
    159. Job:9:1: Duplicate verse content
       Details: Same as Job:6:1: And Job answered and said,...
    160. Job:12:1: Duplicate verse content
       Details: Same as Job:6:1: And Job answered and said,...
    161. Job:16:1: Duplicate verse content
       Details: Same as Job:6:1: And Job answered and said,...
    162. Job:18:1: Duplicate verse content
       Details: Same as Job:8:1: And Bildad the Shuhite answered and said,...
    163. Job:19:1: Duplicate verse content
       Details: Same as Job:6:1: And Job answered and said,...
    164. Job:20:1: Duplicate verse content
       Details: Same as Job:11:1: And Zophar the Naamathite answered and said,...
    165. Job:21:1: Duplicate verse content
       Details: Same as Job:6:1: And Job answered and said,...
    166. Job:22:1: Duplicate verse content
       Details: Same as Job:15:1: And Eliphaz the Temanite answered and said,...
    167. Job:23:1: Duplicate verse content
       Details: Same as Job:6:1: And Job answered and said,...
    168. Job:25:1: Duplicate verse content
       Details: Same as Job:8:1: And Bildad the Shuhite answered and said,...
    169. Job:29:1: Duplicate verse content
       Details: Same as Job:27:1: And Job continued the lifting up of his speech, an...
    170. Job:35:1: Duplicate verse content
       Details: Same as Job:34:1: And Elihu answered and said,...
    171. Job:40:6: Duplicate verse content
       Details: Same as Job:38:1: And the LORD answered Job out of the tempest, and ...
    172. Job:42:1: Duplicate verse content
       Details: Same as Job:40:3: And Job answered the LORD and said,...
    173. Psa:18:21: Duplicate verse content
       Details: Same as 2Sa:22:22: For I have kept the ways of the LORD, and have not...
    174. Psa:43:5: Duplicate verse content
       Details: Same as Psa:42:11: Why are you cast down, O my soul? And why do you m...
    175. Psa:46:11: Duplicate verse content
       Details: Same as Psa:46:7: The LORD of hosts [is] with us; the God of Jacob [...
    176. Psa:107:31: Duplicate verse content
       Details: Same as Psa:107:15: Let them praise the LORD [for] His goodness, and f...
    177. Psa:135:16: Duplicate verse content
       Details: Same as Psa:115:5: They [have] mouths, but they do not speak; they [h...
    178. Psa:136:1: Duplicate verse content
       Details: Same as Psa:118:29: Oh give thanks to the LORD; for [He is] good; for ...
    179. Pro:24:33: Duplicate verse content
       Details: Same as Pro:6:10: A little sleep, a little slumber, a little folding...
    180. Pro:26:22: Duplicate verse content
       Details: Same as Pro:18:8: The words of a talebearer [are] as wounds, and the...
    181. Isa:37:11: Duplicate verse content
       Details: Same as 2Ki:19:11: Behold, you have heard what the kings of Assyria h...
    182. Isa:37:28: Duplicate verse content
       Details: Same as 2Ki:19:27: But I know your sitting down, and your going out, ...
    183. Isa:37:34: Duplicate verse content
       Details: Same as 2Ki:19:33: By the way that he came, by the same he shall retu...
    184. Jer:18:5: Duplicate verse content
       Details: Same as Jer:13:8: Then the Word of the LORD came to me, saying,...
    185. Jer:30:1: Duplicate verse content
       Details: Same as Jer:7:1: The word that came to Jeremiah from the LORD, sayi...
    186. Jer:33:19: Duplicate verse content
       Details: Same as Jer:29:30: And the word of the LORD came to Jeremiah, saying,...
    187. Jer:33:23: Duplicate verse content
       Details: Same as Jer:29:30: And the Word of the LORD came to Jeremiah, saying,...
    188. Jer:52:24: Duplicate verse content
       Details: Same as 2Ki:25:18: And the chief of the executioners took Seraiah the...
    189. Eze:6:1: Duplicate verse content
       Details: Same as Jer:1:4: And it happened, the Word of the LORD came to me, ...
    190. Eze:7:1: Duplicate verse content
       Details: Same as Jer:1:4: And it happened, the Word of the LORD came to me, ...
    191. Eze:11:14: Duplicate verse content
       Details: Same as Jer:24:4: Again the Word of the LORD came to me, saying,...
    192. Eze:12:17: Duplicate verse content
       Details: Same as Eze:12:1: And the Word of the LORD came to me, saying,...
    193. Eze:12:21: Duplicate verse content
       Details: Same as Eze:12:1: And the Word of the LORD came to me, saying,...
    194. Eze:12:26: Duplicate verse content
       Details: Same as Eze:12:1: And the Word of the LORD came to me, saying,...
    195. Eze:13:1: Duplicate verse content
       Details: Same as Eze:12:1: And the Word of the LORD came to me, saying,...
    196. Eze:14:2: Duplicate verse content
       Details: Same as Eze:12:1: And the Word of the LORD came to me, saying,...
    197. Eze:15:1: Duplicate verse content
       Details: Same as Eze:12:1: And the Word of the LORD came to me, saying,...
    198. Eze:16:1: Duplicate verse content
       Details: Same as Jer:24:4: Again the Word of the LORD came to me, saying,...
    199. Eze:17:1: Duplicate verse content
       Details: Same as Eze:12:1: And the Word of the LORD came to me, saying,...
    200. Eze:17:11: Duplicate verse content
       Details: Same as Eze:12:1: And the Word of the LORD came to me, saying,...
    201. Eze:20:45: Duplicate verse content
       Details: Same as Eze:12:1: And the Word of the LORD came to me, saying,...
    202. Eze:21:1: Duplicate verse content
       Details: Same as Eze:12:1: And the Word of the LORD came to me, saying,...
    203. Eze:21:8: Duplicate verse content
       Details: Same as Eze:12:1: And the Word of the LORD came to me, saying,...
    204. Eze:21:18: Duplicate verse content
       Details: Same as Eze:18:1: The Word of the LORD came to me again, saying,...
    205. Eze:22:1: Duplicate verse content
       Details: Same as Eze:12:1: And the Word of the LORD came to me, saying,...
    206. Eze:22:17: Duplicate verse content
       Details: Same as Eze:12:1: And the Word of the LORD came to me, saying,...
    207. Eze:22:23: Duplicate verse content
       Details: Same as Eze:12:1: And the Word of the LORD came to me, saying,...
    208. Eze:24:15: Duplicate verse content
       Details: Same as Eze:12:1: And the Word of the LORD came to me, saying,...
    209. Eze:25:1: Duplicate verse content
       Details: Same as Eze:14:12: The Word of the LORD came again to me, saying,...
    210. Eze:28:1: Duplicate verse content
       Details: Same as Eze:14:12: The Word of the LORD came again to me, saying,...
    211. Eze:28:11: Duplicate verse content
       Details: Same as Eze:12:1: And the Word of the LORD came to me, saying,...
    212. Eze:28:20: Duplicate verse content
       Details: Same as Eze:12:1: And the Word of the LORD came to me, saying,...
    213. Eze:30:1: Duplicate verse content
       Details: Same as Eze:12:1: And the Word of the LORD came to me, saying,...
    214. Eze:33:1: Duplicate verse content
       Details: Same as Eze:12:1: And the Word of the LORD came to me, saying,...
    215. Eze:33:23: Duplicate verse content
       Details: Same as Eze:12:1: And the Word of the LORD came to me, saying,...
    216. Eze:34:1: Duplicate verse content
       Details: Same as Eze:12:1: And the Word of the LORD came to me, saying,...
    217. Eze:35:1: Duplicate verse content
       Details: Same as Eze:12:1: And the Word of the LORD came to me, saying,...
    218. Eze:37:15: Duplicate verse content
       Details: Same as Eze:12:1: And the Word of the LORD came to me, saying,...
    219. Eze:38:1: Duplicate verse content
       Details: Same as Eze:12:1: And the Word of the LORD came to me, saying,...
    220. Zec:4:8: Duplicate verse content
       Details: Same as Eze:12:1: And the Word of the LORD came to me, saying,...
    221. Zec:8:18: Duplicate verse content
       Details: Same as Zec:8:1: And the word of the LORD of hosts came to me, sayi...
    222. Mat:12:17: Duplicate verse content
       Details: Same as Mat:4:14: so that it might be fulfilled which was spoken by ...
    223. Mat:13:9: Duplicate verse content
       Details: Same as Mat:11:15: He who has ears to hear, let him hear....
    224. Mar:9:46: Duplicate verse content
       Details: Same as Mar:9:44: where their worm dies not, and the fire is not que...
    225. Mar:9:48: Duplicate verse content
       Details: Same as Mar:9:44: where their worm dies not, and the fire is not que...
    226. Luk:5:35: Duplicate verse content
       Details: Same as Mar:2:20: But the days will come when the bridegroom shall b...
    227. Luk:13:5: Duplicate verse content
       Details: Same as Luk:13:3: I tell you, No. But unless you repent, you will al...
    228. Luk:20:5: Duplicate verse content
       Details: Same as Mar:11:31: And they reasoned within themselves, saying, If we...
    229. Luk:21:33: Duplicate verse content
       Details: Same as Mat:24:35: The heaven and the earth shall pass away, but My w...
    230. Phi:4:23: Duplicate verse content
       Details: Same as Rom:16:24: May the grace of our Lord Jesus Christ [be] with y...
    231. Rev:3:6: Duplicate verse content
       Details: Same as Rev:2:29: He who has an ear, let him hear what the Spirit sa...
    232. Rev:3:13: Duplicate verse content
       Details: Same as Rev:2:29: He who has an ear, let him hear what the Spirit sa...
    233. Rev:3:22: Duplicate verse content
       Details: Same as Rev:2:29: He who has an ear, let him hear what the Spirit sa...
    234. 1Ki:22:47: Verse too short (2 chars)
       Details: Text: '[]'


  ENCODING (7):
    1. Dan:5:25: Unusual capitalization pattern
       Details: 5/16 words are all caps
    2. Mat:27:37: Unusual capitalization pattern
       Details: 8/18 words are all caps
    3. Mar:15:26: Unusual capitalization pattern
       Details: 5/15 words are all caps
    4. Luk:23:38: Unusual capitalization pattern
       Details: 7/23 words are all caps
    5. Joh:19:19: Unusual capitalization pattern
       Details: 8/23 words are all caps
    6. Rev:17:5: Unusual capitalization pattern
       Details: 15/23 words are all caps
    7. Rev:19:16: Unusual capitalization pattern
       Details: 7/20 words are all caps

