ANOMALY DETECTION REPORT FOR NHE
Source file: NHE.json
Analysis complete
================================================================================


WARNINGS (338):
----------------------------------------

  TEXT_CONTENT (326):
    1. Exo:13:1: Duplicate verse content
       Details: Same as Exo:6:10: The Lord spoke to Moses, saying,...
    2. Exo:14:1: Duplicate verse content
       Details: Same as Exo:6:10: The Lord spoke to Moses, saying,...
    3. Exo:16:11: Duplicate verse content
       Details: Same as Exo:6:10: The Lord spoke to Moses, saying,...
    4. Exo:25:1: Duplicate verse content
       Details: Same as Exo:6:10: The Lord spoke to Moses, saying,...
    5. Exo:30:11: Duplicate verse content
       Details: Same as Exo:6:10: The Lord spoke to Moses, saying,...
    6. Exo:30:17: Duplicate verse content
       Details: Same as Exo:6:10: The Lord spoke to Moses, saying,...
    7. Exo:31:1: Duplicate verse content
       Details: Same as Exo:6:10: The Lord spoke to Moses, saying,...
    8. Exo:31:12: Duplicate verse content
       Details: Same as Exo:6:10: The Lord spoke to Moses, saying,...
    9. Exo:35:6: Duplicate verse content
       Details: Same as Exo:25:4: blue, purple, scarlet, fine linen, goats' hair,...
    10. Exo:35:7: Duplicate verse content
       Details: Same as Exo:25:5: rams' skins dyed red, sea cow hides, acacia wood,...
    11. Exo:35:8: Duplicate verse content
       Details: Same as Exo:25:6: oil for the light, spices for the anointing oil an...
    12. Exo:35:9: Duplicate verse content
       Details: Same as Exo:25:7: onyx stones, and stones to be set for the ephod an...
    13. Exo:36:26: Duplicate verse content
       Details: Same as Exo:26:21: and their forty sockets of silver; two sockets und...
    14. Exo:40:1: Duplicate verse content
       Details: Same as Exo:6:10: The Lord spoke to Moses, saying,...
    15. Exo:40:12: Duplicate verse content
       Details: Same as Exo:29:4: You shall bring Aaron and his sons to the door of ...
    16. Exo:40:14: Duplicate verse content
       Details: Same as Exo:29:8: You shall bring his sons, and put coats on them....
    17. Lev:3:10: Duplicate verse content
       Details: Same as Lev:3:4: and the two kidneys, and the fat that is on them, ...
    18. Lev:3:15: Duplicate verse content
       Details: Same as Lev:3:4: and the two kidneys, and the fat that is on them, ...
    19. Lev:4:1: Duplicate verse content
       Details: Same as Exo:6:10: The Lord spoke to Moses, saying,...
    20. Lev:5:14: Duplicate verse content
       Details: Same as Exo:6:10: The Lord spoke to Moses, saying,...
    21. Lev:6:1: Duplicate verse content
       Details: Same as Exo:6:10: The Lord spoke to Moses, saying,...
    22. Lev:6:8: Duplicate verse content
       Details: Same as Exo:6:10: The Lord spoke to Moses, saying,...
    23. Lev:6:19: Duplicate verse content
       Details: Same as Exo:6:10: The Lord spoke to Moses, saying,...
    24. Lev:6:24: Duplicate verse content
       Details: Same as Exo:6:10: The Lord spoke to Moses, saying,...
    25. Lev:7:22: Duplicate verse content
       Details: Same as Exo:6:10: The Lord spoke to Moses, saying,...
    26. Lev:7:28: Duplicate verse content
       Details: Same as Exo:6:10: The Lord spoke to Moses, saying,...
    27. Lev:8:1: Duplicate verse content
       Details: Same as Exo:6:10: The Lord spoke to Moses, saying,...
    28. Lev:12:1: Duplicate verse content
       Details: Same as Exo:6:10: The Lord spoke to Moses, saying,...
    29. Lev:13:1: Duplicate verse content
       Details: Same as Exo:7:8: The Lord spoke to Moses and to Aaron, saying,...
    30. Lev:14:1: Duplicate verse content
       Details: Same as Exo:6:10: The Lord spoke to Moses, saying,...
    31. Lev:14:33: Duplicate verse content
       Details: Same as Exo:7:8: The Lord spoke to Moses and to Aaron, saying,...
    32. Lev:15:1: Duplicate verse content
       Details: Same as Exo:7:8: The Lord spoke to Moses and to Aaron, saying,...
    33. Lev:17:1: Duplicate verse content
       Details: Same as Exo:6:10: The Lord spoke to Moses, saying,...
    34. Lev:19:1: Duplicate verse content
       Details: Same as Exo:6:10: The Lord spoke to Moses, saying,...
    35. Lev:20:1: Duplicate verse content
       Details: Same as Exo:6:10: The Lord spoke to Moses, saying,...
    36. Lev:21:16: Duplicate verse content
       Details: Same as Exo:6:10: The Lord spoke to Moses, saying,...
    37. Lev:22:1: Duplicate verse content
       Details: Same as Exo:6:10: The Lord spoke to Moses, saying,...
    38. Lev:22:17: Duplicate verse content
       Details: Same as Exo:6:10: The Lord spoke to Moses, saying,...
    39. Lev:22:26: Duplicate verse content
       Details: Same as Exo:6:10: The Lord spoke to Moses, saying,...
    40. Lev:23:1: Duplicate verse content
       Details: Same as Exo:6:10: The Lord spoke to Moses, saying,...
    41. Lev:23:9: Duplicate verse content
       Details: Same as Exo:6:10: The Lord spoke to Moses, saying,...
    42. Lev:23:23: Duplicate verse content
       Details: Same as Exo:6:10: The Lord spoke to Moses, saying,...
    43. Lev:23:26: Duplicate verse content
       Details: Same as Exo:6:10: The Lord spoke to Moses, saying,...
    44. Lev:23:33: Duplicate verse content
       Details: Same as Exo:6:10: The Lord spoke to Moses, saying,...
    45. Lev:24:1: Duplicate verse content
       Details: Same as Exo:6:10: The Lord spoke to Moses, saying,...
    46. Lev:24:13: Duplicate verse content
       Details: Same as Exo:6:10: The Lord spoke to Moses, saying,...
    47. Lev:27:1: Duplicate verse content
       Details: Same as Exo:6:10: The Lord spoke to Moses, saying,...
    48. Num:2:1: Duplicate verse content
       Details: Same as Exo:7:8: The Lord spoke to Moses and to Aaron, saying,...
    49. Num:3:5: Duplicate verse content
       Details: Same as Exo:6:10: The Lord spoke to Moses, saying,...
    50. Num:3:11: Duplicate verse content
       Details: Same as Exo:6:10: The Lord spoke to Moses, saying,...
    51. Num:3:44: Duplicate verse content
       Details: Same as Exo:6:10: The Lord spoke to Moses, saying,...
    52. Num:4:1: Duplicate verse content
       Details: Same as Exo:7:8: The Lord spoke to Moses and to Aaron, saying,...
    53. Num:4:17: Duplicate verse content
       Details: Same as Exo:7:8: The Lord spoke to Moses and to Aaron, saying,...
    54. Num:4:21: Duplicate verse content
       Details: Same as Exo:6:10: The Lord spoke to Moses, saying,...
    55. Num:4:43: Duplicate verse content
       Details: Same as Num:4:39: from thirty years old and upward even to fifty yea...
    56. Num:5:1: Duplicate verse content
       Details: Same as Exo:6:10: The Lord spoke to Moses, saying,...
    57. Num:5:5: Duplicate verse content
       Details: Same as Exo:6:10: The Lord spoke to Moses, saying,...
    58. Num:5:11: Duplicate verse content
       Details: Same as Exo:6:10: The Lord spoke to Moses, saying,...
    59. Num:6:1: Duplicate verse content
       Details: Same as Exo:6:10: The Lord spoke to Moses, saying,...
    60. Num:6:22: Duplicate verse content
       Details: Same as Exo:6:10: The Lord spoke to Moses, saying,...
    61. Num:7:4: Duplicate verse content
       Details: Same as Exo:6:10: The Lord spoke to Moses, saying,...
    62. Num:7:20: Duplicate verse content
       Details: Same as Num:7:14: one golden ladle of ten shekels, full of incense;...
    63. Num:7:21: Duplicate verse content
       Details: Same as Num:7:15: one young bull, one ram, one male lamb a year old,...
    64. Num:7:22: Duplicate verse content
       Details: Same as Num:7:16: one male goat for a sin offering;...
    65. Num:7:26: Duplicate verse content
       Details: Same as Num:7:14: one golden ladle of ten shekels, full of incense;...
    66. Num:7:27: Duplicate verse content
       Details: Same as Num:7:15: one young bull, one ram, one male lamb a year old,...
    67. Num:7:28: Duplicate verse content
       Details: Same as Num:7:16: one male goat for a sin offering;...
    68. Num:7:32: Duplicate verse content
       Details: Same as Num:7:14: one golden ladle of ten shekels, full of incense;...
    69. Num:7:33: Duplicate verse content
       Details: Same as Num:7:15: one young bull, one ram, one male lamb a year old,...
    70. Num:7:34: Duplicate verse content
       Details: Same as Num:7:16: one male goat for a sin offering;...
    71. Num:7:38: Duplicate verse content
       Details: Same as Num:7:14: one golden ladle of ten shekels, full of incense;...
    72. Num:7:39: Duplicate verse content
       Details: Same as Num:7:15: one young bull, one ram, one male lamb a year old,...
    73. Num:7:40: Duplicate verse content
       Details: Same as Num:7:16: one male goat for a sin offering;...
    74. Num:7:43: Duplicate verse content
       Details: Same as Num:7:31: gave his offering: one silver platter, the weight ...
    75. Num:7:44: Duplicate verse content
       Details: Same as Num:7:14: one golden ladle of ten shekels, full of incense;...
    76. Num:7:45: Duplicate verse content
       Details: Same as Num:7:15: one young bull, one ram, one male lamb a year old,...
    77. Num:7:46: Duplicate verse content
       Details: Same as Num:7:16: one male goat for a sin offering;...
    78. Num:7:49: Duplicate verse content
       Details: Same as Num:7:37: gave his offering:one silver platter, the weight o...
    79. Num:7:50: Duplicate verse content
       Details: Same as Num:7:14: one golden ladle of ten shekels, full of incense;...
    80. Num:7:51: Duplicate verse content
       Details: Same as Num:7:15: one young bull, one ram, one male lamb a year old,...
    81. Num:7:52: Duplicate verse content
       Details: Same as Num:7:16: one male goat for a sin offering;...
    82. Num:7:55: Duplicate verse content
       Details: Same as Num:7:31: gave his offering: one silver platter, the weight ...
    83. Num:7:56: Duplicate verse content
       Details: Same as Num:7:14: one golden ladle of ten shekels, full of incense;...
    84. Num:7:57: Duplicate verse content
       Details: Same as Num:7:15: one young bull, one ram, one male lamb a year old,...
    85. Num:7:58: Duplicate verse content
       Details: Same as Num:7:16: one male goat for a sin offering;...
    86. Num:7:61: Duplicate verse content
       Details: Same as Num:7:31: gave his offering: one silver platter, the weight ...
    87. Num:7:62: Duplicate verse content
       Details: Same as Num:7:14: one golden ladle of ten shekels, full of incense;...
    88. Num:7:63: Duplicate verse content
       Details: Same as Num:7:15: one young bull, one ram, one male lamb a year old,...
    89. Num:7:64: Duplicate verse content
       Details: Same as Num:7:16: one male goat for a sin offering;...
    90. Num:7:67: Duplicate verse content
       Details: Same as Num:7:31: gave his offering: one silver platter, the weight ...
    91. Num:7:68: Duplicate verse content
       Details: Same as Num:7:14: one golden ladle of ten shekels, full of incense;...
    92. Num:7:69: Duplicate verse content
       Details: Same as Num:7:15: one young bull, one ram, one male lamb a year old,...
    93. Num:7:70: Duplicate verse content
       Details: Same as Num:7:16: one male goat for a sin offering;...
    94. Num:7:73: Duplicate verse content
       Details: Same as Num:7:31: gave his offering: one silver platter, the weight ...
    95. Num:7:74: Duplicate verse content
       Details: Same as Num:7:14: one golden ladle of ten shekels, full of incense;...
    96. Num:7:75: Duplicate verse content
       Details: Same as Num:7:15: one young bull, one ram, one male lamb a year old,...
    97. Num:7:76: Duplicate verse content
       Details: Same as Num:7:16: one male goat for a sin offering;...
    98. Num:7:79: Duplicate verse content
       Details: Same as Num:7:31: gave his offering: one silver platter, the weight ...
    99. Num:7:81: Duplicate verse content
       Details: Same as Num:7:15: one young bull, one ram, one male lamb a year old,...
    100. Num:7:82: Duplicate verse content
       Details: Same as Num:7:16: one male goat for a sin offering;...
    101. Num:8:1: Duplicate verse content
       Details: Same as Exo:6:10: The Lord spoke to Moses, saying,...
    102. Num:8:5: Duplicate verse content
       Details: Same as Exo:6:10: The Lord spoke to Moses, saying,...
    103. Num:8:23: Duplicate verse content
       Details: Same as Exo:6:10: The Lord spoke to Moses, saying,...
    104. Num:9:9: Duplicate verse content
       Details: Same as Exo:6:10: The Lord spoke to Moses, saying,...
    105. Num:10:1: Duplicate verse content
       Details: Same as Exo:6:10: The Lord spoke to Moses, saying,...
    106. Num:13:1: Duplicate verse content
       Details: Same as Exo:6:10: The Lord spoke to Moses, saying,...
    107. Num:14:26: Duplicate verse content
       Details: Same as Exo:7:8: The Lord spoke to Moses and to Aaron, saying,...
    108. Num:15:1: Duplicate verse content
       Details: Same as Exo:6:10: The Lord spoke to Moses, saying,...
    109. Num:15:17: Duplicate verse content
       Details: Same as Exo:6:10: The Lord spoke to Moses, saying,...
    110. Num:15:37: Duplicate verse content
       Details: Same as Exo:6:10: The Lord spoke to Moses, saying,...
    111. Num:16:20: Duplicate verse content
       Details: Same as Exo:7:8: The Lord spoke to Moses and to Aaron, saying,...
    112. Num:16:23: Duplicate verse content
       Details: Same as Exo:6:10: The Lord spoke to Moses, saying,...
    113. Num:16:36: Duplicate verse content
       Details: Same as Exo:6:10: The Lord spoke to Moses, saying,...
    114. Num:16:44: Duplicate verse content
       Details: Same as Exo:6:10: The Lord spoke to Moses, saying,...
    115. Num:17:1: Duplicate verse content
       Details: Same as Exo:6:10: The Lord spoke to Moses, saying,...
    116. Num:18:25: Duplicate verse content
       Details: Same as Exo:6:10: The Lord spoke to Moses, saying,...
    117. Num:19:1: Duplicate verse content
       Details: Same as Exo:7:8: The Lord spoke to Moses and to Aaron, saying,...
    118. Num:20:7: Duplicate verse content
       Details: Same as Exo:6:10: The Lord spoke to Moses, saying,...
    119. Num:23:29: Duplicate verse content
       Details: Same as Num:23:1: Balaam said to Balak, "Build me here seven altars,...
    120. Num:24:15: Duplicate verse content
       Details: Same as Num:24:3: He took up his parable, and said,"Balaam the son o...
    121. Num:25:10: Duplicate verse content
       Details: Same as Exo:6:10: The Lord spoke to Moses, saying,...
    122. Num:25:16: Duplicate verse content
       Details: Same as Exo:6:10: The Lord spoke to Moses, saying,...
    123. Num:26:52: Duplicate verse content
       Details: Same as Exo:6:10: The Lord spoke to Moses, saying,...
    124. Num:27:6: Duplicate verse content
       Details: Same as Exo:6:10: The Lord spoke to Moses, saying,...
    125. Num:28:1: Duplicate verse content
       Details: Same as Exo:6:10: The Lord spoke to Moses, saying,...
    126. Num:29:21: Duplicate verse content
       Details: Same as Num:29:18: and their meal offering and their drink offerings ...
    127. Num:29:27: Duplicate verse content
       Details: Same as Num:29:18: and their meal offering and their drink offerings ...
    128. Num:29:30: Duplicate verse content
       Details: Same as Num:29:18: and their meal offering and their drink offerings ...
    129. Num:29:33: Duplicate verse content
       Details: Same as Num:29:18: and their meal offering and their drink offerings ...
    130. Num:29:34: Duplicate verse content
       Details: Same as Num:29:25: and one male goat for a sin offering; besides the ...
    131. Num:29:38: Duplicate verse content
       Details: Same as Num:29:28: and one male goat for a sin offering, besides the ...
    132. Num:31:1: Duplicate verse content
       Details: Same as Exo:6:10: The Lord spoke to Moses, saying,...
    133. Num:31:25: Duplicate verse content
       Details: Same as Exo:6:10: The Lord spoke to Moses, saying,...
    134. Num:34:1: Duplicate verse content
       Details: Same as Exo:6:10: The Lord spoke to Moses, saying,...
    135. Num:34:16: Duplicate verse content
       Details: Same as Exo:6:10: The Lord spoke to Moses, saying,...
    136. Num:35:1: Duplicate verse content
       Details: Same as Num:33:50: The Lord spoke to Moses in the plains of Moab by t...
    137. Num:35:9: Duplicate verse content
       Details: Same as Exo:6:10: The Lord spoke to Moses, saying,...
    138. Deu:5:6: Duplicate verse content
       Details: Same as Exo:20:2: "I am the Lord your God, who brought you out of th...
    139. Deu:5:10: Duplicate verse content
       Details: Same as Exo:20:6: and showing loving kindness to thousands of those ...
    140. Deu:5:17: Duplicate verse content
       Details: Same as Exo:20:13: "You shall not murder....
    141. Deu:14:20: Duplicate verse content
       Details: Same as Deu:14:11: Of all clean birds you may eat....
    142. Jos:10:43: Duplicate verse content
       Details: Same as Jos:10:15: Joshua returned, and all Israel with him, to the c...
    143. Jos:20:1: Duplicate verse content
       Details: Same as Jos:4:15: The Lord spoke to Joshua, saying,...
    144. Jdg:1:12: Duplicate verse content
       Details: Same as Jos:15:16: Caleb said, "He who strikes Kiriath Sepher, and ta...
    145. Jdg:21:25: Duplicate verse content
       Details: Same as Jdg:17:6: In those days there was no king in Israel: every m...
    146. 1Ki:15:32: Duplicate verse content
       Details: Same as 1Ki:15:16: There was war between Asa and Baasha king of Israe...
    147. 1Ki:17:8: Duplicate verse content
       Details: Same as 1Ki:17:2: The word of the Lord came to him, saying,...
    148. 1Ki:19:14: Duplicate verse content
       Details: Same as 1Ki:19:10: He said, "I have been very jealous for the Lord, t...
    149. 1Ki:21:28: Duplicate verse content
       Details: Same as 1Ki:21:17: The word of the Lord came to Elijah the Tishbite, ...
    150. 2Ki:15:4: Duplicate verse content
       Details: Same as 2Ki:14:4: However the high places were not taken away: the p...
    151. 2Ki:15:28: Duplicate verse content
       Details: Same as 2Ki:15:24: He did that which was evil in the sight of the Lor...
    152. 2Ki:23:37: Duplicate verse content
       Details: Same as 2Ki:23:32: He did that which was evil in the sight of the Lor...
    153. 1Ch:1:45: Duplicate verse content
       Details: Same as Gen:36:34: Jobab died, and Husham of the land of the Temanite...
    154. 1Ch:1:47: Duplicate verse content
       Details: Same as Gen:36:36: Hadad died, and Samlah of Masrekah reigned in his ...
    155. 1Ch:1:52: Duplicate verse content
       Details: Same as Gen:36:41: chief Oholibamah, chief Elah, chief Pinon,...
    156. 1Ch:1:53: Duplicate verse content
       Details: Same as Gen:36:42: chief Kenaz, chief Teman, chief Mibzar,...
    157. 1Ch:6:1: Duplicate verse content
       Details: Same as Gen:46:11: The sons of Levi: Gershon, Kohath, and Merari....
    158. 1Ch:9:39: Duplicate verse content
       Details: Same as 1Ch:8:33: Ner became the father of Kish; and Kish became the...
    159. 1Ch:9:40: Duplicate verse content
       Details: Same as 1Ch:8:34: The son of Jonathan was Merib Baal; and Merib Baal...
    160. 1Ch:10:1: Duplicate verse content
       Details: Same as 1Sa:31:1: Now the Philistines fought against Israel: and the...
    161. 1Ch:11:17: Duplicate verse content
       Details: Same as 2Sa:23:15: David longed, and said, "Oh that one would give me...
    162. 1Ch:11:22: Duplicate verse content
       Details: Same as 2Sa:23:20: Benaiah the son of Jehoiada, the son of a valiant ...
    163. 1Ch:11:24: Duplicate verse content
       Details: Same as 2Sa:23:22: Benaiah the son of Jehoiada did these things, and ...
    164. 1Ch:11:40: Duplicate verse content
       Details: Same as 2Sa:23:38: Ira the Ithrite, Gareb the Ithrite,...
    165. 1Ch:14:6: Duplicate verse content
       Details: Same as 1Ch:3:7: and Nogah, and Nepheg, and Japhia,...
    166. 1Ch:17:15: Duplicate verse content
       Details: Same as 2Sa:7:17: According to all these words, and according to all...
    167. 1Ch:17:16: Duplicate verse content
       Details: Same as 2Sa:7:18: Then David the king went in, and sat before the Lo...
    168. 1Ch:18:6: Duplicate verse content
       Details: Same as 2Sa:8:6: Then David put garrisons in Syria of Damascus; and...
    169. 1Ch:18:7: Duplicate verse content
       Details: Same as 2Sa:8:7: David took the shields of gold that were on the se...
    170. 1Ch:18:15: Duplicate verse content
       Details: Same as 2Sa:8:16: Joab the son of Zeruiah was over the army; and Jeh...
    171. 1Ch:19:8: Duplicate verse content
       Details: Same as 2Sa:10:7: When David heard of it, he sent Joab, and all the ...
    172. 2Ch:5:7: Duplicate verse content
       Details: Same as 1Ki:8:6: The priests brought in the ark of the covenant of ...
    173. 2Ch:5:8: Duplicate verse content
       Details: Same as 1Ki:8:7: For the cherubim spread forth their wings over the...
    174. 2Ch:6:1: Duplicate verse content
       Details: Same as 1Ki:8:12: Then Solomon said, "The Lord has said that he woul...
    175. 2Ch:6:26: Duplicate verse content
       Details: Same as 1Ki:8:35: "When the sky is shut up, and there is no rain, be...
    176. 2Ch:6:27: Duplicate verse content
       Details: Same as 1Ki:8:36: then hear in heaven, and forgive the sin of your s...
    177. 2Ch:9:5: Duplicate verse content
       Details: Same as 1Ki:10:6: She said to the king, "It was a true report that I...
    178. 2Ch:9:19: Duplicate verse content
       Details: Same as 1Ki:10:20: Twelve lions stood there on the one side and on th...
    179. 2Ch:10:4: Duplicate verse content
       Details: Same as 1Ki:12:4: "Your father made our yoke grievous: now therefore...
    180. 2Ch:10:6: Duplicate verse content
       Details: Same as 1Ki:12:6: King Rehoboam took counsel with the old men, who h...
    181. 2Ch:10:8: Duplicate verse content
       Details: Same as 1Ki:12:8: But he forsook the counsel of the old men which th...
    182. 2Ch:10:9: Duplicate verse content
       Details: Same as 1Ki:12:9: He said to them, "What counsel do you give, that w...
    183. 2Ch:10:12: Duplicate verse content
       Details: Same as 1Ki:12:12: So Jeroboam and all the people came to Rehoboam th...
    184. 2Ch:10:17: Duplicate verse content
       Details: Same as 1Ki:12:17: But as for the children of Israel who lived in the...
    185. 2Ch:10:19: Duplicate verse content
       Details: Same as 1Ki:12:19: So Israel rebelled against the house of David to t...
    186. 2Ch:12:10: Duplicate verse content
       Details: Same as 1Ki:14:27: King Rehoboam made in their place shields of brass...
    187. 2Ch:18:4: Duplicate verse content
       Details: Same as 1Ki:22:5: Jehoshaphat said to the king of Israel, "Please in...
    188. 2Ch:18:10: Duplicate verse content
       Details: Same as 1Ki:22:11: Zedekiah the son of Chenaanah made him horns of ir...
    189. 2Ch:18:11: Duplicate verse content
       Details: Same as 1Ki:22:12: All the prophets prophesied so, saying, "Go up to ...
    190. 2Ch:18:17: Duplicate verse content
       Details: Same as 1Ki:22:18: The king of Israel said to Jehoshaphat, "Did I not...
    191. 2Ch:18:23: Duplicate verse content
       Details: Same as 1Ki:22:24: Then Zedekiah the son of Chenaanah came near, and ...
    192. 2Ch:18:28: Duplicate verse content
       Details: Same as 1Ki:22:29: So the king of Israel and Jehoshaphat the king of ...
    193. 2Ch:18:32: Duplicate verse content
       Details: Same as 1Ki:22:33: It happened, when the captains of the chariots saw...
    194. 2Ch:21:8: Duplicate verse content
       Details: Same as 2Ki:8:20: In his days Edom revolted from under the hand of J...
    195. 2Ch:25:22: Duplicate verse content
       Details: Same as 2Ki:14:12: Judah was defeated by Israel; and they fled every ...
    196. 2Ch:26:4: Duplicate verse content
       Details: Same as 2Ki:15:3: He did that which was right in the eyes of the Lor...
    197. 2Ch:28:4: Duplicate verse content
       Details: Same as 2Ki:16:4: He sacrificed and burnt incense in the high places...
    198. 2Ch:29:2: Duplicate verse content
       Details: Same as 2Ki:18:3: He did that which was right in the eyes of the Lor...
    199. 2Ch:33:2: Duplicate verse content
       Details: Same as 2Ki:21:2: He did that which was evil in the sight of the Lor...
    200. 2Ch:33:5: Duplicate verse content
       Details: Same as 2Ki:21:5: He built altars for all the army of the sky in the...
    201. 2Ch:33:25: Duplicate verse content
       Details: Same as 2Ki:21:24: But the people of the land killed all those who ha...
    202. 2Ch:34:23: Duplicate verse content
       Details: Same as 2Ki:22:15: She said to them, "Thus says the Lord, the God of ...
    203. Ezr:1:1: Duplicate verse content
       Details: Same as 2Ch:36:22: Now in the first year of Cyrus king of Persia, tha...
    204. Neh:7:8: Duplicate verse content
       Details: Same as Ezr:2:3: The children of Parosh, two thousand one hundred s...
    205. Neh:7:9: Duplicate verse content
       Details: Same as Ezr:2:4: The children of Shephatiah, three hundred seventy-...
    206. Neh:7:12: Duplicate verse content
       Details: Same as Ezr:2:7: The children of Elam, one thousand two hundred fif...
    207. Neh:7:14: Duplicate verse content
       Details: Same as Ezr:2:9: The children of Zaccai, seven hundred sixty....
    208. Neh:7:21: Duplicate verse content
       Details: Same as Ezr:2:16: The children of Ater, of Hezekiah, ninety-eight....
    209. Neh:7:27: Duplicate verse content
       Details: Same as Ezr:2:23: The men of Anathoth, one hundred twenty-eight....
    210. Neh:7:34: Duplicate verse content
       Details: Same as Ezr:2:31: The children of the other Elam, one thousand two h...
    211. Neh:7:35: Duplicate verse content
       Details: Same as Ezr:2:32: The children of Harim, three hundred twenty....
    212. Neh:7:36: Duplicate verse content
       Details: Same as Ezr:2:34: The children of Jericho, three hundred forty-five....
    213. Neh:7:39: Duplicate verse content
       Details: Same as Ezr:2:36: The priests: The children of Jedaiah, of the house...
    214. Neh:7:40: Duplicate verse content
       Details: Same as Ezr:2:37: The children of Immer, one thousand fifty-two....
    215. Neh:7:41: Duplicate verse content
       Details: Same as Ezr:2:38: The children of Pashhur, one thousand two hundred ...
    216. Neh:7:42: Duplicate verse content
       Details: Same as Ezr:2:39: The children of Harim, one thousand seventeen....
    217. Neh:7:46: Duplicate verse content
       Details: Same as Ezr:2:43: The Nethinim: the children of Ziha, the children o...
    218. Neh:7:53: Duplicate verse content
       Details: Same as Ezr:2:51: the children of Bakbuk, the children of Hakupha, t...
    219. Neh:7:55: Duplicate verse content
       Details: Same as Ezr:2:53: the children of Barkos, the children of Sisera, th...
    220. Neh:7:56: Duplicate verse content
       Details: Same as Ezr:2:54: the children of Neziah, the children of Hatipha....
    221. Neh:7:60: Duplicate verse content
       Details: Same as Ezr:2:58: All the Nethinim, and the children of Solomon's se...
    222. Neh:7:66: Duplicate verse content
       Details: Same as Ezr:2:64: The whole assembly together was forty-two thousand...
    223. Neh:7:68: Duplicate verse content
       Details: Same as Ezr:2:66: Their horses were seven hundred thirty-six; their ...
    224. Job:9:1: Duplicate verse content
       Details: Same as Job:6:1: Then Job answered,...
    225. Job:12:1: Duplicate verse content
       Details: Same as Job:6:1: Then Job answered,...
    226. Job:15:1: Duplicate verse content
       Details: Same as Job:4:1: Then Eliphaz the Temanite answered,...
    227. Job:16:1: Duplicate verse content
       Details: Same as Job:6:1: Then Job answered,...
    228. Job:18:1: Duplicate verse content
       Details: Same as Job:8:1: Then Bildad the Shuhite answered,...
    229. Job:19:1: Duplicate verse content
       Details: Same as Job:6:1: Then Job answered,...
    230. Job:21:1: Duplicate verse content
       Details: Same as Job:6:1: Then Job answered,...
    231. Job:22:1: Duplicate verse content
       Details: Same as Job:4:1: Then Eliphaz the Temanite answered,...
    232. Job:23:1: Duplicate verse content
       Details: Same as Job:6:1: Then Job answered,...
    233. Job:25:1: Duplicate verse content
       Details: Same as Job:8:1: Then Bildad the Shuhite answered,...
    234. Job:26:1: Duplicate verse content
       Details: Same as Job:6:1: Then Job answered,...
    235. Job:29:1: Duplicate verse content
       Details: Same as Job:27:1: Job again took up his parable, and said,...
    236. Job:35:1: Duplicate verse content
       Details: Same as Job:34:1: Moreover Elihu answered,...
    237. Job:40:6: Duplicate verse content
       Details: Same as Job:38:1: Then the Lord answered Job out of the whirlwind,...
    238. Job:42:1: Duplicate verse content
       Details: Same as Job:40:3: Then Job answered the Lord,...
    239. Psa:18:9: Duplicate verse content
       Details: Same as 2Sa:22:10: He bowed the heavens also, and came down.Thick dar...
    240. Psa:18:18: Duplicate verse content
       Details: Same as 2Sa:22:19: They came on me in the day of my calamity,but the ...
    241. Psa:18:21: Duplicate verse content
       Details: Same as 2Sa:22:22: For I have kept the ways of the Lord,and have not ...
    242. Psa:18:40: Duplicate verse content
       Details: Same as 2Sa:22:41: You have also made my enemies turn their backs to ...
    243. Psa:46:11: Duplicate verse content
       Details: Same as Psa:46:7: The Lord of hosts is with us.The God of Jacob is o...
    244. Psa:67:5: Duplicate verse content
       Details: Same as Psa:67:3: Let the peoples praise you, God.Let all the people...
    245. Psa:96:5: Duplicate verse content
       Details: Same as 1Ch:16:26: For all the gods of the peoples are idols,but the ...
    246. Psa:105:3: Duplicate verse content
       Details: Same as 1Ch:16:10: Glory in his holy name.Let the heart of those who ...
    247. Psa:105:4: Duplicate verse content
       Details: Same as 1Ch:16:11: Seek the Lord and his strength.Seek his face forev...
    248. Psa:105:13: Duplicate verse content
       Details: Same as 1Ch:16:20: They went about from nation to nation,from one kin...
    249. Psa:105:15: Duplicate verse content
       Details: Same as 1Ch:16:22: "Do not touch my anointed ones!Do my prophets no h...
    250. Psa:107:15: Duplicate verse content
       Details: Same as Psa:107:8: Let them praise the Lord for his loving kindness,f...
    251. Psa:107:21: Duplicate verse content
       Details: Same as Psa:107:8: Let them praise the Lord for his loving kindness,f...
    252. Psa:118:29: Duplicate verse content
       Details: Same as 1Ch:16:34: Oh give thanks to the Lord, for he is good,for his...
    253. Psa:135:18: Duplicate verse content
       Details: Same as Psa:115:8: Those who make them will be like them;yes, everyon...
    254. Pro:16:25: Duplicate verse content
       Details: Same as Pro:14:12: There is a way which seems right to a man,but in t...
    255. Pro:25:24: Duplicate verse content
       Details: Same as Pro:21:9: It is better to dwell in the corner of the houseto...
    256. Son:3:5: Duplicate verse content
       Details: Same as Son:2:7: I adjure you, daughters of Jerusalem,by the roes, ...
    257. Isa:36:9: Duplicate verse content
       Details: Same as 2Ki:18:24: How then can you turn away the face of one captain...
    258. Isa:37:5: Duplicate verse content
       Details: Same as 2Ki:19:5: So the servants of king Hezekiah came to Isaiah....
    259. Isa:37:23: Duplicate verse content
       Details: Same as 2Ki:19:22: Whom have you defied and blasphemed? Against whom ...
    260. Isa:37:35: Duplicate verse content
       Details: Same as 2Ki:19:34: 'For I will defend this city to save it, for my ow...
    261. Jer:11:1: Duplicate verse content
       Details: Same as Jer:7:1: The word that came to Jeremiah from the Lord, sayi...
    262. Jer:18:5: Duplicate verse content
       Details: Same as Jer:13:8: Then the word of the Lord came to me, saying,...
    263. Jer:24:4: Duplicate verse content
       Details: Same as Jer:2:1: The word of the Lord came to me, saying,...
    264. Jer:30:1: Duplicate verse content
       Details: Same as Jer:7:1: The word that came to Jeremiah from the Lord, sayi...
    265. Jer:32:26: Duplicate verse content
       Details: Same as Jer:29:30: Then came the word of the Lord to Jeremiah, saying...
    266. Jer:33:23: Duplicate verse content
       Details: Same as Jer:33:19: The word of the Lord came to Jeremiah, saying,...
    267. Jer:35:12: Duplicate verse content
       Details: Same as Jer:29:30: Then came the word of the Lord to Jeremiah, saying...
    268. Jer:51:18: Duplicate verse content
       Details: Same as Jer:10:15: They are vanity, a work of delusion: in the time o...
    269. Jer:52:1: Duplicate verse content
       Details: Same as 2Ki:24:18: Zedekiah was twenty-one years old when he began to...
    270. Jer:52:2: Duplicate verse content
       Details: Same as 2Ki:24:19: He did that which was evil in the sight of the Lor...
    271. Jer:52:5: Duplicate verse content
       Details: Same as 2Ki:25:2: So the city was besieged to the eleventh year of k...
    272. Jer:52:24: Duplicate verse content
       Details: Same as 2Ki:25:18: The captain of the guard took Seraiah the chief pr...
    273. Jer:52:26: Duplicate verse content
       Details: Same as 2Ki:25:20: Nebuzaradan the captain of the guard took them, an...
    274. Jer:52:27: Duplicate verse content
       Details: Same as 2Ki:25:21: The king of Babylon struck them, and put them to d...
    275. Jer:52:32: Duplicate verse content
       Details: Same as 2Ki:25:28: and he spoke kindly to him, and set his throne abo...
    276. Jer:52:33: Duplicate verse content
       Details: Same as 2Ki:25:29: and changed his prison garments. Jehoiachin ate br...
    277. Eze:6:1: Duplicate verse content
       Details: Same as Jer:2:1: The word of the Lord came to me, saying,...
    278. Eze:11:14: Duplicate verse content
       Details: Same as Jer:2:1: The word of the Lord came to me, saying,...
    279. Eze:12:17: Duplicate verse content
       Details: Same as Eze:7:1: Moreover the word of the Lord came to me, saying,...
    280. Eze:12:21: Duplicate verse content
       Details: Same as Jer:2:1: The word of the Lord came to me, saying,...
    281. Eze:13:1: Duplicate verse content
       Details: Same as Jer:2:1: The word of the Lord came to me, saying,...
    282. Eze:14:2: Duplicate verse content
       Details: Same as Jer:2:1: The word of the Lord came to me, saying,...
    283. Eze:14:12: Duplicate verse content
       Details: Same as Jer:2:1: The word of the Lord came to me, saying,...
    284. Eze:15:1: Duplicate verse content
       Details: Same as Jer:2:1: The word of the Lord came to me, saying,...
    285. Eze:16:1: Duplicate verse content
       Details: Same as Eze:12:26: Again the word of the Lord came to me, saying,...
    286. Eze:17:1: Duplicate verse content
       Details: Same as Jer:2:1: The word of the Lord came to me, saying,...
    287. Eze:17:11: Duplicate verse content
       Details: Same as Eze:7:1: Moreover the word of the Lord came to me, saying,...
    288. Eze:20:2: Duplicate verse content
       Details: Same as Jer:2:1: The word of the Lord came to me, saying,...
    289. Eze:20:45: Duplicate verse content
       Details: Same as Jer:2:1: The word of the Lord came to me, saying,...
    290. Eze:21:1: Duplicate verse content
       Details: Same as Jer:2:1: The word of the Lord came to me, saying,...
    291. Eze:21:8: Duplicate verse content
       Details: Same as Jer:2:1: The word of the Lord came to me, saying,...
    292. Eze:21:18: Duplicate verse content
       Details: Same as Eze:18:1: The word of the Lord came to me again, saying,...
    293. Eze:22:1: Duplicate verse content
       Details: Same as Eze:7:1: Moreover the word of the Lord came to me, saying,...
    294. Eze:22:17: Duplicate verse content
       Details: Same as Jer:2:1: The word of the Lord came to me, saying,...
    295. Eze:22:23: Duplicate verse content
       Details: Same as Jer:2:1: The word of the Lord came to me, saying,...
    296. Eze:25:1: Duplicate verse content
       Details: Same as Jer:2:1: The word of the Lord came to me, saying,...
    297. Eze:27:1: Duplicate verse content
       Details: Same as Eze:23:1: The word of the Lord came again to me, saying,...
    298. Eze:28:1: Duplicate verse content
       Details: Same as Eze:23:1: The word of the Lord came again to me, saying,...
    299. Eze:28:11: Duplicate verse content
       Details: Same as Eze:7:1: Moreover the word of the Lord came to me, saying,...
    300. Eze:28:20: Duplicate verse content
       Details: Same as Jer:2:1: The word of the Lord came to me, saying,...
    301. Eze:30:1: Duplicate verse content
       Details: Same as Eze:23:1: The word of the Lord came again to me, saying,...
    302. Eze:33:1: Duplicate verse content
       Details: Same as Jer:2:1: The word of the Lord came to me, saying,...
    303. Eze:33:23: Duplicate verse content
       Details: Same as Jer:2:1: The word of the Lord came to me, saying,...
    304. Eze:34:1: Duplicate verse content
       Details: Same as Jer:2:1: The word of the Lord came to me, saying,...
    305. Eze:35:1: Duplicate verse content
       Details: Same as Eze:7:1: Moreover the word of the Lord came to me, saying,...
    306. Eze:36:16: Duplicate verse content
       Details: Same as Eze:7:1: Moreover the word of the Lord came to me, saying,...
    307. Eze:37:15: Duplicate verse content
       Details: Same as Eze:23:1: The word of the Lord came again to me, saying,...
    308. Eze:38:1: Duplicate verse content
       Details: Same as Jer:2:1: The word of the Lord came to me, saying,...
    309. Zec:4:8: Duplicate verse content
       Details: Same as Eze:7:1: Moreover the word of the Lord came to me, saying,...
    310. Zec:6:9: Duplicate verse content
       Details: Same as Jer:2:1: The word of the Lord came to me, saying,...
    311. Zec:8:18: Duplicate verse content
       Details: Same as Zec:8:1: The word of the Lord of hosts came to me....
    312. Mat:12:17: Duplicate verse content
       Details: Same as Mat:4:14: that it might be fulfilled which was spoken throug...
    313. Mat:25:23: Duplicate verse content
       Details: Same as Mat:25:21: "His lord said to him, 'Well done, good and faithf...
    314. Mar:9:46: Duplicate verse content
       Details: Same as Mar:9:44: where their worm does not die, and the fire is not...
    315. Mar:13:31: Duplicate verse content
       Details: Same as Mat:24:35: Heaven and earth will pass away, but my words will...
    316. Mar:14:26: Duplicate verse content
       Details: Same as Mat:26:30: When they had sung the hymn, they went out to the ...
    317. Mar:14:42: Duplicate verse content
       Details: Same as Mat:26:46: Arise, let us be going. Behold, he who betrays me ...
    318. Luk:11:10: Duplicate verse content
       Details: Same as Mat:7:8: For everyone who asks receives. He who seeks finds...
    319. 2Co:1:2: Duplicate verse content
       Details: Same as 1Co:1:3: Grace to you and peace from God our Father and the...
    320. Eph:1:2: Duplicate verse content
       Details: Same as 1Co:1:3: Grace to you and peace from God our Father and the...
    321. 2Th:1:2: Duplicate verse content
       Details: Same as 1Co:1:3: Grace to you and peace from God our Father and the...
    322. Phm:1:3: Duplicate verse content
       Details: Same as 1Co:1:3: Grace to you and peace from God our Father and the...
    323. Rev:3:6: Duplicate verse content
       Details: Same as Rev:2:29: He who has an ear, let him hear what the Spirit sa...
    324. Rev:3:13: Duplicate verse content
       Details: Same as Rev:2:29: He who has an ear, let him hear what the Spirit sa...
    325. 1Sa:10:27: Verse too long (503 chars)
       Details: Text: But certain worthless fellows said, "How shall this man save us?" They despised him, and brought him...
    326. Rev:14:1: Contains numeric characters
       Details: Found numbers in: 4I saw, and behold, the Lamb standing on Mount Zio...


  ENCODING (6):
    1. Dan:5:25: Unusual capitalization pattern
       Details: 4/11 words are all caps
    2. Mat:27:37: Unusual capitalization pattern
       Details: 8/19 words are all caps
    3. Mar:15:26: Unusual capitalization pattern
       Details: 5/14 words are all caps
    4. Luk:23:38: Unusual capitalization pattern
       Details: 7/14 words are all caps
    5. Joh:19:19: Unusual capitalization pattern
       Details: 8/22 words are all caps
    6. Rev:17:5: Unusual capitalization pattern
       Details: 16/24 words are all caps


  SEQUENCE (6):
    1. Mar:11: Missing verses
       Details: Missing: [26]
    2. Mar:15: Missing verses
       Details: Missing: [28]
    3. Luk:17: Missing verses
       Details: Missing: [36]
    4. Luk:23: Missing verses
       Details: Missing: [17]
    5. Act:15: Missing verses
       Details: Missing: [34]
    6. Act:24: Missing verses
       Details: Missing: [7]

