ANOMALY DETECTION REPORT FOR RNT
Source file: RNT.json
Analysis complete
================================================================================


ERRORS (282):
----------------------------------------

  TEXT_CONTENT (282):
    1. Mat:4:21: Contains invalid characters
       Details: Invalid chars: ['\\'] in: Going on from there, he saw two other brothers \'9...
    2. Mat:6:25: Contains invalid characters
       Details: Invalid chars: ['\\'] in: "Therefore I tell you, do not be anxious about you...
    3. Mat:8:9: Contains invalid characters
       Details: Invalid chars: ['\\'] in: For I am a man, \'97 under authority, \'97 with so...
    4. Mat:9:6: Contains invalid characters
       Details: Invalid chars: ['\\'] in: But that you may know that the Son of Man has auth...
    5. Mat:12:10: Contains invalid characters
       Details: Invalid chars: ['\\'] in: A man was there with a withered hand. They asked J...
    6. Mat:13:56: Contains invalid characters
       Details: Invalid chars: ['\\'] in: And his sisters \'97 are they not all here with us...
    7. Mat:15:11: Contains invalid characters
       Details: Invalid chars: ['\\'] in: Not what enters the mouth defiles a man, but what ...
    8. Mat:21:25: Contains invalid characters
       Details: Invalid chars: ['\\'] in: The baptism of John \'97 where did it come from? F...
    9. Mat:23:10: Contains invalid characters
       Details: Invalid chars: ['\\'] in: Neither be called guides, for your Guide is one al...
    10. Mat:23:23: Contains invalid characters
       Details: Invalid chars: ['\\'] in: "Alas for you, scribes and Pharisees, hypocrites! ...
    11. Mat:24:33: Contains invalid characters
       Details: Invalid chars: ['\\'] in: Just so when you see all these things, know that h...
    12. Mat:25:40: Contains invalid characters
       Details: Invalid chars: ['\\'] in: The King will answer, 'I tell you truly, inasmuch ...
    13. Mar:1:24: Contains invalid characters
       Details: Invalid chars: ['\\'] in: "What have you to do with us, Nazarene Jesus? Have...
    14. Mar:2:24: Contains invalid characters
       Details: Invalid chars: ['\\'] in: The Pharisees said to him, "See what they are doin...
    15. Mar:2:25: Contains invalid characters
       Details: Invalid chars: ['\\'] in: He said to them, "Have you never read what David d...
    16. Mar:4:15: Contains invalid characters
       Details: Invalid chars: ['\\'] in: These are those in whom the message is sown by the...
    17. Mar:4:16: Contains invalid characters
       Details: Invalid chars: ['\\'] in: These are they likewise who received seed on stony...
    18. Mar:4:18: Contains invalid characters
       Details: Invalid chars: ['\\'] in: Others are those who receive seed among thorns \'9...
    19. Mar:4:20: Contains invalid characters
       Details: Invalid chars: ['\\'] in: These are those who received seed in good ground \...
    20. Mar:7:11: Contains invalid characters
       Details: Invalid chars: ['\\'] in: But you say, 'If a man says to his father or his m...
    21. Mar:7:22: Contains invalid characters
       Details: Invalid chars: ['\\'] in: adulteries, lusts, wickednesses, deceit, sensualit...
    22. Mar:9:38: Contains invalid characters
       Details: Invalid chars: ['\\'] in: John said to him, "Teacher, we saw a man casting o...
    23. Mar:11:30: Contains invalid characters
       Details: Invalid chars: ['\\'] in: The baptism of John \'97 was it from heaven or of ...
    24. Mar:11:32: Contains invalid characters
       Details: Invalid chars: ['\\'] in: But if we say, 'From men,' \'97 they feared the pe...
    25. Mar:12:44: Contains invalid characters
       Details: Invalid chars: ['\\'] in: For they all contributed out of their superfluity,...
    26. Mar:14:12: Contains invalid characters
       Details: Invalid chars: ['\\'] in: On the first day of unleavened bread \'97 when the...
    27. Mar:15:34: Contains invalid characters
       Details: Invalid chars: ['\\'] in: At three Jesus cried with a loud voice, "Eloi, Elo...
    28. Luk:1:3: Contains invalid characters
       Details: Invalid chars: ['\\'] in: it has seemed good to me also \'97 since I have fo...
    29. Luk:2:3: Contains invalid characters
       Details: Invalid chars: ['\\'] in: Everybody went to be registered \'97 each to his o...
    30. Luk:2:21: Contains invalid characters
       Details: Invalid chars: ['\\'] in: When eight days had passed and the time to circumc...
    31. Luk:3:20: Contains invalid characters
       Details: Invalid chars: ['\\'] in: added also this wickedness to all the rest \'97 he...
    32. Luk:4:34: Contains invalid characters
       Details: Invalid chars: ['\\'] in: "Ha, what have you to do with us, Nazarene Jesus? ...
    33. Luk:5:24: Contains invalid characters
       Details: Invalid chars: ['\\'] in: But that you may know that the Son of Man has powe...
    34. Luk:5:35: Contains invalid characters
       Details: Invalid chars: ['\\'] in: But days will come when the bridegroom will be tak...
    35. Luk:6:3: Contains invalid characters
       Details: Invalid chars: ['\\'] in: Jesus answered them, "Have you never read what Dav...
    36. Luk:7:8: Contains invalid characters
       Details: Invalid chars: ['\\'] in: For I am a man \'97 under authority \'97 with sold...
    37. Luk:8:2: Contains invalid characters
       Details: Invalid chars: ['\\'] in: and certain women who had been relieved of evil sp...
    38. Luk:8:41: Contains invalid characters
       Details: Invalid chars: ['\\'] in: There came a man by the name of Jairus \'97 he was...
    39. Luk:9:5: Contains invalid characters
       Details: Invalid chars: ['\\'] in: Whoever do not receive you \'97 as you go out from...
    40. Luk:9:17: Contains invalid characters
       Details: Invalid chars: ['\\'] in: They all ate and had abundance, and what was left ...
    41. Luk:11:50: Contains invalid characters
       Details: Invalid chars: ['\\'] in: So the blood of all the prophets which has been sh...
    42. Luk:12:20: Contains invalid characters
       Details: Invalid chars: ['\\'] in: But God said to him, 'Foolish man, this night your...
    43. Luk:15:21: Contains invalid characters
       Details: Invalid chars: ['\\'] in: The son said to him, 'Father, I have sinned agains...
    44. Luk:17:17: Contains invalid characters
       Details: Invalid chars: ['\\'] in: Jesus said, "Were not ten cleansed? But the nine \...
    45. Luk:18:19: Contains invalid characters
       Details: Invalid chars: ['\\'] in: Jesus said to him, "Why do you call me good? No on...
    46. Luk:19:3: Contains invalid characters
       Details: Invalid chars: ['\\'] in: He was trying to see Jesus \'97 what he was like; ...
    47. Luk:20:17: Contains invalid characters
       Details: Invalid chars: ['\\'] in: He turned his eyes upon them and said, "What does ...
    48. Luk:20:33: Contains invalid characters
       Details: Invalid chars: ['\\'] in: Now this woman \'97 whose wife will she be at the ...
    49. Luk:22:37: Contains invalid characters
       Details: Invalid chars: ['\\'] in: For I tell you that the prophecy must be fulfilled...
    50. Luk:22:58: Contains invalid characters
       Details: Invalid chars: ['\\'] in: After a short space another \'97 a man \'97 saw hi...
    51. Luk:23:25: Contains invalid characters
       Details: Invalid chars: ['\\'] in: He freed the man who for riot and murder had been ...
    52. Luk:24:19: Contains invalid characters
       Details: Invalid chars: ['\\'] in: He said to them, "What things?" They said to him, ...
    53. Luk:24:39: Contains invalid characters
       Details: Invalid chars: ['\\'] in: See my hands and my feet \'97 that it is I myself....
    54. Joh:1:12: Contains invalid characters
       Details: Invalid chars: ['\\'] in: All who received him \'97 to them he gave power to...
    55. Joh:1:26: Contains invalid characters
       Details: Invalid chars: ['\\'] in: John answered them, "I baptize with water. In the ...
    56. Joh:1:27: Contains invalid characters
       Details: Invalid chars: ['\\'] in: the One who is coming after me \'97 for whom I am ...
    57. Joh:1:33: Contains invalid characters
       Details: Invalid chars: ['\\'] in: I did not know him, but he who sent me to baptize ...
    58. Joh:1:45: Contains invalid characters
       Details: Invalid chars: ['\\'] in: Philip found Nathanael and said to him, "We have f...
    59. Joh:2:9: Contains invalid characters
       Details: Invalid chars: ['\\'] in: and when the Master of the feast tasted the water ...
    60. Joh:2:15: Contains invalid characters
       Details: Invalid chars: ['\\'] in: he made a whip of cords and drove them all from th...
    61. Joh:3:13: Contains invalid characters
       Details: Invalid chars: ['\\'] in: No one has ascended into heaven but he who descend...
    62. Joh:3:26: Contains invalid characters
       Details: Invalid chars: ['\\'] in: They came to John and said to him, "Rabbi, the man...
    63. Joh:4:1: Contains invalid characters
       Details: Invalid chars: ['\\'] in: WHEN the Master knew that the Pharisees had heard ...
    64. Joh:4:2: Contains invalid characters
       Details: Invalid chars: ['\\'] in: though Jesus himself was not baptizing, but his di...
    65. Joh:4:23: Contains invalid characters
       Details: Invalid chars: ['\\'] in: But the hour is coming \'97 yes, is now here \'97 ...
    66. Joh:5:3: Contains invalid characters
       Details: Invalid chars: ['\\'] in: In these lay a multitude of invalids \'97 blind, l...
    67. Joh:5:11: Contains invalid characters
       Details: Invalid chars: ['\\'] in: But he answered them, "He who made me well \'97 he...
    68. Joh:5:29: Contains invalid characters
       Details: Invalid chars: ['\\'] in: and will come forth \'97 those who have done good ...
    69. Joh:5:36: Contains invalid characters
       Details: Invalid chars: ['\\'] in: But I have testimony greater than John's. For the ...
    70. Joh:5:37: Contains invalid characters
       Details: Invalid chars: ['\\'] in: The Father who sent me \'97 he has witnessed regar...
    71. Joh:6:23: Contains invalid characters
       Details: Invalid chars: ['\\'] in: yet boats did come from Tiberias near to the place...
    72. Joh:6:46: Contains invalid characters
       Details: Invalid chars: ['\\'] in: Not that any one has seen the Father but he who is...
    73. Joh:6:57: Contains invalid characters
       Details: Invalid chars: ['\\'] in: As the living Father sent me and I am living becau...
    74. Joh:7:18: Contains invalid characters
       Details: Invalid chars: ['\\'] in: One who speaks out of his own mind is seeking his ...
    75. Joh:7:22: Contains invalid characters
       Details: Invalid chars: ['\\'] in: Moses gave you circumcision \'97 not that it is fr...
    76. Joh:7:27: Contains invalid characters
       Details: Invalid chars: ['\\'] in: But we know where this man comes from. The Christ,...
    77. Joh:7:50: Contains invalid characters
       Details: Invalid chars: ['\\'] in: Nicodemus said to them \'97 he who came to Jesus b...
    78. Joh:8:41: Contains invalid characters
       Details: Invalid chars: ['\\'] in: You do the works of your father." They said to him...
    79. Joh:8:45: Contains invalid characters
       Details: Invalid chars: ['\\'] in: But me \'97 because I tell you the truth \'97 me y...
    80. Joh:8:47: Contains invalid characters
       Details: Invalid chars: ['\\'] in: He who is of God listens to God's words. For this ...
    81. Joh:9:13: Contains invalid characters
       Details: Invalid chars: ['\\'] in: They brought him to the Pharisees \'97 the man onc...
    82. Joh:9:29: Contains invalid characters
       Details: Invalid chars: ['\\'] in: We know that God spoke to Moses, but this man \'97...
    83. Joh:9:34: Contains invalid characters
       Details: Invalid chars: ['\\'] in: They answered him, "You were born in sin \'97 whol...
    84. Joh:10:12: Contains invalid characters
       Details: Invalid chars: ['\\'] in: The hireling, who is not the shepherd, whose own t...
    85. Joh:10:25: Contains invalid characters
       Details: Invalid chars: ['\\'] in: Jesus answered them, "I have told you and you do n...
    86. Joh:10:35: Contains invalid characters
       Details: Invalid chars: ['\\'] in: If he called those to whom the word of God came Go...
    87. Joh:11:1: Contains invalid characters
       Details: Invalid chars: ['\\'] in: THERE was a certain man sick \'97 Lazarus of Betha...
    88. Joh:11:15: Contains invalid characters
       Details: Invalid chars: ['\\'] in: and I am glad on your account that I was not there...
    89. Joh:12:13: Contains invalid characters
       Details: Invalid chars: ['\\'] in: took branches of palm trees and went out to meet h...
    90. Joh:12:48: Contains invalid characters
       Details: Invalid chars: ['\\'] in: He who rejects me and does not accept my words has...
    91. Joh:12:49: Contains invalid characters
       Details: Invalid chars: ['\\'] in: But he who sent me \'97 the Father himself \'97 ha...
    92. Joh:13:17: Contains invalid characters
       Details: Invalid chars: ['\\'] in: If you know these things, blessed are you \'97 if ...
    93. Joh:13:23: Contains invalid characters
       Details: Invalid chars: ['\\'] in: One of his disciples was leaning on Jesus' breast ...
    94. Joh:13:34: Contains invalid characters
       Details: Invalid chars: ['\\'] in: A new command I give you, to love one another, as ...
    95. Joh:14:12: Contains invalid characters
       Details: Invalid chars: ['\\'] in: Truly, truly, I tell you, he who believes in me \'...
    96. Joh:14:16: Contains invalid characters
       Details: Invalid chars: ['\\'] in: and I will ask the Father and he will give you ano...
    97. Joh:14:21: Contains invalid characters
       Details: Invalid chars: ['\\'] in: He who has my commands and keeps them \'97 he is t...
    98. Joh:14:26: Contains invalid characters
       Details: Invalid chars: ['\\'] in: The Counselor \'97 the Holy Spirit, whom the Fathe...
    99. Joh:15:5: Contains invalid characters
       Details: Invalid chars: ['\\'] in: I am the Vine, you are the branches. He who abides...
    100. Joh:15:8: Contains invalid characters
       Details: Invalid chars: ['\\'] in: By this is my Father glorified \'97 by your bearin...
    101. Joh:15:12: Contains invalid characters
       Details: Invalid chars: ['\\'] in: This is my command \'97 to love one another as I h...
    102. Joh:15:26: Contains invalid characters
       Details: Invalid chars: ['\\'] in: "When the Counselor comes, whom I will send to you...
    103. Joh:16:4: Contains invalid characters
       Details: Invalid chars: ['\\'] in: But these things I have told you in order that whe...
    104. Joh:16:8: Contains invalid characters
       Details: Invalid chars: ['\\'] in: And he, when he comes, will convince the world reg...
    105. Joh:16:13: Contains invalid characters
       Details: Invalid chars: ['\\'] in: But when he comes \'97 the Spirit of Truth \'97 he...
    106. Joh:16:32: Contains invalid characters
       Details: Invalid chars: ['\\'] in: Indeed the hour is coming \'97 it has come \'97 fo...
    107. Joh:17:24: Contains invalid characters
       Details: Invalid chars: ['\\'] in: Father, those thou didst give me \'97 I will that ...
    108. Joh:18:11: Contains invalid characters
       Details: Invalid chars: ['\\'] in: Jesus said to Peter, "Put your sword into its shea...
    109. Joh:18:32: Contains invalid characters
       Details: Invalid chars: ['\\'] in: They said this that the word of Jesus might be ful...
    110. Joh:19:13: Contains invalid characters
       Details: Invalid chars: ['\\'] in: Pilate, on hearing these words, brought Jesus out ...
    111. Joh:19:17: Contains invalid characters
       Details: Invalid chars: ['\\'] in: and laid on him his cross and went out to what is ...
    112. Joh:21:8: Contains invalid characters
       Details: Invalid chars: ['\\'] in: The other disciples came in the small boat, for th...
    113. Joh:21:11: Contains invalid characters
       Details: Invalid chars: ['\\'] in: Simon Peter got into the boat and drew the net to ...
    114. Act:1:22: Contains invalid characters
       Details: Invalid chars: ['\\'] in: from the baptism of John down to the day that he w...
    115. Act:2:11: Contains invalid characters
       Details: Invalid chars: ['\\'] in: Cretans and Arabians \'97 we hear them speaking in...
    116. Act:2:20: Contains invalid characters
       Details: Invalid chars: ['\\'] in: The sun will be turned into darkness and the moon ...
    117. Act:3:2: Contains invalid characters
       Details: Invalid chars: ['\\'] in: when a man lame from his birth was being carried a...
    118. Act:4:10: Contains invalid characters
       Details: Invalid chars: ['\\'] in: be it known to all of you and to all the people of...
    119. Act:4:26: Contains invalid characters
       Details: Invalid chars: ['\\'] in: The kings of the earth set themselves and the rule...
    120. Act:4:28: Contains invalid characters
       Details: Invalid chars: ['\\'] in: to do all that thy hands and thy will had predeter...
    121. Act:5:17: Contains invalid characters
       Details: Invalid chars: ['\\'] in: But the High Priest and all his party \'97 the sec...
    122. Act:5:34: Contains invalid characters
       Details: Invalid chars: ['\\'] in: But a certain Pharisee named Gamaliel \'97 a teach...
    123. Act:7:15: Contains invalid characters
       Details: Invalid chars: ['\\'] in: and Jacob went down into Egypt and died there \'97...
    124. Act:7:35: Contains invalid characters
       Details: Invalid chars: ['\\'] in: "This Moses whom they disowned, saying, 'Who made ...
    125. Act:7:40: Contains invalid characters
       Details: Invalid chars: ['\\'] in: saying to Aaron, 'Make us gods to lead us; for thi...
    126. Act:7:52: Contains invalid characters
       Details: Invalid chars: ['\\'] in: Which one of the prophets did not your fathers per...
    127. Act:8:34: Contains invalid characters
       Details: Invalid chars: ['\\'] in: The eunuch said to Philip, "Please tell me, of who...
    128. Act:9:13: Contains invalid characters
       Details: Invalid chars: ['\\'] in: Ananias answered, "Lord, I have heard about this m...
    129. Act:9:17: Contains invalid characters
       Details: Invalid chars: ['\\'] in: Ananias went and entered the house and put his han...
    130. Act:10:21: Contains invalid characters
       Details: Invalid chars: ['\\'] in: Peter went down and said to the men, "Here I am \'...
    131. Act:10:36: Contains invalid characters
       Details: Invalid chars: ['\\'] in: As to the message which he sent to the children of...
    132. Act:13:1: Contains invalid characters
       Details: Invalid chars: ['\\'] in: THERE were in Antioch among the members of the chu...
    133. Act:13:23: Contains invalid characters
       Details: Invalid chars: ['\\'] in: "Of this man's descendants God, according to his p...
    134. Act:13:41: Contains invalid characters
       Details: Invalid chars: ['\\'] in: 'See, you disdainful ones, and wonder and perish; ...
    135. Act:13:46: Contains invalid characters
       Details: Invalid chars: ['\\'] in: Then Paul and Barnabas said with fearless plainnes...
    136. Act:15:24: Contains invalid characters
       Details: Invalid chars: ['\\'] in: "Inasmuch as we have heard that certain persons fr...
    137. Act:16:9: Contains invalid characters
       Details: Invalid chars: ['\\'] in: There a vision appeared to Paul in the night \'97 ...
    138. Act:17:4: Contains invalid characters
       Details: Invalid chars: ['\\'] in: Some of them were persuaded and attached themselve...
    139. Act:17:7: Contains invalid characters
       Details: Invalid chars: ['\\'] in: Jason has received them. They all do contrary to t...
    140. Act:17:23: Contains invalid characters
       Details: Invalid chars: ['\\'] in: For in passing about and contemplating your sacred...
    141. Act:20:19: Contains invalid characters
       Details: Invalid chars: ['\\'] in: serving the Lord with all humility and with tears ...
    142. Act:21:26: Contains invalid characters
       Details: Invalid chars: ['\\'] in: Then Paul on the next day took the men, and, after...
    143. Act:24:15: Contains invalid characters
       Details: Invalid chars: ['\\'] in: and having the hope in God which they themselves a...
    144. Act:24:18: Contains invalid characters
       Details: Invalid chars: ['\\'] in: They found me in the Temple thus occupied and puri...
    145. Act:26:29: Contains invalid characters
       Details: Invalid chars: ['\\'] in: Paul said, "I would to God that whether with littl...
    146. Rom:1:20: Contains invalid characters
       Details: Invalid chars: ['\\'] in: For God's invisible qualities \'97 his everlasting...
    147. Rom:1:25: Contains invalid characters
       Details: Invalid chars: ['\\'] in: They changed the truth of God into a lie, and reve...
    148. Rom:2:20: Contains invalid characters
       Details: Invalid chars: ['\\'] in: an instructor of the unwise, a teacher of the simp...
    149. Rom:3:21: Contains invalid characters
       Details: Invalid chars: ['\\'] in: But now, apart from law, a righteousness of God ha...
    150. Rom:3:25: Contains invalid characters
       Details: Invalid chars: ['\\'] in: whom God has set forth as a propitiation by his bl...
    151. Rom:5:12: Contains invalid characters
       Details: Invalid chars: ['\\'] in: Therefore as through one man sin entered the world...
    152. Rom:8:3: Contains invalid characters
       Details: Invalid chars: ['\\'] in: For, what was impossible for the Law, because it w...
    153. Rom:8:17: Contains invalid characters
       Details: Invalid chars: ['\\'] in: And if children, we are also heirs \'97 heirs of G...
    154. Rom:10:6: Contains invalid characters
       Details: Invalid chars: ['\\'] in: But the righteousness of faith says, "Do not say i...
    155. Rom:10:7: Contains invalid characters
       Details: Invalid chars: ['\\'] in: or, 'Who shall descend into the abyss?' " \'97 tha...
    156. Rom:10:8: Contains invalid characters
       Details: Invalid chars: ['\\'] in: But what does it say? "The word is near you, in yo...
    157. Rom:11:13: Contains invalid characters
       Details: Invalid chars: ['\\'] in: But I say to you Gentiles \'97 since I am an apost...
    158. Rom:11:14: Contains invalid characters
       Details: Invalid chars: ['\\'] in: if in any way I may arouse to emulation my own kin...
    159. Rom:12:1: Contains invalid characters
       Details: Invalid chars: ['\\'] in: I BEG you therefore, brethren, by the mercies of G...
    160. Rom:15:14: Contains invalid characters
       Details: Invalid chars: ['\\'] in: I am persuaded, my brethren \'97 yes, I myself \'9...
    161. Rom:16:26: Contains invalid characters
       Details: Invalid chars: ['\\'] in: but now made manifest through the prophetic Script...
    162. 1Co:1:17: Contains invalid characters
       Details: Invalid chars: ['\\'] in: For Christ did not send me to baptize, but to proc...
    163. 1Co:2:2: Contains invalid characters
       Details: Invalid chars: ['\\'] in: For I determined to know nothing among you but Jes...
    164. 1Co:3:12: Contains invalid characters
       Details: Invalid chars: ['\\'] in: If any one builds on this foundation gold, silver,...
    165. 1Co:3:21: Contains invalid characters
       Details: Invalid chars: ['\\'] in: Therefore let no one boast in men. For all things ...
    166. 1Co:3:22: Contains invalid characters
       Details: Invalid chars: ['\\'] in: Paul or Apollos or Cephas or the world or life or ...
    167. 1Co:4:17: Contains invalid characters
       Details: Invalid chars: ['\\'] in: For this very purpose I have sent to you Timothy, ...
    168. 1Co:5:11: Contains invalid characters
       Details: Invalid chars: ['\\'] in: But now I write to you not to associate with any o...
    169. 1Co:6:8: Contains invalid characters
       Details: Invalid chars: ['\\'] in: But you yourselves practice wrongs and frauds \'97...
    170. 1Co:7:10: Contains invalid characters
       Details: Invalid chars: ['\\'] in: To the married I command \'97 yet not I, but the L...
    171. 1Co:7:12: Contains invalid characters
       Details: Invalid chars: ['\\'] in: To the rest I say \'97 not the Lord: If any brothe...
    172. 1Co:7:26: Contains invalid characters
       Details: Invalid chars: ['\\'] in: I think then that this is an excellent thing on ac...
    173. 1Co:7:32: Contains invalid characters
       Details: Invalid chars: ['\\'] in: I wish you to be free from worry. The unmarried ma...
    174. 1Co:7:33: Contains invalid characters
       Details: Invalid chars: ['\\'] in: The married man is anxious about the things of the...
    175. 1Co:7:34: Contains invalid characters
       Details: Invalid chars: ['\\'] in: and his interest is divided. So the unmarried woma...
    176. 1Co:8:11: Contains invalid characters
       Details: Invalid chars: ['\\'] in: Thus the weak man is ruined by your knowledge \'97...
    177. 1Co:9:15: Contains invalid characters
       Details: Invalid chars: ['\\'] in: But I have used none of these rights and I am not ...
    178. 1Co:10:28: Contains invalid characters
       Details: Invalid chars: ['\\'] in: But if any one says to you, "This is meat that has...
    179. 1Co:13:13: Contains invalid characters
       Details: Invalid chars: ['\\'] in: But now faith, hope, love \'97 these three \'97 en...
    180. 1Co:14:7: Contains invalid characters
       Details: Invalid chars: ['\\'] in: Inanimate things that give a sound, such as the fl...
    181. 1Co:15:12: Contains invalid characters
       Details: Invalid chars: ['\\'] in: But if Christ is proclaimed \'97 that he has been ...
    182. 1Co:16:15: Contains invalid characters
       Details: Invalid chars: ['\\'] in: I beg you, brethren \'97 you know the household of...
    183. 2Co:1:8: Contains invalid characters
       Details: Invalid chars: ['\\'] in: For we do not wish you to be ignorant, brethren, r...
    184. 2Co:1:19: Contains invalid characters
       Details: Invalid chars: ['\\'] in: For the Son of God, Christ Jesus, who was proclaim...
    185. 2Co:2:5: Contains invalid characters
       Details: Invalid chars: ['\\'] in: But if any one has caused grief, he has grieved no...
    186. 2Co:2:15: Contains invalid characters
       Details: Invalid chars: ['\\'] in: For we are for God a sweet odor of Christ \'97 in ...
    187. 2Co:3:7: Contains invalid characters
       Details: Invalid chars: ['\\'] in: If the service that brought death, engraved in let...
    188. 2Co:4:7: Contains invalid characters
       Details: Invalid chars: ['\\'] in: But we have this treasure in earthen jars, that th...
    189. 2Co:5:6: Contains invalid characters
       Details: Invalid chars: ['\\'] in: So being always of good courage and knowing that w...
    190. 2Co:5:7: Contains invalid characters
       Details: Invalid chars: ['\\'] in: for we walk by faith, not by sight \'97...
    191. 2Co:5:18: Contains invalid characters
       Details: Invalid chars: ['\\'] in: And all things are from God, who has reconciled us...
    192. 2Co:8:14: Contains invalid characters
       Details: Invalid chars: ['\\'] in: but by equality at the present time your abundance...
    193. 2Co:10:1: Contains invalid characters
       Details: Invalid chars: ['\\'] in: I MYSELF, Paul, beg you by the gentleness and swee...
    194. 2Co:11:23: Contains invalid characters
       Details: Invalid chars: ['\\'] in: Are they servants of Christ? I speak as if I were ...
    195. 2Co:12:2: Contains invalid characters
       Details: Invalid chars: ['\\'] in: I know a man in Christ fourteen years ago \'97 whe...
    196. 2Co:12:3: Contains invalid characters
       Details: Invalid chars: ['\\'] in: I know such a man \'97 whether in the body or out ...
    197. Gal:1:1: Contains invalid characters
       Details: Invalid chars: ['\\'] in: PAUL an apostle \'97 not from men or through men, ...
    198. Gal:2:6: Contains invalid characters
       Details: Invalid chars: ['\\'] in: But from those who were esteemed to be something \...
    199. Gal:3:4: Contains invalid characters
       Details: Invalid chars: ['\\'] in: Have you suffered such things to no purpose? \'97 ...
    200. Gal:3:7: Contains invalid characters
       Details: Invalid chars: ['\\'] in: You know, then, that those who are of faith \'97 t...
    201. Gal:4:27: Contains invalid characters
       Details: Invalid chars: ['\\'] in: For it is written, "Rejoice, O barren one, you who...
    202. Gal:6:16: Contains invalid characters
       Details: Invalid chars: ['\\'] in: All who walk by this rule \'97 may peace and mercy...
    203. Eph:1:12: Contains invalid characters
       Details: Invalid chars: ['\\'] in: and we were made God's heritage in order that we m...
    204. Eph:2:5: Contains invalid characters
       Details: Invalid chars: ['\\'] in: even when we were dead in misdeeds, made us alive ...
    205. Eph:3:1: Contains invalid characters
       Details: Invalid chars: ['\\'] in: FOR this reason I, Paul, the prisoner of Christ Je...
    206. Eph:3:18: Contains invalid characters
       Details: Invalid chars: ['\\'] in: may be able with all the holy to comprehend what i...
    207. Eph:5:5: Contains invalid characters
       Details: Invalid chars: ['\\'] in: For you know well that no unchaste or impure perso...
    208. Eph:5:8: Contains invalid characters
       Details: Invalid chars: ['\\'] in: For you were once darkness, but now you are light ...
    209. Eph:5:9: Contains invalid characters
       Details: Invalid chars: ['\\'] in: for the fruit of light appears in all generosity a...
    210. Phi:2:8: Contains invalid characters
       Details: Invalid chars: ['\\'] in: and when found in the condition of a man he humble...
    211. Phi:3:4: Contains invalid characters
       Details: Invalid chars: ['\\'] in: though I have ground for confidence even in the fl...
    212. Phi:4:8: Contains invalid characters
       Details: Invalid chars: ['\\'] in: To conclude, brethren, whatever is true, whatever ...
    213. Phi:4:9: Contains invalid characters
       Details: Invalid chars: ['\\'] in: What you learned and accepted and heard and saw in...
    214. Col:1:16: Contains invalid characters
       Details: Invalid chars: ['\\'] in: for in him were created all things in heaven and o...
    215. Col:1:20: Contains invalid characters
       Details: Invalid chars: ['\\'] in: and to reconcile all things to himself through him...
    216. Col:3:5: Contains invalid characters
       Details: Invalid chars: ['\\'] in: Treat the members of your earthly bodies as dead \...
    217. Col:4:3: Contains invalid characters
       Details: Invalid chars: ['\\'] in: Pray along with us and for us that God may open fo...
    218. 1Th:1:10: Contains invalid characters
       Details: Invalid chars: ['\\'] in: and to wait for his Son from heaven \'97 his Son J...
    219. 1Th:2:5: Contains invalid characters
       Details: Invalid chars: ['\\'] in: Nor did we ever fall into flattering talk, as you ...
    220. 1Th:2:10: Contains invalid characters
       Details: Invalid chars: ['\\'] in: You are witnesses \'97 and God is witness \'97 how...
    221. 2Th:1:10: Contains invalid characters
       Details: Invalid chars: ['\\'] in: when he comes to be glorified among his holy ones ...
    222. 2Th:2:3: Contains invalid characters
       Details: Invalid chars: ['\\'] in: Let no one lead you astray in any way, because it ...
    223. 1Ti:2:7: Contains invalid characters
       Details: Invalid chars: ['\\'] in: To this I was appointed a herald and an apostle \'...
    224. 1Ti:2:10: Contains invalid characters
       Details: Invalid chars: ['\\'] in: but \'97 as is becoming for women professing piety...
    225. 2Ti:3:11: Contains invalid characters
       Details: Invalid chars: ['\\'] in: my persecutions, my sufferings \'97 what happened ...
    226. Phm:1:9: Contains invalid characters
       Details: Invalid chars: ['\\'] in: I beg you rather for love's sake, as Paul the old ...
    227. Phm:1:19: Contains invalid characters
       Details: Invalid chars: ['\\'] in: I, Paul, write it with my own hand. I will pay it ...
    228. Heb:3:15: Contains invalid characters
       Details: Invalid chars: ['\\'] in: When it is said, "To-day if you will hear his voic...
    229. Heb:4:6: Contains invalid characters
       Details: Invalid chars: ['\\'] in: Since, then, it remains for some to enter into it,...
    230. Heb:6:1: Contains invalid characters
       Details: Invalid chars: ['\\'] in: THEREFORE let us leave elementary teaching about C...
    231. Heb:7:11: Contains invalid characters
       Details: Invalid chars: ['\\'] in: If, then, perfection had been through the Levitica...
    232. Heb:7:18: Contains invalid characters
       Details: Invalid chars: ['\\'] in: There is a setting aside of the earlier commandmen...
    233. Heb:7:19: Contains invalid characters
       Details: Invalid chars: ['\\'] in: for the Law brought nothing to perfection \'97 and...
    234. Heb:7:20: Contains invalid characters
       Details: Invalid chars: ['\\'] in: And just as it was not without an oath \'97...
    235. Heb:7:21: Contains invalid characters
       Details: Invalid chars: ['\\'] in: for those men have become priests without an oath,...
    236. Heb:9:10: Contains invalid characters
       Details: Invalid chars: ['\\'] in: since they consist only of foods and drinks and va...
    237. Heb:9:11: Contains invalid characters
       Details: Invalid chars: ['\\'] in: But when Christ came as High Priest of the good th...
    238. Heb:10:7: Contains invalid characters
       Details: Invalid chars: ['\\'] in: Then I said, 'Here I have come \'97 in the roll of...
    239. Heb:11:16: Contains invalid characters
       Details: Invalid chars: ['\\'] in: But now they desire a better land, that is, a heav...
    240. Heb:13:8: Contains invalid characters
       Details: Invalid chars: ['\\'] in: Jesus Christ is yesterday and to-day the same \'97...
    241. Jas:1:7: Contains invalid characters
       Details: Invalid chars: ['\\'] in: For that man must not think that he will obtain an...
    242. Jas:1:25: Contains invalid characters
       Details: Invalid chars: ['\\'] in: But he who looks earnestly into the perfect law of...
    243. Jas:4:12: Contains invalid characters
       Details: Invalid chars: ['\\'] in: One is the Lawgiver and Judge \'97 he who is able ...
    244. 1Pe:1:1: Contains invalid characters
       Details: Invalid chars: ['\\'] in: PETER, an apostle of Jesus Christ, to the Chosen O...
    245. 1Pe:1:3: Contains invalid characters
       Details: Invalid chars: ['\\'] in: Blessed be the God and Father of our Lord Jesus Ch...
    246. 1Pe:1:12: Contains invalid characters
       Details: Invalid chars: ['\\'] in: It was revealed to them that they were serving not...
    247. 1Pe:2:7: Contains invalid characters
       Details: Invalid chars: ['\\'] in: To you who have faith is the "honor," but to the u...
    248. 1Pe:2:15: Contains invalid characters
       Details: Invalid chars: ['\\'] in: For this is the will of God \'97 that by doing goo...
    249. 1Pe:3:3: Contains invalid characters
       Details: Invalid chars: ['\\'] in: Your adornment must not be of the external kind \'...
    250. 1Pe:3:9: Contains invalid characters
       Details: Invalid chars: ['\\'] in: not repaying evil for evil or abuse for abuse, but...
    251. 1Pe:3:21: Contains invalid characters
       Details: Invalid chars: ['\\'] in: This is a type of baptism, which now saves us \'97...
    252. 1Pe:5:1: Contains invalid characters
       Details: Invalid chars: ['\\'] in: THE elders among you I beg \'97 I who am a fellow ...
    253. 2Pe:2:7: Contains invalid characters
       Details: Invalid chars: ['\\'] in: and rescued righteous Lot worn out by the indecent...
    254. 2Pe:2:8: Contains invalid characters
       Details: Invalid chars: ['\\'] in: for that righteous man living among them was tortu...
    255. 2Pe:2:18: Contains invalid characters
       Details: Invalid chars: ['\\'] in: For by speaking great empty swelling words they en...
    256. 1Jo:1:1: Contains invalid characters
       Details: Invalid chars: ['\\'] in: WHAT was from the beginning, what we have heard, w...
    257. 1Jo:1:2: Contains invalid characters
       Details: Invalid chars: ['\\'] in: the Life appeared and we saw and testify to it and...
    258. 1Jo:2:25: Contains invalid characters
       Details: Invalid chars: ['\\'] in: And this is the promise that he has promised us \'...
    259. 1Jo:3:8: Contains invalid characters
       Details: Invalid chars: ['\\'] in: He who is committing sin is of the Devil, for the ...
    260. 1Jo:3:16: Contains invalid characters
       Details: Invalid chars: ['\\'] in: By this we have come to know love \'97 that Christ...
    261. 1Jo:3:23: Contains invalid characters
       Details: Invalid chars: ['\\'] in: And this is his command \'97 to believe in the nam...
    262. 1Jo:3:24: Contains invalid characters
       Details: Invalid chars: ['\\'] in: He who keeps his commands remains in God and God r...
    263. 1Jo:4:10: Contains invalid characters
       Details: Invalid chars: ['\\'] in: In this is love \'97 not that we loved God, but th...
    264. 3Jo:1:3: Contains invalid characters
       Details: Invalid chars: ['\\'] in: For I rejoiced greatly when brethren came and test...
    265. Rev:1:2: Contains invalid characters
       Details: Invalid chars: ['\\'] in: who bears witness to the message of God and the te...
    266. Rev:1:19: Contains invalid characters
       Details: Invalid chars: ['\\'] in: Write what you have seen, and what is and what is ...
    267. Rev:2:26: Contains invalid characters
       Details: Invalid chars: ['\\'] in: He who conquers and keeps my commands to the end \...
    268. Rev:3:9: Contains invalid characters
       Details: Invalid chars: ['\\'] in: See, I will make those from the synagogue of Satan...
    269. Rev:3:12: Contains invalid characters
       Details: Invalid chars: ['\\'] in: He who conquers \'97 I will make him a pillar in t...
    270. Rev:3:15: Contains invalid characters
       Details: Invalid chars: ['\\'] in: "I know your deeds \'97 that you are neither cold ...
    271. Rev:3:21: Contains invalid characters
       Details: Invalid chars: ['\\'] in: He who conquers \'97 to him I will grant to sit wi...
    272. Rev:5:11: Contains invalid characters
       Details: Invalid chars: ['\\'] in: Then I looked and I heard the voices of many angel...
    273. Rev:7:13: Contains invalid characters
       Details: Invalid chars: ['\\'] in: Then one of the elders spoke to me and said, "Thes...
    274. Rev:9:18: Contains invalid characters
       Details: Invalid chars: ['\\'] in: By these three plagues a third of men were killed ...
    275. Rev:12:9: Contains invalid characters
       Details: Invalid chars: ['\\'] in: Then was hurled down the great Dragon, the ancient...
    276. Rev:13:17: Contains invalid characters
       Details: Invalid chars: ['\\'] in: so that no one can buy or sell unless he has the m...
    277. Rev:14:11: Contains invalid characters
       Details: Invalid chars: ['\\'] in: And the smoke of their torture will ascend for age...
    278. Rev:15:1: Contains invalid characters
       Details: Invalid chars: ['\\'] in: THEN I saw another sign in heaven. It was great an...
    279. Rev:16:19: Contains invalid characters
       Details: Invalid chars: ['\\'] in: The great city was divided into three parts and th...
    280. Rev:17:16: Contains invalid characters
       Details: Invalid chars: ['\\'] in: The ten horns that you saw and the Beast \'97 they...
    281. Rev:20:8: Contains invalid characters
       Details: Invalid chars: ['\\'] in: and will come out to mislead the nations that are ...
    282. Rev:20:14: Contains invalid characters
       Details: Invalid chars: ['\\'] in: Death and Hades were flung into the lake of fire. ...


WARNINGS (342):
----------------------------------------

  STRUCTURE (1):
    1. books: Missing expected books
       Details: Missing: ['1Ch', '1Ki', '1Sa', '2Ch', '2Ki', '2Sa', 'Amo', 'Dan', 'Deu', 'Ecc', 'Est', 'Exo', 'Eze', 'Ezr', 'Gen', 'Hab', 'Hag', 'Hos', 'Isa', 'Jdg', 'Jer', 'Job', 'Joe', 'Jon', 'Jos', 'Lam', 'Lev', 'Mal', 'Mic', 'Nah', 'Neh', 'Num', 'Oba', 'Pro', 'Psa', 'Rut', 'Son', 'Zec', 'Zep']


  TEXT_CONTENT (312):
    1. Mat:13:50: Duplicate verse content
       Details: Same as Mat:13:42: and will cast them into the furnace of fire. There...
    2. Mat:16:3: Duplicate verse content
       Details: Same as Mat:16:2: TEXT OMITTED...
    3. Mat:17:21: Duplicate verse content
       Details: Same as Mat:16:2: TEXT OMITTED...
    4. Mat:18:11: Duplicate verse content
       Details: Same as Mat:16:2: TEXT OMITTED...
    5. Mat:23:14: Duplicate verse content
       Details: Same as Mat:16:2: TEXT OMITTED...
    6. Mar:7:16: Duplicate verse content
       Details: Same as Mat:16:2: TEXT OMITTED...
    7. Mar:9:44: Duplicate verse content
       Details: Same as Mat:16:2: TEXT OMITTED...
    8. Mar:9:46: Duplicate verse content
       Details: Same as Mat:16:2: TEXT OMITTED...
    9. Mar:10:48: Duplicate verse content
       Details: Same as Mat:16:2: TEXT OMITTED...
    10. Mar:11:26: Duplicate verse content
       Details: Same as Mat:16:2: TEXT OMITTED...
    11. Mar:13:31: Duplicate verse content
       Details: Same as Mat:24:35: Heaven and earth will pass away, but my words will...
    12. Mar:15:28: Duplicate verse content
       Details: Same as Mat:16:2: TEXT OMITTED...
    13. Luk:9:56: Duplicate verse content
       Details: Same as Mat:16:2: TEXT OMITTED...
    14. Luk:9:58: Duplicate verse content
       Details: Same as Mat:8:20: Jesus said to him, "The foxes have holes and the b...
    15. Luk:17:36: Duplicate verse content
       Details: Same as Mat:16:2: TEXT OMITTED...
    16. Luk:21:33: Duplicate verse content
       Details: Same as Mat:24:35: Heaven and earth will pass away, but my words will...
    17. Luk:23:17: Duplicate verse content
       Details: Same as Mat:16:2: TEXT OMITTED...
    18. Joh:5:4: Duplicate verse content
       Details: Same as Mat:16:2: TEXT OMITTED...
    19. Joh:7:16: Duplicate verse content
       Details: Same as Mat:16:2: TEXT OMITTED...
    20. Act:8:37: Duplicate verse content
       Details: Same as Mat:16:2: TEXT OMITTED...
    21. Act:15:34: Duplicate verse content
       Details: Same as Mat:16:2: TEXT OMITTED...
    22. Act:24:7: Duplicate verse content
       Details: Same as Mat:16:2: TEXT OMITTED...
    23. Act:28:29: Duplicate verse content
       Details: Same as Mat:16:2: TEXT OMITTED...
    24. Rom:7:18: Duplicate verse content
       Details: Same as Mat:16:2: TEXT OMITTED...
    25. Rom:7:19: Duplicate verse content
       Details: Same as Mat:16:2: TEXT OMITTED...
    26. Rom:7:20: Duplicate verse content
       Details: Same as Mat:16:2: TEXT OMITTED...
    27. Rom:16:24: Duplicate verse content
       Details: Same as Mat:16:2: TEXT OMITTED...
    28. 1Jo:5:7: Duplicate verse content
       Details: Same as Mat:16:2: TEXT OMITTED...
    29. Rev:3:6: Duplicate verse content
       Details: Same as Rev:2:29: Let him who has an ear hear what the Spirit says t...
    30. Rev:3:13: Duplicate verse content
       Details: Same as Rev:2:29: Let him who has an ear hear what the Spirit says t...
    31. Mat:4:21: Contains numeric characters
       Details: Found numbers in: Going on from there, he saw two other brothers \'9...
    32. Mat:6:25: Contains numeric characters
       Details: Found numbers in: "Therefore I tell you, do not be anxious about you...
    33. Mat:8:9: Contains numeric characters
       Details: Found numbers in: For I am a man, \'97 under authority, \'97 with so...
    34. Mat:9:6: Contains numeric characters
       Details: Found numbers in: But that you may know that the Son of Man has auth...
    35. Mat:12:10: Contains numeric characters
       Details: Found numbers in: A man was there with a withered hand. They asked J...
    36. Mat:13:56: Contains numeric characters
       Details: Found numbers in: And his sisters \'97 are they not all here with us...
    37. Mat:15:11: Contains numeric characters
       Details: Found numbers in: Not what enters the mouth defiles a man, but what ...
    38. Mat:21:25: Contains numeric characters
       Details: Found numbers in: The baptism of John \'97 where did it come from? F...
    39. Mat:23:10: Contains numeric characters
       Details: Found numbers in: Neither be called guides, for your Guide is one al...
    40. Mat:23:23: Contains numeric characters
       Details: Found numbers in: "Alas for you, scribes and Pharisees, hypocrites! ...
    41. Mat:24:33: Contains numeric characters
       Details: Found numbers in: Just so when you see all these things, know that h...
    42. Mat:25:40: Contains numeric characters
       Details: Found numbers in: The King will answer, 'I tell you truly, inasmuch ...
    43. Mar:1:24: Contains numeric characters
       Details: Found numbers in: "What have you to do with us, Nazarene Jesus? Have...
    44. Mar:2:24: Contains numeric characters
       Details: Found numbers in: The Pharisees said to him, "See what they are doin...
    45. Mar:2:25: Contains numeric characters
       Details: Found numbers in: He said to them, "Have you never read what David d...
    46. Mar:4:15: Contains numeric characters
       Details: Found numbers in: These are those in whom the message is sown by the...
    47. Mar:4:16: Contains numeric characters
       Details: Found numbers in: These are they likewise who received seed on stony...
    48. Mar:4:18: Contains numeric characters
       Details: Found numbers in: Others are those who receive seed among thorns \'9...
    49. Mar:4:20: Contains numeric characters
       Details: Found numbers in: These are those who received seed in good ground \...
    50. Mar:7:11: Contains numeric characters
       Details: Found numbers in: But you say, 'If a man says to his father or his m...
    51. Mar:7:22: Contains numeric characters
       Details: Found numbers in: adulteries, lusts, wickednesses, deceit, sensualit...
    52. Mar:9:38: Contains numeric characters
       Details: Found numbers in: John said to him, "Teacher, we saw a man casting o...
    53. Mar:11:30: Contains numeric characters
       Details: Found numbers in: The baptism of John \'97 was it from heaven or of ...
    54. Mar:11:32: Contains numeric characters
       Details: Found numbers in: But if we say, 'From men,' \'97 they feared the pe...
    55. Mar:12:44: Contains numeric characters
       Details: Found numbers in: For they all contributed out of their superfluity,...
    56. Mar:14:12: Contains numeric characters
       Details: Found numbers in: On the first day of unleavened bread \'97 when the...
    57. Mar:15:34: Contains numeric characters
       Details: Found numbers in: At three Jesus cried with a loud voice, "Eloi, Elo...
    58. Luk:1:3: Contains numeric characters
       Details: Found numbers in: it has seemed good to me also \'97 since I have fo...
    59. Luk:2:3: Contains numeric characters
       Details: Found numbers in: Everybody went to be registered \'97 each to his o...
    60. Luk:2:21: Contains numeric characters
       Details: Found numbers in: When eight days had passed and the time to circumc...
    61. Luk:3:20: Contains numeric characters
       Details: Found numbers in: added also this wickedness to all the rest \'97 he...
    62. Luk:4:34: Contains numeric characters
       Details: Found numbers in: "Ha, what have you to do with us, Nazarene Jesus? ...
    63. Luk:5:24: Contains numeric characters
       Details: Found numbers in: But that you may know that the Son of Man has powe...
    64. Luk:5:35: Contains numeric characters
       Details: Found numbers in: But days will come when the bridegroom will be tak...
    65. Luk:6:3: Contains numeric characters
       Details: Found numbers in: Jesus answered them, "Have you never read what Dav...
    66. Luk:7:8: Contains numeric characters
       Details: Found numbers in: For I am a man \'97 under authority \'97 with sold...
    67. Luk:8:2: Contains numeric characters
       Details: Found numbers in: and certain women who had been relieved of evil sp...
    68. Luk:8:41: Contains numeric characters
       Details: Found numbers in: There came a man by the name of Jairus \'97 he was...
    69. Luk:9:5: Contains numeric characters
       Details: Found numbers in: Whoever do not receive you \'97 as you go out from...
    70. Luk:9:17: Contains numeric characters
       Details: Found numbers in: They all ate and had abundance, and what was left ...
    71. Luk:11:50: Contains numeric characters
       Details: Found numbers in: So the blood of all the prophets which has been sh...
    72. Luk:12:20: Contains numeric characters
       Details: Found numbers in: But God said to him, 'Foolish man, this night your...
    73. Luk:15:21: Contains numeric characters
       Details: Found numbers in: The son said to him, 'Father, I have sinned agains...
    74. Luk:17:17: Contains numeric characters
       Details: Found numbers in: Jesus said, "Were not ten cleansed? But the nine \...
    75. Luk:18:19: Contains numeric characters
       Details: Found numbers in: Jesus said to him, "Why do you call me good? No on...
    76. Luk:19:3: Contains numeric characters
       Details: Found numbers in: He was trying to see Jesus \'97 what he was like; ...
    77. Luk:20:17: Contains numeric characters
       Details: Found numbers in: He turned his eyes upon them and said, "What does ...
    78. Luk:20:33: Contains numeric characters
       Details: Found numbers in: Now this woman \'97 whose wife will she be at the ...
    79. Luk:22:37: Contains numeric characters
       Details: Found numbers in: For I tell you that the prophecy must be fulfilled...
    80. Luk:22:58: Contains numeric characters
       Details: Found numbers in: After a short space another \'97 a man \'97 saw hi...
    81. Luk:23:25: Contains numeric characters
       Details: Found numbers in: He freed the man who for riot and murder had been ...
    82. Luk:24:19: Contains numeric characters
       Details: Found numbers in: He said to them, "What things?" They said to him, ...
    83. Luk:24:39: Contains numeric characters
       Details: Found numbers in: See my hands and my feet \'97 that it is I myself....
    84. Joh:1:12: Contains numeric characters
       Details: Found numbers in: All who received him \'97 to them he gave power to...
    85. Joh:1:26: Contains numeric characters
       Details: Found numbers in: John answered them, "I baptize with water. In the ...
    86. Joh:1:27: Contains numeric characters
       Details: Found numbers in: the One who is coming after me \'97 for whom I am ...
    87. Joh:1:33: Contains numeric characters
       Details: Found numbers in: I did not know him, but he who sent me to baptize ...
    88. Joh:1:45: Contains numeric characters
       Details: Found numbers in: Philip found Nathanael and said to him, "We have f...
    89. Joh:2:9: Contains numeric characters
       Details: Found numbers in: and when the Master of the feast tasted the water ...
    90. Joh:2:15: Contains numeric characters
       Details: Found numbers in: he made a whip of cords and drove them all from th...
    91. Joh:3:13: Contains numeric characters
       Details: Found numbers in: No one has ascended into heaven but he who descend...
    92. Joh:3:26: Contains numeric characters
       Details: Found numbers in: They came to John and said to him, "Rabbi, the man...
    93. Joh:4:1: Contains numeric characters
       Details: Found numbers in: WHEN the Master knew that the Pharisees had heard ...
    94. Joh:4:2: Contains numeric characters
       Details: Found numbers in: though Jesus himself was not baptizing, but his di...
    95. Joh:4:23: Contains numeric characters
       Details: Found numbers in: But the hour is coming \'97 yes, is now here \'97 ...
    96. Joh:5:3: Contains numeric characters
       Details: Found numbers in: In these lay a multitude of invalids \'97 blind, l...
    97. Joh:5:11: Contains numeric characters
       Details: Found numbers in: But he answered them, "He who made me well \'97 he...
    98. Joh:5:29: Contains numeric characters
       Details: Found numbers in: and will come forth \'97 those who have done good ...
    99. Joh:5:36: Contains numeric characters
       Details: Found numbers in: But I have testimony greater than John's. For the ...
    100. Joh:5:37: Contains numeric characters
       Details: Found numbers in: The Father who sent me \'97 he has witnessed regar...
    101. Joh:6:23: Contains numeric characters
       Details: Found numbers in: yet boats did come from Tiberias near to the place...
    102. Joh:6:46: Contains numeric characters
       Details: Found numbers in: Not that any one has seen the Father but he who is...
    103. Joh:6:57: Contains numeric characters
       Details: Found numbers in: As the living Father sent me and I am living becau...
    104. Joh:7:18: Contains numeric characters
       Details: Found numbers in: One who speaks out of his own mind is seeking his ...
    105. Joh:7:22: Contains numeric characters
       Details: Found numbers in: Moses gave you circumcision \'97 not that it is fr...
    106. Joh:7:27: Contains numeric characters
       Details: Found numbers in: But we know where this man comes from. The Christ,...
    107. Joh:7:50: Contains numeric characters
       Details: Found numbers in: Nicodemus said to them \'97 he who came to Jesus b...
    108. Joh:8:41: Contains numeric characters
       Details: Found numbers in: You do the works of your father." They said to him...
    109. Joh:8:45: Contains numeric characters
       Details: Found numbers in: But me \'97 because I tell you the truth \'97 me y...
    110. Joh:8:47: Contains numeric characters
       Details: Found numbers in: He who is of God listens to God's words. For this ...
    111. Joh:9:13: Contains numeric characters
       Details: Found numbers in: They brought him to the Pharisees \'97 the man onc...
    112. Joh:9:29: Contains numeric characters
       Details: Found numbers in: We know that God spoke to Moses, but this man \'97...
    113. Joh:9:34: Contains numeric characters
       Details: Found numbers in: They answered him, "You were born in sin \'97 whol...
    114. Joh:10:12: Contains numeric characters
       Details: Found numbers in: The hireling, who is not the shepherd, whose own t...
    115. Joh:10:25: Contains numeric characters
       Details: Found numbers in: Jesus answered them, "I have told you and you do n...
    116. Joh:10:35: Contains numeric characters
       Details: Found numbers in: If he called those to whom the word of God came Go...
    117. Joh:11:1: Contains numeric characters
       Details: Found numbers in: THERE was a certain man sick \'97 Lazarus of Betha...
    118. Joh:11:15: Contains numeric characters
       Details: Found numbers in: and I am glad on your account that I was not there...
    119. Joh:12:13: Contains numeric characters
       Details: Found numbers in: took branches of palm trees and went out to meet h...
    120. Joh:12:48: Contains numeric characters
       Details: Found numbers in: He who rejects me and does not accept my words has...
    121. Joh:12:49: Contains numeric characters
       Details: Found numbers in: But he who sent me \'97 the Father himself \'97 ha...
    122. Joh:13:17: Contains numeric characters
       Details: Found numbers in: If you know these things, blessed are you \'97 if ...
    123. Joh:13:23: Contains numeric characters
       Details: Found numbers in: One of his disciples was leaning on Jesus' breast ...
    124. Joh:13:34: Contains numeric characters
       Details: Found numbers in: A new command I give you, to love one another, as ...
    125. Joh:14:12: Contains numeric characters
       Details: Found numbers in: Truly, truly, I tell you, he who believes in me \'...
    126. Joh:14:16: Contains numeric characters
       Details: Found numbers in: and I will ask the Father and he will give you ano...
    127. Joh:14:21: Contains numeric characters
       Details: Found numbers in: He who has my commands and keeps them \'97 he is t...
    128. Joh:14:26: Contains numeric characters
       Details: Found numbers in: The Counselor \'97 the Holy Spirit, whom the Fathe...
    129. Joh:15:5: Contains numeric characters
       Details: Found numbers in: I am the Vine, you are the branches. He who abides...
    130. Joh:15:8: Contains numeric characters
       Details: Found numbers in: By this is my Father glorified \'97 by your bearin...
    131. Joh:15:12: Contains numeric characters
       Details: Found numbers in: This is my command \'97 to love one another as I h...
    132. Joh:15:26: Contains numeric characters
       Details: Found numbers in: "When the Counselor comes, whom I will send to you...
    133. Joh:16:4: Contains numeric characters
       Details: Found numbers in: But these things I have told you in order that whe...
    134. Joh:16:8: Contains numeric characters
       Details: Found numbers in: And he, when he comes, will convince the world reg...
    135. Joh:16:13: Contains numeric characters
       Details: Found numbers in: But when he comes \'97 the Spirit of Truth \'97 he...
    136. Joh:16:32: Contains numeric characters
       Details: Found numbers in: Indeed the hour is coming \'97 it has come \'97 fo...
    137. Joh:17:24: Contains numeric characters
       Details: Found numbers in: Father, those thou didst give me \'97 I will that ...
    138. Joh:18:11: Contains numeric characters
       Details: Found numbers in: Jesus said to Peter, "Put your sword into its shea...
    139. Joh:18:32: Contains numeric characters
       Details: Found numbers in: They said this that the word of Jesus might be ful...
    140. Joh:19:13: Contains numeric characters
       Details: Found numbers in: Pilate, on hearing these words, brought Jesus out ...
    141. Joh:19:17: Contains numeric characters
       Details: Found numbers in: and laid on him his cross and went out to what is ...
    142. Joh:21:8: Contains numeric characters
       Details: Found numbers in: The other disciples came in the small boat, for th...
    143. Joh:21:11: Contains numeric characters
       Details: Found numbers in: Simon Peter got into the boat and drew the net to ...
    144. Act:1:22: Contains numeric characters
       Details: Found numbers in: from the baptism of John down to the day that he w...
    145. Act:2:11: Contains numeric characters
       Details: Found numbers in: Cretans and Arabians \'97 we hear them speaking in...
    146. Act:2:20: Contains numeric characters
       Details: Found numbers in: The sun will be turned into darkness and the moon ...
    147. Act:3:2: Contains numeric characters
       Details: Found numbers in: when a man lame from his birth was being carried a...
    148. Act:4:10: Contains numeric characters
       Details: Found numbers in: be it known to all of you and to all the people of...
    149. Act:4:26: Contains numeric characters
       Details: Found numbers in: The kings of the earth set themselves and the rule...
    150. Act:4:28: Contains numeric characters
       Details: Found numbers in: to do all that thy hands and thy will had predeter...
    151. Act:5:17: Contains numeric characters
       Details: Found numbers in: But the High Priest and all his party \'97 the sec...
    152. Act:5:34: Contains numeric characters
       Details: Found numbers in: But a certain Pharisee named Gamaliel \'97 a teach...
    153. Act:7:15: Contains numeric characters
       Details: Found numbers in: and Jacob went down into Egypt and died there \'97...
    154. Act:7:35: Contains numeric characters
       Details: Found numbers in: "This Moses whom they disowned, saying, 'Who made ...
    155. Act:7:40: Contains numeric characters
       Details: Found numbers in: saying to Aaron, 'Make us gods to lead us; for thi...
    156. Act:7:52: Contains numeric characters
       Details: Found numbers in: Which one of the prophets did not your fathers per...
    157. Act:8:34: Contains numeric characters
       Details: Found numbers in: The eunuch said to Philip, "Please tell me, of who...
    158. Act:9:13: Contains numeric characters
       Details: Found numbers in: Ananias answered, "Lord, I have heard about this m...
    159. Act:9:17: Contains numeric characters
       Details: Found numbers in: Ananias went and entered the house and put his han...
    160. Act:10:21: Contains numeric characters
       Details: Found numbers in: Peter went down and said to the men, "Here I am \'...
    161. Act:10:36: Contains numeric characters
       Details: Found numbers in: As to the message which he sent to the children of...
    162. Act:13:1: Contains numeric characters
       Details: Found numbers in: THERE were in Antioch among the members of the chu...
    163. Act:13:23: Contains numeric characters
       Details: Found numbers in: "Of this man's descendants God, according to his p...
    164. Act:13:41: Contains numeric characters
       Details: Found numbers in: 'See, you disdainful ones, and wonder and perish; ...
    165. Act:13:46: Contains numeric characters
       Details: Found numbers in: Then Paul and Barnabas said with fearless plainnes...
    166. Act:15:24: Contains numeric characters
       Details: Found numbers in: "Inasmuch as we have heard that certain persons fr...
    167. Act:16:9: Contains numeric characters
       Details: Found numbers in: There a vision appeared to Paul in the night \'97 ...
    168. Act:17:4: Contains numeric characters
       Details: Found numbers in: Some of them were persuaded and attached themselve...
    169. Act:17:7: Contains numeric characters
       Details: Found numbers in: Jason has received them. They all do contrary to t...
    170. Act:17:23: Contains numeric characters
       Details: Found numbers in: For in passing about and contemplating your sacred...
    171. Act:20:19: Contains numeric characters
       Details: Found numbers in: serving the Lord with all humility and with tears ...
    172. Act:21:26: Contains numeric characters
       Details: Found numbers in: Then Paul on the next day took the men, and, after...
    173. Act:24:15: Contains numeric characters
       Details: Found numbers in: and having the hope in God which they themselves a...
    174. Act:24:18: Contains numeric characters
       Details: Found numbers in: They found me in the Temple thus occupied and puri...
    175. Act:26:29: Contains numeric characters
       Details: Found numbers in: Paul said, "I would to God that whether with littl...
    176. Rom:1:20: Contains numeric characters
       Details: Found numbers in: For God's invisible qualities \'97 his everlasting...
    177. Rom:1:25: Contains numeric characters
       Details: Found numbers in: They changed the truth of God into a lie, and reve...
    178. Rom:2:20: Contains numeric characters
       Details: Found numbers in: an instructor of the unwise, a teacher of the simp...
    179. Rom:3:21: Contains numeric characters
       Details: Found numbers in: But now, apart from law, a righteousness of God ha...
    180. Rom:3:25: Contains numeric characters
       Details: Found numbers in: whom God has set forth as a propitiation by his bl...
    181. Rom:5:12: Contains numeric characters
       Details: Found numbers in: Therefore as through one man sin entered the world...
    182. Rom:8:3: Contains numeric characters
       Details: Found numbers in: For, what was impossible for the Law, because it w...
    183. Rom:8:17: Contains numeric characters
       Details: Found numbers in: And if children, we are also heirs \'97 heirs of G...
    184. Rom:10:6: Contains numeric characters
       Details: Found numbers in: But the righteousness of faith says, "Do not say i...
    185. Rom:10:7: Contains numeric characters
       Details: Found numbers in: or, 'Who shall descend into the abyss?' " \'97 tha...
    186. Rom:10:8: Contains numeric characters
       Details: Found numbers in: But what does it say? "The word is near you, in yo...
    187. Rom:11:13: Contains numeric characters
       Details: Found numbers in: But I say to you Gentiles \'97 since I am an apost...
    188. Rom:11:14: Contains numeric characters
       Details: Found numbers in: if in any way I may arouse to emulation my own kin...
    189. Rom:12:1: Contains numeric characters
       Details: Found numbers in: I BEG you therefore, brethren, by the mercies of G...
    190. Rom:15:14: Contains numeric characters
       Details: Found numbers in: I am persuaded, my brethren \'97 yes, I myself \'9...
    191. Rom:16:26: Contains numeric characters
       Details: Found numbers in: but now made manifest through the prophetic Script...
    192. 1Co:1:17: Contains numeric characters
       Details: Found numbers in: For Christ did not send me to baptize, but to proc...
    193. 1Co:2:2: Contains numeric characters
       Details: Found numbers in: For I determined to know nothing among you but Jes...
    194. 1Co:3:12: Contains numeric characters
       Details: Found numbers in: If any one builds on this foundation gold, silver,...
    195. 1Co:3:21: Contains numeric characters
       Details: Found numbers in: Therefore let no one boast in men. For all things ...
    196. 1Co:3:22: Contains numeric characters
       Details: Found numbers in: Paul or Apollos or Cephas or the world or life or ...
    197. 1Co:4:17: Contains numeric characters
       Details: Found numbers in: For this very purpose I have sent to you Timothy, ...
    198. 1Co:5:11: Contains numeric characters
       Details: Found numbers in: But now I write to you not to associate with any o...
    199. 1Co:6:8: Contains numeric characters
       Details: Found numbers in: But you yourselves practice wrongs and frauds \'97...
    200. 1Co:7:10: Contains numeric characters
       Details: Found numbers in: To the married I command \'97 yet not I, but the L...
    201. 1Co:7:12: Contains numeric characters
       Details: Found numbers in: To the rest I say \'97 not the Lord: If any brothe...
    202. 1Co:7:26: Contains numeric characters
       Details: Found numbers in: I think then that this is an excellent thing on ac...
    203. 1Co:7:32: Contains numeric characters
       Details: Found numbers in: I wish you to be free from worry. The unmarried ma...
    204. 1Co:7:33: Contains numeric characters
       Details: Found numbers in: The married man is anxious about the things of the...
    205. 1Co:7:34: Contains numeric characters
       Details: Found numbers in: and his interest is divided. So the unmarried woma...
    206. 1Co:8:11: Contains numeric characters
       Details: Found numbers in: Thus the weak man is ruined by your knowledge \'97...
    207. 1Co:9:15: Contains numeric characters
       Details: Found numbers in: But I have used none of these rights and I am not ...
    208. 1Co:10:28: Contains numeric characters
       Details: Found numbers in: But if any one says to you, "This is meat that has...
    209. 1Co:13:13: Contains numeric characters
       Details: Found numbers in: But now faith, hope, love \'97 these three \'97 en...
    210. 1Co:14:7: Contains numeric characters
       Details: Found numbers in: Inanimate things that give a sound, such as the fl...
    211. 1Co:15:12: Contains numeric characters
       Details: Found numbers in: But if Christ is proclaimed \'97 that he has been ...
    212. 1Co:16:15: Contains numeric characters
       Details: Found numbers in: I beg you, brethren \'97 you know the household of...
    213. 2Co:1:8: Contains numeric characters
       Details: Found numbers in: For we do not wish you to be ignorant, brethren, r...
    214. 2Co:1:19: Contains numeric characters
       Details: Found numbers in: For the Son of God, Christ Jesus, who was proclaim...
    215. 2Co:2:5: Contains numeric characters
       Details: Found numbers in: But if any one has caused grief, he has grieved no...
    216. 2Co:2:15: Contains numeric characters
       Details: Found numbers in: For we are for God a sweet odor of Christ \'97 in ...
    217. 2Co:3:7: Contains numeric characters
       Details: Found numbers in: If the service that brought death, engraved in let...
    218. 2Co:4:7: Contains numeric characters
       Details: Found numbers in: But we have this treasure in earthen jars, that th...
    219. 2Co:5:6: Contains numeric characters
       Details: Found numbers in: So being always of good courage and knowing that w...
    220. 2Co:5:7: Contains numeric characters
       Details: Found numbers in: for we walk by faith, not by sight \'97...
    221. 2Co:5:18: Contains numeric characters
       Details: Found numbers in: And all things are from God, who has reconciled us...
    222. 2Co:8:14: Contains numeric characters
       Details: Found numbers in: but by equality at the present time your abundance...
    223. 2Co:10:1: Contains numeric characters
       Details: Found numbers in: I MYSELF, Paul, beg you by the gentleness and swee...
    224. 2Co:11:23: Contains numeric characters
       Details: Found numbers in: Are they servants of Christ? I speak as if I were ...
    225. 2Co:12:2: Contains numeric characters
       Details: Found numbers in: I know a man in Christ fourteen years ago \'97 whe...
    226. 2Co:12:3: Contains numeric characters
       Details: Found numbers in: I know such a man \'97 whether in the body or out ...
    227. Gal:1:1: Contains numeric characters
       Details: Found numbers in: PAUL an apostle \'97 not from men or through men, ...
    228. Gal:2:6: Contains numeric characters
       Details: Found numbers in: But from those who were esteemed to be something \...
    229. Gal:3:4: Contains numeric characters
       Details: Found numbers in: Have you suffered such things to no purpose? \'97 ...
    230. Gal:3:7: Contains numeric characters
       Details: Found numbers in: You know, then, that those who are of faith \'97 t...
    231. Gal:4:27: Contains numeric characters
       Details: Found numbers in: For it is written, "Rejoice, O barren one, you who...
    232. Gal:6:16: Contains numeric characters
       Details: Found numbers in: All who walk by this rule \'97 may peace and mercy...
    233. Eph:1:12: Contains numeric characters
       Details: Found numbers in: and we were made God's heritage in order that we m...
    234. Eph:2:5: Contains numeric characters
       Details: Found numbers in: even when we were dead in misdeeds, made us alive ...
    235. Eph:3:1: Contains numeric characters
       Details: Found numbers in: FOR this reason I, Paul, the prisoner of Christ Je...
    236. Eph:3:18: Contains numeric characters
       Details: Found numbers in: may be able with all the holy to comprehend what i...
    237. Eph:5:5: Contains numeric characters
       Details: Found numbers in: For you know well that no unchaste or impure perso...
    238. Eph:5:8: Contains numeric characters
       Details: Found numbers in: For you were once darkness, but now you are light ...
    239. Eph:5:9: Contains numeric characters
       Details: Found numbers in: for the fruit of light appears in all generosity a...
    240. Phi:2:8: Contains numeric characters
       Details: Found numbers in: and when found in the condition of a man he humble...
    241. Phi:3:4: Contains numeric characters
       Details: Found numbers in: though I have ground for confidence even in the fl...
    242. Phi:4:8: Contains numeric characters
       Details: Found numbers in: To conclude, brethren, whatever is true, whatever ...
    243. Phi:4:9: Contains numeric characters
       Details: Found numbers in: What you learned and accepted and heard and saw in...
    244. Col:1:16: Contains numeric characters
       Details: Found numbers in: for in him were created all things in heaven and o...
    245. Col:1:20: Contains numeric characters
       Details: Found numbers in: and to reconcile all things to himself through him...
    246. Col:3:5: Contains numeric characters
       Details: Found numbers in: Treat the members of your earthly bodies as dead \...
    247. Col:4:3: Contains numeric characters
       Details: Found numbers in: Pray along with us and for us that God may open fo...
    248. 1Th:1:10: Contains numeric characters
       Details: Found numbers in: and to wait for his Son from heaven \'97 his Son J...
    249. 1Th:2:5: Contains numeric characters
       Details: Found numbers in: Nor did we ever fall into flattering talk, as you ...
    250. 1Th:2:10: Contains numeric characters
       Details: Found numbers in: You are witnesses \'97 and God is witness \'97 how...
    251. 2Th:1:10: Contains numeric characters
       Details: Found numbers in: when he comes to be glorified among his holy ones ...
    252. 2Th:2:3: Contains numeric characters
       Details: Found numbers in: Let no one lead you astray in any way, because it ...
    253. 1Ti:2:7: Contains numeric characters
       Details: Found numbers in: To this I was appointed a herald and an apostle \'...
    254. 1Ti:2:10: Contains numeric characters
       Details: Found numbers in: but \'97 as is becoming for women professing piety...
    255. 2Ti:3:11: Contains numeric characters
       Details: Found numbers in: my persecutions, my sufferings \'97 what happened ...
    256. Phm:1:9: Contains numeric characters
       Details: Found numbers in: I beg you rather for love's sake, as Paul the old ...
    257. Phm:1:19: Contains numeric characters
       Details: Found numbers in: I, Paul, write it with my own hand. I will pay it ...
    258. Heb:3:15: Contains numeric characters
       Details: Found numbers in: When it is said, "To-day if you will hear his voic...
    259. Heb:4:6: Contains numeric characters
       Details: Found numbers in: Since, then, it remains for some to enter into it,...
    260. Heb:6:1: Contains numeric characters
       Details: Found numbers in: THEREFORE let us leave elementary teaching about C...
    261. Heb:7:11: Contains numeric characters
       Details: Found numbers in: If, then, perfection had been through the Levitica...
    262. Heb:7:18: Contains numeric characters
       Details: Found numbers in: There is a setting aside of the earlier commandmen...
    263. Heb:7:19: Contains numeric characters
       Details: Found numbers in: for the Law brought nothing to perfection \'97 and...
    264. Heb:7:20: Contains numeric characters
       Details: Found numbers in: And just as it was not without an oath \'97...
    265. Heb:7:21: Contains numeric characters
       Details: Found numbers in: for those men have become priests without an oath,...
    266. Heb:9:10: Contains numeric characters
       Details: Found numbers in: since they consist only of foods and drinks and va...
    267. Heb:9:11: Contains numeric characters
       Details: Found numbers in: But when Christ came as High Priest of the good th...
    268. Heb:10:7: Contains numeric characters
       Details: Found numbers in: Then I said, 'Here I have come \'97 in the roll of...
    269. Heb:11:16: Contains numeric characters
       Details: Found numbers in: But now they desire a better land, that is, a heav...
    270. Heb:13:8: Contains numeric characters
       Details: Found numbers in: Jesus Christ is yesterday and to-day the same \'97...
    271. Jas:1:7: Contains numeric characters
       Details: Found numbers in: For that man must not think that he will obtain an...
    272. Jas:1:25: Contains numeric characters
       Details: Found numbers in: But he who looks earnestly into the perfect law of...
    273. Jas:4:12: Contains numeric characters
       Details: Found numbers in: One is the Lawgiver and Judge \'97 he who is able ...
    274. 1Pe:1:1: Contains numeric characters
       Details: Found numbers in: PETER, an apostle of Jesus Christ, to the Chosen O...
    275. 1Pe:1:3: Contains numeric characters
       Details: Found numbers in: Blessed be the God and Father of our Lord Jesus Ch...
    276. 1Pe:1:12: Contains numeric characters
       Details: Found numbers in: It was revealed to them that they were serving not...
    277. 1Pe:2:7: Contains numeric characters
       Details: Found numbers in: To you who have faith is the "honor," but to the u...
    278. 1Pe:2:15: Contains numeric characters
       Details: Found numbers in: For this is the will of God \'97 that by doing goo...
    279. 1Pe:3:3: Contains numeric characters
       Details: Found numbers in: Your adornment must not be of the external kind \'...
    280. 1Pe:3:9: Contains numeric characters
       Details: Found numbers in: not repaying evil for evil or abuse for abuse, but...
    281. 1Pe:3:21: Contains numeric characters
       Details: Found numbers in: This is a type of baptism, which now saves us \'97...
    282. 1Pe:5:1: Contains numeric characters
       Details: Found numbers in: THE elders among you I beg \'97 I who am a fellow ...
    283. 2Pe:2:7: Contains numeric characters
       Details: Found numbers in: and rescued righteous Lot worn out by the indecent...
    284. 2Pe:2:8: Contains numeric characters
       Details: Found numbers in: for that righteous man living among them was tortu...
    285. 2Pe:2:18: Contains numeric characters
       Details: Found numbers in: For by speaking great empty swelling words they en...
    286. 1Jo:1:1: Contains numeric characters
       Details: Found numbers in: WHAT was from the beginning, what we have heard, w...
    287. 1Jo:1:2: Contains numeric characters
       Details: Found numbers in: the Life appeared and we saw and testify to it and...
    288. 1Jo:2:25: Contains numeric characters
       Details: Found numbers in: And this is the promise that he has promised us \'...
    289. 1Jo:3:8: Contains numeric characters
       Details: Found numbers in: He who is committing sin is of the Devil, for the ...
    290. 1Jo:3:16: Contains numeric characters
       Details: Found numbers in: By this we have come to know love \'97 that Christ...
    291. 1Jo:3:23: Contains numeric characters
       Details: Found numbers in: And this is his command \'97 to believe in the nam...
    292. 1Jo:3:24: Contains numeric characters
       Details: Found numbers in: He who keeps his commands remains in God and God r...
    293. 1Jo:4:10: Contains numeric characters
       Details: Found numbers in: In this is love \'97 not that we loved God, but th...
    294. 3Jo:1:3: Contains numeric characters
       Details: Found numbers in: For I rejoiced greatly when brethren came and test...
    295. Rev:1:2: Contains numeric characters
       Details: Found numbers in: who bears witness to the message of God and the te...
    296. Rev:1:19: Contains numeric characters
       Details: Found numbers in: Write what you have seen, and what is and what is ...
    297. Rev:2:26: Contains numeric characters
       Details: Found numbers in: He who conquers and keeps my commands to the end \...
    298. Rev:3:9: Contains numeric characters
       Details: Found numbers in: See, I will make those from the synagogue of Satan...
    299. Rev:3:12: Contains numeric characters
       Details: Found numbers in: He who conquers \'97 I will make him a pillar in t...
    300. Rev:3:15: Contains numeric characters
       Details: Found numbers in: "I know your deeds \'97 that you are neither cold ...
    301. Rev:3:21: Contains numeric characters
       Details: Found numbers in: He who conquers \'97 to him I will grant to sit wi...
    302. Rev:5:11: Contains numeric characters
       Details: Found numbers in: Then I looked and I heard the voices of many angel...
    303. Rev:7:13: Contains numeric characters
       Details: Found numbers in: Then one of the elders spoke to me and said, "Thes...
    304. Rev:9:18: Contains numeric characters
       Details: Found numbers in: By these three plagues a third of men were killed ...
    305. Rev:12:9: Contains numeric characters
       Details: Found numbers in: Then was hurled down the great Dragon, the ancient...
    306. Rev:13:17: Contains numeric characters
       Details: Found numbers in: so that no one can buy or sell unless he has the m...
    307. Rev:14:11: Contains numeric characters
       Details: Found numbers in: And the smoke of their torture will ascend for age...
    308. Rev:15:1: Contains numeric characters
       Details: Found numbers in: THEN I saw another sign in heaven. It was great an...
    309. Rev:16:19: Contains numeric characters
       Details: Found numbers in: The great city was divided into three parts and th...
    310. Rev:17:16: Contains numeric characters
       Details: Found numbers in: The ten horns that you saw and the Beast \'97 they...
    311. Rev:20:8: Contains numeric characters
       Details: Found numbers in: and will come out to mislead the nations that are ...
    312. Rev:20:14: Contains numeric characters
       Details: Found numbers in: Death and Hades were flung into the lake of fire. ...


  ENCODING (29):
    1. Mat:16:2: Unusual capitalization pattern
       Details: 2/2 words are all caps
    2. Mat:16:3: Unusual capitalization pattern
       Details: 2/2 words are all caps
    3. Mat:17:21: Unusual capitalization pattern
       Details: 2/2 words are all caps
    4. Mat:18:11: Unusual capitalization pattern
       Details: 2/2 words are all caps
    5. Mat:23:14: Unusual capitalization pattern
       Details: 2/2 words are all caps
    6. Mat:27:37: Unusual capitalization pattern
       Details: 8/20 words are all caps
    7. Mar:7:16: Unusual capitalization pattern
       Details: 2/2 words are all caps
    8. Mar:9:44: Unusual capitalization pattern
       Details: 2/2 words are all caps
    9. Mar:9:46: Unusual capitalization pattern
       Details: 2/2 words are all caps
    10. Mar:10:48: Unusual capitalization pattern
       Details: 2/2 words are all caps
    11. Mar:11:26: Unusual capitalization pattern
       Details: 2/2 words are all caps
    12. Mar:15:26: Unusual capitalization pattern
       Details: 5/15 words are all caps
    13. Mar:15:28: Unusual capitalization pattern
       Details: 2/2 words are all caps
    14. Luk:9:56: Unusual capitalization pattern
       Details: 2/2 words are all caps
    15. Luk:17:36: Unusual capitalization pattern
       Details: 2/2 words are all caps
    16. Luk:23:17: Unusual capitalization pattern
       Details: 2/2 words are all caps
    17. Luk:23:38: Unusual capitalization pattern
       Details: 7/13 words are all caps
    18. Joh:5:4: Unusual capitalization pattern
       Details: 2/2 words are all caps
    19. Joh:7:16: Unusual capitalization pattern
       Details: 2/2 words are all caps
    20. Joh:19:19: Unusual capitalization pattern
       Details: 8/22 words are all caps
    21. Act:8:37: Unusual capitalization pattern
       Details: 2/2 words are all caps
    22. Act:15:34: Unusual capitalization pattern
       Details: 2/2 words are all caps
    23. Act:24:7: Unusual capitalization pattern
       Details: 2/2 words are all caps
    24. Act:28:29: Unusual capitalization pattern
       Details: 2/2 words are all caps
    25. Rom:7:18: Unusual capitalization pattern
       Details: 2/2 words are all caps
    26. Rom:7:19: Unusual capitalization pattern
       Details: 2/2 words are all caps
    27. Rom:7:20: Unusual capitalization pattern
       Details: 2/2 words are all caps
    28. Rom:16:24: Unusual capitalization pattern
       Details: 2/2 words are all caps
    29. 1Jo:5:7: Unusual capitalization pattern
       Details: 2/2 words are all caps

