ANOMALY DETECTION REPORT FOR ROT
Source file: ROT.json
Analysis complete
================================================================================


ERRORS (39):
----------------------------------------

  TEXT_CONTENT (39):
    1. Gen:11:9: Contains invalid characters
       Details: Invalid chars: ['\\'] in: For this cause, was the name thereof called Babel;...
    2. Gen:16:11: Contains invalid characters
       Details: Invalid chars: ['\\'] in: And the messenger of Yahweh said to her, Behold th...
    3. Gen:21:31: Contains invalid characters
       Details: Invalid chars: ['\\'] in: On this account, was the name of that place called...
    4. Num:11:3: Contains invalid characters
       Details: Invalid chars: ['\\'] in: So he called the name of that place, Taberah becau...
    5. Num:13:24: Contains invalid characters
       Details: Invalid chars: ['\\'] in: That place, was called, The Ravine of Escholon acc...
    6. Num:32:41: Contains invalid characters
       Details: Invalid chars: ['\\'] in: And Jair, son of Manasseh, went, and captured thei...
    7. Jos:5:9: Contains invalid characters
       Details: Invalid chars: ['\\'] in: Then said Yahweh unto Joshua, To-day, have I rolle...
    8. Rut:1:20: Contains invalid characters
       Details: Invalid chars: ['\\'] in: And she said unto them, Do not call me Naomi,call ...
    9. 1Sa:1:20: Contains invalid characters
       Details: Invalid chars: ['\\'] in: And so it was, when the days had come round during...
    10. 1Sa:4:21: Contains invalid characters
       Details: Invalid chars: ['\\'] in: And she called the boy I-chabod! saying, Exiled is...
    11. 1Sa:25:25: Contains invalid characters
       Details: Invalid chars: ['\\'] in: Let it not be, I pray thee, that my lord regard th...
    12. 2Sa:2:16: Contains invalid characters
       Details: Invalid chars: ['\\'] in: And they caught every one his fellow by the head, ...
    13. 2Sa:12:25: Contains invalid characters
       Details: Invalid chars: ['\\'] in: And he sent by the hand of Nathan the prophet, and...
    14. 1Ch:4:9: Contains invalid characters
       Details: Invalid chars: ['\\'] in: Now it came to pass that Jabez was more honourable...
    15. Psa:72:8: Contains invalid characters
       Details: Invalid chars: ['\\'] in: So let him have dominion, From sea to sea, And fro...
    16. Son:2:7: Contains invalid characters
       Details: Invalid chars: ['*'] in: HE I adjure you, ye daughters of Jerusalem, by the...
    17. Son:2:17: Contains invalid characters
       Details: Invalid chars: ['*'] in: Until the day, breathe, and the shadows, be length...
    18. Son:3:5: Contains invalid characters
       Details: Invalid chars: ['*'] in: HE I adjure you ye, daughters of Jerusalem, by the...
    19. Son:5:1: Contains invalid characters
       Details: Invalid chars: ['*'] in: HE I have entered my garden, my sister, bride, I h...
    20. Son:6:9: Contains invalid characters
       Details: Invalid chars: ['*'] in: One alone, is my dove, my perfect one, one alone, ...
    21. Son:8:4: Contains invalid characters
       Details: Invalid chars: ['*'] in: I HE adjure you, O ye daughters of Jerusalem,Why w...
    22. Son:8:7: Contains invalid characters
       Details: Invalid chars: ['*'] in: Many waters, cannot quench love, nor shall, floods...
    23. Isa:8:7: Contains invalid characters
       Details: Invalid chars: ['\\'] in: now therefore, lo! the Lord is about to bring up a...
    24. Isa:11:15: Contains invalid characters
       Details: Invalid chars: ['\\'] in: And Yahweh, will devote to destruction, the gulf o...
    25. Isa:27:12: Contains invalid characters
       Details: Invalid chars: ['\\'] in: And it shall come to pass, in that day, That Yahwe...
    26. Isa:62:4: Contains invalid characters
       Details: Invalid chars: ['\\'] in: Thou shalt he termed no longerForsaken Nor shall t...
    27. Jer:2:18: Contains invalid characters
       Details: Invalid chars: ['\\'] in: Now, therefore what hast thou to do with the way t...
    28. Jer:20:3: Contains invalid characters
       Details: Invalid chars: ['\\'] in: And it came to pass on the morrow, when Pashhur br...
    29. Jer:20:4: Contains invalid characters
       Details: Invalid chars: ['\\'] in: For, Thus, saith YahwehBehold me! making thee a te...
    30. Eze:18:30: Contains invalid characters
       Details: Invalid chars: ['_'] in: Therefore, Every man according to his own ways, wi...
    31. Dan:5:26: Contains invalid characters
       Details: Invalid chars: ['\\'] in: This, is the interpretation of the thing,Mne, God ...
    32. Dan:5:27: Contains invalid characters
       Details: Invalid chars: ['\\'] in: Tkel,thou art weighed in the balances, and found w...
    33. Dan:5:28: Contains invalid characters
       Details: Invalid chars: ['\\'] in: Pres,snatched away is thy kingdom, and given to th...
    34. Hos:2:1: Contains invalid characters
       Details: Invalid chars: ['\\'] in: Say ye unto your brethren, O Ammi, and unto your s...
    35. Hos:2:15: Contains invalid characters
       Details: Invalid chars: ['\\'] in: Then will I give to her her vineyards from thence,...
    36. Hos:2:17: Contains invalid characters
       Details: Invalid chars: ['\\'] in: So will I take away the names of the Baals, out of...
    37. Hos:2:22: Contains invalid characters
       Details: Invalid chars: ['\\'] in: And, the earth, shall respond to the corn, and to ...
    38. Hos:2:23: Contains invalid characters
       Details: Invalid chars: ['\\'] in: So will I sow her unto me in the land, and will ha...
    39. Rev:9:11: Contains invalid characters
       Details: Invalid chars: ['='] in: They have over them, as king, the messenger of the...


WARNINGS (239):
----------------------------------------

  TEXT_CONTENT (224):
    1. Exo:25:1: Duplicate verse content
       Details: Same as Exo:13:1: And Yahweh spake unto Moses, saying:...
    2. Exo:30:17: Duplicate verse content
       Details: Same as Exo:30:11: Then spake Yahweh unto Moses, saying...
    3. Exo:30:22: Duplicate verse content
       Details: Same as Exo:30:11: Then spake Yahweh unto Moses, saying...
    4. Exo:31:1: Duplicate verse content
       Details: Same as Exo:14:1: Then spake Yahweh unto Moses, saying:...
    5. Exo:40:1: Duplicate verse content
       Details: Same as Exo:30:11: Then spake Yahweh unto Moses, saying...
    6. Lev:6:1: Duplicate verse content
       Details: Same as Lev:5:14: And Yahweh spake unto Moses, saying...
    7. Lev:6:8: Duplicate verse content
       Details: Same as Exo:6:10: And Yahweh spake unto Moses saying:...
    8. Lev:6:19: Duplicate verse content
       Details: Same as Lev:5:14: And Yahweh spake unto Moses, saying...
    9. Lev:6:24: Duplicate verse content
       Details: Same as Lev:5:14: And Yahweh spake unto Moses, saying...
    10. Lev:7:22: Duplicate verse content
       Details: Same as Lev:5:14: And Yahweh spake unto Moses, saying...
    11. Lev:8:1: Duplicate verse content
       Details: Same as Exo:14:1: Then spake Yahweh unto Moses, saying:...
    12. Lev:12:1: Duplicate verse content
       Details: Same as Exo:13:1: And Yahweh spake unto Moses, saying:...
    13. Lev:14:1: Duplicate verse content
       Details: Same as Lev:5:14: And Yahweh spake unto Moses, saying...
    14. Lev:14:33: Duplicate verse content
       Details: Same as Exo:7:8: And Yahweh spake unto Moses and unto Aaron saying:...
    15. Lev:15:1: Duplicate verse content
       Details: Same as Exo:7:8: And Yahweh spake unto Moses and unto Aaron saying:...
    16. Lev:17:1: Duplicate verse content
       Details: Same as Exo:6:10: And Yahweh spake unto Moses saying:...
    17. Lev:18:1: Duplicate verse content
       Details: Same as Exo:13:1: And Yahweh spake unto Moses, saying:...
    18. Lev:19:1: Duplicate verse content
       Details: Same as Exo:13:1: And Yahweh spake unto Moses, saying:...
    19. Lev:20:1: Duplicate verse content
       Details: Same as Exo:13:1: And Yahweh spake unto Moses, saying:...
    20. Lev:21:16: Duplicate verse content
       Details: Same as Exo:13:1: And Yahweh spake unto Moses, saying:...
    21. Lev:22:1: Duplicate verse content
       Details: Same as Exo:13:1: And Yahweh spake unto Moses, saying:...
    22. Lev:22:17: Duplicate verse content
       Details: Same as Exo:13:1: And Yahweh spake unto Moses, saying:...
    23. Lev:22:26: Duplicate verse content
       Details: Same as Exo:13:1: And Yahweh spake unto Moses, saying:...
    24. Lev:23:1: Duplicate verse content
       Details: Same as Exo:13:1: And Yahweh spake unto Moses, saying:...
    25. Lev:23:9: Duplicate verse content
       Details: Same as Exo:6:10: And Yahweh spake unto Moses saying:...
    26. Lev:23:23: Duplicate verse content
       Details: Same as Exo:13:1: And Yahweh spake unto Moses, saying:...
    27. Lev:23:26: Duplicate verse content
       Details: Same as Lev:7:28: And Yahweh spake unto Moses, saying,...
    28. Lev:23:33: Duplicate verse content
       Details: Same as Exo:13:1: And Yahweh spake unto Moses, saying:...
    29. Lev:24:1: Duplicate verse content
       Details: Same as Exo:13:1: And Yahweh spake unto Moses, saying:...
    30. Lev:24:13: Duplicate verse content
       Details: Same as Exo:14:1: Then spake Yahweh unto Moses, saying:...
    31. Lev:27:1: Duplicate verse content
       Details: Same as Exo:13:1: And Yahweh spake unto Moses, saying:...
    32. Num:3:5: Duplicate verse content
       Details: Same as Exo:30:11: Then spake Yahweh unto Moses, saying...
    33. Num:3:11: Duplicate verse content
       Details: Same as Exo:30:11: Then spake Yahweh unto Moses, saying...
    34. Num:3:44: Duplicate verse content
       Details: Same as Exo:14:1: Then spake Yahweh unto Moses, saying:...
    35. Num:4:21: Duplicate verse content
       Details: Same as Exo:14:1: Then spake Yahweh unto Moses, saying:...
    36. Num:5:1: Duplicate verse content
       Details: Same as Exo:13:1: And Yahweh spake unto Moses, saying:...
    37. Num:5:5: Duplicate verse content
       Details: Same as Exo:13:1: And Yahweh spake unto Moses, saying:...
    38. Num:5:11: Duplicate verse content
       Details: Same as Exo:6:10: And Yahweh spake unto Moses saying:...
    39. Num:6:1: Duplicate verse content
       Details: Same as Exo:13:1: And Yahweh spake unto Moses, saying:...
    40. Num:6:22: Duplicate verse content
       Details: Same as Exo:13:1: And Yahweh spake unto Moses, saying:...
    41. Num:7:4: Duplicate verse content
       Details: Same as Exo:14:1: Then spake Yahweh unto Moses, saying:...
    42. Num:7:21: Duplicate verse content
       Details: Same as Num:7:15: one choice young bullock one ram one he-lamb of th...
    43. Num:7:22: Duplicate verse content
       Details: Same as Num:7:16: one young he-goat, as a sin-bearer;...
    44. Num:7:28: Duplicate verse content
       Details: Same as Num:7:16: one young he-goat, as a sin-bearer;...
    45. Num:7:44: Duplicate verse content
       Details: Same as Num:7:20: one spoon of ten of gold full of incense;...
    46. Num:7:45: Duplicate verse content
       Details: Same as Num:7:15: one choice young bullock one ram one he-lamb of th...
    47. Num:7:50: Duplicate verse content
       Details: Same as Num:7:38: one spoon of ten of gold, full of incense;...
    48. Num:7:51: Duplicate verse content
       Details: Same as Num:7:27: one choice young bullock, one ram, one he-lamb of ...
    49. Num:7:52: Duplicate verse content
       Details: Same as Num:7:16: one young he-goat, as a sin-bearer;...
    50. Num:7:56: Duplicate verse content
       Details: Same as Num:7:20: one spoon of ten of gold full of incense;...
    51. Num:7:58: Duplicate verse content
       Details: Same as Num:7:16: one young he-goat, as a sin-bearer;...
    52. Num:7:62: Duplicate verse content
       Details: Same as Num:7:26: one spoon, of ten of gold full of incense;...
    53. Num:7:64: Duplicate verse content
       Details: Same as Num:7:40: one young he-goat as a sin-bearer;...
    54. Num:7:69: Duplicate verse content
       Details: Same as Num:7:39: one choice young bullock one ram one he-lamb of th...
    55. Num:7:70: Duplicate verse content
       Details: Same as Num:7:16: one young he-goat, as a sin-bearer;...
    56. Num:7:73: Duplicate verse content
       Details: Same as Num:7:55: his offering, one charger of silver, a hundred and...
    57. Num:7:74: Duplicate verse content
       Details: Same as Num:7:38: one spoon of ten of gold, full of incense;...
    58. Num:7:76: Duplicate verse content
       Details: Same as Num:7:16: one young he-goat, as a sin-bearer;...
    59. Num:7:80: Duplicate verse content
       Details: Same as Num:7:20: one spoon of ten of gold full of incense;...
    60. Num:7:81: Duplicate verse content
       Details: Same as Num:7:15: one choice young bullock one ram one he-lamb of th...
    61. Num:7:82: Duplicate verse content
       Details: Same as Num:7:40: one young he-goat as a sin-bearer;...
    62. Num:8:1: Duplicate verse content
       Details: Same as Exo:6:10: And Yahweh spake unto Moses saying:...
    63. Num:8:5: Duplicate verse content
       Details: Same as Exo:13:1: And Yahweh spake unto Moses, saying:...
    64. Num:9:9: Duplicate verse content
       Details: Same as Exo:14:1: Then spake Yahweh unto Moses, saying:...
    65. Num:10:1: Duplicate verse content
       Details: Same as Exo:13:1: And Yahweh spake unto Moses, saying:...
    66. Num:13:1: Duplicate verse content
       Details: Same as Exo:14:1: Then spake Yahweh unto Moses, saying:...
    67. Num:14:26: Duplicate verse content
       Details: Same as Num:4:17: Then spake Yahweh unto Moses and unto Aaron, sayin...
    68. Num:15:1: Duplicate verse content
       Details: Same as Exo:14:1: Then spake Yahweh unto Moses, saying:...
    69. Num:15:17: Duplicate verse content
       Details: Same as Exo:14:1: Then spake Yahweh unto Moses, saying:...
    70. Num:15:37: Duplicate verse content
       Details: Same as Exo:6:10: And Yahweh spake unto Moses saying:...
    71. Num:16:20: Duplicate verse content
       Details: Same as Num:4:17: Then spake Yahweh unto Moses and unto Aaron, sayin...
    72. Num:16:23: Duplicate verse content
       Details: Same as Lev:7:28: And Yahweh spake unto Moses, saying,...
    73. Num:16:36: Duplicate verse content
       Details: Same as Exo:14:1: Then spake Yahweh unto Moses, saying:...
    74. Num:16:44: Duplicate verse content
       Details: Same as Exo:14:1: Then spake Yahweh unto Moses, saying:...
    75. Num:17:1: Duplicate verse content
       Details: Same as Exo:14:1: Then spake Yahweh unto Moses, saying:...
    76. Num:18:25: Duplicate verse content
       Details: Same as Exo:14:1: Then spake Yahweh unto Moses, saying:...
    77. Num:20:7: Duplicate verse content
       Details: Same as Exo:14:1: Then spake Yahweh unto Moses, saying:...
    78. Num:25:16: Duplicate verse content
       Details: Same as Exo:6:10: And Yahweh spake unto Moses saying:...
    79. Num:26:52: Duplicate verse content
       Details: Same as Exo:14:1: Then spake Yahweh unto Moses, saying:...
    80. Num:27:6: Duplicate verse content
       Details: Same as Exo:14:1: Then spake Yahweh unto Moses, saying:...
    81. Num:28:1: Duplicate verse content
       Details: Same as Exo:13:1: And Yahweh spake unto Moses, saying:...
    82. Num:31:1: Duplicate verse content
       Details: Same as Exo:14:1: Then spake Yahweh unto Moses, saying:...
    83. Num:31:25: Duplicate verse content
       Details: Same as Exo:14:1: Then spake Yahweh unto Moses, saying:...
    84. Num:34:1: Duplicate verse content
       Details: Same as Exo:13:1: And Yahweh spake unto Moses, saying:...
    85. Num:34:16: Duplicate verse content
       Details: Same as Exo:14:1: Then spake Yahweh unto Moses, saying:...
    86. Num:35:9: Duplicate verse content
       Details: Same as Exo:14:1: Then spake Yahweh unto Moses, saying:...
    87. Deu:5:13: Duplicate verse content
       Details: Same as Exo:20:9: six days, shalt thou labour, and do all thy work;...
    88. Jdg:21:25: Duplicate verse content
       Details: Same as Jdg:17:6: In those days, there was no king in Israel,every m...
    89. 1Ki:15:32: Duplicate verse content
       Details: Same as 1Ki:15:16: And there was, war, between Asa and Baasha king of...
    90. 1Ki:21:28: Duplicate verse content
       Details: Same as 1Ki:21:17: Then came the word of Yahweh unto Elijah the Tishb...
    91. 2Ki:15:4: Duplicate verse content
       Details: Same as 2Ki:14:4: Only, the high places, took they not away,still we...
    92. 2Ki:15:28: Duplicate verse content
       Details: Same as 2Ki:15:24: And he did the thing that was wicked in the eyes o...
    93. 1Ch:1:14: Duplicate verse content
       Details: Same as Gen:10:16: and the Jebusite, and the Amorite, and the Girgash...
    94. 1Ch:1:52: Duplicate verse content
       Details: Same as Gen:36:41: chief Oholibamah, chief Elah, chief Pinon;...
    95. 1Ch:1:53: Duplicate verse content
       Details: Same as Gen:36:42: chief Kenaz, chief Teman, chief Mibzar;...
    96. 1Ch:11:40: Duplicate verse content
       Details: Same as 2Sa:23:38: Ira, the Ithrite, Gareb, the Ithrite;...
    97. 1Ch:17:15: Duplicate verse content
       Details: Same as 2Sa:7:17: According to all these words, and according to all...
    98. 2Ch:10:17: Duplicate verse content
       Details: Same as 1Ki:12:17: But, as for the sons of Israel who were dwelling i...
    99. 2Ch:18:6: Duplicate verse content
       Details: Same as 1Ki:22:7: Then said Jehoshaphat, Is there not here a prophet...
    100. Neh:7:46: Duplicate verse content
       Details: Same as Ezr:2:43: The Nethinim, The sons of Ziha, the sons of Hasuph...
    101. Neh:7:53: Duplicate verse content
       Details: Same as Ezr:2:51: the sons of Bakbuk, the sons of Hakupha, the sons ...
    102. Neh:7:55: Duplicate verse content
       Details: Same as Ezr:2:53: the sons of Barkos, the sons of Sisera, the sons o...
    103. Neh:7:56: Duplicate verse content
       Details: Same as Ezr:2:54: the sons of Neziah, the sons of Hatipha....
    104. Job:12:1: Duplicate verse content
       Details: Same as Job:6:1: Then responded Job, and said:...
    105. Job:15:1: Duplicate verse content
       Details: Same as Job:4:1: Then responded Eliphaz the Temanite, and said:...
    106. Job:16:1: Duplicate verse content
       Details: Same as Job:6:1: Then responded Job, and said:...
    107. Job:18:1: Duplicate verse content
       Details: Same as Job:8:1: Then responded Bildad the Shuhite, and said:...
    108. Job:19:1: Duplicate verse content
       Details: Same as Job:6:1: Then responded Job, and said:...
    109. Job:20:1: Duplicate verse content
       Details: Same as Job:11:1: Then responded Zophar the Naamathite, and said:...
    110. Job:21:1: Duplicate verse content
       Details: Same as Job:6:1: Then responded Job, and said:...
    111. Job:22:1: Duplicate verse content
       Details: Same as Job:4:1: Then responded Eliphaz the Temanite, and said:...
    112. Job:23:1: Duplicate verse content
       Details: Same as Job:6:1: Then responded Job, and said:...
    113. Job:25:1: Duplicate verse content
       Details: Same as Job:8:1: Then responded Bildad the Shuhite, and said:...
    114. Job:26:1: Duplicate verse content
       Details: Same as Job:6:1: Then responded Job, and said:...
    115. Job:42:1: Duplicate verse content
       Details: Same as Job:40:3: Then Job responded to Yahweh, and said:...
    116. Psa:18:3: Duplicate verse content
       Details: Same as 2Sa:22:4: As one worthy to be praised, called I on Yahweh,An...
    117. Psa:18:50: Duplicate verse content
       Details: Same as 2Sa:22:51: Who hath made great the victories of his King,and ...
    118. Psa:46:11: Duplicate verse content
       Details: Same as Psa:46:7: Yahweh of hosts, is with us, A high tower for us, ...
    119. Psa:57:11: Duplicate verse content
       Details: Same as Psa:57:5: Be exalted Above the heavens, O God, Above all the...
    120. Psa:96:3: Duplicate verse content
       Details: Same as 1Ch:16:24: Recount, Among the nations, his glory, Among all t...
    121. Psa:105:9: Duplicate verse content
       Details: Same as 1Ch:16:16: Which he solemnised with Abraham, and his oath, to...
    122. Psa:105:15: Duplicate verse content
       Details: Same as 1Ch:16:22: Ye may not touch mine Anointed ones, And, to my Pr...
    123. Psa:107:21: Duplicate verse content
       Details: Same as Psa:107:15: Let them give thanks to Yahweh for his lovingkindn...
    124. Psa:107:31: Duplicate verse content
       Details: Same as Psa:107:15: Let them give thanks to Yahweh for his lovingkindn...
    125. Psa:108:12: Duplicate verse content
       Details: Same as Psa:60:11: Grant us help out of distress, for, vain, is the d...
    126. Psa:118:29: Duplicate verse content
       Details: Same as Psa:118:1: Give ye thanks to YahwehFor he is good, For, age-a...
    127. Psa:135:16: Duplicate verse content
       Details: Same as Psa:115:5: A mouth, have they, but they speak not, Eyes, have...
    128. Psa:135:18: Duplicate verse content
       Details: Same as Psa:115:8: Like unto them, shall be they who make them, every...
    129. Pro:24:33: Duplicate verse content
       Details: Same as Pro:6:10: A little sleep, a little slumber, a little folding...
    130. Pro:24:34: Duplicate verse content
       Details: Same as Pro:6:11: So shall come in, as a highwayman, thy poverty, an...
    131. Pro:25:24: Duplicate verse content
       Details: Same as Pro:21:9: Better to dwell on the corner of the roof, than a ...
    132. Pro:26:22: Duplicate verse content
       Details: Same as Pro:18:8: the words of a tattler, are dainties, they, theref...
    133. Isa:37:5: Duplicate verse content
       Details: Same as 2Ki:19:5: So the servants of King Hezekiah came unto Isaiah....
    134. Isa:37:13: Duplicate verse content
       Details: Same as 2Ki:19:13: Where are the king of Hamath, and the king of Arpa...
    135. Jer:24:4: Duplicate verse content
       Details: Same as Jer:18:5: Then came the word of Yahweh unto me, saying:...
    136. Jer:52:5: Duplicate verse content
       Details: Same as 2Ki:25:2: And the city came into the siege,until the elevent...
    137. Eze:11:14: Duplicate verse content
       Details: Same as Jer:13:8: Then came the word of Yahweh unto me saying:...
    138. Eze:12:1: Duplicate verse content
       Details: Same as Jer:13:8: Then came the word of Yahweh unto me saying:...
    139. Eze:12:17: Duplicate verse content
       Details: Same as Jer:18:5: Then came the word of Yahweh unto me, saying:...
    140. Eze:12:21: Duplicate verse content
       Details: Same as Jer:16:1: And the word of Yahweh came unto me saying:...
    141. Eze:12:26: Duplicate verse content
       Details: Same as Eze:7:1: And the word of Yahweh came unto me, saying:...
    142. Eze:13:1: Duplicate verse content
       Details: Same as Eze:7:1: And the word of Yahweh came unto me, saying:...
    143. Eze:14:2: Duplicate verse content
       Details: Same as Eze:7:1: And the word of Yahweh came unto me, saying:...
    144. Eze:14:12: Duplicate verse content
       Details: Same as Jer:16:1: And the word of Yahweh came unto me saying:...
    145. Eze:15:1: Duplicate verse content
       Details: Same as Jer:16:1: And the word of Yahweh came unto me saying:...
    146. Eze:16:1: Duplicate verse content
       Details: Same as Eze:7:1: And the word of Yahweh came unto me, saying:...
    147. Eze:17:1: Duplicate verse content
       Details: Same as Jer:16:1: And the word of Yahweh came unto me saying:...
    148. Eze:17:11: Duplicate verse content
       Details: Same as Jer:13:8: Then came the word of Yahweh unto me saying:...
    149. Eze:18:1: Duplicate verse content
       Details: Same as Jer:16:1: And the word of Yahweh came unto me saying:...
    150. Eze:21:1: Duplicate verse content
       Details: Same as Jer:18:5: Then came the word of Yahweh unto me, saying:...
    151. Eze:21:18: Duplicate verse content
       Details: Same as Jer:13:8: Then came the word of Yahweh unto me saying:...
    152. Eze:22:1: Duplicate verse content
       Details: Same as Eze:7:1: And the word of Yahweh came unto me, saying:...
    153. Eze:22:17: Duplicate verse content
       Details: Same as Jer:18:5: Then came the word of Yahweh unto me, saying:...
    154. Eze:22:23: Duplicate verse content
       Details: Same as Eze:7:1: And the word of Yahweh came unto me, saying:...
    155. Eze:24:15: Duplicate verse content
       Details: Same as Jer:16:1: And the word of Yahweh came unto me saying:...
    156. Eze:25:1: Duplicate verse content
       Details: Same as Eze:7:1: And the word of Yahweh came unto me, saying:...
    157. Eze:27:1: Duplicate verse content
       Details: Same as Eze:7:1: And the word of Yahweh came unto me, saying:...
    158. Eze:28:11: Duplicate verse content
       Details: Same as Eze:7:1: And the word of Yahweh came unto me, saying:...
    159. Eze:28:20: Duplicate verse content
       Details: Same as Eze:7:1: And the word of Yahweh came unto me, saying:...
    160. Eze:30:1: Duplicate verse content
       Details: Same as Eze:7:1: And the word of Yahweh came unto me, saying:...
    161. Eze:33:1: Duplicate verse content
       Details: Same as Jer:16:1: And the word of Yahweh came unto me saying:...
    162. Eze:33:23: Duplicate verse content
       Details: Same as Jer:13:8: Then came the word of Yahweh unto me saying:...
    163. Eze:34:1: Duplicate verse content
       Details: Same as Eze:7:1: And the word of Yahweh came unto me, saying:...
    164. Eze:36:16: Duplicate verse content
       Details: Same as Jer:16:1: And the word of Yahweh came unto me saying:...
    165. Eze:37:15: Duplicate verse content
       Details: Same as Jer:16:1: And the word of Yahweh came unto me saying:...
    166. Eze:38:1: Duplicate verse content
       Details: Same as Eze:7:1: And the word of Yahweh came unto me, saying:...
    167. Zec:4:8: Duplicate verse content
       Details: Same as Jer:18:5: Then came the word of Yahweh unto me, saying:...
    168. Zec:6:9: Duplicate verse content
       Details: Same as Jer:18:5: Then came the word of Yahweh unto me, saying:...
    169. Mat:12:17: Duplicate verse content
       Details: Same as Mat:4:14: that it might be fulfilled, which was spoken throu...
    170. Mat:13:50: Duplicate verse content
       Details: Same as Mat:13:42: and will cast them into the furnace of fire: there...
    171. Mar:14:26: Duplicate verse content
       Details: Same as Mat:26:30: And, having sung praise, they went forth unto the ...
    172. Mar:14:28: Duplicate verse content
       Details: Same as Mat:26:32: But, after my arising, I will go before you into G...
    173. Luk:11:10: Duplicate verse content
       Details: Same as Mat:7:8: For, whosoever asketh, receiveth, and, he that see...
    174. Act:2:35: Duplicate verse content
       Details: Same as Luk:20:43: Until I make thy foes thy footstool....
    175. Eph:1:2: Duplicate verse content
       Details: Same as 1Co:1:3: Favour unto you, and peace, from God our Father, a...
    176. Phm:1:3: Duplicate verse content
       Details: Same as 1Co:1:3: Favour unto you, and peace, from God our Father, a...
    177. Rev:3:6: Duplicate verse content
       Details: Same as Rev:2:29: He that hath an ear, let him hear what, the Spirit...
    178. Rev:3:13: Duplicate verse content
       Details: Same as Rev:2:29: He that hath an ear, let him hear what, the Spirit...
    179. Rev:3:22: Duplicate verse content
       Details: Same as Rev:2:29: He that hath an ear, let him hear what, the Spirit...
    180. Gen:11:9: Contains numeric characters
       Details: Found numbers in: For this cause, was the name thereof called Babel;...
    181. Gen:16:11: Contains numeric characters
       Details: Found numbers in: And the messenger of Yahweh said to her, Behold th...
    182. Gen:21:31: Contains numeric characters
       Details: Found numbers in: On this account, was the name of that place called...
    183. Num:11:3: Contains numeric characters
       Details: Found numbers in: So he called the name of that place, Taberah becau...
    184. Num:13:24: Contains numeric characters
       Details: Found numbers in: That place, was called, The Ravine of Escholon acc...
    185. Num:32:41: Contains numeric characters
       Details: Found numbers in: And Jair, son of Manasseh, went, and captured thei...
    186. Jos:5:9: Contains numeric characters
       Details: Found numbers in: Then said Yahweh unto Joshua, To-day, have I rolle...
    187. Rut:1:20: Contains numeric characters
       Details: Found numbers in: And she said unto them, Do not call me Naomi,call ...
    188. 1Sa:1:20: Contains numeric characters
       Details: Found numbers in: And so it was, when the days had come round during...
    189. 1Sa:4:21: Contains numeric characters
       Details: Found numbers in: And she called the boy I-chabod! saying, Exiled is...
    190. 1Sa:25:25: Contains numeric characters
       Details: Found numbers in: Let it not be, I pray thee, that my lord regard th...
    191. 2Sa:2:16: Contains numeric characters
       Details: Found numbers in: And they caught every one his fellow by the head, ...
    192. 2Sa:12:25: Contains numeric characters
       Details: Found numbers in: And he sent by the hand of Nathan the prophet, and...
    193. 1Ch:4:9: Contains numeric characters
       Details: Found numbers in: Now it came to pass that Jabez was more honourable...
    194. Est:8:9: Verse too long (510 chars)
       Details: Text: Then were called the kings scribes at that timein the third month, the same, is the month Siwan, on ...
    195. Psa:72:8: Contains numeric characters
       Details: Found numbers in: So let him have dominion, From sea to sea, And fro...
    196. Isa:8:7: Contains numeric characters
       Details: Found numbers in: now therefore, lo! the Lord is about to bring up a...
    197. Isa:11:15: Contains numeric characters
       Details: Found numbers in: And Yahweh, will devote to destruction, the gulf o...
    198. Isa:27:12: Contains numeric characters
       Details: Found numbers in: And it shall come to pass, in that day, That Yahwe...
    199. Isa:62:4: Contains numeric characters
       Details: Found numbers in: Thou shalt he termed no longerForsaken Nor shall t...
    200. Jer:2:18: Contains numeric characters
       Details: Found numbers in: Now, therefore what hast thou to do with the way t...
    201. Jer:20:3: Contains numeric characters
       Details: Found numbers in: And it came to pass on the morrow, when Pashhur br...
    202. Jer:20:4: Contains numeric characters
       Details: Found numbers in: For, Thus, saith YahwehBehold me! making thee a te...
    203. Eze:8:5: Contains numeric characters
       Details: Found numbers in: Then said he unto me, Son of man Lift up. I pray t...
    204. Eze:20:15: Contains numeric characters
       Details: Found numbers in: Yet even l lifted up my hand to them. in the deser...
    205. Eze:23:49: Contains numeric characters
       Details: Found numbers in: Yea the judges Slmi1 set your lewdness upon you, A...
    206. Eze:29:4: Contains numeric characters
       Details: Found numbers in: Therefore will I put hooks in thy jaws, And cause ...
    207. Dan:5:26: Contains numeric characters
       Details: Found numbers in: This, is the interpretation of the thing,Mne, God ...
    208. Dan:5:27: Contains numeric characters
       Details: Found numbers in: Tkel,thou art weighed in the balances, and found w...
    209. Dan:5:28: Contains numeric characters
       Details: Found numbers in: Pres,snatched away is thy kingdom, and given to th...
    210. Hos:2:1: Contains numeric characters
       Details: Found numbers in: Say ye unto your brethren, O Ammi, and unto your s...
    211. Hos:2:15: Contains numeric characters
       Details: Found numbers in: Then will I give to her her vineyards from thence,...
    212. Hos:2:17: Contains numeric characters
       Details: Found numbers in: So will I take away the names of the Baals, out of...
    213. Hos:2:22: Contains numeric characters
       Details: Found numbers in: And, the earth, shall respond to the corn, and to ...
    214. Hos:2:23: Contains numeric characters
       Details: Found numbers in: So will I sow her unto me in the land, and will ha...
    215. Mat:7:4: Contains numeric characters
       Details: Found numbers in: Or how wilt thou say unto thy brother, Let me cast...
    216. Mat:8:2: Contains numeric characters
       Details: Found numbers in: And 1o! a leper, coming near, began to bow down to...
    217. Mat:8:24: Contains numeric characters
       Details: Found numbers in: And 1o! a great squall, arose in the sea, so that,...
    218. Mat:9:10: Contains numeric characters
       Details: Found numbers in: And it came to pass, as he was reclining in the ho...
    219. Mat:28:11: Contains numeric characters
       Details: Found numbers in: Now as they were, going, 1o! certain of the guard,...
    220. Luk:1:31: Contains numeric characters
       Details: Found numbers in: And 1o! thou shalt conceive in thy womb, and bring...
    221. Luk:7:37: Contains numeric characters
       Details: Found numbers in: And, 1o! a woman, who indeed was in the city a sin...
    222. Luk:24:4: Contains numeric characters
       Details: Found numbers in: And it came to pass, while they were perplexing th...
    223. Rev:7:9: Contains numeric characters
       Details: Found numbers in: After these things, I saw, and 1o! a great multitu...
    224. Rev:13:18: Contains numeric characters
       Details: Found numbers in: Here, is, wisdom: he that hath understanding, let ...


  SEQUENCE (11):
    1. Mat:18: Missing verses
       Details: Missing: [11]
    2. Mat:23: Missing verses
       Details: Missing: [13]
    3. Mar:7: Missing verses
       Details: Missing: [16]
    4. Mar:9: Missing verses
       Details: Missing: [44, 46]
    5. Mar:15: Missing verses
       Details: Missing: [28]
    6. Luk:17: Missing verses
       Details: Missing: [36]
    7. Luk:23: Missing verses
       Details: Missing: [17]
    8. Joh:5: Missing verses
       Details: Missing: [4]
    9. Act:8: Missing verses
       Details: Missing: [37]
    10. Act:15: Missing verses
       Details: Missing: [34]
    11. Act:24: Missing verses
       Details: Missing: [7]


  ENCODING (4):
    1. Mat:27:37: Unusual capitalization pattern
       Details: 7/17 words are all caps
    2. Mar:15:26: Unusual capitalization pattern
       Details: 4/13 words are all caps
    3. Luk:23:38: Unusual capitalization pattern
       Details: 5/13 words are all caps
    4. Joh:19:19: Unusual capitalization pattern
       Details: 7/22 words are all caps

