ANOMALY DETECTION REPORT FOR RYL
Source file: RYL.json
Analysis complete
================================================================================


ERRORS (7):
----------------------------------------

  TEXT_CONTENT (7):
    1. Mat:5:17: Contains invalid characters
       Details: Invalid chars: ['}'] in: 'Do not suppose that I came to throw out abolish, ...
    2. Mat:5:18: Contains invalid characters
       Details: Invalid chars: ['}'] in: for, verily I say to you, till that the heaven and...
    3. Mat:7:3: Contains invalid characters
       Details: Invalid chars: ['}'] in: 'And why do you behold the mote splinter, speck th...
    4. Mat:7:4: Contains invalid characters
       Details: Invalid chars: ['}'] in: Or, how will you say to your brother, Permit I may...
    5. Mat:7:5: Contains invalid characters
       Details: Invalid chars: ['}'] in: Hypocrite, cast out first the beam out of your own...
    6. Mat:7:13: Contains invalid characters
       Details: Invalid chars: ['}'] in: 'Go you in through the strait cramped, constricted...
    7. Mat:7:14: Contains invalid characters
       Details: Invalid chars: ['}'] in: how strait cramped, constrictedis the gate, and co...


WARNINGS (16):
----------------------------------------

  STRUCTURE (1):
    1. books: Missing expected books
       Details: Missing: ['1Ch', '1Ki', '1Sa', '2Ch', '2Ki', '2Sa', 'Amo', 'Dan', 'Deu', 'Ecc', 'Est', 'Exo', 'Eze', 'Ezr', 'Gen', 'Hab', 'Hag', 'Hos', 'Isa', 'Jdg', 'Jer', 'Job', 'Joe', 'Jon', 'Jos', 'Lam', 'Lev', 'Mal', 'Mic', 'Nah', 'Neh', 'Num', 'Oba', 'Pro', 'Psa', 'Rut', 'Son', 'Zec', 'Zep']


  TEXT_CONTENT (15):
    1. Mat:12:17: Duplicate verse content
       Details: Same as Mat:4:14: that it might be fulfilled that was spoken through...
    2. Mar:7:16: Duplicate verse content
       Details: Same as Mar:4:23: If any has ears to hear -- let him hear.'...
    3. Mar:9:46: Duplicate verse content
       Details: Same as Mar:9:44: where there worm is not dying, and the fire is not...
    4. Mar:13:12: Duplicate verse content
       Details: Same as Mat:10:21: 'And brother shall deliver up brother to death, an...
    5. Mar:13:31: Duplicate verse content
       Details: Same as Mat:24:35: the heaven and the earth shall pass away, but my w...
    6. Phm:1:3: Duplicate verse content
       Details: Same as 2Th:1:2: Grace to you, and peace, from God our Father, and ...
    7. Rev:3:6: Duplicate verse content
       Details: Same as Rev:2:29: He who is having an ear -- let him hear what the S...
    8. Rev:3:13: Duplicate verse content
       Details: Same as Rev:2:29: He who is having an ear -- let him hear what the S...
    9. Rev:22:21: Duplicate verse content
       Details: Same as Phi:4:23: The grace of our Lord Jesus Christ is with you all...
    10. Rev:7:4: Contains numeric characters
       Details: Found numbers in: And I heard the number of those sealed, (144 thous...
    11. Rev:7:5: Contains numeric characters
       Details: Found numbers in: of the tribe of Judah 12 thousand were sealed; of ...
    12. Rev:7:6: Contains numeric characters
       Details: Found numbers in: of the tribe of Asher 12 thousand were sealed; of ...
    13. Rev:7:7: Contains numeric characters
       Details: Found numbers in: of the tribe of Simeon 12 thousand were sealed; of...
    14. Rev:7:8: Contains numeric characters
       Details: Found numbers in: of the tribe of Zebulun 12 thousand were sealed; o...
    15. Rev:13:18: Contains numeric characters
       Details: Found numbers in: Here is the wisdom! He who is having the understan...

